This file contains any messages produced by compilers while
running configure, to aid debugging if configure makes a mistake.

It was created by configure, which was
generated by GNU Autoconf 2.53.  Invocation command line was

  $ ./configure --disable-shared --host=bfin-uclinux

## --------- ##
## Platform. ##
## --------- ##

hostname = linux
uname -m = i686
uname -r = 2.6.11.4-21.9-smp
uname -s = Linux
uname -v = #1 SMP Fri Aug 19 11:58:59 UTC 2005

/usr/bin/uname -p = unknown
/bin/uname -X     = unknown

/bin/arch              = i686
/usr/bin/arch -k       = unknown
/usr/convex/getsysinfo = unknown
hostinfo               = unknown
/bin/machine           = unknown
/usr/bin/oslevel       = unknown
/bin/universe          = unknown

PATH: /home/ksh/cvs/toolchain/12-8/OUTPUT-uclinux/bin/
PATH: /home/ksh/cvs/toolchain.11.30/OUTPUT-uclinux/bin/
PATH: /opt/uClinux/bfin-uclinux/bin/
PATH: /opt/uClinux/bfin-uclinux/bin/
PATH: /opt/uClinux/bfin-uclinux/bin/
PATH: /usr/local/bin
PATH: /usr/bin
PATH: /usr/X11R6/bin
PATH: /bin
PATH: /usr/games
PATH: /opt/gnome/bin
PATH: /opt/kde3/bin
PATH: /opt/cdk4nios/bin


## ----------- ##
## Core tests. ##
## ----------- ##

configure:1402: checking build system type
configure:1420: result: i686-pc-linux-gnu
configure:1428: checking host system type
configure:1442: result: bfin-unknown-uclinux
configure:1450: checking target system type
configure:1464: result: bfin-unknown-uclinux
configure:1494: checking for a BSD-compatible install
configure:1548: result: /usr/bin/install -c
configure:1559: checking whether build environment is sane
configure:1602: result: yes
configure:1635: checking for gawk
configure:1651: found /usr/bin/gawk
configure:1661: result: gawk
configure:1671: checking whether make sets ${MAKE}
configure:1691: result: yes
configure:1751: checking for bfin-uclinux-strip
configure:1767: found /home/ksh/cvs/toolchain/12-8/OUTPUT-uclinux/bin//bfin-uclinux-strip
configure:1777: result: bfin-uclinux-strip
configure:1865: checking for style of include used by make
configure:1893: result: GNU
configure:1926: checking for bfin-uclinux-gcc
configure:1952: result: bfin-uclinux-gcc
configure:2234: checking for C compiler version
configure:2237: bfin-uclinux-gcc --version </dev/null >&5
bfin-uclinux-gcc (GCC) 3.4.4
Copyright (C) 2004 Free Software Foundation, Inc.
This is free software; see the source for copying conditions.  There is NO
warranty; not even for MERCHANTABILITY or FITNESS FOR A PARTICULAR PURPOSE.

configure:2240: $? = 0
configure:2242: bfin-uclinux-gcc -v </dev/null >&5
Reading specs from /home/ksh/cvs/toolchain/12-8/OUTPUT-uclinux/lib/gcc/bfin-uclinux/3.4.4/specs
Configured with: /home/ksh/cvs/toolchain/12-8/binutils/binutils-2.15/configure --enable-threads=posix --target=bfin-uclinux --prefix=/home/ksh/cvs/toolchain/12-8/OUTPUT-uclinux --disable-libstdcxx-pch --disable-symvers
Thread model: posix
gcc version 3.4.4
configure:2245: $? = 0
configure:2247: bfin-uclinux-gcc -V </dev/null >&5
bfin-uclinux-gcc: `-V' option must have argument
configure:2250: $? = 1
configure:2276: checking for C compiler default output
configure:2279: bfin-uclinux-gcc    conftest.c  >&5
configure:2282: $? = 0
configure:2315: result: a.out
configure:2320: checking whether the C compiler works
configure:2326: ./a.out
./configure: line 2327: ./a.out: cannot execute binary file
configure:2329: $? = 126
configure:2344: result: yes
configure:2351: checking whether we are cross compiling
configure:2353: result: yes
configure:2356: checking for suffix of executables
configure:2358: bfin-uclinux-gcc -o conftest    conftest.c  >&5
configure:2361: $? = 0
configure:2383: result: 
configure:2389: checking for suffix of object files
configure:2413: bfin-uclinux-gcc -c   conftest.c >&5
configure:2416: $? = 0
configure:2435: result: o
configure:2439: checking whether we are using the GNU C compiler
configure:2466: bfin-uclinux-gcc -c   conftest.c >&5
configure:2469: $? = 0
configure:2472: test -s conftest.o
configure:2475: $? = 0
configure:2487: result: yes
configure:2493: checking whether bfin-uclinux-gcc accepts -g
configure:2517: bfin-uclinux-gcc -c -g  conftest.c >&5
configure:2520: $? = 0
configure:2523: test -s conftest.o
configure:2526: $? = 0
configure:2536: result: yes
configure:2563: bfin-uclinux-gcc -c -g -O2  conftest.c >&5
conftest.c:2: error: parse error before "me"
configure:2566: $? = 1
configure: failed program was:
#ifndef __cplusplus
  choke me
#endif
configure:2678: checking dependency style of bfin-uclinux-gcc
configure:2740: result: gcc3
configure:2747: checking for strerror in -lcposix
configure:2780: bfin-uclinux-gcc -o conftest -g -O2   conftest.c -lcposix   >&5
/home/ksh/cvs/toolchain/12-8/OUTPUT-uclinux/lib/gcc/bfin-uclinux/3.4.4/../../../../bfin-uclinux/bin/ld.real: cannot find -lcposix
collect2: ld returned 1 exit status
configure:2783: $? = 1
configure: failed program was:
#line 2754 "configure"
#include "confdefs.h"

/* Override any gcc2 internal prototype to avoid an error.  */
#ifdef __cplusplus
extern "C"
#endif
/* We use char because int might match the return type of a gcc2
   builtin and then its argument prototype would still apply.  */
char strerror ();
#ifdef F77_DUMMY_MAIN
#  ifdef __cplusplus
     extern "C"
#  endif
   int F77_DUMMY_MAIN() { return 1; }
#endif
int
main ()
{
strerror ();
  ;
  return 0;
}
configure:2800: result: no
configure:2817: checking for bfin-uclinux-gcc
configure:2843: result: bfin-uclinux-gcc
configure:3125: checking for C compiler version
configure:3128: bfin-uclinux-gcc --version </dev/null >&5
bfin-uclinux-gcc (GCC) 3.4.4
Copyright (C) 2004 Free Software Foundation, Inc.
This is free software; see the source for copying conditions.  There is NO
warranty; not even for MERCHANTABILITY or FITNESS FOR A PARTICULAR PURPOSE.

configure:3131: $? = 0
configure:3133: bfin-uclinux-gcc -v </dev/null >&5
Reading specs from /home/ksh/cvs/toolchain/12-8/OUTPUT-uclinux/lib/gcc/bfin-uclinux/3.4.4/specs
Configured with: /home/ksh/cvs/toolchain/12-8/binutils/binutils-2.15/configure --enable-threads=posix --target=bfin-uclinux --prefix=/home/ksh/cvs/toolchain/12-8/OUTPUT-uclinux --disable-libstdcxx-pch --disable-symvers
Thread model: posix
gcc version 3.4.4
configure:3136: $? = 0
configure:3138: bfin-uclinux-gcc -V </dev/null >&5
bfin-uclinux-gcc: `-V' option must have argument
configure:3141: $? = 1
configure:3144: checking whether we are using the GNU C compiler
configure:3192: result: yes
configure:3198: checking whether bfin-uclinux-gcc accepts -g
configure:3241: result: yes
configure:3268: bfin-uclinux-gcc -c -g -O2  conftest.c >&5
conftest.c:2: error: parse error before "me"
configure:3271: $? = 1
configure: failed program was:
#ifndef __cplusplus
  choke me
#endif
configure:3383: checking dependency style of bfin-uclinux-gcc
configure:3445: result: gcc3
configure:3455: checking how to run the C preprocessor
configure:3481: bfin-uclinux-gcc -E  conftest.c
configure:3487: $? = 0
configure:3514: bfin-uclinux-gcc -E  conftest.c
configure:3510:28: ac_nonexistent.h: No such file or directory
configure:3520: $? = 1
configure: failed program was:
#line 3509 "configure"
#include "confdefs.h"
#include <ac_nonexistent.h>
configure:3557: result: bfin-uclinux-gcc -E
configure:3572: bfin-uclinux-gcc -E  conftest.c
configure:3578: $? = 0
configure:3605: bfin-uclinux-gcc -E  conftest.c
configure:3601:28: ac_nonexistent.h: No such file or directory
configure:3611: $? = 1
configure: failed program was:
#line 3600 "configure"
#include "confdefs.h"
#include <ac_nonexistent.h>
configure:3652: checking whether bfin-uclinux-gcc needs -traditional
configure:3688: result: no
configure:3698: checking for bfin-uclinux-gcc option to accept ANSI C
configure:3764: bfin-uclinux-gcc  -c -g -O2  conftest.c >&5
configure:3767: $? = 0
configure:3770: test -s conftest.o
configure:3773: $? = 0
configure:3787: result: none needed
configure:3812: checking for sys/types.h
configure:3825: bfin-uclinux-gcc -c -g -O2  conftest.c >&5
configure:3828: $? = 0
configure:3831: test -s conftest.o
configure:3834: $? = 0
configure:3844: result: yes
configure:3812: checking for sys/stat.h
configure:3825: bfin-uclinux-gcc -c -g -O2  conftest.c >&5
configure:3828: $? = 0
configure:3831: test -s conftest.o
configure:3834: $? = 0
configure:3844: result: yes
configure:3812: checking for stdlib.h
configure:3825: bfin-uclinux-gcc -c -g -O2  conftest.c >&5
configure:3828: $? = 0
configure:3831: test -s conftest.o
configure:3834: $? = 0
configure:3844: result: yes
configure:3812: checking for string.h
configure:3825: bfin-uclinux-gcc -c -g -O2  conftest.c >&5
configure:3828: $? = 0
configure:3831: test -s conftest.o
configure:3834: $? = 0
configure:3844: result: yes
configure:3812: checking for memory.h
configure:3825: bfin-uclinux-gcc -c -g -O2  conftest.c >&5
configure:3828: $? = 0
configure:3831: test -s conftest.o
configure:3834: $? = 0
configure:3844: result: yes
configure:3812: checking for strings.h
configure:3825: bfin-uclinux-gcc -c -g -O2  conftest.c >&5
configure:3828: $? = 0
configure:3831: test -s conftest.o
configure:3834: $? = 0
configure:3844: result: yes
configure:3812: checking for inttypes.h
configure:3825: bfin-uclinux-gcc -c -g -O2  conftest.c >&5
configure:3828: $? = 0
configure:3831: test -s conftest.o
configure:3834: $? = 0
configure:3844: result: yes
configure:3812: checking for stdint.h
configure:3825: bfin-uclinux-gcc -c -g -O2  conftest.c >&5
configure:3828: $? = 0
configure:3831: test -s conftest.o
configure:3834: $? = 0
configure:3844: result: yes
configure:3812: checking for unistd.h
configure:3825: bfin-uclinux-gcc -c -g -O2  conftest.c >&5
configure:3828: $? = 0
configure:3831: test -s conftest.o
configure:3834: $? = 0
configure:3844: result: yes
configure:3858: checking for function prototypes
configure:3861: result: yes
configure:3875: checking for ANSI C header files
configure:3889: bfin-uclinux-gcc -E  conftest.c
configure:3895: $? = 0
configure:4004: result: yes
configure:4019: checking for string.h
configure:4024: result: yes
configure:4218: checking for ld used by GCC
configure:4281: result: /home/ksh/cvs/toolchain/12-8/OUTPUT-uclinux/bfin-uclinux/bin/ld
configure:4290: checking if the linker (/home/ksh/cvs/toolchain/12-8/OUTPUT-uclinux/bfin-uclinux/bin/ld) is GNU ld
GNU ld version 2.15.94 20041120
configure:4302: result: yes
configure:4307: checking for /home/ksh/cvs/toolchain/12-8/OUTPUT-uclinux/bfin-uclinux/bin/ld option to reload object files
configure:4314: result: -r
configure:4319: checking for BSD-compatible nm
configure:4355: result: /home/ksh/cvs/toolchain/12-8/OUTPUT-uclinux/bin//bfin-uclinux-nm -B
configure:4358: checking whether ln -s works
configure:4362: result: yes
configure:4369: checking how to recognise dependant libraries
configure:4547: result: unknown
configure:4559: checking command to parse /home/ksh/cvs/toolchain/12-8/OUTPUT-uclinux/bin//bfin-uclinux-nm -B output
configure:4640: bfin-uclinux-gcc -c -g -O2  conftest.c >&5
configure:4643: $? = 0
configure:4647: /home/ksh/cvs/toolchain/12-8/OUTPUT-uclinux/bin//bfin-uclinux-nm -B conftest.o \| sed -n -e 's/^.*[ 	]\([ABCDGISTW][ABCDGISTW]*\)[ 	][ 	]*\(\)\([_A-Za-z][_A-Za-z0-9]*\)$/\1 \2\3 \3/p' \> conftest.nm
configure:4650: $? = 0
cannot find nm_test_var in conftest.nm
configure:4640: bfin-uclinux-gcc -c -g -O2  conftest.c >&5
configure:4643: $? = 0
configure:4647: /home/ksh/cvs/toolchain/12-8/OUTPUT-uclinux/bin//bfin-uclinux-nm -B conftest.o \| sed -n -e 's/^.*[ 	]\([ABCDGISTW][ABCDGISTW]*\)[ 	][ 	]*\(_\)\([_A-Za-z][_A-Za-z0-9]*\)$/\1 \2\3 \3/p' \> conftest.nm
configure:4650: $? = 0
configure:4702: bfin-uclinux-gcc -o conftest -g -O2   conftest.c conftstm.o >&5
configure:4705: $? = 0
configure:4749: result: ok
configure:4767: checking dlfcn.h usability
configure:4776: bfin-uclinux-gcc -c -g -O2  conftest.c >&5
configure:4779: $? = 0
configure:4782: test -s conftest.o
configure:4785: $? = 0
configure:4794: result: yes
configure:4798: checking dlfcn.h presence
configure:4805: bfin-uclinux-gcc -E  conftest.c
configure:4811: $? = 0
configure:4829: result: yes
configure:4847: checking for dlfcn.h
configure:4854: result: yes
configure:5013: checking for bfin-uclinux-ranlib
configure:5029: found /home/ksh/cvs/toolchain/12-8/OUTPUT-uclinux/bin//bfin-uclinux-ranlib
configure:5039: result: bfin-uclinux-ranlib
configure:5093: checking for bfin-uclinux-strip
configure:5119: result: bfin-uclinux-strip
configure:5369: checking for objdir
configure:5380: result: .libs
configure:5397: checking for bfin-uclinux-gcc option to produce PIC
configure:5547: result: -fPIC
configure:5551: checking if bfin-uclinux-gcc PIC flag -fPIC works
configure:5577: bfin-uclinux-gcc -c -g -O2 -fPIC -DPIC  conftest.c >&5
configure:5580: $? = 0
configure:5583: test -s conftest.o
configure:5586: $? = 0
configure:5623: result: yes
configure:5639: checking if bfin-uclinux-gcc static flag -static works
configure:5666: bfin-uclinux-gcc -o conftest -g -O2   -static conftest.c  >&5
configure:5669: $? = 0
configure:5672: test -s conftest
configure:5675: $? = 0
configure:5690: result: yes
configure:5702: checking if bfin-uclinux-gcc supports -c -o file.o
configure:5722: bfin-uclinux-gcc -c -g -O2 -o out/conftest2.o  conftest.c >&5
configure:5746: result: yes
configure:5751: checking if bfin-uclinux-gcc supports -c -o file.lo
configure:5781: bfin-uclinux-gcc -c -g -O2 -c -o conftest.lo  conftest.c >&5
configure:5784: $? = 0
configure:5787: test -s conftest.lo
configure:5790: $? = 0
configure:5811: result: yes
configure:5842: checking if bfin-uclinux-gcc supports -fno-rtti -fno-exceptions
configure:5867: bfin-uclinux-gcc -c -g -O2 -fno-rtti -fno-exceptions -c conftest.c  conftest.c >&5
cc1: warning: command line option "-fno-rtti" is valid for C++/ObjC++ but not for C
cc1: warning: command line option "-fno-rtti" is valid for C++/ObjC++ but not for C
configure:5870: $? = 0
configure:5873: test -s conftest.o
configure:5876: $? = 0
configure:5892: result: yes
configure:5903: checking whether the linker (/home/ksh/cvs/toolchain/12-8/OUTPUT-uclinux/bfin-uclinux/bin/ld) supports shared libraries
configure:6583: result: yes
configure:6588: checking how to hardcode library paths into programs
configure:6612: result: immediate
configure:6617: checking whether stripping libraries is possible
configure:6622: result: yes
configure:6633: checking dynamic linker characteristics
configure:7026: result: no
configure:7031: checking if libtool supports shared libraries
configure:7033: result: no
configure:7036: checking whether to build shared libraries
configure:7057: result: no
configure:7060: checking whether to build static libraries
configure:7064: result: yes
configure:8350: checking for a BSD-compatible install
configure:8404: result: /usr/bin/install -c
configure:8460: checking alloca.h usability
configure:8469: bfin-uclinux-gcc -c -g -O2  conftest.c >&5
configure:8472: $? = 0
configure:8475: test -s conftest.o
configure:8478: $? = 0
configure:8487: result: yes
configure:8491: checking alloca.h presence
configure:8498: bfin-uclinux-gcc -E  conftest.c
configure:8504: $? = 0
configure:8522: result: yes
configure:8540: checking for alloca.h
configure:8547: result: yes
configure:8460: checking float.h usability
configure:8469: bfin-uclinux-gcc -c -g -O2  conftest.c >&5
configure:8472: $? = 0
configure:8475: test -s conftest.o
configure:8478: $? = 0
configure:8487: result: yes
configure:8491: checking float.h presence
configure:8498: bfin-uclinux-gcc -E  conftest.c
configure:8504: $? = 0
configure:8522: result: yes
configure:8540: checking for float.h
configure:8547: result: yes
configure:8460: checking libintl.h usability
configure:8469: bfin-uclinux-gcc -c -g -O2  conftest.c >&5
configure:8497:21: libintl.h: No such file or directory
configure:8472: $? = 1
configure: failed program was:
#line 8462 "configure"
#include "confdefs.h"
#include <stdio.h>
#if HAVE_SYS_TYPES_H
# include <sys/types.h>
#endif
#if HAVE_SYS_STAT_H
# include <sys/stat.h>
#endif
#if STDC_HEADERS
# include <stdlib.h>
# include <stddef.h>
#else
# if HAVE_STDLIB_H
#  include <stdlib.h>
# endif
#endif
#if HAVE_STRING_H
# if !STDC_HEADERS && HAVE_MEMORY_H
#  include <memory.h>
# endif
# include <string.h>
#endif
#if HAVE_STRINGS_H
# include <strings.h>
#endif
#if HAVE_INTTYPES_H
# include <inttypes.h>
#else
# if HAVE_STDINT_H
#  include <stdint.h>
# endif
#endif
#if HAVE_UNISTD_H
# include <unistd.h>
#endif
#include <libintl.h>
configure:8487: result: no
configure:8491: checking libintl.h presence
configure:8498: bfin-uclinux-gcc -E  conftest.c
configure:8494:21: libintl.h: No such file or directory
configure:8504: $? = 1
configure: failed program was:
#line 8493 "configure"
#include "confdefs.h"
#include <libintl.h>
configure:8522: result: no
configure:8540: checking for libintl.h
configure:8547: result: no
configure:8460: checking mcheck.h usability
configure:8469: bfin-uclinux-gcc -c -g -O2  conftest.c >&5
configure:8497:20: mcheck.h: No such file or directory
configure:8472: $? = 1
configure: failed program was:
#line 8462 "configure"
#include "confdefs.h"
#include <stdio.h>
#if HAVE_SYS_TYPES_H
# include <sys/types.h>
#endif
#if HAVE_SYS_STAT_H
# include <sys/stat.h>
#endif
#if STDC_HEADERS
# include <stdlib.h>
# include <stddef.h>
#else
# if HAVE_STDLIB_H
#  include <stdlib.h>
# endif
#endif
#if HAVE_STRING_H
# if !STDC_HEADERS && HAVE_MEMORY_H
#  include <memory.h>
# endif
# include <string.h>
#endif
#if HAVE_STRINGS_H
# include <strings.h>
#endif
#if HAVE_INTTYPES_H
# include <inttypes.h>
#else
# if HAVE_STDINT_H
#  include <stdint.h>
# endif
#endif
#if HAVE_UNISTD_H
# include <unistd.h>
#endif
#include <mcheck.h>
configure:8487: result: no
configure:8491: checking mcheck.h presence
configure:8498: bfin-uclinux-gcc -E  conftest.c
configure:8494:20: mcheck.h: No such file or directory
configure:8504: $? = 1
configure: failed program was:
#line 8493 "configure"
#include "confdefs.h"
#include <mcheck.h>
configure:8522: result: no
configure:8540: checking for mcheck.h
configure:8547: result: no
configure:8451: checking for unistd.h
configure:8456: result: yes
configure:8560: checking for /usr/ucblib in LIBS
configure:8572: result: no
configure:8578: checking for GNU xgettext
configure:8587: result: yes
configure:8598: checking for strerror
configure:8641: bfin-uclinux-gcc -o conftest -g -O2   conftest.c  >&5
configure:8644: $? = 0
configure:8647: test -s conftest
configure:8650: $? = 0
configure:8660: result: yes
configure:8598: checking for mtrace
configure:8641: bfin-uclinux-gcc -o conftest -g -O2   conftest.c  >&5
/tmp/cc8uz0RK.o(.text+0x6): In function `main':
/home/ksh/Documents/source/popt-1.7/configure:8631: undefined reference to `_mtrace'
/tmp/cc8uz0RK.o(.text+0xa):/home/ksh/Documents/source/popt-1.7/configure:8631: undefined reference to `_mtrace'
collect2: ld returned 1 exit status
configure:8644: $? = 1
configure: failed program was:
#line 8603 "configure"
#include "confdefs.h"
/* System header to define __stub macros and hopefully few prototypes,
    which can conflict with char mtrace (); below.  */
#include <assert.h>
/* Override any gcc2 internal prototype to avoid an error.  */
#ifdef __cplusplus
extern "C"
#endif
/* We use char because int might match the return type of a gcc2
   builtin and then its argument prototype would still apply.  */
char mtrace ();
char (*f) ();

#ifdef F77_DUMMY_MAIN
#  ifdef __cplusplus
     extern "C"
#  endif
   int F77_DUMMY_MAIN() { return 1; }
#endif
int
main ()
{
/* The GNU C library defines this for functions which it implements
    to always fail with ENOSYS.  Some functions are actually named
    something starting with __ and the normal name is an alias.  */
#if defined (__stub_mtrace) || defined (__stub___mtrace)
choke me
#else
f = mtrace;
#endif

  ;
  return 0;
}
configure:8660: result: no
configure:8598: checking for getuid
configure:8641: bfin-uclinux-gcc -o conftest -g -O2   conftest.c  >&5
configure:8644: $? = 0
configure:8647: test -s conftest
configure:8650: $? = 0
configure:8660: result: yes
configure:8598: checking for geteuid
configure:8641: bfin-uclinux-gcc -o conftest -g -O2   conftest.c  >&5
configure:8644: $? = 0
configure:8647: test -s conftest
configure:8650: $? = 0
configure:8660: result: yes
configure:8670: checking for setreuid
configure:8713: bfin-uclinux-gcc -o conftest -g -O2   conftest.c  >&5
configure:8716: $? = 0
configure:8719: test -s conftest
configure:8722: $? = 0
configure:8732: result: yes
configure:8816: checking for msgfmt
configure:8844: result: /usr/bin/msgfmt
configure:8853: checking for gmsgfmt
configure:8884: result: /usr/bin/msgfmt
configure:8894: checking for xgettext
configure:8922: result: /usr/bin/xgettext
configure:8933: checking for msgmerge
configure:8960: result: /usr/bin/msgmerge
configure:8998: checking for bfin-uclinux-ranlib
configure:9024: result: bfin-uclinux-ranlib
configure:9075: checking for bfin-uclinux-gcc option to accept ANSI C
configure:9138: bfin-uclinux-gcc  -c -g -O2  conftest.c >&5
configure:9141: $? = 0
configure:9144: test -s conftest.o
configure:9147: $? = 0
configure:9164: result: none needed
configure:9172: checking for an ANSI C-conforming const
configure:9242: bfin-uclinux-gcc -c -g -O2  conftest.c >&5
configure:9245: $? = 0
configure:9248: test -s conftest.o
configure:9251: $? = 0
configure:9261: result: yes
configure:9271: checking for inline
configure:9288: bfin-uclinux-gcc -c -g -O2  conftest.c >&5
configure:9291: $? = 0
configure:9294: test -s conftest.o
configure:9297: $? = 0
configure:9308: result: inline
configure:9323: checking for off_t
configure:9350: bfin-uclinux-gcc -c -g -O2  conftest.c >&5
configure:9353: $? = 0
configure:9356: test -s conftest.o
configure:9359: $? = 0
configure:9369: result: yes
configure:9381: checking for size_t
configure:9408: bfin-uclinux-gcc -c -g -O2  conftest.c >&5
configure:9411: $? = 0
configure:9414: test -s conftest.o
configure:9417: $? = 0
configure:9427: result: yes
configure:9441: checking for working alloca.h
configure:9465: bfin-uclinux-gcc -o conftest -g -O2   conftest.c  >&5
configure:9468: $? = 0
configure:9471: test -s conftest
configure:9474: $? = 0
configure:9484: result: yes
configure:9494: checking for alloca
configure:9538: bfin-uclinux-gcc -o conftest -g -O2   conftest.c  >&5
configure:9541: $? = 0
configure:9544: test -s conftest
configure:9547: $? = 0
configure:9557: result: yes
configure:9753: checking for stdlib.h
configure:9758: result: yes
configure:9753: checking for unistd.h
configure:9758: result: yes
configure:9866: checking for getpagesize
configure:9909: bfin-uclinux-gcc -o conftest -g -O2   conftest.c  >&5
configure:9912: $? = 0
configure:9915: test -s conftest
configure:9918: $? = 0
configure:9928: result: yes
configure:9938: checking for working mmap
configure:10098: result: no
configure:10110: checking whether we are using the GNU C Library 2.1 or newer
configure:10138: result: yes
configure:10146: checking whether integer division by zero raises SIGFPE
configure:10227: result: guessing no
configure:10240: checking for inttypes.h
configure:10265: bfin-uclinux-gcc -c -g -O2  conftest.c >&5
configure:10268: $? = 0
configure:10271: test -s conftest.o
configure:10274: $? = 0
configure:10284: result: yes
configure:10295: checking for stdint.h
configure:10320: bfin-uclinux-gcc -c -g -O2  conftest.c >&5
configure:10323: $? = 0
configure:10326: test -s conftest.o
configure:10329: $? = 0
configure:10339: result: yes
configure:10350: checking for unsigned long long
configure:10375: bfin-uclinux-gcc -o conftest -g -O2   conftest.c  >&5
configure:10378: $? = 0
configure:10381: test -s conftest
configure:10384: $? = 0
configure:10394: result: yes
configure:10420: checking for inttypes.h
configure:10446: bfin-uclinux-gcc -c -g -O2  conftest.c >&5
configure:10449: $? = 0
configure:10452: test -s conftest.o
configure:10455: $? = 0
configure:10466: result: yes
configure:10479: checking whether the inttypes.h PRIxNN macros are broken
configure:10508: bfin-uclinux-gcc -c -g -O2  conftest.c >&5
configure:10511: $? = 0
configure:10514: test -s conftest.o
configure:10517: $? = 0
configure:10528: result: no
configure:10566: checking for ld used by GCC
configure:10629: result: /home/ksh/cvs/toolchain/12-8/OUTPUT-uclinux/bfin-uclinux/bin/ld
configure:10638: checking if the linker (/home/ksh/cvs/toolchain/12-8/OUTPUT-uclinux/bfin-uclinux/bin/ld) is GNU ld
GNU ld version 2.15.94 20041120
configure:10650: result: yes
configure:10656: checking for shared library run path origin
configure:10669: result: done
configure:11097: checking argz.h usability
configure:11106: bfin-uclinux-gcc -c -g -O2  conftest.c >&5
configure:11134:18: argz.h: No such file or directory
configure:11109: $? = 1
configure: failed program was:
#line 11099 "configure"
#include "confdefs.h"
#include <stdio.h>
#if HAVE_SYS_TYPES_H
# include <sys/types.h>
#endif
#if HAVE_SYS_STAT_H
# include <sys/stat.h>
#endif
#if STDC_HEADERS
# include <stdlib.h>
# include <stddef.h>
#else
# if HAVE_STDLIB_H
#  include <stdlib.h>
# endif
#endif
#if HAVE_STRING_H
# if !STDC_HEADERS && HAVE_MEMORY_H
#  include <memory.h>
# endif
# include <string.h>
#endif
#if HAVE_STRINGS_H
# include <strings.h>
#endif
#if HAVE_INTTYPES_H
# include <inttypes.h>
#else
# if HAVE_STDINT_H
#  include <stdint.h>
# endif
#endif
#if HAVE_UNISTD_H
# include <unistd.h>
#endif
#include <argz.h>
configure:11124: result: no
configure:11128: checking argz.h presence
configure:11135: bfin-uclinux-gcc -E  conftest.c
configure:11131:18: argz.h: No such file or directory
configure:11141: $? = 1
configure: failed program was:
#line 11130 "configure"
#include "confdefs.h"
#include <argz.h>
configure:11159: result: no
configure:11177: checking for argz.h
configure:11184: result: no
configure:11097: checking limits.h usability
configure:11106: bfin-uclinux-gcc -c -g -O2  conftest.c >&5
configure:11109: $? = 0
configure:11112: test -s conftest.o
configure:11115: $? = 0
configure:11124: result: yes
configure:11128: checking limits.h presence
configure:11135: bfin-uclinux-gcc -E  conftest.c
configure:11141: $? = 0
configure:11159: result: yes
configure:11177: checking for limits.h
configure:11184: result: yes
configure:11097: checking locale.h usability
configure:11106: bfin-uclinux-gcc -c -g -O2  conftest.c >&5
configure:11109: $? = 0
configure:11112: test -s conftest.o
configure:11115: $? = 0
configure:11124: result: yes
configure:11128: checking locale.h presence
configure:11135: bfin-uclinux-gcc -E  conftest.c
configure:11141: $? = 0
configure:11159: result: yes
configure:11177: checking for locale.h
configure:11184: result: yes
configure:11097: checking nl_types.h usability
configure:11106: bfin-uclinux-gcc -c -g -O2  conftest.c >&5
In file included from configure:11134:
/home/ksh/cvs/toolchain/12-8/OUTPUT-uclinux/lib/gcc/bfin-uclinux/3.4.4/../../../../bfin-uclinux/include/nl_types.h:34:2: warning: #warning "mjn3 FIXME: None of these prototypes have implementations."
configure:11109: $? = 0
configure:11112: test -s conftest.o
configure:11115: $? = 0
configure:11124: result: yes
configure:11128: checking nl_types.h presence
configure:11135: bfin-uclinux-gcc -E  conftest.c
In file included from configure:11131:
/home/ksh/cvs/toolchain/12-8/OUTPUT-uclinux/lib/gcc/bfin-uclinux/3.4.4/../../../../bfin-uclinux/include/nl_types.h:34:2: warning: #warning "mjn3 FIXME: None of these prototypes have implementations."
configure:11141: $? = 0
configure:11159: result: yes
configure:11177: checking for nl_types.h
configure:11184: result: yes
configure:11097: checking malloc.h usability
configure:11106: bfin-uclinux-gcc -c -g -O2  conftest.c >&5
configure:11109: $? = 0
configure:11112: test -s conftest.o
configure:11115: $? = 0
configure:11124: result: yes
configure:11128: checking malloc.h presence
configure:11135: bfin-uclinux-gcc -E  conftest.c
configure:11141: $? = 0
configure:11159: result: yes
configure:11177: checking for malloc.h
configure:11184: result: yes
configure:11097: checking stddef.h usability
configure:11106: bfin-uclinux-gcc -c -g -O2  conftest.c >&5
configure:11109: $? = 0
configure:11112: test -s conftest.o
configure:11115: $? = 0
configure:11124: result: yes
configure:11128: checking stddef.h presence
configure:11135: bfin-uclinux-gcc -E  conftest.c
configure:11141: $? = 0
configure:11159: result: yes
configure:11177: checking for stddef.h
configure:11184: result: yes
configure:11088: checking for stdlib.h
configure:11093: result: yes
configure:11088: checking for string.h
configure:11093: result: yes
configure:11088: checking for unistd.h
configure:11093: result: yes
configure:11097: checking sys/param.h usability
configure:11106: bfin-uclinux-gcc -c -g -O2  conftest.c >&5
configure:11109: $? = 0
configure:11112: test -s conftest.o
configure:11115: $? = 0
configure:11124: result: yes
configure:11128: checking sys/param.h presence
configure:11135: bfin-uclinux-gcc -E  conftest.c
configure:11141: $? = 0
configure:11159: result: yes
configure:11177: checking for sys/param.h
configure:11184: result: yes
configure:11223: checking for feof_unlocked
configure:11266: bfin-uclinux-gcc -o conftest -g -O2   conftest.c  >&5
configure:11269: $? = 0
configure:11272: test -s conftest
configure:11275: $? = 0
configure:11285: result: yes
configure:11223: checking for fgets_unlocked
configure:11266: bfin-uclinux-gcc -o conftest -g -O2   conftest.c  >&5
configure:11269: $? = 0
configure:11272: test -s conftest
configure:11275: $? = 0
configure:11285: result: yes
configure:11223: checking for getc_unlocked
configure:11266: bfin-uclinux-gcc -o conftest -g -O2   conftest.c  >&5
configure:11269: $? = 0
configure:11272: test -s conftest
configure:11275: $? = 0
configure:11285: result: yes
configure:11223: checking for getcwd
configure:11266: bfin-uclinux-gcc -o conftest -g -O2   conftest.c  >&5
configure:11269: $? = 0
configure:11272: test -s conftest
configure:11275: $? = 0
configure:11285: result: yes
configure:11223: checking for getegid
configure:11266: bfin-uclinux-gcc -o conftest -g -O2   conftest.c  >&5
configure:11269: $? = 0
configure:11272: test -s conftest
configure:11275: $? = 0
configure:11285: result: yes
configure:11223: checking for geteuid
configure:11285: result: yes
configure:11223: checking for getgid
configure:11266: bfin-uclinux-gcc -o conftest -g -O2   conftest.c  >&5
configure:11269: $? = 0
configure:11272: test -s conftest
configure:11275: $? = 0
configure:11285: result: yes
configure:11223: checking for getuid
configure:11285: result: yes
configure:11223: checking for mempcpy
configure:11266: bfin-uclinux-gcc -o conftest -g -O2   conftest.c  >&5
configure:11238: warning: conflicting types for built-in function 'mempcpy'
configure:11269: $? = 0
configure:11272: test -s conftest
configure:11275: $? = 0
configure:11285: result: yes
configure:11223: checking for munmap
configure:11266: bfin-uclinux-gcc -o conftest -g -O2   conftest.c  >&5
configure:11269: $? = 0
configure:11272: test -s conftest
configure:11275: $? = 0
configure:11285: result: yes
configure:11223: checking for putenv
configure:11266: bfin-uclinux-gcc -o conftest -g -O2   conftest.c  >&5
configure:11269: $? = 0
configure:11272: test -s conftest
configure:11275: $? = 0
configure:11285: result: yes
configure:11223: checking for setenv
configure:11266: bfin-uclinux-gcc -o conftest -g -O2   conftest.c  >&5
configure:11269: $? = 0
configure:11272: test -s conftest
configure:11275: $? = 0
configure:11285: result: yes
configure:11223: checking for setlocale
configure:11266: bfin-uclinux-gcc -o conftest -g -O2   conftest.c  >&5
configure:11269: $? = 0
configure:11272: test -s conftest
configure:11275: $? = 0
configure:11285: result: yes
configure:11223: checking for stpcpy
configure:11266: bfin-uclinux-gcc -o conftest -g -O2   conftest.c  >&5
configure:11238: warning: conflicting types for built-in function 'stpcpy'
configure:11269: $? = 0
configure:11272: test -s conftest
configure:11275: $? = 0
configure:11285: result: yes
configure:11223: checking for strcasecmp
configure:11266: bfin-uclinux-gcc -o conftest -g -O2   conftest.c  >&5
configure:11269: $? = 0
configure:11272: test -s conftest
configure:11275: $? = 0
configure:11285: result: yes
configure:11223: checking for strdup
configure:11266: bfin-uclinux-gcc -o conftest -g -O2   conftest.c  >&5
configure:11238: warning: conflicting types for built-in function 'strdup'
configure:11269: $? = 0
configure:11272: test -s conftest
configure:11275: $? = 0
configure:11285: result: yes
configure:11223: checking for strtoul
configure:11266: bfin-uclinux-gcc -o conftest -g -O2   conftest.c  >&5
configure:11269: $? = 0
configure:11272: test -s conftest
configure:11275: $? = 0
configure:11285: result: yes
configure:11223: checking for tsearch
configure:11266: bfin-uclinux-gcc -o conftest -g -O2   conftest.c  >&5
configure:11269: $? = 0
configure:11272: test -s conftest
configure:11275: $? = 0
configure:11285: result: yes
configure:11223: checking for __argz_count
configure:11266: bfin-uclinux-gcc -o conftest -g -O2   conftest.c  >&5
/tmp/cciIBx9F.o(.text+0x6): In function `main':
/home/ksh/Documents/source/popt-1.7/configure:11256: undefined reference to `___argz_count'
/tmp/cciIBx9F.o(.text+0xa):/home/ksh/Documents/source/popt-1.7/configure:11256: undefined reference to `___argz_count'
collect2: ld returned 1 exit status
configure:11269: $? = 1
configure: failed program was:
#line 11228 "configure"
#include "confdefs.h"
/* System header to define __stub macros and hopefully few prototypes,
    which can conflict with char __argz_count (); below.  */
#include <assert.h>
/* Override any gcc2 internal prototype to avoid an error.  */
#ifdef __cplusplus
extern "C"
#endif
/* We use char because int might match the return type of a gcc2
   builtin and then its argument prototype would still apply.  */
char __argz_count ();
char (*f) ();

#ifdef F77_DUMMY_MAIN
#  ifdef __cplusplus
     extern "C"
#  endif
   int F77_DUMMY_MAIN() { return 1; }
#endif
int
main ()
{
/* The GNU C library defines this for functions which it implements
    to always fail with ENOSYS.  Some functions are actually named
    something starting with __ and the normal name is an alias.  */
#if defined (__stub___argz_count) || defined (__stub_____argz_count)
choke me
#else
f = __argz_count;
#endif

  ;
  return 0;
}
configure:11285: result: no
configure:11223: checking for __argz_stringify
configure:11266: bfin-uclinux-gcc -o conftest -g -O2   conftest.c  >&5
/tmp/ccWxSgMN.o(.text+0x6): In function `main':
/home/ksh/Documents/source/popt-1.7/configure:11256: undefined reference to `___argz_stringify'
/tmp/ccWxSgMN.o(.text+0xa):/home/ksh/Documents/source/popt-1.7/configure:11256: undefined reference to `___argz_stringify'
collect2: ld returned 1 exit status
configure:11269: $? = 1
configure: failed program was:
#line 11228 "configure"
#include "confdefs.h"
/* System header to define __stub macros and hopefully few prototypes,
    which can conflict with char __argz_stringify (); below.  */
#include <assert.h>
/* Override any gcc2 internal prototype to avoid an error.  */
#ifdef __cplusplus
extern "C"
#endif
/* We use char because int might match the return type of a gcc2
   builtin and then its argument prototype would still apply.  */
char __argz_stringify ();
char (*f) ();

#ifdef F77_DUMMY_MAIN
#  ifdef __cplusplus
     extern "C"
#  endif
   int F77_DUMMY_MAIN() { return 1; }
#endif
int
main ()
{
/* The GNU C library defines this for functions which it implements
    to always fail with ENOSYS.  Some functions are actually named
    something starting with __ and the normal name is an alias.  */
#if defined (__stub___argz_stringify) || defined (__stub_____argz_stringify)
choke me
#else
f = __argz_stringify;
#endif

  ;
  return 0;
}
configure:11285: result: no
configure:11223: checking for __argz_next
configure:11266: bfin-uclinux-gcc -o conftest -g -O2   conftest.c  >&5
/tmp/ccCySmuV.o(.text+0x6): In function `main':
/home/ksh/Documents/source/popt-1.7/configure:11256: undefined reference to `___argz_next'
/tmp/ccCySmuV.o(.text+0xa):/home/ksh/Documents/source/popt-1.7/configure:11256: undefined reference to `___argz_next'
collect2: ld returned 1 exit status
configure:11269: $? = 1
configure: failed program was:
#line 11228 "configure"
#include "confdefs.h"
/* System header to define __stub macros and hopefully few prototypes,
    which can conflict with char __argz_next (); below.  */
#include <assert.h>
/* Override any gcc2 internal prototype to avoid an error.  */
#ifdef __cplusplus
extern "C"
#endif
/* We use char because int might match the return type of a gcc2
   builtin and then its argument prototype would still apply.  */
char __argz_next ();
char (*f) ();

#ifdef F77_DUMMY_MAIN
#  ifdef __cplusplus
     extern "C"
#  endif
   int F77_DUMMY_MAIN() { return 1; }
#endif
int
main ()
{
/* The GNU C library defines this for functions which it implements
    to always fail with ENOSYS.  Some functions are actually named
    something starting with __ and the normal name is an alias.  */
#if defined (__stub___argz_next) || defined (__stub_____argz_next)
choke me
#else
f = __argz_next;
#endif

  ;
  return 0;
}
configure:11285: result: no
configure:11326: checking for iconv
configure:11356: bfin-uclinux-gcc -o conftest -g -O2   conftest.c  >&5
configure:11359: $? = 0
configure:11362: test -s conftest
configure:11365: $? = 0
configure:11420: result: yes
configure:11443: checking for iconv declaration
configure:11480: bfin-uclinux-gcc -c -g -O2  conftest.c >&5
configure:11483: $? = 0
configure:11486: test -s conftest.o
configure:11489: $? = 0
configure:11503: result: 
         extern size_t iconv (iconv_t cd, char * *inbuf, size_t *inbytesleft, char * *outbuf, size_t *outbytesleft);
configure:11514: checking for nl_langinfo and CODESET
configure:11538: bfin-uclinux-gcc -o conftest -g -O2   conftest.c  >&5
In file included from /home/ksh/cvs/toolchain/12-8/OUTPUT-uclinux/lib/gcc/bfin-uclinux/3.4.4/../../../../bfin-uclinux/include/langinfo.h:24,
                 from configure:11520:
/home/ksh/cvs/toolchain/12-8/OUTPUT-uclinux/lib/gcc/bfin-uclinux/3.4.4/../../../../bfin-uclinux/include/nl_types.h:34:2: warning: #warning "mjn3 FIXME: None of these prototypes have implementations."
configure:11541: $? = 0
configure:11544: test -s conftest
configure:11547: $? = 0
configure:11558: result: yes
configure:11570: checking for LC_MESSAGES
configure:11594: bfin-uclinux-gcc -o conftest -g -O2   conftest.c  >&5
configure:11597: $? = 0
configure:11600: test -s conftest
configure:11603: $? = 0
configure:11613: result: yes
configure:11629: checking for bison
configure:11645: found /usr/bin/bison
configure:11655: result: bison
configure:11668: checking version of bison
configure:11677: result: 1.875, ok
configure:11698: checking whether NLS is requested
configure:11707: result: yes
configure:11722: checking whether included gettext is requested
configure:11732: result: no
configure:11743: checking for GNU gettext in libc
configure:11770: bfin-uclinux-gcc -o conftest -g -O2   conftest.c  >&5
configure:11749:21: libintl.h: No such file or directory
configure:11773: $? = 1
configure: failed program was:
#line 11748 "configure"
#include "confdefs.h"
#include <libintl.h>
extern int _nl_msg_cat_cntr;
extern int *_nl_domain_bindings;
#ifdef F77_DUMMY_MAIN
#  ifdef __cplusplus
     extern "C"
#  endif
   int F77_DUMMY_MAIN() { return 1; }
#endif
int
main ()
{
bindtextdomain ("", "");
return (int) gettext ("") + _nl_msg_cat_cntr + *_nl_domain_bindings
  ;
  return 0;
}
configure:11789: result: no
configure:12172: checking for GNU gettext in libintl
configure:12207: bfin-uclinux-gcc -o conftest -g -O2    conftest.c  -lintl >&5
configure:12182:21: libintl.h: No such file or directory
configure:12210: $? = 1
configure: failed program was:
#line 12181 "configure"
#include "confdefs.h"
#include <libintl.h>
extern int _nl_msg_cat_cntr;
extern
#ifdef __cplusplus
"C"
#endif
const char *_nl_expand_alias ();
#ifdef F77_DUMMY_MAIN
#  ifdef __cplusplus
     extern "C"
#  endif
   int F77_DUMMY_MAIN() { return 1; }
#endif
int
main ()
{
bindtextdomain ("", "");
return (int) gettext ("") + _nl_msg_cat_cntr + *_nl_expand_alias (0)
  ;
  return 0;
}
configure:12277: result: no
configure:12502: creating ./config.status

## ---------------------- ##
## Running config.status. ##
## ---------------------- ##

This file was extended by config.status, which was
generated by GNU Autoconf 2.53.  Invocation command line was

  CONFIG_FILES    = 
  CONFIG_HEADERS  = 
  CONFIG_LINKS    = 
  CONFIG_COMMANDS = 
  $ ./config.status 

on linux

config.status:654: creating Doxyfile
config.status:654: creating Makefile
config.status:654: creating intl/Makefile
config.status:654: creating po/Makefile.in
config.status:758: creating config.h
config.status:985: config.h is unchanged
config.status:1086: executing depfiles commands
config.status:1086: executing default-1 commands

## ---------------- ##
## Cache variables. ##
## ---------------- ##

ac_cv_build=i686-pc-linux-gnu
ac_cv_build_alias=i686-pc-linux-gnu
ac_cv_c_compiler_gnu=yes
ac_cv_c_const=yes
ac_cv_c_inline=inline
ac_cv_env_CC_set=set
ac_cv_env_CC_value=bfin-uclinux-gcc
ac_cv_env_CFLAGS_set=
ac_cv_env_CFLAGS_value=
ac_cv_env_CPPFLAGS_set=
ac_cv_env_CPPFLAGS_value=
ac_cv_env_CPP_set=
ac_cv_env_CPP_value=
ac_cv_env_LDFLAGS_set=
ac_cv_env_LDFLAGS_value=
ac_cv_env_build_alias_set=
ac_cv_env_build_alias_value=
ac_cv_env_host_alias_set=set
ac_cv_env_host_alias_value=bfin-uclinux
ac_cv_env_target_alias_set=
ac_cv_env_target_alias_value=
ac_cv_exeext=
ac_cv_func___argz_count=no
ac_cv_func___argz_next=no
ac_cv_func___argz_stringify=no
ac_cv_func_alloca_works=yes
ac_cv_func_feof_unlocked=yes
ac_cv_func_fgets_unlocked=yes
ac_cv_func_getc_unlocked=yes
ac_cv_func_getcwd=yes
ac_cv_func_getegid=yes
ac_cv_func_geteuid=yes
ac_cv_func_getgid=yes
ac_cv_func_getpagesize=yes
ac_cv_func_getuid=yes
ac_cv_func_mempcpy=yes
ac_cv_func_mmap_fixed_mapped=no
ac_cv_func_mtrace=no
ac_cv_func_munmap=yes
ac_cv_func_putenv=yes
ac_cv_func_setenv=yes
ac_cv_func_setlocale=yes
ac_cv_func_setreuid=yes
ac_cv_func_stpcpy=yes
ac_cv_func_strcasecmp=yes
ac_cv_func_strdup=yes
ac_cv_func_strerror=yes
ac_cv_func_strtoul=yes
ac_cv_func_tsearch=yes
ac_cv_gnu_library_2_1=yes
ac_cv_header_alloca_h=yes
ac_cv_header_argz_h=no
ac_cv_header_dlfcn_h=yes
ac_cv_header_float_h=yes
ac_cv_header_inttypes_h=yes
ac_cv_header_libintl_h=no
ac_cv_header_limits_h=yes
ac_cv_header_locale_h=yes
ac_cv_header_malloc_h=yes
ac_cv_header_mcheck_h=no
ac_cv_header_memory_h=yes
ac_cv_header_nl_types_h=yes
ac_cv_header_stdc=yes
ac_cv_header_stddef_h=yes
ac_cv_header_stdint_h=yes
ac_cv_header_stdlib_h=yes
ac_cv_header_string_h=yes
ac_cv_header_strings_h=yes
ac_cv_header_sys_param_h=yes
ac_cv_header_sys_stat_h=yes
ac_cv_header_sys_types_h=yes
ac_cv_header_unistd_h=yes
ac_cv_host=bfin-unknown-uclinux
ac_cv_host_alias=bfin-uclinux
ac_cv_lib_cposix_strerror=no
ac_cv_objext=o
ac_cv_path_GMSGFMT=/usr/bin/msgfmt
ac_cv_path_MSGFMT=/usr/bin/msgfmt
ac_cv_path_MSGMERGE=/usr/bin/msgmerge
ac_cv_path_XGETTEXT=/usr/bin/xgettext
ac_cv_path_install='/usr/bin/install -c'
ac_cv_prog_AWK=gawk
ac_cv_prog_CC=bfin-uclinux-gcc
ac_cv_prog_CPP='bfin-uclinux-gcc -E'
ac_cv_prog_INTLBISON=bison
ac_cv_prog_RANLIB=bfin-uclinux-ranlib
ac_cv_prog_STRIP=bfin-uclinux-strip
ac_cv_prog_cc_g=yes
ac_cv_prog_cc_stdc=
ac_cv_prog_gcc_traditional=no
ac_cv_prog_make_make_set=yes
ac_cv_target=bfin-unknown-uclinux
ac_cv_target_alias=bfin-uclinux
ac_cv_type_off_t=yes
ac_cv_type_size_t=yes
ac_cv_type_unsigned_long_long=yes
ac_cv_working_alloca_h=yes
acl_cv_path_LD=/home/ksh/cvs/toolchain/12-8/OUTPUT-uclinux/bfin-uclinux/bin/ld
acl_cv_prog_gnu_ld=yes
acl_cv_rpath=done
am_cv_CC_dependencies_compiler_type=gcc3
am_cv_func_iconv=yes
am_cv_langinfo_codeset=yes
am_cv_lib_iconv=no
am_cv_prog_cc_stdc=
am_cv_proto_iconv='extern size_t iconv (iconv_t cd, char * *inbuf, size_t *inbytesleft, char * *outbuf, size_t *outbytesleft);'
am_cv_proto_iconv_arg1=
am_cv_val_LC_MESSAGES=yes
gt_cv_func_gnugettext1_libc=no
gt_cv_func_gnugettext1_libintl=no
gt_cv_header_inttypes_h=yes
gt_cv_int_divbyzero_sigfpe='guessing no'
gt_cv_inttypes_pri_broken=no
jm_ac_cv_header_inttypes_h=yes
jm_ac_cv_header_stdint_h=yes
lt_cv_compiler_c_o=yes
lt_cv_compiler_o_lo=yes
lt_cv_deplibs_check_method=unknown
lt_cv_file_magic_cmd='$MAGIC_CMD'
lt_cv_file_magic_test_file=
lt_cv_global_symbol_to_c_name_address='sed -n -e '\''s/^: \([^ ]*\) $/  {\"\1\", (lt_ptr) 0},/p'\'' -e '\''s/^[BCDEGRST] \([^ ]*\) \([^ ]*\)$/  {"\2", (lt_ptr) \&\2},/p'\'''
lt_cv_global_symbol_to_cdecl='sed -n -e '\''s/^. .* \(.*\)$/extern char \1;/p'\'''
lt_cv_ld_reload_flag=-r
lt_cv_path_LD=/home/ksh/cvs/toolchain/12-8/OUTPUT-uclinux/bfin-uclinux/bin/ld
lt_cv_path_NM='/home/ksh/cvs/toolchain/12-8/OUTPUT-uclinux/bin//bfin-uclinux-nm -B'
lt_cv_prog_cc_can_build_shared=yes
lt_cv_prog_cc_no_builtin=
lt_cv_prog_cc_pic=' -fPIC'
lt_cv_prog_cc_pic_works=yes
lt_cv_prog_cc_shlib=
lt_cv_prog_cc_static=-static
lt_cv_prog_cc_static_works=yes
lt_cv_prog_cc_wl=-Wl,
lt_cv_prog_gnu_ld=yes
lt_cv_sys_global_symbol_pipe='sed -n -e '\''s/^.*[ 	]\([ABCDGISTW][ABCDGISTW]*\)[ 	][ 	]*\(_\)\([_A-Za-z][_A-Za-z0-9]*\)$/\1 \2\3 \3/p'\'''
lt_cv_sys_path_separator=:
nls_cv_force_use_gnu_gettext=no
nls_cv_header_intl=
nls_cv_header_libgt=
nls_cv_use_gnu_gettext=yes

## ----------- ##
## confdefs.h. ##
## ----------- ##

#define PACKAGE_NAME ""
#define PACKAGE_TARNAME ""
#define PACKAGE_VERSION ""
#define PACKAGE_STRING ""
#define PACKAGE_BUGREPORT ""
#define PACKAGE "popt"
#define VERSION "1.7"
#define HAVE_SYS_TYPES_H 1
#define HAVE_SYS_STAT_H 1
#define HAVE_STDLIB_H 1
#define HAVE_STRING_H 1
#define HAVE_MEMORY_H 1
#define HAVE_STRINGS_H 1
#define HAVE_INTTYPES_H 1
#define HAVE_STDINT_H 1
#define HAVE_UNISTD_H 1
#define PROTOTYPES 1
#define STDC_HEADERS 1
#define HAVE_STRING_H 1
#define HAVE_DLFCN_H 1
#define HAVE_ALLOCA_H 1
#define HAVE_FLOAT_H 1
#define HAVE_UNISTD_H 1
#define HAVE_STRERROR 1
#define HAVE_GETUID 1
#define HAVE_GETEUID 1
#define HAVE_ALLOCA_H 1
#define HAVE_ALLOCA 1
#define HAVE_STDLIB_H 1
#define HAVE_UNISTD_H 1
#define HAVE_GETPAGESIZE 1
#define INTDIV0_RAISES_SIGFPE 0
#define HAVE_INTTYPES_H_WITH_UINTMAX 1
#define HAVE_STDINT_H_WITH_UINTMAX 1
#define HAVE_UNSIGNED_LONG_LONG 1
#define HAVE_INTTYPES_H 1
#define HAVE_LIMITS_H 1
#define HAVE_LOCALE_H 1
#define HAVE_NL_TYPES_H 1
#define HAVE_MALLOC_H 1
#define HAVE_STDDEF_H 1
#define HAVE_STDLIB_H 1
#define HAVE_STRING_H 1
#define HAVE_UNISTD_H 1
#define HAVE_SYS_PARAM_H 1
#define HAVE_FEOF_UNLOCKED 1
#define HAVE_FGETS_UNLOCKED 1
#define HAVE_GETC_UNLOCKED 1
#define HAVE_GETCWD 1
#define HAVE_GETEGID 1
#define HAVE_GETEUID 1
#define HAVE_GETGID 1
#define HAVE_GETUID 1
#define HAVE_MEMPCPY 1
#define HAVE_MUNMAP 1
#define HAVE_PUTENV 1
#define HAVE_SETENV 1
#define HAVE_SETLOCALE 1
#define HAVE_STPCPY 1
#define HAVE_STRCASECMP 1
#define HAVE_STRDUP 1
#define HAVE_STRTOUL 1
#define HAVE_TSEARCH 1
#define HAVE_ICONV 1
#define ICONV_CONST 
#define HAVE_LANGINFO_CODESET 1
#define HAVE_LC_MESSAGES 1
#define ENABLE_NLS 1
#define POPT_SOURCE_PATH "/home/ksh/Documents/source/popt-1.7"

configure: exit 0

## ---------------------- ##
## Running config.status. ##
## ---------------------- ##

This file was extended by config.status, which was
generated by GNU Autoconf 2.53.  Invocation command line was

  CONFIG_FILES    = intl/Makefile
  CONFIG_HEADERS  = 
  CONFIG_LINKS    = 
  CONFIG_COMMANDS = 
  $ ./config.status 

on linux

config.status:654: creating intl/Makefile
config.status:1086: executing depfiles commands
config.status:1086: executing default-1 commands
