This file contains any messages produced by compilers while
running configure, to aid debugging if configure makes a mistake.

It was created by configure, which was
generated by GNU Autoconf 2.57.  Invocation command line was

  $ ./configure 

## --------- ##
## Platform. ##
## --------- ##

hostname = shivaram
uname -m = i686
uname -r = 2.4.20-8
uname -s = Linux
uname -v = #1 Thu Mar 13 17:54:28 EST 2003

/usr/bin/uname -p = unknown
/bin/uname -X     = unknown

/bin/arch              = i686
/usr/bin/arch -k       = unknown
/usr/convex/getsysinfo = unknown
hostinfo               = unknown
/bin/machine           = unknown
/usr/bin/oslevel       = unknown
/bin/universe          = unknown

PATH: /usr/local/sbin
PATH: /usr/local/bin
PATH: /sbin
PATH: /bin
PATH: /usr/sbin
PATH: /usr/bin
PATH: /usr/X11R6/bin
PATH: /root/bin
PATH: /opt/uClinux/bfin/bin


## ----------- ##
## Core tests. ##
## ----------- ##

configure:1488: checking for a BSD-compatible install
configure:1542: result: /usr/bin/install -c
configure:1553: checking whether build environment is sane
configure:1596: result: yes
configure:1629: checking for gawk
configure:1645: found /bin/gawk
configure:1655: result: gawk
configure:1665: checking whether make sets $(MAKE)
configure:1685: result: yes
configure:1903: checking build system type
configure:1921: result: i686-pc-linux-gnu
configure:1929: checking host system type
configure:1943: result: i686-pc-linux-gnu
configure:1971: checking for style of include used by make
configure:1999: result: GNU
configure:2070: checking for gcc
configure:2086: found /usr/bin/gcc
configure:2096: result: gcc
configure:2340: checking for C compiler version
configure:2343: gcc --version </dev/null >&5
gcc (GCC) 3.2.2 20030222 (Red Hat Linux 3.2.2-5)
Copyright (C) 2002 Free Software Foundation, Inc.
This is free software; see the source for copying conditions.  There is NO
warranty; not even for MERCHANTABILITY or FITNESS FOR A PARTICULAR PURPOSE.

configure:2346: $? = 0
configure:2348: gcc -v </dev/null >&5
Reading specs from /usr/lib/gcc-lib/i386-redhat-linux/3.2.2/specs
Configured with: ../configure --prefix=/usr --mandir=/usr/share/man --infodir=/usr/share/info --enable-shared --enable-threads=posix --disable-checking --with-system-zlib --enable-__cxa_atexit --host=i386-redhat-linux
Thread model: posix
gcc version 3.2.2 20030222 (Red Hat Linux 3.2.2-5)
configure:2351: $? = 0
configure:2353: gcc -V </dev/null >&5
gcc: argument to `-V' is missing
configure:2356: $? = 1
configure:2380: checking for C compiler default output
configure:2383: gcc    conftest.c  >&5
configure:2386: $? = 0
configure:2432: result: a.out
configure:2437: checking whether the C compiler works
configure:2443: ./a.out
configure:2446: $? = 0
configure:2463: result: yes
configure:2470: checking whether we are cross compiling
configure:2472: result: no
configure:2475: checking for suffix of executables
configure:2477: gcc -o conftest    conftest.c  >&5
configure:2480: $? = 0
configure:2505: result: 
configure:2511: checking for suffix of object files
configure:2533: gcc -c   conftest.c >&5
configure:2536: $? = 0
configure:2558: result: o
configure:2562: checking whether we are using the GNU C compiler
configure:2587: gcc -c   conftest.c >&5
configure:2590: $? = 0
configure:2593: test -s conftest.o
configure:2596: $? = 0
configure:2609: result: yes
configure:2615: checking whether gcc accepts -g
configure:2637: gcc -c -g  conftest.c >&5
configure:2640: $? = 0
configure:2643: test -s conftest.o
configure:2646: $? = 0
configure:2657: result: yes
configure:2674: checking for gcc option to accept ANSI C
configure:2735: gcc  -c -g -O2  conftest.c >&5
configure:2738: $? = 0
configure:2741: test -s conftest.o
configure:2744: $? = 0
configure:2762: result: none needed
configure:2780: gcc -c -g -O2  conftest.c >&5
conftest.c:2: parse error before "me"
configure:2783: $? = 1
configure: failed program was:
| #ifndef __cplusplus
|   choke me
| #endif
configure:2894: checking dependency style of gcc
configure:2956: result: gcc3
configure:2983: checking for ld used by GCC
configure:3046: result: /usr/bin/ld
configure:3055: checking if the linker (/usr/bin/ld) is GNU ld
GNU ld version 2.13.90.0.18 20030206
configure:3067: result: yes
configure:3072: checking for /usr/bin/ld option to reload object files
configure:3079: result: -r
configure:3084: checking for BSD-compatible nm
configure:3120: result: /usr/bin/nm -B
configure:3123: checking for a sed that does not truncate output
configure:3205: result: /bin/sed
configure:3208: checking whether ln -s works
configure:3212: result: yes
configure:3219: checking how to recognise dependent libraries
configure:3400: result: pass_all
configure:3413: checking command to parse /usr/bin/nm -B output
configure:3497: gcc -c -g -O2  conftest.c >&5
configure:3500: $? = 0
configure:3504: /usr/bin/nm -B conftest.o \| sed -n -e 's/^.*[ 	]\([ABCDGISTW][ABCDGISTW]*\)[ 	][ 	]*\(\)\([_A-Za-z][_A-Za-z0-9]*\)$/\1 \2\3 \3/p' \> conftest.nm
configure:3507: $? = 0
configure:3559: gcc -o conftest -g -O2   conftest.c conftstm.o >&5
configure:3562: $? = 0
configure:3606: result: ok
configure:3615: checking how to run the C preprocessor
configure:3651: gcc -E  conftest.c
configure:3657: $? = 0
configure:3689: gcc -E  conftest.c
configure:3690:28: ac_nonexistent.h: No such file or directory
configure:3695: $? = 1
configure: failed program was:
| #line 3680 "configure"
| /* confdefs.h.  */
| 
| #define PACKAGE_NAME ""
| #define PACKAGE_TARNAME ""
| #define PACKAGE_VERSION ""
| #define PACKAGE_STRING ""
| #define PACKAGE_BUGREPORT ""
| #define PACKAGE "faad2"
| #define VERSION "2.0"
| /* end confdefs.h.  */
| #include <ac_nonexistent.h>
configure:3733: result: gcc -E
configure:3758: gcc -E  conftest.c
configure:3764: $? = 0
configure:3796: gcc -E  conftest.c
configure:3797:28: ac_nonexistent.h: No such file or directory
configure:3802: $? = 1
configure: failed program was:
| #line 3787 "configure"
| /* confdefs.h.  */
| 
| #define PACKAGE_NAME ""
| #define PACKAGE_TARNAME ""
| #define PACKAGE_VERSION ""
| #define PACKAGE_STRING ""
| #define PACKAGE_BUGREPORT ""
| #define PACKAGE "faad2"
| #define VERSION "2.0"
| /* end confdefs.h.  */
| #include <ac_nonexistent.h>
configure:3845: checking for egrep
configure:3855: result: grep -E
configure:3860: checking for ANSI C header files
configure:3886: gcc -c -g -O2  conftest.c >&5
configure:3889: $? = 0
configure:3892: test -s conftest.o
configure:3895: $? = 0
configure:3984: gcc -o conftest -g -O2   conftest.c  >&5
configure:3987: $? = 0
configure:3989: ./conftest
configure:3992: $? = 0
configure:4007: result: yes
configure:4031: checking for sys/types.h
configure:4048: gcc -c -g -O2  conftest.c >&5
configure:4051: $? = 0
configure:4054: test -s conftest.o
configure:4057: $? = 0
configure:4068: result: yes
configure:4031: checking for sys/stat.h
configure:4048: gcc -c -g -O2  conftest.c >&5
configure:4051: $? = 0
configure:4054: test -s conftest.o
configure:4057: $? = 0
configure:4068: result: yes
configure:4031: checking for stdlib.h
configure:4048: gcc -c -g -O2  conftest.c >&5
configure:4051: $? = 0
configure:4054: test -s conftest.o
configure:4057: $? = 0
configure:4068: result: yes
configure:4031: checking for string.h
configure:4048: gcc -c -g -O2  conftest.c >&5
configure:4051: $? = 0
configure:4054: test -s conftest.o
configure:4057: $? = 0
configure:4068: result: yes
configure:4031: checking for memory.h
configure:4048: gcc -c -g -O2  conftest.c >&5
configure:4051: $? = 0
configure:4054: test -s conftest.o
configure:4057: $? = 0
configure:4068: result: yes
configure:4031: checking for strings.h
configure:4048: gcc -c -g -O2  conftest.c >&5
configure:4051: $? = 0
configure:4054: test -s conftest.o
configure:4057: $? = 0
configure:4068: result: yes
configure:4031: checking for inttypes.h
configure:4048: gcc -c -g -O2  conftest.c >&5
configure:4051: $? = 0
configure:4054: test -s conftest.o
configure:4057: $? = 0
configure:4068: result: yes
configure:4031: checking for stdint.h
configure:4048: gcc -c -g -O2  conftest.c >&5
configure:4051: $? = 0
configure:4054: test -s conftest.o
configure:4057: $? = 0
configure:4068: result: yes
configure:4031: checking for unistd.h
configure:4048: gcc -c -g -O2  conftest.c >&5
configure:4051: $? = 0
configure:4054: test -s conftest.o
configure:4057: $? = 0
configure:4068: result: yes
configure:4094: checking dlfcn.h usability
configure:4107: gcc -c -g -O2  conftest.c >&5
configure:4110: $? = 0
configure:4113: test -s conftest.o
configure:4116: $? = 0
configure:4126: result: yes
configure:4130: checking dlfcn.h presence
configure:4141: gcc -E  conftest.c
configure:4147: $? = 0
configure:4166: result: yes
configure:4202: checking for dlfcn.h
configure:4209: result: yes
configure:4407: checking for ranlib
configure:4423: found /usr/bin/ranlib
configure:4434: result: ranlib
configure:4487: checking for strip
configure:4503: found /usr/bin/strip
configure:4514: result: strip
configure:4724: checking for objdir
configure:4735: result: .libs
configure:4752: checking for gcc option to produce PIC
configure:4898: result: -fPIC
configure:4902: checking if gcc PIC flag -fPIC works
configure:4926: gcc -c -g -O2 -fPIC -DPIC  conftest.c >&5
configure:4929: $? = 0
configure:4932: test -s conftest.o
configure:4935: $? = 0
configure:4973: result: yes
configure:4989: checking if gcc static flag -static works
configure:5014: gcc -o conftest -g -O2   -static conftest.c  >&5
configure:5017: $? = 0
configure:5020: test -s conftest
configure:5023: $? = 0
configure:5039: result: yes
configure:5051: checking if gcc supports -c -o file.o
configure:5074: gcc -c -g -O2 -o out/conftest2.o  conftest.c >&5
configure:5095: result: yes
configure:5100: checking if gcc supports -c -o file.lo
configure:5128: gcc -c -g -O2 -c -o conftest.lo  conftest.c >&5
configure:5131: $? = 0
configure:5134: test -s conftest.lo
configure:5137: $? = 0
configure:5159: result: yes
configure:5190: checking if gcc supports -fno-rtti -fno-exceptions
configure:5213: gcc -c -g -O2 -fno-rtti -fno-exceptions -c conftest.c  conftest.c >&5
configure:5216: $? = 0
configure:5219: test -s conftest.o
configure:5222: $? = 0
configure:5239: result: yes
configure:5250: checking whether the linker (/usr/bin/ld) supports shared libraries
configure:5945: result: yes
configure:5950: checking how to hardcode library paths into programs
configure:5974: result: immediate
configure:5979: checking whether stripping libraries is possible
configure:5984: result: yes
configure:5995: checking dynamic linker characteristics
configure:6426: result: GNU/Linux ld.so
configure:6431: checking if libtool supports shared libraries
configure:6433: result: yes
configure:6436: checking whether to build shared libraries
configure:6457: result: yes
configure:6460: checking whether to build static libraries
configure:6464: result: yes
configure:7138: checking whether -lc should be explicitly linked in
configure:7146: gcc -c -g -O2  conftest.c >&5
configure:7149: $? = 0
configure:7163: gcc -shared conftest.o  -v -Wl,-soname -Wl,conftest -o conftest 2\>\&1 \| grep  -lc  \>/dev/null 2\>\&1
configure:7166: $? = 0
configure:7179: result: no
configure:7806: checking for g++
configure:7822: found /usr/bin/g++
configure:7832: result: g++
configure:7848: checking for C++ compiler version
configure:7851: g++ --version </dev/null >&5
g++ (GCC) 3.2.2 20030222 (Red Hat Linux 3.2.2-5)
Copyright (C) 2002 Free Software Foundation, Inc.
This is free software; see the source for copying conditions.  There is NO
warranty; not even for MERCHANTABILITY or FITNESS FOR A PARTICULAR PURPOSE.

configure:7854: $? = 0
configure:7856: g++ -v </dev/null >&5
Reading specs from /usr/lib/gcc-lib/i386-redhat-linux/3.2.2/specs
Configured with: ../configure --prefix=/usr --mandir=/usr/share/man --infodir=/usr/share/info --enable-shared --enable-threads=posix --disable-checking --with-system-zlib --enable-__cxa_atexit --host=i386-redhat-linux
Thread model: posix
gcc version 3.2.2 20030222 (Red Hat Linux 3.2.2-5)
configure:7859: $? = 0
configure:7861: g++ -V </dev/null >&5
g++: argument to `-V' missing

configure:7864: $? = 1
configure:7867: checking whether we are using the GNU C++ compiler
configure:7892: g++ -c   conftest.cc >&5
configure:7895: $? = 0
configure:7898: test -s conftest.o
configure:7901: $? = 0
configure:7914: result: yes
configure:7920: checking whether g++ accepts -g
configure:7942: g++ -c -g  conftest.cc >&5
configure:7945: $? = 0
configure:7948: test -s conftest.o
configure:7951: $? = 0
configure:7962: result: yes
configure:8006: g++ -c -g -O2  conftest.cc >&5
configure:8009: $? = 0
configure:8012: test -s conftest.o
configure:8015: $? = 0
configure:8042: g++ -c -g -O2  conftest.cc >&5
configure: In function `int main()':
configure:8050: `exit' undeclared (first use this function)
configure:8050: (Each undeclared identifier is reported only once for each 
   function it appears in.)
configure:8045: $? = 1
configure: failed program was:
| #line 8025 "configure"
| /* confdefs.h.  */
| 
| #define PACKAGE_NAME ""
| #define PACKAGE_TARNAME ""
| #define PACKAGE_VERSION ""
| #define PACKAGE_STRING ""
| #define PACKAGE_BUGREPORT ""
| #define PACKAGE "faad2"
| #define VERSION "2.0"
| #define STDC_HEADERS 1
| #define HAVE_SYS_TYPES_H 1
| #define HAVE_SYS_STAT_H 1
| #define HAVE_STDLIB_H 1
| #define HAVE_STRING_H 1
| #define HAVE_MEMORY_H 1
| #define HAVE_STRINGS_H 1
| #define HAVE_INTTYPES_H 1
| #define HAVE_STDINT_H 1
| #define HAVE_UNISTD_H 1
| #define HAVE_DLFCN_H 1
| /* end confdefs.h.  */
| 
| int
| main ()
| {
| exit (42);
|   ;
|   return 0;
| }
configure:8006: g++ -c -g -O2  conftest.cc >&5
configure:8009: $? = 0
configure:8012: test -s conftest.o
configure:8015: $? = 0
configure:8042: g++ -c -g -O2  conftest.cc >&5
configure:8045: $? = 0
configure:8048: test -s conftest.o
configure:8051: $? = 0
configure:8076: checking dependency style of g++
configure:8138: result: gcc3
configure:8189: checking for gcc
configure:8215: result: gcc
configure:8459: checking for C compiler version
configure:8462: gcc --version </dev/null >&5
gcc (GCC) 3.2.2 20030222 (Red Hat Linux 3.2.2-5)
Copyright (C) 2002 Free Software Foundation, Inc.
This is free software; see the source for copying conditions.  There is NO
warranty; not even for MERCHANTABILITY or FITNESS FOR A PARTICULAR PURPOSE.

configure:8465: $? = 0
configure:8467: gcc -v </dev/null >&5
Reading specs from /usr/lib/gcc-lib/i386-redhat-linux/3.2.2/specs
Configured with: ../configure --prefix=/usr --mandir=/usr/share/man --infodir=/usr/share/info --enable-shared --enable-threads=posix --disable-checking --with-system-zlib --enable-__cxa_atexit --host=i386-redhat-linux
Thread model: posix
gcc version 3.2.2 20030222 (Red Hat Linux 3.2.2-5)
configure:8470: $? = 0
configure:8472: gcc -V </dev/null >&5
gcc: argument to `-V' is missing
configure:8475: $? = 1
configure:8478: checking whether we are using the GNU C compiler
configure:8525: result: yes
configure:8531: checking whether gcc accepts -g
configure:8573: result: yes
configure:8590: checking for gcc option to accept ANSI C
configure:8678: result: none needed
configure:8696: gcc -c -g -O2  conftest.c >&5
conftest.c:2: parse error before "me"
configure:8699: $? = 1
configure: failed program was:
| #ifndef __cplusplus
|   choke me
| #endif
configure:8810: checking dependency style of gcc
configure:8872: result: gcc3
configure:8882: checking how to run the C preprocessor
configure:9000: result: gcc -E
configure:9025: gcc -E  conftest.c
configure:9031: $? = 0
configure:9063: gcc -E  conftest.c
configure:9078:28: ac_nonexistent.h: No such file or directory
configure:9069: $? = 1
configure: failed program was:
| #line 9054 "configure"
| /* confdefs.h.  */
| 
| #define PACKAGE_NAME ""
| #define PACKAGE_TARNAME ""
| #define PACKAGE_VERSION ""
| #define PACKAGE_STRING ""
| #define PACKAGE_BUGREPORT ""
| #define PACKAGE "faad2"
| #define VERSION "2.0"
| #define STDC_HEADERS 1
| #define HAVE_SYS_TYPES_H 1
| #define HAVE_SYS_STAT_H 1
| #define HAVE_STDLIB_H 1
| #define HAVE_STRING_H 1
| #define HAVE_MEMORY_H 1
| #define HAVE_STRINGS_H 1
| #define HAVE_INTTYPES_H 1
| #define HAVE_STDINT_H 1
| #define HAVE_UNISTD_H 1
| #define HAVE_DLFCN_H 1
| #ifdef __cplusplus
| #include <stdlib.h>
| #endif
| /* end confdefs.h.  */
| #include <ac_nonexistent.h>
configure:9123: checking for a BSD-compatible install
configure:9177: result: /usr/bin/install -c
configure:9188: checking whether ln -s works
configure:9192: result: yes
configure:9199: checking whether make sets $(MAKE)
configure:9219: result: yes
configure:9232: checking for rpmbuild
configure:9248: found /usr/bin/rpmbuild
configure:9258: result: rpmbuild
configure:9304: checking for ANSI C header files
configure:9451: result: yes
configure:9467: checking for stdint.h
configure:9472: result: yes
configure:9467: checking for inttypes.h
configure:9472: result: yes
configure:9618: checking mathf.h usability
configure:9631: gcc -c -g -O2  conftest.c >&5
configure:9681:19: mathf.h: No such file or directory
configure:9634: $? = 1
configure: failed program was:
| #line 9620 "configure"
| /* confdefs.h.  */
| 
| #define PACKAGE_NAME ""
| #define PACKAGE_TARNAME ""
| #define PACKAGE_VERSION ""
| #define PACKAGE_STRING ""
| #define PACKAGE_BUGREPORT ""
| #define PACKAGE "faad2"
| #define VERSION "2.0"
| #define STDC_HEADERS 1
| #define HAVE_SYS_TYPES_H 1
| #define HAVE_SYS_STAT_H 1
| #define HAVE_STDLIB_H 1
| #define HAVE_STRING_H 1
| #define HAVE_MEMORY_H 1
| #define HAVE_STRINGS_H 1
| #define HAVE_INTTYPES_H 1
| #define HAVE_STDINT_H 1
| #define HAVE_UNISTD_H 1
| #define HAVE_DLFCN_H 1
| #ifdef __cplusplus
| #include <stdlib.h>
| #endif
| #define STDC_HEADERS 1
| #define HAVE_STDINT_H 1
| #define HAVE_INTTYPES_H 1
| /* end confdefs.h.  */
| #include <stdio.h>
| #if HAVE_SYS_TYPES_H
| # include <sys/types.h>
| #endif
| #if HAVE_SYS_STAT_H
| # include <sys/stat.h>
| #endif
| #if STDC_HEADERS
| # include <stdlib.h>
| # include <stddef.h>
| #else
| # if HAVE_STDLIB_H
| #  include <stdlib.h>
| # endif
| #endif
| #if HAVE_STRING_H
| # if !STDC_HEADERS && HAVE_MEMORY_H
| #  include <memory.h>
| # endif
| # include <string.h>
| #endif
| #if HAVE_STRINGS_H
| # include <strings.h>
| #endif
| #if HAVE_INTTYPES_H
| # include <inttypes.h>
| #else
| # if HAVE_STDINT_H
| #  include <stdint.h>
| # endif
| #endif
| #if HAVE_UNISTD_H
| # include <unistd.h>
| #endif
| #include <mathf.h>
configure:9650: result: no
configure:9654: checking mathf.h presence
configure:9665: gcc -E  conftest.c
configure:9683:19: mathf.h: No such file or directory
configure:9671: $? = 1
configure: failed program was:
| #line 9656 "configure"
| /* confdefs.h.  */
| 
| #define PACKAGE_NAME ""
| #define PACKAGE_TARNAME ""
| #define PACKAGE_VERSION ""
| #define PACKAGE_STRING ""
| #define PACKAGE_BUGREPORT ""
| #define PACKAGE "faad2"
| #define VERSION "2.0"
| #define STDC_HEADERS 1
| #define HAVE_SYS_TYPES_H 1
| #define HAVE_SYS_STAT_H 1
| #define HAVE_STDLIB_H 1
| #define HAVE_STRING_H 1
| #define HAVE_MEMORY_H 1
| #define HAVE_STRINGS_H 1
| #define HAVE_INTTYPES_H 1
| #define HAVE_STDINT_H 1
| #define HAVE_UNISTD_H 1
| #define HAVE_DLFCN_H 1
| #ifdef __cplusplus
| #include <stdlib.h>
| #endif
| #define STDC_HEADERS 1
| #define HAVE_STDINT_H 1
| #define HAVE_INTTYPES_H 1
| /* end confdefs.h.  */
| #include <mathf.h>
configure:9690: result: no
configure:9726: checking for mathf.h
configure:9733: result: no
configure:9760: checking float.h usability
configure:9773: gcc -c -g -O2  conftest.c >&5
configure:9776: $? = 0
configure:9779: test -s conftest.o
configure:9782: $? = 0
configure:9792: result: yes
configure:9796: checking float.h presence
configure:9807: gcc -E  conftest.c
configure:9813: $? = 0
configure:9832: result: yes
configure:9868: checking for float.h
configure:9875: result: yes
configure:9893: checking for strchr
configure:9943: gcc -o conftest -g -O2   conftest.c  >&5
configure:9942: warning: conflicting types for built-in function `strchr'
configure:9946: $? = 0
configure:9949: test -s conftest
configure:9952: $? = 0
configure:9963: result: yes
configure:9893: checking for memcpy
configure:9943: gcc -o conftest -g -O2   conftest.c  >&5
configure:9943: warning: conflicting types for built-in function `memcpy'
configure:9946: $? = 0
configure:9949: test -s conftest
configure:9952: $? = 0
configure:9963: result: yes
configure:9987: checking sys/time.h usability
configure:10000: gcc -c -g -O2  conftest.c >&5
configure:10003: $? = 0
configure:10006: test -s conftest.o
configure:10009: $? = 0
configure:10019: result: yes
configure:10023: checking sys/time.h presence
configure:10034: gcc -E  conftest.c
configure:10040: $? = 0
configure:10059: result: yes
configure:10095: checking for sys/time.h
configure:10102: result: yes
configure:10115: checking whether time.h and sys/time.h may both be included
configure:10141: gcc -c -g -O2  conftest.c >&5
configure:10144: $? = 0
configure:10147: test -s conftest.o
configure:10150: $? = 0
configure:10161: result: yes
configure:10172: checking for inline
configure:10194: gcc -c -g -O2  conftest.c >&5
configure:10197: $? = 0
configure:10200: test -s conftest.o
configure:10203: $? = 0
configure:10215: result: inline
configure:10230: checking whether byte ordering is bigendian
configure:10258: gcc -c -g -O2  conftest.c >&5
configure:10261: $? = 0
configure:10264: test -s conftest.o
configure:10267: $? = 0
configure:10292: gcc -c -g -O2  conftest.c >&5
configure: In function `main':
configure:10309: `not' undeclared (first use in this function)
configure:10309: (Each undeclared identifier is reported only once
configure:10309: for each function it appears in.)
configure:10309: parse error before "big"
configure:10295: $? = 1
configure: failed program was:
| #line 10270 "configure"
| /* confdefs.h.  */
| 
| #define PACKAGE_NAME ""
| #define PACKAGE_TARNAME ""
| #define PACKAGE_VERSION ""
| #define PACKAGE_STRING ""
| #define PACKAGE_BUGREPORT ""
| #define PACKAGE "faad2"
| #define VERSION "2.0"
| #define STDC_HEADERS 1
| #define HAVE_SYS_TYPES_H 1
| #define HAVE_SYS_STAT_H 1
| #define HAVE_STDLIB_H 1
| #define HAVE_STRING_H 1
| #define HAVE_MEMORY_H 1
| #define HAVE_STRINGS_H 1
| #define HAVE_INTTYPES_H 1
| #define HAVE_STDINT_H 1
| #define HAVE_UNISTD_H 1
| #define HAVE_DLFCN_H 1
| #ifdef __cplusplus
| #include <stdlib.h>
| #endif
| #define STDC_HEADERS 1
| #define HAVE_STDINT_H 1
| #define HAVE_INTTYPES_H 1
| #define HAVE_FLOAT_H 1
| #define HAVE_STRCHR 1
| #define HAVE_MEMCPY 1
| #define HAVE_SYS_TIME_H 1
| #define TIME_WITH_SYS_TIME 1
| /* end confdefs.h.  */
| #include <sys/types.h>
| #include <sys/param.h>
| 
| int
| main ()
| {
| #if BYTE_ORDER != BIG_ENDIAN
|  not big endian
| #endif
| 
|   ;
|   return 0;
| }
configure:10415: result: no
configure:10435: checking for off_t
configure:10460: gcc -c -g -O2  conftest.c >&5
configure:10463: $? = 0
configure:10466: test -s conftest.o
configure:10469: $? = 0
configure:10480: result: yes
configure:10497: checking for float32_t temp
configure:10517: gcc -c -g -O2  conftest.c >&5
configure:10531:23: warning: extra tokens at end of #include directive
configure:10532:31: sys/float.h: No such file or directory
configure: In function `main':
configure:10536: `float32_t' undeclared (first use in this function)
configure:10536: (Each undeclared identifier is reported only once
configure:10536: for each function it appears in.)
configure:10536: parse error before "temp"
configure:10520: $? = 1
configure: failed program was:
| #line 10499 "configure"
| /* confdefs.h.  */
| 
| #define PACKAGE_NAME ""
| #define PACKAGE_TARNAME ""
| #define PACKAGE_VERSION ""
| #define PACKAGE_STRING ""
| #define PACKAGE_BUGREPORT ""
| #define PACKAGE "faad2"
| #define VERSION "2.0"
| #define STDC_HEADERS 1
| #define HAVE_SYS_TYPES_H 1
| #define HAVE_SYS_STAT_H 1
| #define HAVE_STDLIB_H 1
| #define HAVE_STRING_H 1
| #define HAVE_MEMORY_H 1
| #define HAVE_STRINGS_H 1
| #define HAVE_INTTYPES_H 1
| #define HAVE_STDINT_H 1
| #define HAVE_UNISTD_H 1
| #define HAVE_DLFCN_H 1
| #ifdef __cplusplus
| #include <stdlib.h>
| #endif
| #define STDC_HEADERS 1
| #define HAVE_STDINT_H 1
| #define HAVE_INTTYPES_H 1
| #define HAVE_FLOAT_H 1
| #define HAVE_STRCHR 1
| #define HAVE_MEMCPY 1
| #define HAVE_SYS_TIME_H 1
| #define TIME_WITH_SYS_TIME 1
| /* end confdefs.h.  */
| #include <sys/types.h>,
|         #include <sys/float.h>
| int
| main ()
| {
| float32_t temp;
|   ;
|   return 0;
| }
configure:10545: result: no
configure:10554: checking for strsep
configure:10604: gcc -o conftest -g -O2   conftest.c  >&5
configure:10607: $? = 0
configure:10610: test -s conftest
configure:10613: $? = 0
configure:10624: result: yes
configure:10636: checking for in_port_t temp
configure:10656: gcc -c -g -O2  conftest.c >&5
configure:10659: $? = 0
configure:10662: test -s conftest.o
configure:10665: $? = 0
configure:10681: result: yes
configure:10689: checking for socklen_t temp
configure:10709: gcc -c -g -O2  conftest.c >&5
configure:10712: $? = 0
configure:10715: test -s conftest.o
configure:10718: $? = 0
configure:10734: result: yes
configure:10742: checking for fpos_t foo; foo.__pos = 0;
configure:10761: gcc -c -g -O2  conftest.c >&5
configure:10764: $? = 0
configure:10767: test -s conftest.o
configure:10770: $? = 0
configure:10786: result: yes
configure:10797: checking for MP4Create in -lmp4v2
configure:10828: gcc -o conftest -g -O2   conftest.c -lmp4v2 -lstdc++  >&5
/usr/bin/ld: cannot find -lmp4v2
collect2: ld returned 1 exit status
configure:10831: $? = 1
configure: failed program was:
| #line 10804 "configure"
| /* confdefs.h.  */
| 
| #define PACKAGE_NAME ""
| #define PACKAGE_TARNAME ""
| #define PACKAGE_VERSION ""
| #define PACKAGE_STRING ""
| #define PACKAGE_BUGREPORT ""
| #define PACKAGE "faad2"
| #define VERSION "2.0"
| #define STDC_HEADERS 1
| #define HAVE_SYS_TYPES_H 1
| #define HAVE_SYS_STAT_H 1
| #define HAVE_STDLIB_H 1
| #define HAVE_STRING_H 1
| #define HAVE_MEMORY_H 1
| #define HAVE_STRINGS_H 1
| #define HAVE_INTTYPES_H 1
| #define HAVE_STDINT_H 1
| #define HAVE_UNISTD_H 1
| #define HAVE_DLFCN_H 1
| #ifdef __cplusplus
| #include <stdlib.h>
| #endif
| #define STDC_HEADERS 1
| #define HAVE_STDINT_H 1
| #define HAVE_INTTYPES_H 1
| #define HAVE_FLOAT_H 1
| #define HAVE_STRCHR 1
| #define HAVE_MEMCPY 1
| #define HAVE_SYS_TIME_H 1
| #define TIME_WITH_SYS_TIME 1
| #define HAVE_STRSEP 1
| #define HAVE_IN_PORT_T 1
| #define HAVE_SOCKLEN_T 1
| #define HAVE_FPOS_T_POS 1
| /* end confdefs.h.  */
| 
| /* Override any gcc2 internal prototype to avoid an error.  */
| #ifdef __cplusplus
| extern "C"
| #endif
| /* We use char because int might match the return type of a gcc2
|    builtin and then its argument prototype would still apply.  */
| char MP4Create ();
| int
| main ()
| {
| MP4Create ();
|   ;
|   return 0;
| }
configure:10849: result: no
configure:10863: checking for MP4MetadataDelete in -lmp4v2
configure:10894: gcc -o conftest -g -O2   conftest.c -lmp4v2 -lstdc++  >&5
/usr/bin/ld: cannot find -lmp4v2
collect2: ld returned 1 exit status
configure:10897: $? = 1
configure: failed program was:
| #line 10870 "configure"
| /* confdefs.h.  */
| 
| #define PACKAGE_NAME ""
| #define PACKAGE_TARNAME ""
| #define PACKAGE_VERSION ""
| #define PACKAGE_STRING ""
| #define PACKAGE_BUGREPORT ""
| #define PACKAGE "faad2"
| #define VERSION "2.0"
| #define STDC_HEADERS 1
| #define HAVE_SYS_TYPES_H 1
| #define HAVE_SYS_STAT_H 1
| #define HAVE_STDLIB_H 1
| #define HAVE_STRING_H 1
| #define HAVE_MEMORY_H 1
| #define HAVE_STRINGS_H 1
| #define HAVE_INTTYPES_H 1
| #define HAVE_STDINT_H 1
| #define HAVE_UNISTD_H 1
| #define HAVE_DLFCN_H 1
| #ifdef __cplusplus
| #include <stdlib.h>
| #endif
| #define STDC_HEADERS 1
| #define HAVE_STDINT_H 1
| #define HAVE_INTTYPES_H 1
| #define HAVE_FLOAT_H 1
| #define HAVE_STRCHR 1
| #define HAVE_MEMCPY 1
| #define HAVE_SYS_TIME_H 1
| #define TIME_WITH_SYS_TIME 1
| #define HAVE_STRSEP 1
| #define HAVE_IN_PORT_T 1
| #define HAVE_SOCKLEN_T 1
| #define HAVE_FPOS_T_POS 1
| /* end confdefs.h.  */
| 
| /* Override any gcc2 internal prototype to avoid an error.  */
| #ifdef __cplusplus
| extern "C"
| #endif
| /* We use char because int might match the return type of a gcc2
|    builtin and then its argument prototype would still apply.  */
| char MP4MetadataDelete ();
| int
| main ()
| {
| MP4MetadataDelete ();
|   ;
|   return 0;
| }
configure:10915: result: no
configure:10938: checking mp4.h usability
configure:10951: gcc -c -g -O2  conftest.c >&5
configure:11010:17: mp4.h: No such file or directory
configure:10954: $? = 1
configure: failed program was:
| #line 10940 "configure"
| /* confdefs.h.  */
| 
| #define PACKAGE_NAME ""
| #define PACKAGE_TARNAME ""
| #define PACKAGE_VERSION ""
| #define PACKAGE_STRING ""
| #define PACKAGE_BUGREPORT ""
| #define PACKAGE "faad2"
| #define VERSION "2.0"
| #define STDC_HEADERS 1
| #define HAVE_SYS_TYPES_H 1
| #define HAVE_SYS_STAT_H 1
| #define HAVE_STDLIB_H 1
| #define HAVE_STRING_H 1
| #define HAVE_MEMORY_H 1
| #define HAVE_STRINGS_H 1
| #define HAVE_INTTYPES_H 1
| #define HAVE_STDINT_H 1
| #define HAVE_UNISTD_H 1
| #define HAVE_DLFCN_H 1
| #ifdef __cplusplus
| #include <stdlib.h>
| #endif
| #define STDC_HEADERS 1
| #define HAVE_STDINT_H 1
| #define HAVE_INTTYPES_H 1
| #define HAVE_FLOAT_H 1
| #define HAVE_STRCHR 1
| #define HAVE_MEMCPY 1
| #define HAVE_SYS_TIME_H 1
| #define TIME_WITH_SYS_TIME 1
| #define HAVE_STRSEP 1
| #define HAVE_IN_PORT_T 1
| #define HAVE_SOCKLEN_T 1
| #define HAVE_FPOS_T_POS 1
| /* end confdefs.h.  */
| #include <stdio.h>
| #if HAVE_SYS_TYPES_H
| # include <sys/types.h>
| #endif
| #if HAVE_SYS_STAT_H
| # include <sys/stat.h>
| #endif
| #if STDC_HEADERS
| # include <stdlib.h>
| # include <stddef.h>
| #else
| # if HAVE_STDLIB_H
| #  include <stdlib.h>
| # endif
| #endif
| #if HAVE_STRING_H
| # if !STDC_HEADERS && HAVE_MEMORY_H
| #  include <memory.h>
| # endif
| # include <string.h>
| #endif
| #if HAVE_STRINGS_H
| # include <strings.h>
| #endif
| #if HAVE_INTTYPES_H
| # include <inttypes.h>
| #else
| # if HAVE_STDINT_H
| #  include <stdint.h>
| # endif
| #endif
| #if HAVE_UNISTD_H
| # include <unistd.h>
| #endif
| #include <mp4.h>
configure:10970: result: no
configure:10974: checking mp4.h presence
configure:10985: gcc -E  conftest.c
configure:11012:17: mp4.h: No such file or directory
configure:10991: $? = 1
configure: failed program was:
| #line 10976 "configure"
| /* confdefs.h.  */
| 
| #define PACKAGE_NAME ""
| #define PACKAGE_TARNAME ""
| #define PACKAGE_VERSION ""
| #define PACKAGE_STRING ""
| #define PACKAGE_BUGREPORT ""
| #define PACKAGE "faad2"
| #define VERSION "2.0"
| #define STDC_HEADERS 1
| #define HAVE_SYS_TYPES_H 1
| #define HAVE_SYS_STAT_H 1
| #define HAVE_STDLIB_H 1
| #define HAVE_STRING_H 1
| #define HAVE_MEMORY_H 1
| #define HAVE_STRINGS_H 1
| #define HAVE_INTTYPES_H 1
| #define HAVE_STDINT_H 1
| #define HAVE_UNISTD_H 1
| #define HAVE_DLFCN_H 1
| #ifdef __cplusplus
| #include <stdlib.h>
| #endif
| #define STDC_HEADERS 1
| #define HAVE_STDINT_H 1
| #define HAVE_INTTYPES_H 1
| #define HAVE_FLOAT_H 1
| #define HAVE_STRCHR 1
| #define HAVE_MEMCPY 1
| #define HAVE_SYS_TIME_H 1
| #define TIME_WITH_SYS_TIME 1
| #define HAVE_STRSEP 1
| #define HAVE_IN_PORT_T 1
| #define HAVE_SOCKLEN_T 1
| #define HAVE_FPOS_T_POS 1
| /* end confdefs.h.  */
| #include <mp4.h>
configure:11010: result: no
configure:11046: checking for mp4.h
configure:11053: result: no
configure:11092: *** Building with internal mp4v2 ***
configure:11513: no xmms build configured
configure:11697: creating ./config.status

## ---------------------- ##
## Running config.status. ##
## ---------------------- ##

This file was extended by config.status, which was
generated by GNU Autoconf 2.57.  Invocation command line was

  CONFIG_FILES    = 
  CONFIG_HEADERS  = 
  CONFIG_LINKS    = 
  CONFIG_COMMANDS = 
  $ ./config.status 

on shivaram

config.status:686: creating libfaad/Makefile
config.status:686: creating frontend/Makefile
config.status:686: creating common/Makefile
config.status:686: creating plugins/Makefile
config.status:686: creating Makefile
config.status:686: creating plugins/mpeg4ip/Makefile
config.status:686: creating common/mp4ff/Makefile
config.status:686: creating common/mp4v2/Makefile
config.status:686: creating faad2.spec
config.status:790: creating config.h
config.status:1027: executing depfiles commands

## ---------------- ##
## Cache variables. ##
## ---------------- ##

ac_cv_build=i686-pc-linux-gnu
ac_cv_build_alias=i686-pc-linux-gnu
ac_cv_c_bigendian=no
ac_cv_c_compiler_gnu=yes
ac_cv_c_inline=inline
ac_cv_cxx_compiler_gnu=yes
ac_cv_env_CC_set=
ac_cv_env_CC_value=
ac_cv_env_CFLAGS_set=
ac_cv_env_CFLAGS_value=
ac_cv_env_CPPFLAGS_set=
ac_cv_env_CPPFLAGS_value=
ac_cv_env_CPP_set=
ac_cv_env_CPP_value=
ac_cv_env_CXXFLAGS_set=
ac_cv_env_CXXFLAGS_value=
ac_cv_env_CXX_set=
ac_cv_env_CXX_value=
ac_cv_env_LDFLAGS_set=
ac_cv_env_LDFLAGS_value=
ac_cv_env_build_alias_set=
ac_cv_env_build_alias_value=
ac_cv_env_host_alias_set=
ac_cv_env_host_alias_value=
ac_cv_env_target_alias_set=
ac_cv_env_target_alias_value=
ac_cv_exeext=
ac_cv_func_memcpy=yes
ac_cv_func_strchr=yes
ac_cv_func_strsep=yes
ac_cv_header_dlfcn_h=yes
ac_cv_header_float_h=yes
ac_cv_header_inttypes_h=yes
ac_cv_header_mathf_h=no
ac_cv_header_memory_h=yes
ac_cv_header_mp4_h=no
ac_cv_header_stdc=yes
ac_cv_header_stdint_h=yes
ac_cv_header_stdlib_h=yes
ac_cv_header_string_h=yes
ac_cv_header_strings_h=yes
ac_cv_header_sys_stat_h=yes
ac_cv_header_sys_time_h=yes
ac_cv_header_sys_types_h=yes
ac_cv_header_time=yes
ac_cv_header_unistd_h=yes
ac_cv_host=i686-pc-linux-gnu
ac_cv_host_alias=i686-pc-linux-gnu
ac_cv_lib_mp4v2_MP4Create=no
ac_cv_lib_mp4v2_MP4MetadataDelete=no
ac_cv_objext=o
ac_cv_path_install='/usr/bin/install -c'
ac_cv_prog_AWK=gawk
ac_cv_prog_CPP='gcc -E'
ac_cv_prog_RPMBUILD=rpmbuild
ac_cv_prog_ac_ct_CC=gcc
ac_cv_prog_ac_ct_CXX=g++
ac_cv_prog_ac_ct_RANLIB=ranlib
ac_cv_prog_ac_ct_STRIP=strip
ac_cv_prog_cc_g=yes
ac_cv_prog_cc_stdc=
ac_cv_prog_cxx_g=yes
ac_cv_prog_egrep='grep -E'
ac_cv_prog_make_make_set=yes
ac_cv_type_off_t=yes
am_cv_CC_dependencies_compiler_type=gcc3
am_cv_CXX_dependencies_compiler_type=gcc3
lt_cv_archive_cmds_need_lc=no
lt_cv_compiler_c_o=yes
lt_cv_compiler_o_lo=yes
lt_cv_deplibs_check_method=pass_all
lt_cv_file_magic_cmd='$MAGIC_CMD'
lt_cv_file_magic_test_file='/lib/libc.so.6 /lib/libc-2.3.2.so'
lt_cv_global_symbol_to_c_name_address='sed -n -e '\''s/^: \([^ ]*\) $/  {\"\1\", (lt_ptr) 0},/p'\'' -e '\''s/^[BCDEGRST] \([^ ]*\) \([^ ]*\)$/  {"\2", (lt_ptr) \&\2},/p'\'''
lt_cv_global_symbol_to_cdecl='sed -n -e '\''s/^. .* \(.*\)$/extern char \1;/p'\'''
lt_cv_ld_reload_flag=-r
lt_cv_path_LD=/usr/bin/ld
lt_cv_path_NM='/usr/bin/nm -B'
lt_cv_path_SED=/bin/sed
lt_cv_prog_cc_can_build_shared=yes
lt_cv_prog_cc_no_builtin=
lt_cv_prog_cc_pic=' -fPIC'
lt_cv_prog_cc_pic_works=yes
lt_cv_prog_cc_shlib=
lt_cv_prog_cc_static=-static
lt_cv_prog_cc_static_works=yes
lt_cv_prog_cc_wl=-Wl,
lt_cv_prog_gnu_ld=yes
lt_cv_sys_global_symbol_pipe='sed -n -e '\''s/^.*[ 	]\([ABCDGISTW][ABCDGISTW]*\)[ 	][ 	]*\(\)\([_A-Za-z][_A-Za-z0-9]*\)$/\1 \2\3 \3/p'\'''

## ----------------- ##
## Output variables. ##
## ----------------- ##

ACLOCAL='${SHELL} /home/shivaram/sound/src/faad2/missing --run aclocal-1.6'
AMDEPBACKSLASH='\'
AMDEP_FALSE='#'
AMDEP_TRUE=''
AMTAR='${SHELL} /home/shivaram/sound/src/faad2/missing --run tar'
AUTOCONF='${SHELL} /home/shivaram/sound/src/faad2/missing --run autoconf'
AUTOHEADER='${SHELL} /home/shivaram/sound/src/faad2/missing --run autoheader'
AUTOMAKE='${SHELL} /home/shivaram/sound/src/faad2/missing --run automake-1.6'
AWK='gawk'
CC='gcc'
CCDEPMODE='depmode=gcc3'
CFLAGS='-g -O2'
CPP='gcc -E'
CPPFLAGS=''
CXX='g++'
CXXDEPMODE='depmode=gcc3'
CXXFLAGS='-g -O2'
DEFS='-DHAVE_CONFIG_H'
DEPDIR='.deps'
ECHO='echo'
ECHO_C=''
ECHO_N='-n'
ECHO_T=''
EGREP='grep -E'
EXEEXT=''
GTK_CONFIG=''
HAVE_MPEG4IP_FALSE=''
HAVE_MPEG4IP_TRUE='#'
HAVE_XMMS_FALSE=''
HAVE_XMMS_TRUE='#'
INSTALL_DATA='${INSTALL} -m 644'
INSTALL_PROGRAM='${INSTALL}'
INSTALL_SCRIPT='${INSTALL}'
INSTALL_STRIP_PROGRAM='${SHELL} $(install_sh) -c -s'
LDFLAGS=''
LIBOBJS=''
LIBS=''
LIBTOOL='$(SHELL) $(top_builddir)/libtool'
LIBTOOL_DEPS='./ltmain.sh'
LN_S='ln -s'
LTLIBOBJS=''
MAKEINFO='${SHELL} /home/shivaram/sound/src/faad2/missing --run makeinfo'
MPEG4IP_PLAYER_PLUGIN_DIR=''
OBJEXT='o'
PACKAGE='faad2'
PACKAGE_BUGREPORT=''
PACKAGE_NAME=''
PACKAGE_STRING=''
PACKAGE_TARNAME=''
PACKAGE_VERSION=''
PATH_SEPARATOR=':'
RANLIB='ranlib'
RPMBUILD='rpmbuild'
SET_MAKE=''
SHELL='/bin/sh'
STRIP='strip'
VERSION='2.0'
WITH_MP4V2_FALSE=''
WITH_MP4V2_TRUE='#'
XMMS_CONFIG=''
ac_ct_CC='gcc'
ac_ct_CXX='g++'
ac_ct_RANLIB='ranlib'
ac_ct_STRIP='strip'
am__include='include'
am__quote=''
bindir='${exec_prefix}/bin'
build='i686-pc-linux-gnu'
build_alias=''
build_cpu='i686'
build_os='linux-gnu'
build_vendor='pc'
datadir='${prefix}/share'
exec_prefix='${prefix}'
host='i686-pc-linux-gnu'
host_alias=''
host_cpu='i686'
host_os='linux-gnu'
host_vendor='pc'
includedir='${prefix}/include'
infodir='${prefix}/info'
install_sh='/home/shivaram/sound/src/faad2/install-sh'
libdir='${exec_prefix}/lib'
libexecdir='${exec_prefix}/libexec'
localstatedir='${prefix}/var'
mandir='${prefix}/man'
oldincludedir='/usr/include'
prefix='/usr/local'
program_transform_name='s,x,x,'
sbindir='${exec_prefix}/sbin'
sharedstatedir='${prefix}/com'
sysconfdir='${prefix}/etc'
target_alias=''

## ----------- ##
## confdefs.h. ##
## ----------- ##

#define HAVE_DLFCN_H 1
#define HAVE_FLOAT_H 1
#define HAVE_FPOS_T_POS 1
#define HAVE_INTTYPES_H 1
#define HAVE_INTTYPES_H 1
#define HAVE_IN_PORT_T 1
#define HAVE_MEMCPY 1
#define HAVE_MEMORY_H 1
#define HAVE_SOCKLEN_T 1
#define HAVE_STDINT_H 1
#define HAVE_STDINT_H 1
#define HAVE_STDLIB_H 1
#define HAVE_STRCHR 1
#define HAVE_STRINGS_H 1
#define HAVE_STRING_H 1
#define HAVE_STRSEP 1
#define HAVE_SYS_STAT_H 1
#define HAVE_SYS_TIME_H 1
#define HAVE_SYS_TYPES_H 1
#define HAVE_UNISTD_H 1
#define PACKAGE "faad2"
#define PACKAGE_BUGREPORT ""
#define PACKAGE_NAME ""
#define PACKAGE_STRING ""
#define PACKAGE_TARNAME ""
#define PACKAGE_VERSION ""
#define STDC_HEADERS 1
#define STDC_HEADERS 1
#define TIME_WITH_SYS_TIME 1
#define VERSION "2.0"
#endif
#ifdef __cplusplus
#include <stdlib.h>

configure: exit 0
