This file contains any messages produced by compilers while
running configure, to aid debugging if configure makes a mistake.

It was created by configure, which was
generated by GNU Autoconf 2.59.  Invocation command line was

  $ ./configure --host=bfin-linux

## --------- ##
## Platform. ##
## --------- ##

hostname = linux
uname -m = i686
uname -r = 2.6.11.4-21.9-smp
uname -s = Linux
uname -v = #1 SMP Fri Aug 19 11:58:59 UTC 2005

/usr/bin/uname -p = unknown
/bin/uname -X     = unknown

/bin/arch              = i686
/usr/bin/arch -k       = unknown
/usr/convex/getsysinfo = unknown
hostinfo               = unknown
/bin/machine           = unknown
/usr/bin/oslevel       = unknown
/bin/universe          = unknown

PATH: /opt/uClinux/bfin-uclinux/bin/
PATH: /opt/uClinux/bfin-uclinux/bin/
PATH: /opt/uClinux/bfin-uclinux/bin/
PATH: /usr/local/bin
PATH: /usr/bin
PATH: /usr/X11R6/bin
PATH: /bin
PATH: /usr/games
PATH: /opt/gnome/bin
PATH: /opt/kde3/bin
PATH: /opt/cdk4nios/bin


## ----------- ##
## Core tests. ##
## ----------- ##

configure:1353: checking for a BSD-compatible install
configure:1408: result: /usr/bin/install -c
configure:1419: checking whether build environment is sane
configure:1462: result: yes
configure:1527: checking for gawk
configure:1543: found /usr/bin/gawk
configure:1553: result: gawk
configure:1563: checking whether make sets $(MAKE)
configure:1583: result: yes
configure:1650: checking for bfin-linux-strip
configure:1679: result: no
configure:1688: checking for strip
configure:1704: found /usr/bin/strip
configure:1715: result: strip
configure:1836: checking for bfin-linux-gcc
configure:1862: result: bfin-uclinux-gcc
configure:2144: checking for C compiler version
configure:2147: bfin-uclinux-gcc --version </dev/null >&5
bfin-uclinux-gcc (GCC) 3.4.4
Copyright (C) 2004 Free Software Foundation, Inc.
This is free software; see the source for copying conditions.  There is NO
warranty; not even for MERCHANTABILITY or FITNESS FOR A PARTICULAR PURPOSE.

configure:2150: $? = 0
configure:2152: bfin-uclinux-gcc -v </dev/null >&5
Reading specs from /home/ksh/new_toolchain-uclinux/lib/gcc/bfin-uclinux/3.4.4/specs
Configured with: /home/ksh/cvs/toolschain/binutils/binutils-2.15/configure --enable-threads=posix --target=bfin-uclinux --prefix=/home/ksh/new_toolchain-uclinux --disable-libstdcxx-pch
Thread model: posix
gcc version 3.4.4
configure:2155: $? = 0
configure:2157: bfin-uclinux-gcc -V </dev/null >&5
bfin-uclinux-gcc: `-V' option must have argument
configure:2160: $? = 1
configure:2183: checking for C compiler default output file name
configure:2186: bfin-uclinux-gcc -I../../../lib/gmp   conftest.c  >&5
configure:2189: $? = 0
configure:2235: result: a.out
configure:2240: checking whether the C compiler works
configure:2246: ./a.out
./configure: line 2247: ./a.out: cannot execute binary file
configure:2249: $? = 126
configure:2266: result: yes
configure:2273: checking whether we are cross compiling
configure:2275: result: yes
configure:2278: checking for suffix of executables
configure:2280: bfin-uclinux-gcc -o conftest -I../../../lib/gmp   conftest.c  >&5
configure:2283: $? = 0
configure:2308: result: 
configure:2314: checking for suffix of object files
configure:2335: bfin-uclinux-gcc -c -I../../../lib/gmp  conftest.c >&5
configure:2338: $? = 0
configure:2360: result: o
configure:2364: checking whether we are using the GNU C compiler
configure:2388: bfin-uclinux-gcc -c -I../../../lib/gmp  conftest.c >&5
configure:2394: $? = 0
configure:2398: test -z 
			 || test ! -s conftest.err
configure:2401: $? = 0
configure:2404: test -s conftest.o
configure:2407: $? = 0
configure:2420: result: yes
configure:2426: checking whether bfin-uclinux-gcc accepts -g
configure:2447: bfin-uclinux-gcc -c -g  conftest.c >&5
configure:2453: $? = 0
configure:2457: test -z 
			 || test ! -s conftest.err
configure:2460: $? = 0
configure:2463: test -s conftest.o
configure:2466: $? = 0
configure:2477: result: yes
configure:2494: checking for bfin-uclinux-gcc option to accept ANSI C
configure:2564: bfin-uclinux-gcc  -c -I../../../lib/gmp  conftest.c >&5
configure:2570: $? = 0
configure:2574: test -z 
			 || test ! -s conftest.err
configure:2577: $? = 0
configure:2580: test -s conftest.o
configure:2583: $? = 0
configure:2601: result: none needed
configure:2619: bfin-uclinux-gcc -c -I../../../lib/gmp  conftest.c >&5
conftest.c:2: error: parse error before "me"
configure:2625: $? = 1
configure: failed program was:
| #ifndef __cplusplus
|   choke me
| #endif
configure:2769: checking for style of include used by make
configure:2797: result: GNU
configure:2825: checking dependency style of bfin-uclinux-gcc
configure:2915: result: gcc3
configure:2935: checking for bfin-linux-ranlib
configure:2964: result: no
configure:2973: checking for ranlib
configure:2989: found /usr/bin/ranlib
configure:3000: result: ranlib
configure:3018: checking build system type
configure:3036: result: i686-pc-linux-gnu
configure:3044: checking host system type
configure:3058: result: bfin-unknown-linux-gnu
configure:3067: checking OS type
configure:3076: result: Linux
configure:3081: checking Mach type
configure:3090: result: i686
configure:3095: checking for ICC
configure:3118: bfin-uclinux-gcc -c -I../../../lib/gmp  conftest.c >&5
conftest.c:11:3: #error "ICC Not Found"
configure:3124: $? = 1
configure: failed program was:
| /* confdefs.h.  */
| 
| #define PACKAGE_NAME ""
| #define PACKAGE_TARNAME ""
| #define PACKAGE_VERSION ""
| #define PACKAGE_STRING ""
| #define PACKAGE_BUGREPORT ""
| /* end confdefs.h.  */
| 
| #if !defined(__ICC)
| # error "ICC Not Found"
| #endif
| 
| int
| main ()
| {
| 
|   ;
|   return 0;
| }
configure:3148: result: no
configure:3178: checking for an ANSI C-conforming const
configure:3245: bfin-uclinux-gcc -c -I../../../lib/gmp  conftest.c >&5
configure:3251: $? = 0
configure:3255: test -z 
			 || test ! -s conftest.err
configure:3258: $? = 0
configure:3261: test -s conftest.o
configure:3264: $? = 0
configure:3275: result: yes
configure:3285: checking for working volatile
configure:3308: bfin-uclinux-gcc -c -I../../../lib/gmp  conftest.c >&5
configure:3314: $? = 0
configure:3318: test -z 
			 || test ! -s conftest.err
configure:3321: $? = 0
configure:3324: test -s conftest.o
configure:3327: $? = 0
configure:3338: result: yes
configure:3684: checking for main in -lm
configure:3708: bfin-uclinux-gcc -o conftest -I../../../lib/gmp   conftest.c -lm   >&5
configure:3714: $? = 0
configure:3718: test -z 
			 || test ! -s conftest.err
configure:3721: $? = 0
configure:3724: test -s conftest
configure:3727: $? = 0
configure:3740: result: yes
configure:3749: checking whether time.h and sys/time.h may both be included
configure:3774: bfin-uclinux-gcc -c -I../../../lib/gmp  conftest.c >&5
In file included from conftest.c:11:
/home/ksh/new_toolchain-uclinux/lib/gcc/bfin-uclinux/3.4.4/../../../../bfin-uclinux/include/time.h:290:2: warning: #warning "mjn3 FIXME: __tzname, __daylight, and __timezone have a prototype but are not defined."
/home/ksh/new_toolchain-uclinux/lib/gcc/bfin-uclinux/3.4.4/../../../../bfin-uclinux/include/time.h:352:2: warning: #warning "mjn3 FIXME: a bunch of unimplemented function prototypes."
/home/ksh/new_toolchain-uclinux/lib/gcc/bfin-uclinux/3.4.4/../../../../bfin-uclinux/include/time.h:397:2: warning: #warning "mjn3 FIXME: a bunch of unimplemented function prototypes."
configure:3780: $? = 0
configure:3784: test -z 
			 || test ! -s conftest.err
configure:3787: $? = 0
configure:3790: test -s conftest.o
configure:3793: $? = 0
configure:3804: result: yes
configure:3819: checking how to run the C preprocessor
configure:3854: bfin-uclinux-gcc -E  conftest.c
configure:3860: $? = 0
configure:3892: bfin-uclinux-gcc -E  conftest.c
conftest.c:10:28: ac_nonexistent.h: No such file or directory
configure:3898: $? = 1
configure: failed program was:
| /* confdefs.h.  */
| 
| #define PACKAGE_NAME ""
| #define PACKAGE_TARNAME ""
| #define PACKAGE_VERSION ""
| #define PACKAGE_STRING ""
| #define PACKAGE_BUGREPORT ""
| #define TIME_WITH_SYS_TIME 1
| /* end confdefs.h.  */
| #include <ac_nonexistent.h>
configure:3937: result: bfin-uclinux-gcc -E
configure:3961: bfin-uclinux-gcc -E  conftest.c
configure:3967: $? = 0
configure:3999: bfin-uclinux-gcc -E  conftest.c
conftest.c:10:28: ac_nonexistent.h: No such file or directory
configure:4005: $? = 1
configure: failed program was:
| /* confdefs.h.  */
| 
| #define PACKAGE_NAME ""
| #define PACKAGE_TARNAME ""
| #define PACKAGE_VERSION ""
| #define PACKAGE_STRING ""
| #define PACKAGE_BUGREPORT ""
| #define TIME_WITH_SYS_TIME 1
| /* end confdefs.h.  */
| #include <ac_nonexistent.h>
configure:4049: checking for egrep
configure:4059: result: grep -E
configure:4064: checking for ANSI C header files
configure:4089: bfin-uclinux-gcc -c -I../../../lib/gmp  conftest.c >&5
configure:4095: $? = 0
configure:4099: test -z 
			 || test ! -s conftest.err
configure:4102: $? = 0
configure:4105: test -s conftest.o
configure:4108: $? = 0
configure:4220: result: yes
configure:4244: checking for sys/types.h
configure:4260: bfin-uclinux-gcc -c -I../../../lib/gmp  conftest.c >&5
configure:4266: $? = 0
configure:4270: test -z 
			 || test ! -s conftest.err
configure:4273: $? = 0
configure:4276: test -s conftest.o
configure:4279: $? = 0
configure:4290: result: yes
configure:4244: checking for sys/stat.h
configure:4260: bfin-uclinux-gcc -c -I../../../lib/gmp  conftest.c >&5
configure:4266: $? = 0
configure:4270: test -z 
			 || test ! -s conftest.err
configure:4273: $? = 0
configure:4276: test -s conftest.o
configure:4279: $? = 0
configure:4290: result: yes
configure:4244: checking for stdlib.h
configure:4260: bfin-uclinux-gcc -c -I../../../lib/gmp  conftest.c >&5
configure:4266: $? = 0
configure:4270: test -z 
			 || test ! -s conftest.err
configure:4273: $? = 0
configure:4276: test -s conftest.o
configure:4279: $? = 0
configure:4290: result: yes
configure:4244: checking for string.h
configure:4260: bfin-uclinux-gcc -c -I../../../lib/gmp  conftest.c >&5
configure:4266: $? = 0
configure:4270: test -z 
			 || test ! -s conftest.err
configure:4273: $? = 0
configure:4276: test -s conftest.o
configure:4279: $? = 0
configure:4290: result: yes
configure:4244: checking for memory.h
configure:4260: bfin-uclinux-gcc -c -I../../../lib/gmp  conftest.c >&5
configure:4266: $? = 0
configure:4270: test -z 
			 || test ! -s conftest.err
configure:4273: $? = 0
configure:4276: test -s conftest.o
configure:4279: $? = 0
configure:4290: result: yes
configure:4244: checking for strings.h
configure:4260: bfin-uclinux-gcc -c -I../../../lib/gmp  conftest.c >&5
configure:4266: $? = 0
configure:4270: test -z 
			 || test ! -s conftest.err
configure:4273: $? = 0
configure:4276: test -s conftest.o
configure:4279: $? = 0
configure:4290: result: yes
configure:4244: checking for inttypes.h
configure:4260: bfin-uclinux-gcc -c -I../../../lib/gmp  conftest.c >&5
configure:4266: $? = 0
configure:4270: test -z 
			 || test ! -s conftest.err
configure:4273: $? = 0
configure:4276: test -s conftest.o
configure:4279: $? = 0
configure:4290: result: yes
configure:4244: checking for stdint.h
configure:4260: bfin-uclinux-gcc -c -I../../../lib/gmp  conftest.c >&5
configure:4266: $? = 0
configure:4270: test -z 
			 || test ! -s conftest.err
configure:4273: $? = 0
configure:4276: test -s conftest.o
configure:4279: $? = 0
configure:4290: result: yes
configure:4244: checking for unistd.h
configure:4260: bfin-uclinux-gcc -c -I../../../lib/gmp  conftest.c >&5
configure:4266: $? = 0
configure:4270: test -z 
			 || test ! -s conftest.err
configure:4273: $? = 0
configure:4276: test -s conftest.o
configure:4279: $? = 0
configure:4290: result: yes
configure:4333: checking for memset
configure:4390: bfin-uclinux-gcc -o conftest -I../../../lib/gmp   conftest.c  >&5
conftest.c:44: warning: conflicting types for built-in function 'memset'
configure:4396: $? = 0
configure:4400: test -z 
			 || test ! -s conftest.err
configure:4403: $? = 0
configure:4406: test -s conftest
configure:4409: $? = 0
configure:4421: result: yes
configure:4435: checking for strtol
configure:4492: bfin-uclinux-gcc -o conftest -I../../../lib/gmp   conftest.c  >&5
configure:4498: $? = 0
configure:4502: test -z 
			 || test ! -s conftest.err
configure:4505: $? = 0
configure:4508: test -s conftest
configure:4511: $? = 0
configure:4523: result: yes
configure:4543: checking limits.h usability
configure:4555: bfin-uclinux-gcc -c -I../../../lib/gmp  conftest.c >&5
configure:4561: $? = 0
configure:4565: test -z 
			 || test ! -s conftest.err
configure:4568: $? = 0
configure:4571: test -s conftest.o
configure:4574: $? = 0
configure:4584: result: yes
configure:4588: checking limits.h presence
configure:4598: bfin-uclinux-gcc -E  conftest.c
configure:4604: $? = 0
configure:4624: result: yes
configure:4659: checking for limits.h
configure:4666: result: yes
configure:4689: checking float.h usability
configure:4701: bfin-uclinux-gcc -c -I../../../lib/gmp  conftest.c >&5
configure:4707: $? = 0
configure:4711: test -z 
			 || test ! -s conftest.err
configure:4714: $? = 0
configure:4717: test -s conftest.o
configure:4720: $? = 0
configure:4730: result: yes
configure:4734: checking float.h presence
configure:4744: bfin-uclinux-gcc -E  conftest.c
configure:4750: $? = 0
configure:4770: result: yes
configure:4805: checking for float.h
configure:4812: result: yes
configure:4836: checking stdarg.h usability
configure:4848: bfin-uclinux-gcc -c -I../../../lib/gmp  conftest.c >&5
configure:4854: $? = 0
configure:4858: test -z 
			 || test ! -s conftest.err
configure:4861: $? = 0
configure:4864: test -s conftest.o
configure:4867: $? = 0
configure:4877: result: yes
configure:4881: checking stdarg.h presence
configure:4891: bfin-uclinux-gcc -E  conftest.c
configure:4897: $? = 0
configure:4917: result: yes
configure:4952: checking for stdarg.h
configure:4959: result: yes
configure:5133: checking sys/time.h usability
configure:5145: bfin-uclinux-gcc -c -I../../../lib/gmp  conftest.c >&5
configure:5151: $? = 0
configure:5155: test -z 
			 || test ! -s conftest.err
configure:5158: $? = 0
configure:5161: test -s conftest.o
configure:5164: $? = 0
configure:5174: result: yes
configure:5178: checking sys/time.h presence
configure:5188: bfin-uclinux-gcc -E  conftest.c
configure:5194: $? = 0
configure:5214: result: yes
configure:5249: checking for sys/time.h
configure:5256: result: yes
configure:5277: checking for gettimeofday
configure:5334: bfin-uclinux-gcc -o conftest -I../../../lib/gmp   conftest.c  >&5
configure:5340: $? = 0
configure:5344: test -z 
			 || test ! -s conftest.err
configure:5347: $? = 0
configure:5350: test -s conftest
configure:5353: $? = 0
configure:5365: result: yes
configure:5380: checking for strcasecmp
configure:5437: bfin-uclinux-gcc -o conftest -I../../../lib/gmp   conftest.c  >&5
configure:5443: $? = 0
configure:5447: test -z 
			 || test ! -s conftest.err
configure:5450: $? = 0
configure:5453: test -s conftest
configure:5456: $? = 0
configure:5468: result: yes
configure:5380: checking for strncasecmp
configure:5437: bfin-uclinux-gcc -o conftest -I../../../lib/gmp   conftest.c  >&5
configure:5443: $? = 0
configure:5447: test -z 
			 || test ! -s conftest.err
configure:5450: $? = 0
configure:5453: test -s conftest
configure:5456: $? = 0
configure:5468: result: yes
configure:5577: checking sys/fpu.h usability
configure:5589: bfin-uclinux-gcc -c -I../../../lib/gmp  conftest.c >&5
conftest.c:61:21: sys/fpu.h: No such file or directory
configure:5595: $? = 1
configure: failed program was:
| /* confdefs.h.  */
| 
| #define PACKAGE_NAME ""
| #define PACKAGE_TARNAME ""
| #define PACKAGE_VERSION ""
| #define PACKAGE_STRING ""
| #define PACKAGE_BUGREPORT ""
| #define TIME_WITH_SYS_TIME 1
| #define STDC_HEADERS 1
| #define HAVE_SYS_TYPES_H 1
| #define HAVE_SYS_STAT_H 1
| #define HAVE_STDLIB_H 1
| #define HAVE_STRING_H 1
| #define HAVE_MEMORY_H 1
| #define HAVE_STRINGS_H 1
| #define HAVE_INTTYPES_H 1
| #define HAVE_STDINT_H 1
| #define HAVE_UNISTD_H 1
| #define HAVE_MEMSET 1
| #define HAVE_STRTOL 1
| #define HAVE_STDARG 1
| #define HAVE_SYS_TIME_H 1
| #define HAVE_GETTIMEOFDAY 1
| #define HAVE_STRCASECMP 1
| #define HAVE_STRNCASECMP 1
| /* end confdefs.h.  */
| #include <stdio.h>
| #if HAVE_SYS_TYPES_H
| # include <sys/types.h>
| #endif
| #if HAVE_SYS_STAT_H
| # include <sys/stat.h>
| #endif
| #if STDC_HEADERS
| # include <stdlib.h>
| # include <stddef.h>
| #else
| # if HAVE_STDLIB_H
| #  include <stdlib.h>
| # endif
| #endif
| #if HAVE_STRING_H
| # if !STDC_HEADERS && HAVE_MEMORY_H
| #  include <memory.h>
| # endif
| # include <string.h>
| #endif
| #if HAVE_STRINGS_H
| # include <strings.h>
| #endif
| #if HAVE_INTTYPES_H
| # include <inttypes.h>
| #else
| # if HAVE_STDINT_H
| #  include <stdint.h>
| # endif
| #endif
| #if HAVE_UNISTD_H
| # include <unistd.h>
| #endif
| #include <sys/fpu.h>
configure:5618: result: no
configure:5622: checking sys/fpu.h presence
configure:5632: bfin-uclinux-gcc -E  conftest.c
conftest.c:27:21: sys/fpu.h: No such file or directory
configure:5638: $? = 1
configure: failed program was:
| /* confdefs.h.  */
| 
| #define PACKAGE_NAME ""
| #define PACKAGE_TARNAME ""
| #define PACKAGE_VERSION ""
| #define PACKAGE_STRING ""
| #define PACKAGE_BUGREPORT ""
| #define TIME_WITH_SYS_TIME 1
| #define STDC_HEADERS 1
| #define HAVE_SYS_TYPES_H 1
| #define HAVE_SYS_STAT_H 1
| #define HAVE_STDLIB_H 1
| #define HAVE_STRING_H 1
| #define HAVE_MEMORY_H 1
| #define HAVE_STRINGS_H 1
| #define HAVE_INTTYPES_H 1
| #define HAVE_STDINT_H 1
| #define HAVE_UNISTD_H 1
| #define HAVE_MEMSET 1
| #define HAVE_STRTOL 1
| #define HAVE_STDARG 1
| #define HAVE_SYS_TIME_H 1
| #define HAVE_GETTIMEOFDAY 1
| #define HAVE_STRCASECMP 1
| #define HAVE_STRNCASECMP 1
| /* end confdefs.h.  */
| #include <sys/fpu.h>
configure:5658: result: no
configure:5693: checking for sys/fpu.h
configure:5700: result: no
configure:5714: checking for union fpc_csr
configure:5743: bfin-uclinux-gcc -c -I../../../lib/gmp  conftest.c >&5
conftest.c: In function `main':
conftest.c:38: error: invalid application of `sizeof' to incomplete type `fpc_csr' 
configure:5749: $? = 1
configure: failed program was:
| /* confdefs.h.  */
| 
| #define PACKAGE_NAME ""
| #define PACKAGE_TARNAME ""
| #define PACKAGE_VERSION ""
| #define PACKAGE_STRING ""
| #define PACKAGE_BUGREPORT ""
| #define TIME_WITH_SYS_TIME 1
| #define STDC_HEADERS 1
| #define HAVE_SYS_TYPES_H 1
| #define HAVE_SYS_STAT_H 1
| #define HAVE_STDLIB_H 1
| #define HAVE_STRING_H 1
| #define HAVE_MEMORY_H 1
| #define HAVE_STRINGS_H 1
| #define HAVE_INTTYPES_H 1
| #define HAVE_STDINT_H 1
| #define HAVE_UNISTD_H 1
| #define HAVE_MEMSET 1
| #define HAVE_STRTOL 1
| #define HAVE_STDARG 1
| #define HAVE_SYS_TIME_H 1
| #define HAVE_GETTIMEOFDAY 1
| #define HAVE_STRCASECMP 1
| #define HAVE_STRNCASECMP 1
| /* end confdefs.h.  */
| 
| #if HAVE_SYS_FPU_H
| #  include <sys/fpu.h>
| #endif
| 
| 
| int
| main ()
| {
| if ((union fpc_csr *) 0)
|   return 0;
| if (sizeof (union fpc_csr))
|   return 0;
|   ;
|   return 0;
| }
configure:5773: result: no
configure:5783: checking for fesetround
configure:5807: bfin-uclinux-gcc -o conftest -I../../../lib/gmp   conftest.c  -lm >&5
conftest.c:27:18: fenv.h: No such file or directory
conftest.c: In function `main':
conftest.c:31: error: `FE_TONEAREST' undeclared (first use in this function)
conftest.c:31: error: (Each undeclared identifier is reported only once
conftest.c:31: error: for each function it appears in.)
configure:5813: $? = 1
configure: failed program was:
| /* confdefs.h.  */
| 
| #define PACKAGE_NAME ""
| #define PACKAGE_TARNAME ""
| #define PACKAGE_VERSION ""
| #define PACKAGE_STRING ""
| #define PACKAGE_BUGREPORT ""
| #define TIME_WITH_SYS_TIME 1
| #define STDC_HEADERS 1
| #define HAVE_SYS_TYPES_H 1
| #define HAVE_SYS_STAT_H 1
| #define HAVE_STDLIB_H 1
| #define HAVE_STRING_H 1
| #define HAVE_MEMORY_H 1
| #define HAVE_STRINGS_H 1
| #define HAVE_INTTYPES_H 1
| #define HAVE_STDINT_H 1
| #define HAVE_UNISTD_H 1
| #define HAVE_MEMSET 1
| #define HAVE_STRTOL 1
| #define HAVE_STDARG 1
| #define HAVE_SYS_TIME_H 1
| #define HAVE_GETTIMEOFDAY 1
| #define HAVE_STRCASECMP 1
| #define HAVE_STRNCASECMP 1
| /* end confdefs.h.  */
| #include <fenv.h>
| int
| main ()
| {
| fesetround(FE_TONEAREST);
|   ;
|   return 0;
| }
configure:5840: result: no
configure:5850: checking for valid NaN
configure:5898: result: no
configure:5909: checking for gcc float-conversion bug
configure:5976: result: cannot test, use -ffloat-store
configure:5983: checking for denormalized numbers
configure:6033: result: no
configure:6043: checking for HUGE_VAL
configure:6065: bfin-uclinux-gcc -o conftest -I../../../lib/gmp -ffloat-store   conftest.c  >&5
configure:6071: $? = 0
configure:6075: test -z 
			 || test ! -s conftest.err
configure:6078: $? = 0
configure:6081: test -s conftest
configure:6084: $? = 0
configure:6097: result: yes
configure:6110: checking for long double
configure:6134: bfin-uclinux-gcc -c -I../../../lib/gmp -ffloat-store  conftest.c >&5
configure:6140: $? = 0
configure:6144: test -z 
			 || test ! -s conftest.err
configure:6147: $? = 0
configure:6150: test -s conftest.o
configure:6153: $? = 0
configure:6164: result: yes
configure:6175: checking format of `long double' floating point
configure:6202: bfin-uclinux-gcc -I../../../lib/gmp -ffloat-store  -c conftest.c >&5 2>&1
configure:6205: $? = 0
cannot match anything, conftest.o contains
0000000 177 105 114 106 001 001 001 000 000 000 000 000 000 000 000 000
0000020 001 000 152 000 001 000 000 000 000 000 000 000 000 000 000 000
0000040 234 000 000 000 000 000 000 000 064 000 000 000 000 000 050 000
0000060 010 000 005 000 000 000 000 000 000 000 000 000 001 043 105 147
0000100 211 253 315 357 000 000 000 124 064 157 235 301 376 334 272 230
0000120 166 124 062 020 000 107 103 103 072 040 050 107 116 125 051 040
0000140 063 056 064 056 064 000 000 056 163 171 155 164 141 142 000 056
0000160 163 164 162 164 141 142 000 056 163 150 163 164 162 164 141 142
0000200 000 056 164 145 170 164 000 056 144 141 164 141 000 056 142 163
0000220 163 000 056 143 157 155 155 145 156 164 000 000 000 000 000 000
0000240 000 000 000 000 000 000 000 000 000 000 000 000 000 000 000 000
*
0000300 000 000 000 000 033 000 000 000 001 000 000 000 006 000 000 000
0000320 000 000 000 000 064 000 000 000 000 000 000 000 000 000 000 000
0000340 000 000 000 000 004 000 000 000 000 000 000 000 041 000 000 000
0000360 001 000 000 000 003 000 000 000 000 000 000 000 064 000 000 000
0000400 040 000 000 000 000 000 000 000 000 000 000 000 004 000 000 000
0000420 000 000 000 000 047 000 000 000 010 000 000 000 003 000 000 000
0000440 000 000 000 000 124 000 000 000 000 000 000 000 000 000 000 000
0000460 000 000 000 000 004 000 000 000 000 000 000 000 054 000 000 000
0000500 001 000 000 000 000 000 000 000 000 000 000 000 124 000 000 000
0000520 022 000 000 000 000 000 000 000 000 000 000 000 001 000 000 000
0000540 000 000 000 000 021 000 000 000 003 000 000 000 000 000 000 000
0000560 000 000 000 000 146 000 000 000 065 000 000 000 000 000 000 000
0000600 000 000 000 000 001 000 000 000 000 000 000 000 001 000 000 000
0000620 002 000 000 000 000 000 000 000 000 000 000 000 334 001 000 000
0000640 160 000 000 000 007 000 000 000 006 000 000 000 004 000 000 000
0000660 020 000 000 000 011 000 000 000 003 000 000 000 000 000 000 000
0000700 000 000 000 000 114 002 000 000 021 000 000 000 000 000 000 000
0000720 000 000 000 000 001 000 000 000 000 000 000 000 000 000 000 000
0000740 000 000 000 000 000 000 000 000 000 000 000 000 001 000 000 000
0000760 000 000 000 000 000 000 000 000 004 000 361 377 000 000 000 000
0001000 000 000 000 000 000 000 000 000 003 000 001 000 000 000 000 000
0001020 000 000 000 000 000 000 000 000 003 000 002 000 000 000 000 000
0001040 000 000 000 000 000 000 000 000 003 000 003 000 000 000 000 000
0001060 000 000 000 000 000 000 000 000 003 000 004 000 014 000 000 000
0001100 000 000 000 000 040 000 000 000 021 000 002 000 000 143 157 156
0001120 146 164 145 163 164 056 143 000 137 146 157 157 000
0001135
configure:6364: result: unknown 
configure:6393: checking for gmp.h
configure:6413: bfin-uclinux-gcc -c -I../../../lib/gmp -ffloat-store  conftest.c >&5
configure:6419: $? = 0
configure:6423: test -z 
			 || test ! -s conftest.err
configure:6426: $? = 0
configure:6429: test -s conftest.o
configure:6432: $? = 0
configure:6434: result: yes
configure:6449: checking for recent GMP
configure:6472: bfin-uclinux-gcc -c -I../../../lib/gmp -ffloat-store  conftest.c >&5
configure:6478: $? = 0
configure:6482: test -z 
			 || test ! -s conftest.err
configure:6485: $? = 0
configure:6488: test -s conftest.o
configure:6491: $? = 0
configure:6493: result: yes
configure:6508: checking for gmp internal files
configure:6530: bfin-uclinux-gcc -c -I../../../lib/gmp -ffloat-store  conftest.c >&5
configure:6536: $? = 0
configure:6540: test -z 
			 || test ! -s conftest.err
configure:6543: $? = 0
configure:6546: test -s conftest.o
configure:6549: $? = 0
configure:6551: result: yes
configure:6557: checking for valid BITS_PER_MP_LIMB and BYTES_PER_MP_LIMB
configure:6560: result: can't test
configure:6994: checking for GMP library
configure:7010: result: can't test
configure:7057: checking if gmp.h version and libgmp version are the same
configure:7060: result: can't test
configure:7261: creating ./config.status

## ---------------------- ##
## Running config.status. ##
## ---------------------- ##

This file was extended by config.status, which was
generated by GNU Autoconf 2.59.  Invocation command line was

  CONFIG_FILES    = 
  CONFIG_HEADERS  = 
  CONFIG_LINKS    = 
  CONFIG_COMMANDS = 
  $ ./config.status 

on linux

config.status:697: creating Makefile
config.status:697: creating tests/Makefile
config.status:880: executing depfiles commands

## ---------------- ##
## Cache variables. ##
## ---------------- ##

ac_cv_build=i686-pc-linux-gnu
ac_cv_build_alias=i686-pc-linux-gnu
ac_cv_c_compiler_gnu=yes
ac_cv_c_const=yes
ac_cv_c_volatile=yes
ac_cv_env_CC_set=set
ac_cv_env_CC_value=bfin-uclinux-gcc
ac_cv_env_CFLAGS_set=set
ac_cv_env_CFLAGS_value=-I../../../lib/gmp
ac_cv_env_CPPFLAGS_set=
ac_cv_env_CPPFLAGS_value=
ac_cv_env_CPP_set=
ac_cv_env_CPP_value=
ac_cv_env_LDFLAGS_set=
ac_cv_env_LDFLAGS_value=
ac_cv_env_build_alias_set=
ac_cv_env_build_alias_value=
ac_cv_env_host_alias_set=set
ac_cv_env_host_alias_value=bfin-linux
ac_cv_env_target_alias_set=
ac_cv_env_target_alias_value=
ac_cv_exeext=
ac_cv_func_gettimeofday=yes
ac_cv_func_memset=yes
ac_cv_func_strcasecmp=yes
ac_cv_func_strncasecmp=yes
ac_cv_func_strtol=yes
ac_cv_header_float_h=yes
ac_cv_header_inttypes_h=yes
ac_cv_header_limits_h=yes
ac_cv_header_memory_h=yes
ac_cv_header_stdarg_h=yes
ac_cv_header_stdc=yes
ac_cv_header_stdint_h=yes
ac_cv_header_stdlib_h=yes
ac_cv_header_string_h=yes
ac_cv_header_strings_h=yes
ac_cv_header_sys_fpu_h=no
ac_cv_header_sys_stat_h=yes
ac_cv_header_sys_time_h=yes
ac_cv_header_sys_types_h=yes
ac_cv_header_time=yes
ac_cv_header_unistd_h=yes
ac_cv_host=bfin-unknown-linux-gnu
ac_cv_host_alias=bfin-linux
ac_cv_lib_m_main=yes
ac_cv_objext=o
ac_cv_path_install='/usr/bin/install -c'
ac_cv_prog_AWK=gawk
ac_cv_prog_CC=bfin-uclinux-gcc
ac_cv_prog_CPP='bfin-uclinux-gcc -E'
ac_cv_prog_ac_ct_RANLIB=ranlib
ac_cv_prog_ac_ct_STRIP=strip
ac_cv_prog_cc_g=yes
ac_cv_prog_cc_stdc=
ac_cv_prog_egrep='grep -E'
ac_cv_prog_make_make_set=yes
ac_cv_type_long_double=yes
ac_cv_type_union_fpc_csr=no
am_cv_CC_dependencies_compiler_type=gcc3
mpfr_cv_c_long_double_format='unknown '
mpfr_cv_gcc_floatconv_bug='cannot test, use -ffloat-store'
mpfr_cv_have_denorms=no
mpfr_cv_have_fesetround=no
mpfr_cv_have_huge_val=yes
mpfr_cv_mach_type=i686
mpfr_cv_os_type=Linux
mpfr_cv_valid_nan=no

## ----------------- ##
## Output variables. ##
## ----------------- ##

ACLOCAL='${SHELL} /home/ksh/cvs/commit/12-7/uClinux-dist/user/blkfin-apps/mpfr/missing --run aclocal-1.9'
ALLOCA=''
AMDEPBACKSLASH='\'
AMDEP_FALSE='#'
AMDEP_TRUE=''
AMTAR='${SHELL} /home/ksh/cvs/commit/12-7/uClinux-dist/user/blkfin-apps/mpfr/missing --run tar'
AUTOCONF='${SHELL} /home/ksh/cvs/commit/12-7/uClinux-dist/user/blkfin-apps/mpfr/missing --run autoconf'
AUTOHEADER='${SHELL} /home/ksh/cvs/commit/12-7/uClinux-dist/user/blkfin-apps/mpfr/missing --run autoheader'
AUTOMAKE='${SHELL} /home/ksh/cvs/commit/12-7/uClinux-dist/user/blkfin-apps/mpfr/missing --run automake-1.9'
AWK='gawk'
CC='bfin-uclinux-gcc'
CCDEPMODE='depmode=gcc3'
CFLAGS='-I../../../lib/gmp -ffloat-store'
CPP='bfin-uclinux-gcc -E'
CPPFLAGS=''
CYGPATH_W='echo'
DEFS='-DTIME_WITH_SYS_TIME=1 -DSTDC_HEADERS=1 -DHAVE_SYS_TYPES_H=1 -DHAVE_SYS_STAT_H=1 -DHAVE_STDLIB_H=1 -DHAVE_STRING_H=1 -DHAVE_MEMORY_H=1 -DHAVE_STRINGS_H=1 -DHAVE_INTTYPES_H=1 -DHAVE_STDINT_H=1 -DHAVE_UNISTD_H=1 -DHAVE_MEMSET=1 -DHAVE_STRTOL=1 -DHAVE_STDARG=1 -DHAVE_SYS_TIME_H=1 -DHAVE_GETTIMEOFDAY=1 -DHAVE_STRCASECMP=1 -DHAVE_STRNCASECMP=1 -DHAVE_HUGE_VAL=1 -DHAVE_LONG_DOUBLE=1 -DMPFR_HAVE_GMP_IMPL=1 '
DEPDIR='.deps'
ECHO_C=''
ECHO_N='-n'
ECHO_T=''
EGREP='grep -E'
EXEEXT=''
INCLUDES=''
INSTALL_DATA='${INSTALL} -m 644'
INSTALL_PROGRAM='${INSTALL}'
INSTALL_SCRIPT='${INSTALL}'
INSTALL_STRIP_PROGRAM='${SHELL} $(install_sh) -c -s'
LDADD=''
LDFLAGS=''
LIBOBJS=''
LIBS='-lgmp '
LTLIBOBJS=''
MAKEINFO='${SHELL} /home/ksh/cvs/commit/12-7/uClinux-dist/user/blkfin-apps/mpfr/missing --run makeinfo'
MPFR_LIBM='-lm'
OBJEXT='o'
PACKAGE='mpfr'
PACKAGE_BUGREPORT=''
PACKAGE_NAME=''
PACKAGE_STRING=''
PACKAGE_TARNAME=''
PACKAGE_VERSION=''
PATH_SEPARATOR=':'
RANLIB='ranlib'
SET_MAKE=''
SHELL='/bin/sh'
STRIP='strip'
TESTS_ASM_OBJECTS=''
VERSION='2.1.2'
ac_ct_CC=''
ac_ct_RANLIB='ranlib'
ac_ct_STRIP='strip'
am__fastdepCC_FALSE='#'
am__fastdepCC_TRUE=''
am__include='include'
am__leading_dot='.'
am__quote=''
am__tar='${AMTAR} chof - "$$tardir"'
am__untar='${AMTAR} xf -'
bindir='${exec_prefix}/bin'
build='i686-pc-linux-gnu'
build_alias=''
build_cpu='i686'
build_os='linux-gnu'
build_vendor='pc'
datadir='${prefix}/share'
exec_prefix='${prefix}'
host='bfin-unknown-linux-gnu'
host_alias='bfin-linux'
host_cpu='bfin'
host_os='linux-gnu'
host_vendor='unknown'
includedir='${prefix}/include'
infodir='${prefix}/info'
install_sh='/home/ksh/cvs/commit/12-7/uClinux-dist/user/blkfin-apps/mpfr/install-sh'
libdir='${exec_prefix}/lib'
libexecdir='${exec_prefix}/libexec'
localstatedir='${prefix}/var'
mandir='${prefix}/man'
mkdir_p='mkdir -p --'
oldincludedir='/usr/include'
prefix='/usr/local'
program_transform_name='s,x,x,'
sbindir='${exec_prefix}/sbin'
sharedstatedir='${prefix}/com'
sysconfdir='${prefix}/etc'
target_alias=''

## ----------- ##
## confdefs.h. ##
## ----------- ##

#define HAVE_GETTIMEOFDAY 1
#define HAVE_HUGE_VAL 1
#define HAVE_INTTYPES_H 1
#define HAVE_LONG_DOUBLE 1
#define HAVE_MEMORY_H 1
#define HAVE_MEMSET 1
#define HAVE_STDARG 1
#define HAVE_STDINT_H 1
#define HAVE_STDLIB_H 1
#define HAVE_STRCASECMP 1
#define HAVE_STRINGS_H 1
#define HAVE_STRING_H 1
#define HAVE_STRNCASECMP 1
#define HAVE_STRTOL 1
#define HAVE_SYS_STAT_H 1
#define HAVE_SYS_TIME_H 1
#define HAVE_SYS_TYPES_H 1
#define HAVE_UNISTD_H 1
#define MPFR_HAVE_GMP_IMPL 1
#define STDC_HEADERS 1
#define TIME_WITH_SYS_TIME 1

configure: exit 0
