This file contains any messages produced by compilers while
running configure, to aid debugging if configure makes a mistake.

It was created by configure, which was
generated by GNU Autoconf 2.57.  Invocation command line was

  $ ./configure -C --disable-HOPFSERIAL --disable-HOPFPCI --disable-BANCOMM --disable-GPSVME --disable-SHM --disable-all-clocks --disable-ACTS --disable-ARBITER --disable-ARCRON-MSF --disable-ATOM --disable-AS2201 --disable-CHU --disable-AUDIO-CHU --disable-DATUM --disable-FG --disable-HEATH --disable-HPGPS --disable-IRIG --disable-JJY --disable-LEITCH --disable-LOCAL-CLOCK --disable-MSFEES --disable-MX4200 --disable-NMEA --disable-ONCORE --disable-PALISADE --disable-PST --disable-JUPITER --disable-PTBACTS --disable-TPRO --disable-TRAK --disable-CHRONOLOG --disable-DUMBCLOCK --disable-PCF --disable-SPECTRACOM --disable-TRUETIME --disable-ULINK --disable-WWV --disable-USNO --disable-parse-clocks --disable-COMPUTIME --disable-DCF7000 --disable-HOPF6021 --disable-MEINBERG --disable-RAWDCF --disable-RCC8000 --disable-SCHMID --disable-TRIMTAIP --disable-TRIMTSIP --disable-WHARTON --disable-VARITEXT --disable-kmem --without-openssl-libdir --without-openssl-incdir --without-crypto --without-electricfence --no-create --no-recursion

## --------- ##
## Platform. ##
## --------- ##

hostname = localhost.localdomain
uname -m = i686
uname -r = 2.4.20-8smp
uname -s = Linux
uname -v = #1 SMP Thu Mar 13 17:45:54 EST 2003

/usr/bin/uname -p = unknown
/bin/uname -X     = unknown

/bin/arch              = i686
/usr/bin/arch -k       = unknown
/usr/convex/getsysinfo = unknown
hostinfo               = unknown
/bin/machine           = unknown
/usr/bin/oslevel       = unknown
/bin/universe          = unknown

PATH: /usr/local/bin
PATH: /bin
PATH: /usr/bin
PATH: /usr/X11R6/bin
PATH: /home/tool/gcc-bfin/gcc-bin/bin
PATH: /home/nidhi/bin
PATH: /home-new/toolchain2june/output/bin
PATH: /opt/blackfin/uClinux/bin
PATH: /home-new/toolchain2june/uClinux-dist/tools


## ----------- ##
## Core tests. ##
## ----------- ##

configure:1255: loading cache config.cache
configure:1283: error: `CC' was not set in the previous run
configure:1283: error: `CFLAGS' was not set in the previous run
configure:1283: error: `LDFLAGS' was not set in the previous run
configure:1312: error: changes in the environment can compromise the build
configure:1314: error: run `make distclean' and/or `rm config.cache' and start over

## ---------------- ##
## Cache variables. ##
## ---------------- ##

ac_cv_arg_setpgrp_negpid=yes
ac_cv_build=i686-pc-linux-gnu
ac_cv_build_alias=i686-pc-linux-gnu
ac_cv_c_bigendian=no
ac_cv_c_char_unsigned=no
ac_cv_c_compiler_gnu=yes
ac_cv_c_const=yes
ac_cv_c_inline=inline
ac_cv_c_volatile=yes
ac_cv_decl_errno=no
ac_cv_decl_h_errno=yes
ac_cv_decl_sys_errlist=no
ac_cv_decl_syscall=no
ac_cv_env_CC_set=
ac_cv_env_CC_value=
ac_cv_env_CFLAGS_set=
ac_cv_env_CFLAGS_value=
ac_cv_env_CPPFLAGS_set=
ac_cv_env_CPPFLAGS_value=
ac_cv_env_CPP_set=
ac_cv_env_CPP_value=
ac_cv_env_LDFLAGS_set=
ac_cv_env_LDFLAGS_value=
ac_cv_env_build_alias_set=
ac_cv_env_build_alias_value=
ac_cv_env_host_alias_set=
ac_cv_env_host_alias_value=
ac_cv_env_target_alias_set=
ac_cv_env_target_alias_value=
ac_cv_func_K_open=no
ac_cv_func_Xettimeofday_nargs=2
ac_cv_func___adjtimex=yes
ac_cv_func___ntp_gettime=no
ac_cv_func_clock_gettime=no
ac_cv_func_clock_settime=no
ac_cv_func_ctty_for_f_setown=no
ac_cv_func_daemon=yes
ac_cv_func_finite=yes
ac_cv_func_getbootfile=no
ac_cv_func_getclock=no
ac_cv_func_getdtablesize=yes
ac_cv_func_gethostent=yes
ac_cv_func_getrusage=yes
ac_cv_func_gettimeofday=yes
ac_cv_func_getuid=yes
ac_cv_func_hstrerror=yes
ac_cv_func_kvm_open=no
ac_cv_func_memcpy=yes
ac_cv_func_memmove=yes
ac_cv_func_memset=yes
ac_cv_func_mkstemp=yes
ac_cv_func_mktime=yes
ac_cv_func_mlockall=yes
ac_cv_func_mrand48=yes
ac_cv_func_nice=yes
ac_cv_func_nlist=no
ac_cv_func_ntp_adjtime=yes
ac_cv_func_ntp_gettime=yes
ac_cv_func_openlog=yes
ac_cv_func_plock=no
ac_cv_func_pututline=no
ac_cv_func_pututxline=no
ac_cv_func_qsort_argtype=void
ac_cv_func_readlink=yes
ac_cv_func_rtprio=no
ac_cv_func_sched_setscheduler=yes
ac_cv_func_setlinebuf=yes
ac_cv_func_setpgid=yes
ac_cv_func_setpgrp_nargs=0
ac_cv_func_setpriority=yes
ac_cv_func_setsid=yes
ac_cv_func_setsockopt=yes
ac_cv_func_settimeofday=yes
ac_cv_func_setvbuf=yes
ac_cv_func_sigaction=yes
ac_cv_func_sigset=yes
ac_cv_func_sigsuspend=yes
ac_cv_func_sigvec=yes
ac_cv_func_snprintf=yes
ac_cv_func_srand48=yes
ac_cv_func_stime=yes
ac_cv_func_strchr=yes
ac_cv_func_strdup=yes
ac_cv_func_strerror=yes
ac_cv_func_sysconf=yes
ac_cv_func_sysctl=yes
ac_cv_func_timer_create=no
ac_cv_func_timer_settime=no
ac_cv_func_umask=yes
ac_cv_func_uname=yes
ac_cv_func_updwtmp=no
ac_cv_func_updwtmpx=no
ac_cv_func_vsprintf=yes
ac_cv_have_prototypes=yes
ac_cv_hdr_def_sigio=yes
ac_cv_hdr_def_sigpoll=yes
ac_cv_hdr_def_sigsys=yes
ac_cv_header_arpa_nameser_h=yes
ac_cv_header_bstring_h=no
ac_cv_header_errno_h=yes
ac_cv_header_fcntl_h=yes
ac_cv_header_ieeefp_h=no
ac_cv_header_inttypes_h=yes
ac_cv_header_linux_serial_h=yes
ac_cv_header_math_h=yes
ac_cv_header_memory_h=yes
ac_cv_header_minix_config_h=no
ac_cv_header_net_if_h=yes
ac_cv_header_netdb_h=yes
ac_cv_header_netinet_in_h=yes
ac_cv_header_netinet_in_system_h=no
ac_cv_header_netinet_in_systm_h=yes
ac_cv_header_netinet_ip_h=yes
ac_cv_header_netinfo_ni_h=no
ac_cv_header_nlist_h=no
ac_cv_header_poll_h=yes
ac_cv_header_resolv_h=yes
ac_cv_header_sched_h=yes
ac_cv_header_sgtty_h=yes
ac_cv_header_stdc=yes
ac_cv_header_stdint_h=yes
ac_cv_header_stdlib_h=yes
ac_cv_header_string_h=yes
ac_cv_header_strings_h=yes
ac_cv_header_sun_audioio_h=no
ac_cv_header_sys_audioio_h=no
ac_cv_header_sys_clkdefs_h=no
ac_cv_header_sys_file_h=yes
ac_cv_header_sys_ioctl_h=yes
ac_cv_header_sys_lock_h=no
ac_cv_header_sys_mman_h=yes
ac_cv_header_sys_modem_h=no
ac_cv_header_sys_param_h=yes
ac_cv_header_sys_ppsclock_h=no
ac_cv_header_sys_ppstime_h=no
ac_cv_header_sys_proc_h=no
ac_cv_header_sys_resource_h=yes
ac_cv_header_sys_sched_h=no
ac_cv_header_sys_select_h=yes
ac_cv_header_sys_signal_h=yes
ac_cv_header_sys_sockio_h=no
ac_cv_header_sys_stat_h=yes
ac_cv_header_sys_stream_h=no
ac_cv_header_sys_stropts_h=no
ac_cv_header_sys_sysctl_h=yes
ac_cv_header_sys_syssgi_h=no
ac_cv_header_sys_termios_h=yes
ac_cv_header_sys_time_h=yes
ac_cv_header_sys_timers_h=no
ac_cv_header_sys_timex_h=yes
ac_cv_header_sys_tpro_h=no
ac_cv_header_sys_types_h=yes
ac_cv_header_sys_wait_h=yes
ac_cv_header_termio_h=yes
ac_cv_header_termios_h=yes
ac_cv_header_time=yes
ac_cv_header_timepps_h=no
ac_cv_header_timex_h=no
ac_cv_header_unistd_h=yes
ac_cv_header_utmp_h=no
ac_cv_header_utmpx_h=no
ac_cv_host=i686-pc-linux-gnu
ac_cv_host_alias=i686-pc-linux-gnu
ac_cv_lib_elf_nlist=no
ac_cv_lib_kvm_main=no
ac_cv_lib_ld_nlist=no
ac_cv_lib_mld_nlist=no
ac_cv_lib_readline_readline=no
ac_cv_make_ntptime=yes
ac_cv_make_tickadj=yes
ac_cv_make_timetrim=no
ac_cv_member_struct_ntptimeval_time_tv_nsec=no
ac_cv_objext=o
ac_cv_path_PATH_PERL=/usr/bin/perl
ac_cv_path_PATH_SH=/bin/sh
ac_cv_path_install='/usr/bin/install -c'
ac_cv_prog_AWK=mawk
ac_cv_prog_CPP='gcc -E'
ac_cv_prog_ac_ct_CC=gcc
ac_cv_prog_ac_ct_RANLIB=ranlib
ac_cv_prog_cc_g=yes
ac_cv_prog_cc_pipe=yes
ac_cv_prog_cc_stdc=
ac_cv_prog_gcc_traditional=no
ac_cv_prog_make_make_set=yes
ac_cv_sizeof_int=4
ac_cv_sizeof_long=4
ac_cv_sizeof_signed_char=1
ac_cv_struct_clockinfo_has_hz=no
ac_cv_struct_clockinfo_has_tickadj=no
ac_cv_struct_ntptimeval=yes
ac_cv_struct_ppsclockev=no
ac_cv_struct_sigaction_has_sa_sigaction=yes
ac_cv_struct_sockaddr_has_sa_len=no
ac_cv_struct_timespec=yes
ac_cv_struct_tm=time.h
ac_cv_target=i686-pc-linux-gnu
ac_cv_target_alias=i686-pc-linux-gnu
ac_cv_type_int=yes
ac_cv_type_long=yes
ac_cv_type_off_t=yes
ac_cv_type_s_char=no
ac_cv_type_signal=void
ac_cv_type_signed_char=yes
ac_cv_type_size_t=yes
ac_cv_type_time_t=yes
ac_cv_type_uid_t=yes
ac_cv_var_adjtime_is_accurate=yes
ac_cv_var_atom_ok=yes
ac_cv_var_can_kmem=no
ac_cv_var_default_hz=100
ac_cv_var_hpux_findconfig=no
ac_cv_var_kernel_fll_bug=no
ac_cv_var_kernel_pll=yes
ac_cv_var_mcast=yes
ac_cv_var_min_rec_tickadj=no
ac_cv_var_nlist_dosynctodr=_dosynctodr
ac_cv_var_nlist_extra_indirection=no
ac_cv_var_nlist_noprintf=_noprintf
ac_cv_var_nlist_tick=_tick
ac_cv_var_nlist_tickadj=_tickadj
ac_cv_var_no_parenb_ignpar=yes
ac_cv_var_ntp_syscalls=libc
ac_cv_var_ntpdate_step=no
ac_cv_var_oncore_ok=no
ac_cv_var_open_bcast_socket=no
ac_cv_var_override_hz=no
ac_cv_var_ppsclock=no
ac_cv_var_rawdcf_parity=no
ac_cv_var_rcvbuf_slop=no
ac_cv_var_signalled_io=no
ac_cv_var_size_returned_in_buffer=no
ac_cv_var_slew_always=no
ac_cv_var_sta_fll=yes
ac_cv_var_step_slew=no
ac_cv_var_streams_tli=no
ac_cv_var_sync_todr=no
ac_cv_var_syscall_bug=no
ac_cv_var_tick=txc.tick
ac_cv_var_tick_nano=usec
ac_cv_var_tickadj=500/hz
ac_cv_var_tickadj_nano=usec
ac_cv_var_udp_wildcard_delivery=yes
ac_cv_var_use_streams_device_for_ifconfig=no
ac_cv_var_use_tty_sigpoll=no
ac_cv_var_use_udp_sigpoll=no
am_cv_CC_dependencies_compiler_type=gcc
am_cv_prog_cc_stdc=

## ----------------- ##
## Output variables. ##
## ----------------- ##

ACLOCAL=''
AMDEPBACKSLASH=''
AMDEP_FALSE=''
AMDEP_TRUE=''
AMTAR=''
ANSI2KNR=''
AUTOCONF=''
AUTOHEADER=''
AUTOKEY=''
AUTOMAKE=''
AWK=''
CC='bfin-elf-gcc'
CCDEPMODE=''
CFLAGS='-O2 -Dlinux -D__linux__ -Dunix -D__uClinux__ -DEMBED -I/home-new/toolchain2june/uClinux-dist/lib/uClibc/include -I/home-new/toolchain2june/uClinux-dist/lib/libnet -fno-builtin -nostartfiles -I/home-new/toolchain2june/uClinux-dist/linux-2.6.x/include -I/home-new/toolchain2june/uClinux-dist -Wall -Wcast-qual -Wmissing-prototypes -Wpointer-arith -Wshadow -Wstrict-prototypes -pipe'
CHUTEST=''
CLKTEST=''
CPP=''
CPPFLAGS=''
DCFD=''
DEFS=''
DEPDIR=''
ECHO_C=''
ECHO_N='-n'
ECHO_T=''
EF_LIBS=''
EF_PROGS=''
EGREP=''
EXEEXT=''
INSTALL_DATA=''
INSTALL_PROGRAM=''
INSTALL_SCRIPT=''
INSTALL_STRIP_PROGRAM=''
LDFLAGS='-v -fno-builtin -nostartfiles -Wl,-elf2flt /home-new/toolchain2june/uClinux-dist/lib/uClibc/lib/crt0.o'
LIBOBJS=''
LIBPARSE=''
LIBRSAREF=''
LIBS=''
LN_S=''
LTLIBOBJS=''
MAKEINFO=''
MAKE_ADJTIMED=''
MAKE_CHECK_Y2K=''
MAKE_LIBPARSE=''
MAKE_LIBPARSE_KERNEL=''
MAKE_LIBRSAREF=''
MAKE_NTPTIME=''
MAKE_NTP_GENKEYS=''
MAKE_PARSEKMODULE=''
MAKE_TICKADJ=''
MAKE_TIMETRIM=''
OBJEXT=''
OPENSSL=''
OPENSSL_INC=''
OPENSSL_LIB=''
PACKAGE=''
PACKAGE_BUGREPORT=''
PACKAGE_NAME=''
PACKAGE_STRING=''
PACKAGE_TARNAME=''
PACKAGE_VERSION=''
PATH_PERL=''
PATH_SEPARATOR=':'
PATH_SH=''
PROPDELAY=''
RANLIB='ranlib'
RSADIR=''
RSAOBJS=''
RSAREF=''
RSASRCS=''
SET_MAKE=''
SHELL='/bin/sh'
STRIP='bfin-elf-strip'
TESTDCF=''
U=''
VERSION=''
ac_ct_CC=''
ac_ct_RANLIB=''
ac_ct_STRIP=''
am__include=''
am__quote=''
bindir='${exec_prefix}/bin'
build=''
build_alias=''
build_cpu=''
build_os=''
build_vendor=''
datadir='${prefix}/share'
exec_prefix='NONE'
host=''
host_alias=''
host_cpu=''
host_os=''
host_vendor=''
includedir='${prefix}/include'
infodir='${prefix}/info'
install_sh=''
libdir='${exec_prefix}/lib'
libexecdir='${exec_prefix}/libexec'
localstatedir='${prefix}/var'
mandir='${prefix}/man'
oldincludedir='/usr/include'
prefix='NONE'
program_transform_name='s,x,x,'
sbindir='${exec_prefix}/sbin'
sharedstatedir='${prefix}/com'
sysconfdir='${prefix}/etc'
target=''
target_alias=''
target_cpu=''
target_os=''
target_vendor=''

## ----------- ##
## confdefs.h. ##
## ----------- ##

#define PACKAGE_BUGREPORT ""
#define PACKAGE_NAME ""
#define PACKAGE_STRING ""
#define PACKAGE_TARNAME ""
#define PACKAGE_VERSION ""

configure: exit 1
