This file contains any messages produced by compilers while
running configure, to aid debugging if configure makes a mistake.

It was created by libtool configure 1.5.20, which was
generated by GNU Autoconf 2.59.  Invocation command line was

  $ ./configure --host=bfin-unknown-linux-gnu --disable-shared CC=/home/cvshdr/toolchain/bfin-uclinux/bin/bfin-uclinux-gcc CXX=/home/cvshdr/toolchain/bfin-uclinux/bin/bfin-uclinux-g++ host_alias=bfin-unknown-linux-gnu --enable-ltdl-install CFLAGS=-g -O2 CXXFLAGS=-g -O2 LDFLAGS= --no-create --no-recursion

## --------- ##
## Platform. ##
## --------- ##

hostname = linux
uname -m = i686
uname -r = 2.6.16.13-4-smp
uname -s = Linux
uname -v = #1 SMP Wed May 3 04:53:23 UTC 2006

/usr/bin/uname -p = unknown
/bin/uname -X     = unknown

/bin/arch              = i686
/usr/bin/arch -k       = unknown
/usr/convex/getsysinfo = unknown
hostinfo               = unknown
/bin/machine           = unknown
/usr/bin/oslevel       = unknown
/bin/universe          = unknown

PATH: /home/cvshdr/toolchain-new/uClinux/bfin-elf/bin
PATH: /home/cvshdr/toolchain-new/uClinux/bfin-uclinux/bin
PATH: /home/cvshdr/bin
PATH: /usr/local/bin
PATH: /usr/bin
PATH: /usr/X11R6/bin
PATH: /bin
PATH: /usr/games
PATH: /opt/gnome/bin
PATH: /opt/kde3/bin
PATH: /usr/lib/jvm/jre/bin
PATH: /usr/lib/mit/bin
PATH: /usr/lib/mit/sbin
PATH: /usr/lib/qt3/bin
PATH: /home/cvshdr/uclinux-outcvs/uClinux-dist/tools


## ----------- ##
## Core tests. ##
## ----------- ##

configure:1583: checking for a BSD-compatible install
configure:1638: result: /usr/bin/install -c
configure:1649: checking whether build environment is sane
configure:1692: result: yes
configure:1757: checking for gawk
configure:1773: found /usr/bin/gawk
configure:1783: result: gawk
configure:1793: checking whether make sets $(MAKE)
configure:1813: result: yes
configure:1889: checking for bfin-unknown-linux-gnu-strip
configure:1915: result: strip
configure:2035: checking for bfin-unknown-linux-gnu-gcc
configure:2061: result: /home/cvshdr/toolchain/bfin-uclinux/bin/bfin-uclinux-gcc
configure:2343: checking for C compiler version
configure:2346: /home/cvshdr/toolchain/bfin-uclinux/bin/bfin-uclinux-gcc --version </dev/null >&5
bfin-uclinux-gcc (GCC) 3.4.5 (ADI cvs)
Copyright (C) 2006 Free Software Foundation, Inc.
This is free software; see the source for copying conditions.  There is NO
warranty; not even for MERCHANTABILITY or FITNESS FOR A PARTICULAR PURPOSE.

configure:2349: $? = 0
configure:2351: /home/cvshdr/toolchain/bfin-uclinux/bin/bfin-uclinux-gcc -v </dev/null >&5
Reading specs from /home/cvshdr/toolchain/bfin-uclinux/bin/../lib/gcc/bfin-uclinux/3.4.5/specs
Configured with: /home/test/checkouts/gcc/gcc-3.4/configure --target=bfin-uclinux --prefix=/home/test/gcc-build/gcc-2006_Aug_01_15_20/out-uclinux --enable-threads=posix --with-sysroot=/home/test/gcc-build/gcc-2006_Aug_01_15_20/out-uclinux/bfin-uclinux/runtime --disable-libstdcxx-pch --disable-symvers --disable-libssp --enable-version-specific-runtime-libs
Thread model: posix
gcc version 3.4.5 (ADI cvs)
configure:2354: $? = 0
configure:2356: /home/cvshdr/toolchain/bfin-uclinux/bin/bfin-uclinux-gcc -V </dev/null >&5
bfin-uclinux-gcc: `-V' option must have argument
configure:2359: $? = 1
configure:2382: checking for C compiler default output file name
configure:2385: /home/cvshdr/toolchain/bfin-uclinux/bin/bfin-uclinux-gcc -g -O2   conftest.c  >&5
configure:2388: $? = 0
configure:2434: result: a.out
configure:2439: checking whether the C compiler works
configure:2445: ./a.out
./configure: line 2446: ./a.out: cannot execute binary file
configure:2448: $? = 126
configure:2465: result: yes
configure:2472: checking whether we are cross compiling
configure:2474: result: yes
configure:2477: checking for suffix of executables
configure:2479: /home/cvshdr/toolchain/bfin-uclinux/bin/bfin-uclinux-gcc -o conftest -g -O2   conftest.c  >&5
configure:2482: $? = 0
configure:2507: result: 
configure:2513: checking for suffix of object files
configure:2534: /home/cvshdr/toolchain/bfin-uclinux/bin/bfin-uclinux-gcc -c -g -O2  conftest.c >&5
configure:2537: $? = 0
configure:2559: result: o
configure:2563: checking whether we are using the GNU C compiler
configure:2587: /home/cvshdr/toolchain/bfin-uclinux/bin/bfin-uclinux-gcc -c -g -O2  conftest.c >&5
configure:2593: $? = 0
configure:2597: test -z 
			 || test ! -s conftest.err
configure:2600: $? = 0
configure:2603: test -s conftest.o
configure:2606: $? = 0
configure:2619: result: yes
configure:2625: checking whether /home/cvshdr/toolchain/bfin-uclinux/bin/bfin-uclinux-gcc accepts -g
configure:2646: /home/cvshdr/toolchain/bfin-uclinux/bin/bfin-uclinux-gcc -c -g  conftest.c >&5
configure:2652: $? = 0
configure:2656: test -z 
			 || test ! -s conftest.err
configure:2659: $? = 0
configure:2662: test -s conftest.o
configure:2665: $? = 0
configure:2676: result: yes
configure:2693: checking for /home/cvshdr/toolchain/bfin-uclinux/bin/bfin-uclinux-gcc option to accept ANSI C
configure:2763: /home/cvshdr/toolchain/bfin-uclinux/bin/bfin-uclinux-gcc  -c -g -O2  conftest.c >&5
configure:2769: $? = 0
configure:2773: test -z 
			 || test ! -s conftest.err
configure:2776: $? = 0
configure:2779: test -s conftest.o
configure:2782: $? = 0
configure:2800: result: none needed
configure:2818: /home/cvshdr/toolchain/bfin-uclinux/bin/bfin-uclinux-gcc -c -g -O2  conftest.c >&5
conftest.c:2: error: syntax error before "me"
configure:2824: $? = 1
configure: failed program was:
| #ifndef __cplusplus
|   choke me
| #endif
configure:2968: checking for style of include used by make
configure:2996: result: GNU
configure:3024: checking dependency style of /home/cvshdr/toolchain/bfin-uclinux/bin/bfin-uclinux-gcc
configure:3114: result: none
configure:3132: checking for a sed that does not truncate output
configure:3186: result: /usr/bin/sed
configure:3195: checking build system type
configure:3213: result: i686-pc-linux-gnu
configure:3221: checking host system type
configure:3235: result: bfin-unknown-linux-gnu
configure:3243: checking for egrep
configure:3253: result: grep -E
configure:3269: checking for ld used by /home/cvshdr/toolchain/bfin-uclinux/bin/bfin-uclinux-gcc
configure:3336: result: /home/cvshdr/toolchain/bfin-uclinux/bin/bfin-uclinux-ld
configure:3345: checking if the linker (/home/cvshdr/toolchain/bfin-uclinux/bin/bfin-uclinux-ld) is GNU ld
configure:3360: result: yes
configure:3366: checking for BSD-compatible nm
configure:3408: result: nm
configure:3413: checking whether ln -s works
configure:3417: result: yes
configure:3436: checking for bfin-unknown-linux-gnu-g++
configure:3462: result: /home/cvshdr/toolchain/bfin-uclinux/bin/bfin-uclinux-g++
configure:3520: checking for C++ compiler version
configure:3523: /home/cvshdr/toolchain/bfin-uclinux/bin/bfin-uclinux-g++ --version </dev/null >&5
bfin-uclinux-g++ (GCC) 3.4.5 (ADI cvs)
Copyright (C) 2006 Free Software Foundation, Inc.
This is free software; see the source for copying conditions.  There is NO
warranty; not even for MERCHANTABILITY or FITNESS FOR A PARTICULAR PURPOSE.

configure:3526: $? = 0
configure:3528: /home/cvshdr/toolchain/bfin-uclinux/bin/bfin-uclinux-g++ -v </dev/null >&5
Reading specs from /home/cvshdr/toolchain/bfin-uclinux/bin/../lib/gcc/bfin-uclinux/3.4.5/specs
Configured with: /home/test/checkouts/gcc/gcc-3.4/configure --target=bfin-uclinux --prefix=/home/test/gcc-build/gcc-2006_Aug_01_15_20/out-uclinux --enable-threads=posix --with-sysroot=/home/test/gcc-build/gcc-2006_Aug_01_15_20/out-uclinux/bfin-uclinux/runtime --disable-libstdcxx-pch --disable-symvers --disable-libssp --enable-version-specific-runtime-libs
Thread model: posix
gcc version 3.4.5 (ADI cvs)
configure:3531: $? = 0
configure:3533: /home/cvshdr/toolchain/bfin-uclinux/bin/bfin-uclinux-g++ -V </dev/null >&5
bfin-uclinux-g++: `-V' option must have argument
configure:3536: $? = 1
configure:3539: checking whether we are using the GNU C++ compiler
configure:3563: /home/cvshdr/toolchain/bfin-uclinux/bin/bfin-uclinux-g++ -c -g -O2  conftest.cc >&5
configure:3569: $? = 0
configure:3573: test -z 
			 || test ! -s conftest.err
configure:3576: $? = 0
configure:3579: test -s conftest.o
configure:3582: $? = 0
configure:3595: result: yes
configure:3601: checking whether /home/cvshdr/toolchain/bfin-uclinux/bin/bfin-uclinux-g++ accepts -g
configure:3622: /home/cvshdr/toolchain/bfin-uclinux/bin/bfin-uclinux-g++ -c -g  conftest.cc >&5
configure:3628: $? = 0
configure:3632: test -z 
			 || test ! -s conftest.err
configure:3635: $? = 0
configure:3638: test -s conftest.o
configure:3641: $? = 0
configure:3652: result: yes
configure:3694: /home/cvshdr/toolchain/bfin-uclinux/bin/bfin-uclinux-g++ -c -g -O2  conftest.cc >&5
configure:3700: $? = 0
configure:3704: test -z 
			 || test ! -s conftest.err
configure:3707: $? = 0
configure:3710: test -s conftest.o
configure:3713: $? = 0
configure:3739: /home/cvshdr/toolchain/bfin-uclinux/bin/bfin-uclinux-g++ -c -g -O2  conftest.cc >&5
conftest.cc: In function `int main()':
conftest.cc:15: error: `exit' was not declared in this scope
configure:3745: $? = 1
configure: failed program was:
| /* confdefs.h.  */
| 
| #define PACKAGE_NAME "libtool"
| #define PACKAGE_TARNAME "libtool"
| #define PACKAGE_VERSION "1.5.20"
| #define PACKAGE_STRING "libtool 1.5.20"
| #define PACKAGE_BUGREPORT "bug-libtool@gnu.org"
| #define PACKAGE "libtool"
| #define VERSION "1.5.20"
| /* end confdefs.h.  */
| 
| int
| main ()
| {
| exit (42);
|   ;
|   return 0;
| }
configure:3694: /home/cvshdr/toolchain/bfin-uclinux/bin/bfin-uclinux-g++ -c -g -O2  conftest.cc >&5
configure:3700: $? = 0
configure:3704: test -z 
			 || test ! -s conftest.err
configure:3707: $? = 0
configure:3710: test -s conftest.o
configure:3713: $? = 0
configure:3739: /home/cvshdr/toolchain/bfin-uclinux/bin/bfin-uclinux-g++ -c -g -O2  conftest.cc >&5
configure:3745: $? = 0
configure:3749: test -z 
			 || test ! -s conftest.err
configure:3752: $? = 0
configure:3755: test -s conftest.o
configure:3758: $? = 0
configure:3783: checking dependency style of /home/cvshdr/toolchain/bfin-uclinux/bin/bfin-uclinux-g++
configure:3873: result: none
configure:3914: checking for bfin-unknown-linux-gnu-g77
configure:3943: result: no
configure:3914: checking for bfin-unknown-linux-gnu-f77
configure:3943: result: no
configure:3914: checking for bfin-unknown-linux-gnu-xlf
configure:3943: result: no
configure:3914: checking for bfin-unknown-linux-gnu-frt
configure:3943: result: no
configure:3914: checking for bfin-unknown-linux-gnu-pgf77
configure:3943: result: no
configure:3914: checking for bfin-unknown-linux-gnu-fort77
configure:3943: result: no
configure:3914: checking for bfin-unknown-linux-gnu-fl32
configure:3943: result: no
configure:3914: checking for bfin-unknown-linux-gnu-af77
configure:3943: result: no
configure:3914: checking for bfin-unknown-linux-gnu-f90
configure:3943: result: no
configure:3914: checking for bfin-unknown-linux-gnu-xlf90
configure:3943: result: no
configure:3914: checking for bfin-unknown-linux-gnu-pgf90
configure:3943: result: no
configure:3914: checking for bfin-unknown-linux-gnu-epcf90
configure:3943: result: no
configure:3914: checking for bfin-unknown-linux-gnu-f95
configure:3943: result: no
configure:3914: checking for bfin-unknown-linux-gnu-fort
configure:3943: result: no
configure:3914: checking for bfin-unknown-linux-gnu-xlf95
configure:3943: result: no
configure:3914: checking for bfin-unknown-linux-gnu-ifc
configure:3943: result: no
configure:3914: checking for bfin-unknown-linux-gnu-efc
configure:3943: result: no
configure:3914: checking for bfin-unknown-linux-gnu-pgf95
configure:3943: result: no
configure:3914: checking for bfin-unknown-linux-gnu-lf95
configure:3943: result: no
configure:3914: checking for bfin-unknown-linux-gnu-gfortran
configure:3943: result: no
configure:3956: checking for g77
configure:3985: result: no
configure:3956: checking for f77
configure:3985: result: no
configure:3956: checking for xlf
configure:3985: result: no
configure:3956: checking for frt
configure:3985: result: no
configure:3956: checking for pgf77
configure:3985: result: no
configure:3956: checking for fort77
configure:3985: result: no
configure:3956: checking for fl32
configure:3985: result: no
configure:3956: checking for af77
configure:3985: result: no
configure:3956: checking for f90
configure:3985: result: no
configure:3956: checking for xlf90
configure:3985: result: no
configure:3956: checking for pgf90
configure:3985: result: no
configure:3956: checking for epcf90
configure:3985: result: no
configure:3956: checking for f95
configure:3985: result: no
configure:3956: checking for fort
configure:3985: result: no
configure:3956: checking for xlf95
configure:3985: result: no
configure:3956: checking for ifc
configure:3985: result: no
configure:3956: checking for efc
configure:3985: result: no
configure:3956: checking for pgf95
configure:3985: result: no
configure:3956: checking for lf95
configure:3985: result: no
configure:3956: checking for gfortran
configure:3985: result: no
configure:3997: checking for Fortran 77 compiler version
configure:4000:  --version </dev/null >&5
./configure: line 4001: --version: command not found
configure:4003: $? = 127
configure:4005:  -v </dev/null >&5
./configure: line 4006: -v: command not found
configure:4008: $? = 127
configure:4010:  -V </dev/null >&5
./configure: line 4011: -V: command not found
configure:4013: $? = 127
configure:4021: checking whether we are using the GNU Fortran 77 compiler
configure:4035:  -c  conftest.F >&5
./configure: line 4036: -c: command not found
configure:4041: $? = 127
configure: failed program was:
|       program main
| #ifndef __GNUC__
|        choke me
| #endif
| 
|       end
configure:4067: result: no
configure:4073: checking whether  accepts -g
configure:4085:  -c -g conftest.f >&5
./configure: line 4086: -c: command not found
configure:4091: $? = 127
configure: failed program was:
|       program main
| 
|       end
configure:4116: result: no
configure:4159: checking for bfin-unknown-linux-gnu-gcj
configure:4188: result: no
configure:4197: checking for gcj
configure:4213: found /usr/bin/gcj
configure:4224: result: gcj
configure:4253: checking for bfin-unknown-linux-gnu-windres
configure:4282: result: no
configure:4291: checking for windres
configure:4318: result: no
configure:4423: checking for /home/cvshdr/toolchain/bfin-uclinux/bin/bfin-uclinux-ld option to reload object files
configure:4430: result: -r
configure:4448: checking how to recognise dependent libraries
configure:4620: result: pass_all
configure:5075: checking how to run the C preprocessor
configure:5110: /home/cvshdr/toolchain/bfin-uclinux/bin/bfin-uclinux-gcc -E  conftest.c
configure:5116: $? = 0
configure:5148: /home/cvshdr/toolchain/bfin-uclinux/bin/bfin-uclinux-gcc -E  conftest.c
conftest.c:14:28: ac_nonexistent.h: No such file or directory
configure:5154: $? = 1
configure: failed program was:
| /* confdefs.h.  */
| 
| #define PACKAGE_NAME "libtool"
| #define PACKAGE_TARNAME "libtool"
| #define PACKAGE_VERSION "1.5.20"
| #define PACKAGE_STRING "libtool 1.5.20"
| #define PACKAGE_BUGREPORT "bug-libtool@gnu.org"
| #define PACKAGE "libtool"
| #define VERSION "1.5.20"
| #ifdef __cplusplus
| extern "C" void std::exit (int) throw (); using std::exit;
| #endif
| /* end confdefs.h.  */
| #include <ac_nonexistent.h>
configure:5193: result: /home/cvshdr/toolchain/bfin-uclinux/bin/bfin-uclinux-gcc -E
configure:5217: /home/cvshdr/toolchain/bfin-uclinux/bin/bfin-uclinux-gcc -E  conftest.c
configure:5223: $? = 0
configure:5255: /home/cvshdr/toolchain/bfin-uclinux/bin/bfin-uclinux-gcc -E  conftest.c
conftest.c:14:28: ac_nonexistent.h: No such file or directory
configure:5261: $? = 1
configure: failed program was:
| /* confdefs.h.  */
| 
| #define PACKAGE_NAME "libtool"
| #define PACKAGE_TARNAME "libtool"
| #define PACKAGE_VERSION "1.5.20"
| #define PACKAGE_STRING "libtool 1.5.20"
| #define PACKAGE_BUGREPORT "bug-libtool@gnu.org"
| #define PACKAGE "libtool"
| #define VERSION "1.5.20"
| #ifdef __cplusplus
| extern "C" void std::exit (int) throw (); using std::exit;
| #endif
| /* end confdefs.h.  */
| #include <ac_nonexistent.h>
configure:5305: checking for ANSI C header files
configure:5330: /home/cvshdr/toolchain/bfin-uclinux/bin/bfin-uclinux-gcc -c -g -O2  conftest.c >&5
configure:5336: $? = 0
configure:5340: test -z 
			 || test ! -s conftest.err
configure:5343: $? = 0
configure:5346: test -s conftest.o
configure:5349: $? = 0
configure:5461: result: yes
configure:5485: checking for sys/types.h
configure:5501: /home/cvshdr/toolchain/bfin-uclinux/bin/bfin-uclinux-gcc -c -g -O2  conftest.c >&5
configure:5507: $? = 0
configure:5511: test -z 
			 || test ! -s conftest.err
configure:5514: $? = 0
configure:5517: test -s conftest.o
configure:5520: $? = 0
configure:5531: result: yes
configure:5485: checking for sys/stat.h
configure:5501: /home/cvshdr/toolchain/bfin-uclinux/bin/bfin-uclinux-gcc -c -g -O2  conftest.c >&5
configure:5507: $? = 0
configure:5511: test -z 
			 || test ! -s conftest.err
configure:5514: $? = 0
configure:5517: test -s conftest.o
configure:5520: $? = 0
configure:5531: result: yes
configure:5485: checking for stdlib.h
configure:5501: /home/cvshdr/toolchain/bfin-uclinux/bin/bfin-uclinux-gcc -c -g -O2  conftest.c >&5
configure:5507: $? = 0
configure:5511: test -z 
			 || test ! -s conftest.err
configure:5514: $? = 0
configure:5517: test -s conftest.o
configure:5520: $? = 0
configure:5531: result: yes
configure:5485: checking for string.h
configure:5501: /home/cvshdr/toolchain/bfin-uclinux/bin/bfin-uclinux-gcc -c -g -O2  conftest.c >&5
configure:5507: $? = 0
configure:5511: test -z 
			 || test ! -s conftest.err
configure:5514: $? = 0
configure:5517: test -s conftest.o
configure:5520: $? = 0
configure:5531: result: yes
configure:5485: checking for memory.h
configure:5501: /home/cvshdr/toolchain/bfin-uclinux/bin/bfin-uclinux-gcc -c -g -O2  conftest.c >&5
configure:5507: $? = 0
configure:5511: test -z 
			 || test ! -s conftest.err
configure:5514: $? = 0
configure:5517: test -s conftest.o
configure:5520: $? = 0
configure:5531: result: yes
configure:5485: checking for strings.h
configure:5501: /home/cvshdr/toolchain/bfin-uclinux/bin/bfin-uclinux-gcc -c -g -O2  conftest.c >&5
configure:5507: $? = 0
configure:5511: test -z 
			 || test ! -s conftest.err
configure:5514: $? = 0
configure:5517: test -s conftest.o
configure:5520: $? = 0
configure:5531: result: yes
configure:5485: checking for inttypes.h
configure:5501: /home/cvshdr/toolchain/bfin-uclinux/bin/bfin-uclinux-gcc -c -g -O2  conftest.c >&5
configure:5507: $? = 0
configure:5511: test -z 
			 || test ! -s conftest.err
configure:5514: $? = 0
configure:5517: test -s conftest.o
configure:5520: $? = 0
configure:5531: result: yes
configure:5485: checking for stdint.h
configure:5501: /home/cvshdr/toolchain/bfin-uclinux/bin/bfin-uclinux-gcc -c -g -O2  conftest.c >&5
configure:5507: $? = 0
configure:5511: test -z 
			 || test ! -s conftest.err
configure:5514: $? = 0
configure:5517: test -s conftest.o
configure:5520: $? = 0
configure:5531: result: yes
configure:5485: checking for unistd.h
configure:5501: /home/cvshdr/toolchain/bfin-uclinux/bin/bfin-uclinux-gcc -c -g -O2  conftest.c >&5
configure:5507: $? = 0
configure:5511: test -z 
			 || test ! -s conftest.err
configure:5514: $? = 0
configure:5517: test -s conftest.o
configure:5520: $? = 0
configure:5531: result: yes
configure:5557: checking dlfcn.h usability
configure:5569: /home/cvshdr/toolchain/bfin-uclinux/bin/bfin-uclinux-gcc -c -g -O2  conftest.c >&5
configure:5575: $? = 0
configure:5579: test -z 
			 || test ! -s conftest.err
configure:5582: $? = 0
configure:5585: test -s conftest.o
configure:5588: $? = 0
configure:5598: result: yes
configure:5602: checking dlfcn.h presence
configure:5612: /home/cvshdr/toolchain/bfin-uclinux/bin/bfin-uclinux-gcc -E  conftest.c
configure:5618: $? = 0
configure:5638: result: yes
configure:5673: checking for dlfcn.h
configure:5680: result: yes
configure:5703: checking how to run the C++ preprocessor
configure:5734: /home/cvshdr/toolchain/bfin-uclinux/bin/bfin-uclinux-g++ -E  conftest.cc
configure:5740: $? = 0
configure:5772: /home/cvshdr/toolchain/bfin-uclinux/bin/bfin-uclinux-g++ -E  conftest.cc
conftest.cc:25:28: ac_nonexistent.h: No such file or directory
configure:5778: $? = 1
configure: failed program was:
| /* confdefs.h.  */
| 
| #define PACKAGE_NAME "libtool"
| #define PACKAGE_TARNAME "libtool"
| #define PACKAGE_VERSION "1.5.20"
| #define PACKAGE_STRING "libtool 1.5.20"
| #define PACKAGE_BUGREPORT "bug-libtool@gnu.org"
| #define PACKAGE "libtool"
| #define VERSION "1.5.20"
| #ifdef __cplusplus
| extern "C" void std::exit (int) throw (); using std::exit;
| #endif
| #define STDC_HEADERS 1
| #define HAVE_SYS_TYPES_H 1
| #define HAVE_SYS_STAT_H 1
| #define HAVE_STDLIB_H 1
| #define HAVE_STRING_H 1
| #define HAVE_MEMORY_H 1
| #define HAVE_STRINGS_H 1
| #define HAVE_INTTYPES_H 1
| #define HAVE_STDINT_H 1
| #define HAVE_UNISTD_H 1
| #define HAVE_DLFCN_H 1
| /* end confdefs.h.  */
| #include <ac_nonexistent.h>
configure:5817: result: /home/cvshdr/toolchain/bfin-uclinux/bin/bfin-uclinux-g++ -E
configure:5841: /home/cvshdr/toolchain/bfin-uclinux/bin/bfin-uclinux-g++ -E  conftest.cc
configure:5847: $? = 0
configure:5879: /home/cvshdr/toolchain/bfin-uclinux/bin/bfin-uclinux-g++ -E  conftest.cc
conftest.cc:25:28: ac_nonexistent.h: No such file or directory
configure:5885: $? = 1
configure: failed program was:
| /* confdefs.h.  */
| 
| #define PACKAGE_NAME "libtool"
| #define PACKAGE_TARNAME "libtool"
| #define PACKAGE_VERSION "1.5.20"
| #define PACKAGE_STRING "libtool 1.5.20"
| #define PACKAGE_BUGREPORT "bug-libtool@gnu.org"
| #define PACKAGE "libtool"
| #define VERSION "1.5.20"
| #ifdef __cplusplus
| extern "C" void std::exit (int) throw (); using std::exit;
| #endif
| #define STDC_HEADERS 1
| #define HAVE_SYS_TYPES_H 1
| #define HAVE_SYS_STAT_H 1
| #define HAVE_STDLIB_H 1
| #define HAVE_STRING_H 1
| #define HAVE_MEMORY_H 1
| #define HAVE_STRINGS_H 1
| #define HAVE_INTTYPES_H 1
| #define HAVE_STDINT_H 1
| #define HAVE_UNISTD_H 1
| #define HAVE_DLFCN_H 1
| /* end confdefs.h.  */
| #include <ac_nonexistent.h>
configure:5936: checking the maximum length of command line arguments
configure:6028: result: 32768
configure:6039: checking command to parse nm output from /home/cvshdr/toolchain/bfin-uclinux/bin/bfin-uclinux-gcc object
configure:6135: /home/cvshdr/toolchain/bfin-uclinux/bin/bfin-uclinux-g++ -c -g -O2  conftest.cc >&5
configure:6138: $? = 0
configure:6142: nm conftest.o \| sed -n -e 's/^.*[ 	]\([ABCDGIRSTW][ABCDGIRSTW]*\)[ 	][ 	]*\([_A-Za-z][_A-Za-z0-9]*\)$/\1 \2 \2/p' \> conftest.nm
configure:6145: $? = 0
cannot find nm_test_var in conftest.nm
configure:6135: /home/cvshdr/toolchain/bfin-uclinux/bin/bfin-uclinux-g++ -c -g -O2  conftest.cc >&5
configure:6138: $? = 0
configure:6142: nm conftest.o \| sed -n -e 's/^.*[ 	]\([ABCDGIRSTW][ABCDGIRSTW]*\)[ 	][ 	]*_\([_A-Za-z][_A-Za-z0-9]*\)$/\1 _\2 \2/p' \> conftest.nm
configure:6145: $? = 0
configure:6197: /home/cvshdr/toolchain/bfin-uclinux/bin/bfin-uclinux-g++ -o conftest -g -O2   conftest.cc conftstm.o >&5
configure:6200: $? = 0
configure:6238: result: ok
configure:6242: checking for objdir
configure:6257: result: .libs
configure:6309: checking for bfin-unknown-linux-gnu-ar
configure:6335: result: /home/cvshdr/toolchain/bfin-uclinux/bin/bfin-uclinux-ar
configure:6389: checking for bfin-unknown-linux-gnu-ranlib
configure:6415: result: /home/cvshdr/toolchain/bfin-uclinux/bin/bfin-uclinux-ranlib
configure:6469: checking for bfin-unknown-linux-gnu-strip
configure:6495: result: strip
configure:6821: checking if /home/cvshdr/toolchain/bfin-uclinux/bin/bfin-uclinux-gcc static flag  works
configure:6849: result: yes
configure:6871: checking if /home/cvshdr/toolchain/bfin-uclinux/bin/bfin-uclinux-gcc supports -fno-rtti -fno-exceptions
configure:6889: /home/cvshdr/toolchain/bfin-uclinux/bin/bfin-uclinux-gcc -c -g -O2  -fno-rtti -fno-exceptions conftest.c >&5
cc1: warning: command line option "-fno-rtti" is valid for C++/ObjC++ but not for C
configure:6893: $? = 0
configure:6906: result: no
configure:6921: checking for /home/cvshdr/toolchain/bfin-uclinux/bin/bfin-uclinux-gcc option to produce PIC
configure:7125: result: -fPIC
configure:7133: checking if /home/cvshdr/toolchain/bfin-uclinux/bin/bfin-uclinux-gcc PIC flag -fPIC works
configure:7151: /home/cvshdr/toolchain/bfin-uclinux/bin/bfin-uclinux-gcc -c -g -O2  -fPIC -DPIC conftest.c >&5
configure:7155: $? = 0
configure:7168: result: yes
configure:7192: checking if /home/cvshdr/toolchain/bfin-uclinux/bin/bfin-uclinux-gcc supports -c -o file.o
configure:7213: /home/cvshdr/toolchain/bfin-uclinux/bin/bfin-uclinux-gcc -c -g -O2  -o out/conftest2.o conftest.c >&5
configure:7217: $? = 0
configure:7239: result: yes
configure:7265: checking whether the /home/cvshdr/toolchain/bfin-uclinux/bin/bfin-uclinux-gcc linker (/home/cvshdr/toolchain/bfin-uclinux/bin/bfin-uclinux-ld) supports shared libraries
configure:8161: result: yes
configure:8232: checking dynamic linker characteristics
configure:8786: result: GNU/Linux ld.so
configure:8790: checking how to hardcode library paths into programs
configure:8815: result: immediate
configure:8829: checking whether stripping libraries is possible
configure:8834: result: yes
configure:8960: checking for shl_load
configure:9017: /home/cvshdr/toolchain/bfin-uclinux/bin/bfin-uclinux-gcc -o conftest -g -O2   conftest.c  >&5
/tmp/ccSuZwjS.o(.text+0xa): In function `main':
/home/cvshdr/uclinux-outcvs/uClinux-dist/lib/libtool/conftest.c:65: undefined reference to `_shl_load'
/tmp/ccSuZwjS.o(.text+0x10):/home/cvshdr/uclinux-outcvs/uClinux-dist/lib/libtool/conftest.c:65: undefined reference to `_shl_load'
/tmp/ccSuZwjS.o(.data+0x0): undefined reference to `_shl_load'
collect2: ld returned 1 exit status
configure:9023: $? = 1
configure: failed program was:
| /* confdefs.h.  */
| 
| #define PACKAGE_NAME "libtool"
| #define PACKAGE_TARNAME "libtool"
| #define PACKAGE_VERSION "1.5.20"
| #define PACKAGE_STRING "libtool 1.5.20"
| #define PACKAGE_BUGREPORT "bug-libtool@gnu.org"
| #define PACKAGE "libtool"
| #define VERSION "1.5.20"
| #ifdef __cplusplus
| extern "C" void std::exit (int) throw (); using std::exit;
| #endif
| #define STDC_HEADERS 1
| #define HAVE_SYS_TYPES_H 1
| #define HAVE_SYS_STAT_H 1
| #define HAVE_STDLIB_H 1
| #define HAVE_STRING_H 1
| #define HAVE_MEMORY_H 1
| #define HAVE_STRINGS_H 1
| #define HAVE_INTTYPES_H 1
| #define HAVE_STDINT_H 1
| #define HAVE_UNISTD_H 1
| #define HAVE_DLFCN_H 1
| /* end confdefs.h.  */
| /* Define shl_load to an innocuous variant, in case <limits.h> declares shl_load.
|    For example, HP-UX 11i <limits.h> declares gettimeofday.  */
| #define shl_load innocuous_shl_load
| 
| /* System header to define __stub macros and hopefully few prototypes,
|     which can conflict with char shl_load (); below.
|     Prefer <limits.h> to <assert.h> if __STDC__ is defined, since
|     <limits.h> exists even on freestanding compilers.  */
| 
| #ifdef __STDC__
| # include <limits.h>
| #else
| # include <assert.h>
| #endif
| 
| #undef shl_load
| 
| /* Override any gcc2 internal prototype to avoid an error.  */
| #ifdef __cplusplus
| extern "C"
| {
| #endif
| /* We use char because int might match the return type of a gcc2
|    builtin and then its argument prototype would still apply.  */
| char shl_load ();
| /* The GNU C library defines this for functions which it implements
|     to always fail with ENOSYS.  Some functions are actually named
|     something starting with __ and the normal name is an alias.  */
| #if defined (__stub_shl_load) || defined (__stub___shl_load)
| choke me
| #else
| char (*f) () = shl_load;
| #endif
| #ifdef __cplusplus
| }
| #endif
| 
| int
| main ()
| {
| return f != shl_load;
|   ;
|   return 0;
| }
configure:9048: result: no
configure:9053: checking for shl_load in -ldld
configure:9083: /home/cvshdr/toolchain/bfin-uclinux/bin/bfin-uclinux-gcc -o conftest -g -O2   conftest.c -ldld   >&5
/home/cvshdr/toolchain/bfin-uclinux/bin/../lib/gcc/bfin-uclinux/3.4.5/../../../../bfin-uclinux/bin/ld.real: cannot find -ldld
collect2: ld returned 1 exit status
configure:9089: $? = 1
configure: failed program was:
| /* confdefs.h.  */
| 
| #define PACKAGE_NAME "libtool"
| #define PACKAGE_TARNAME "libtool"
| #define PACKAGE_VERSION "1.5.20"
| #define PACKAGE_STRING "libtool 1.5.20"
| #define PACKAGE_BUGREPORT "bug-libtool@gnu.org"
| #define PACKAGE "libtool"
| #define VERSION "1.5.20"
| #ifdef __cplusplus
| extern "C" void std::exit (int) throw (); using std::exit;
| #endif
| #define STDC_HEADERS 1
| #define HAVE_SYS_TYPES_H 1
| #define HAVE_SYS_STAT_H 1
| #define HAVE_STDLIB_H 1
| #define HAVE_STRING_H 1
| #define HAVE_MEMORY_H 1
| #define HAVE_STRINGS_H 1
| #define HAVE_INTTYPES_H 1
| #define HAVE_STDINT_H 1
| #define HAVE_UNISTD_H 1
| #define HAVE_DLFCN_H 1
| /* end confdefs.h.  */
| 
| /* Override any gcc2 internal prototype to avoid an error.  */
| #ifdef __cplusplus
| extern "C"
| #endif
| /* We use char because int might match the return type of a gcc2
|    builtin and then its argument prototype would still apply.  */
| char shl_load ();
| int
| main ()
| {
| shl_load ();
|   ;
|   return 0;
| }
configure:9115: result: no
configure:9120: checking for dlopen
configure:9177: /home/cvshdr/toolchain/bfin-uclinux/bin/bfin-uclinux-gcc -o conftest -g -O2   conftest.c  >&5
/tmp/ccqNfm3j.o(.text+0xa): In function `main':
/home/cvshdr/uclinux-outcvs/uClinux-dist/lib/libtool/conftest.c:65: undefined reference to `_dlopen'
/tmp/ccqNfm3j.o(.text+0x10):/home/cvshdr/uclinux-outcvs/uClinux-dist/lib/libtool/conftest.c:65: undefined reference to `_dlopen'
/tmp/ccqNfm3j.o(.data+0x0): undefined reference to `_dlopen'
collect2: ld returned 1 exit status
configure:9183: $? = 1
configure: failed program was:
| /* confdefs.h.  */
| 
| #define PACKAGE_NAME "libtool"
| #define PACKAGE_TARNAME "libtool"
| #define PACKAGE_VERSION "1.5.20"
| #define PACKAGE_STRING "libtool 1.5.20"
| #define PACKAGE_BUGREPORT "bug-libtool@gnu.org"
| #define PACKAGE "libtool"
| #define VERSION "1.5.20"
| #ifdef __cplusplus
| extern "C" void std::exit (int) throw (); using std::exit;
| #endif
| #define STDC_HEADERS 1
| #define HAVE_SYS_TYPES_H 1
| #define HAVE_SYS_STAT_H 1
| #define HAVE_STDLIB_H 1
| #define HAVE_STRING_H 1
| #define HAVE_MEMORY_H 1
| #define HAVE_STRINGS_H 1
| #define HAVE_INTTYPES_H 1
| #define HAVE_STDINT_H 1
| #define HAVE_UNISTD_H 1
| #define HAVE_DLFCN_H 1
| /* end confdefs.h.  */
| /* Define dlopen to an innocuous variant, in case <limits.h> declares dlopen.
|    For example, HP-UX 11i <limits.h> declares gettimeofday.  */
| #define dlopen innocuous_dlopen
| 
| /* System header to define __stub macros and hopefully few prototypes,
|     which can conflict with char dlopen (); below.
|     Prefer <limits.h> to <assert.h> if __STDC__ is defined, since
|     <limits.h> exists even on freestanding compilers.  */
| 
| #ifdef __STDC__
| # include <limits.h>
| #else
| # include <assert.h>
| #endif
| 
| #undef dlopen
| 
| /* Override any gcc2 internal prototype to avoid an error.  */
| #ifdef __cplusplus
| extern "C"
| {
| #endif
| /* We use char because int might match the return type of a gcc2
|    builtin and then its argument prototype would still apply.  */
| char dlopen ();
| /* The GNU C library defines this for functions which it implements
|     to always fail with ENOSYS.  Some functions are actually named
|     something starting with __ and the normal name is an alias.  */
| #if defined (__stub_dlopen) || defined (__stub___dlopen)
| choke me
| #else
| char (*f) () = dlopen;
| #endif
| #ifdef __cplusplus
| }
| #endif
| 
| int
| main ()
| {
| return f != dlopen;
|   ;
|   return 0;
| }
configure:9208: result: no
configure:9213: checking for dlopen in -ldl
configure:9243: /home/cvshdr/toolchain/bfin-uclinux/bin/bfin-uclinux-gcc -o conftest -g -O2   conftest.c -ldl   >&5
/home/cvshdr/toolchain/bfin-uclinux/bin/../lib/gcc/bfin-uclinux/3.4.5/../../../../bfin-uclinux/bin/ld.real: cannot find -ldl
collect2: ld returned 1 exit status
configure:9249: $? = 1
configure: failed program was:
| /* confdefs.h.  */
| 
| #define PACKAGE_NAME "libtool"
| #define PACKAGE_TARNAME "libtool"
| #define PACKAGE_VERSION "1.5.20"
| #define PACKAGE_STRING "libtool 1.5.20"
| #define PACKAGE_BUGREPORT "bug-libtool@gnu.org"
| #define PACKAGE "libtool"
| #define VERSION "1.5.20"
| #ifdef __cplusplus
| extern "C" void std::exit (int) throw (); using std::exit;
| #endif
| #define STDC_HEADERS 1
| #define HAVE_SYS_TYPES_H 1
| #define HAVE_SYS_STAT_H 1
| #define HAVE_STDLIB_H 1
| #define HAVE_STRING_H 1
| #define HAVE_MEMORY_H 1
| #define HAVE_STRINGS_H 1
| #define HAVE_INTTYPES_H 1
| #define HAVE_STDINT_H 1
| #define HAVE_UNISTD_H 1
| #define HAVE_DLFCN_H 1
| /* end confdefs.h.  */
| 
| /* Override any gcc2 internal prototype to avoid an error.  */
| #ifdef __cplusplus
| extern "C"
| #endif
| /* We use char because int might match the return type of a gcc2
|    builtin and then its argument prototype would still apply.  */
| char dlopen ();
| int
| main ()
| {
| dlopen ();
|   ;
|   return 0;
| }
configure:9275: result: no
configure:9280: checking for dlopen in -lsvld
configure:9310: /home/cvshdr/toolchain/bfin-uclinux/bin/bfin-uclinux-gcc -o conftest -g -O2   conftest.c -lsvld   >&5
/home/cvshdr/toolchain/bfin-uclinux/bin/../lib/gcc/bfin-uclinux/3.4.5/../../../../bfin-uclinux/bin/ld.real: cannot find -lsvld
collect2: ld returned 1 exit status
configure:9316: $? = 1
configure: failed program was:
| /* confdefs.h.  */
| 
| #define PACKAGE_NAME "libtool"
| #define PACKAGE_TARNAME "libtool"
| #define PACKAGE_VERSION "1.5.20"
| #define PACKAGE_STRING "libtool 1.5.20"
| #define PACKAGE_BUGREPORT "bug-libtool@gnu.org"
| #define PACKAGE "libtool"
| #define VERSION "1.5.20"
| #ifdef __cplusplus
| extern "C" void std::exit (int) throw (); using std::exit;
| #endif
| #define STDC_HEADERS 1
| #define HAVE_SYS_TYPES_H 1
| #define HAVE_SYS_STAT_H 1
| #define HAVE_STDLIB_H 1
| #define HAVE_STRING_H 1
| #define HAVE_MEMORY_H 1
| #define HAVE_STRINGS_H 1
| #define HAVE_INTTYPES_H 1
| #define HAVE_STDINT_H 1
| #define HAVE_UNISTD_H 1
| #define HAVE_DLFCN_H 1
| /* end confdefs.h.  */
| 
| /* Override any gcc2 internal prototype to avoid an error.  */
| #ifdef __cplusplus
| extern "C"
| #endif
| /* We use char because int might match the return type of a gcc2
|    builtin and then its argument prototype would still apply.  */
| char dlopen ();
| int
| main ()
| {
| dlopen ();
|   ;
|   return 0;
| }
configure:9342: result: no
configure:9347: checking for dld_link in -ldld
configure:9377: /home/cvshdr/toolchain/bfin-uclinux/bin/bfin-uclinux-gcc -o conftest -g -O2   conftest.c -ldld   >&5
/home/cvshdr/toolchain/bfin-uclinux/bin/../lib/gcc/bfin-uclinux/3.4.5/../../../../bfin-uclinux/bin/ld.real: cannot find -ldld
collect2: ld returned 1 exit status
configure:9383: $? = 1
configure: failed program was:
| /* confdefs.h.  */
| 
| #define PACKAGE_NAME "libtool"
| #define PACKAGE_TARNAME "libtool"
| #define PACKAGE_VERSION "1.5.20"
| #define PACKAGE_STRING "libtool 1.5.20"
| #define PACKAGE_BUGREPORT "bug-libtool@gnu.org"
| #define PACKAGE "libtool"
| #define VERSION "1.5.20"
| #ifdef __cplusplus
| extern "C" void std::exit (int) throw (); using std::exit;
| #endif
| #define STDC_HEADERS 1
| #define HAVE_SYS_TYPES_H 1
| #define HAVE_SYS_STAT_H 1
| #define HAVE_STDLIB_H 1
| #define HAVE_STRING_H 1
| #define HAVE_MEMORY_H 1
| #define HAVE_STRINGS_H 1
| #define HAVE_INTTYPES_H 1
| #define HAVE_STDINT_H 1
| #define HAVE_UNISTD_H 1
| #define HAVE_DLFCN_H 1
| /* end confdefs.h.  */
| 
| /* Override any gcc2 internal prototype to avoid an error.  */
| #ifdef __cplusplus
| extern "C"
| #endif
| /* We use char because int might match the return type of a gcc2
|    builtin and then its argument prototype would still apply.  */
| char dld_link ();
| int
| main ()
| {
| dld_link ();
|   ;
|   return 0;
| }
configure:9409: result: no
configure:9664: checking if libtool supports shared libraries
configure:9666: result: yes
configure:9669: checking whether to build shared libraries
configure:9690: result: no
configure:9693: checking whether to build static libraries
configure:9697: result: yes
configure:9789: creating libtool
configure:10367: checking for ld used by /home/cvshdr/toolchain/bfin-uclinux/bin/bfin-uclinux-g++
configure:10434: result: /home/cvshdr/toolchain/bfin-uclinux/bin/bfin-uclinux-ld
configure:10443: checking if the linker (/home/cvshdr/toolchain/bfin-uclinux/bin/bfin-uclinux-ld) is GNU ld
configure:10458: result: yes
configure:10509: checking whether the /home/cvshdr/toolchain/bfin-uclinux/bin/bfin-uclinux-g++ linker (/home/cvshdr/toolchain/bfin-uclinux/bin/bfin-uclinux-ld) supports shared libraries
configure:11389: result: yes
configure:11411: /home/cvshdr/toolchain/bfin-uclinux/bin/bfin-uclinux-g++ -c -g -O2  conftest.cpp >&5
configure:11414: $? = 0
configure:11524: checking for /home/cvshdr/toolchain/bfin-uclinux/bin/bfin-uclinux-g++ option to produce PIC
configure:11792: result: -fPIC
configure:11800: checking if /home/cvshdr/toolchain/bfin-uclinux/bin/bfin-uclinux-g++ PIC flag -fPIC works
configure:11818: /home/cvshdr/toolchain/bfin-uclinux/bin/bfin-uclinux-g++ -c -g -O2  -fPIC -DPIC conftest.cpp >&5
configure:11822: $? = 0
configure:11835: result: yes
configure:11859: checking if /home/cvshdr/toolchain/bfin-uclinux/bin/bfin-uclinux-g++ supports -c -o file.o
configure:11880: /home/cvshdr/toolchain/bfin-uclinux/bin/bfin-uclinux-g++ -c -g -O2  -o out/conftest2.o conftest.cpp >&5
configure:11884: $? = 0
configure:11906: result: yes
configure:11932: checking whether the /home/cvshdr/toolchain/bfin-uclinux/bin/bfin-uclinux-g++ linker (/home/cvshdr/toolchain/bfin-uclinux/bin/bfin-uclinux-ld) supports shared libraries
configure:11957: result: yes
configure:12028: checking dynamic linker characteristics
configure:12582: result: GNU/Linux ld.so
configure:12586: checking how to hardcode library paths into programs
configure:12611: result: immediate
configure:12625: checking whether stripping libraries is possible
configure:12630: result: yes
configure:16418: checking if gcj supports -fno-rtti -fno-exceptions
configure:16453: result: no
configure:16468: checking for gcj option to produce PIC
configure:16672: result: -fPIC
configure:16680: checking if gcj PIC flag -fPIC works
configure:16698: gcj -c -g -O2  -fPIC conftest.java >&5
configure:16702: $? = 0
configure:16715: result: yes
configure:16739: checking if gcj supports -c -o file.o
configure:16760: gcj -c -g -O2  -o out/conftest2.o conftest.java >&5
configure:16764: $? = 0
configure:16786: result: yes
configure:16812: checking whether the gcj linker (/home/cvshdr/toolchain/bfin-uclinux/bin/bfin-uclinux-ld) supports shared libraries
configure:17708: result: yes
configure:17779: checking dynamic linker characteristics
configure:18333: result: GNU/Linux ld.so
configure:18337: checking how to hardcode library paths into programs
configure:18362: result: immediate
configure:18376: checking whether stripping libraries is possible
configure:18381: result: yes
configure:20342: creating ./config.status

## ---------------- ##
## Cache variables. ##
## ---------------- ##

ac_cv_build=i686-pc-linux-gnu
ac_cv_build_alias=i686-pc-linux-gnu
ac_cv_c_compiler_gnu=yes
ac_cv_cxx_compiler_gnu=yes
ac_cv_env_CC_set=set
ac_cv_env_CC_value=/home/cvshdr/toolchain/bfin-uclinux/bin/bfin-uclinux-gcc
ac_cv_env_CFLAGS_set=set
ac_cv_env_CFLAGS_value='-g -O2'
ac_cv_env_CPPFLAGS_set=
ac_cv_env_CPPFLAGS_value=
ac_cv_env_CPP_set=
ac_cv_env_CPP_value=
ac_cv_env_CXXCPP_set=
ac_cv_env_CXXCPP_value=
ac_cv_env_CXXFLAGS_set=set
ac_cv_env_CXXFLAGS_value='-g -O2'
ac_cv_env_CXX_set=set
ac_cv_env_CXX_value=/home/cvshdr/toolchain/bfin-uclinux/bin/bfin-uclinux-g++
ac_cv_env_F77_set=
ac_cv_env_F77_value=
ac_cv_env_FFLAGS_set=
ac_cv_env_FFLAGS_value=
ac_cv_env_LDFLAGS_set=set
ac_cv_env_LDFLAGS_value=
ac_cv_env_build_alias_set=
ac_cv_env_build_alias_value=
ac_cv_env_host_alias_set=set
ac_cv_env_host_alias_value=bfin-unknown-linux-gnu
ac_cv_env_target_alias_set=
ac_cv_env_target_alias_value=
ac_cv_exeext=
ac_cv_f77_compiler_gnu=no
ac_cv_func_dlopen=no
ac_cv_func_shl_load=no
ac_cv_header_dlfcn_h=yes
ac_cv_header_inttypes_h=yes
ac_cv_header_memory_h=yes
ac_cv_header_stdc=yes
ac_cv_header_stdint_h=yes
ac_cv_header_stdlib_h=yes
ac_cv_header_string_h=yes
ac_cv_header_strings_h=yes
ac_cv_header_sys_stat_h=yes
ac_cv_header_sys_types_h=yes
ac_cv_header_unistd_h=yes
ac_cv_host=bfin-unknown-linux-gnu
ac_cv_host_alias=bfin-unknown-linux-gnu
ac_cv_lib_dl_dlopen=no
ac_cv_lib_dld_dld_link=no
ac_cv_lib_dld_shl_load=no
ac_cv_lib_svld_dlopen=no
ac_cv_objext=o
ac_cv_path_install='/usr/bin/install -c'
ac_cv_prog_AR=/home/cvshdr/toolchain/bfin-uclinux/bin/bfin-uclinux-ar
ac_cv_prog_AWK=gawk
ac_cv_prog_CC=/home/cvshdr/toolchain/bfin-uclinux/bin/bfin-uclinux-gcc
ac_cv_prog_CPP='/home/cvshdr/toolchain/bfin-uclinux/bin/bfin-uclinux-gcc -E'
ac_cv_prog_CXX=/home/cvshdr/toolchain/bfin-uclinux/bin/bfin-uclinux-g++
ac_cv_prog_CXXCPP='/home/cvshdr/toolchain/bfin-uclinux/bin/bfin-uclinux-g++ -E'
ac_cv_prog_RANLIB=/home/cvshdr/toolchain/bfin-uclinux/bin/bfin-uclinux-ranlib
ac_cv_prog_STRIP=strip
ac_cv_prog_ac_ct_GCJ=gcj
ac_cv_prog_ac_ct_RC=no
ac_cv_prog_cc_g=yes
ac_cv_prog_cc_stdc=
ac_cv_prog_cxx_g=yes
ac_cv_prog_egrep='grep -E'
ac_cv_prog_f77_g=no
ac_cv_prog_make_make_set=yes
am_cv_CC_dependencies_compiler_type=none
am_cv_CXX_dependencies_compiler_type=none
lt_cv_deplibs_check_method=pass_all
lt_cv_dlopen=no
lt_cv_dlopen_libs=
lt_cv_file_magic_cmd='$MAGIC_CMD'
lt_cv_file_magic_test_file=
lt_cv_ld_reload_flag=-r
lt_cv_objdir=.libs
lt_cv_path_LD=/home/cvshdr/toolchain/bfin-uclinux/bin/bfin-uclinux-ld
lt_cv_path_LDCXX=/home/cvshdr/toolchain/bfin-uclinux/bin/bfin-uclinux-ld
lt_cv_path_NM=nm
lt_cv_path_SED=/usr/bin/sed
lt_cv_prog_compiler_c_o=yes
lt_cv_prog_compiler_c_o_CXX=yes
lt_cv_prog_compiler_c_o_GCJ=yes
lt_cv_prog_compiler_rtti_exceptions=no
lt_cv_prog_gnu_ld=yes
lt_cv_prog_gnu_ldcxx=yes
lt_cv_sys_global_symbol_pipe='sed -n -e '\''s/^.*[ 	]\([ABCDGIRSTW][ABCDGIRSTW]*\)[ 	][ 	]*_\([_A-Za-z][_A-Za-z0-9]*\)$/\1 _\2 \2/p'\'''
lt_cv_sys_global_symbol_to_c_name_address='sed -n -e '\''s/^: \([^ ]*\) $/  {\"\1\", (lt_ptr) 0},/p'\'' -e '\''s/^[BCDEGRST] \([^ ]*\) \([^ ]*\)$/  {"\2", (lt_ptr) \&\2},/p'\'''
lt_cv_sys_global_symbol_to_cdecl='sed -n -e '\''s/^. .* \(.*\)$/extern int \1;/p'\'''
lt_cv_sys_max_cmd_len=32768
lt_lt_cv_prog_compiler_c_o='"yes"'
lt_lt_cv_prog_compiler_c_o_CXX='"yes"'
lt_lt_cv_prog_compiler_c_o_GCJ='"yes"'
lt_lt_cv_sys_global_symbol_pipe='"sed -n -e '\''s/^.*[ 	]\\([ABCDGIRSTW][ABCDGIRSTW]*\\)[ 	][ 	]*_\\([_A-Za-z][_A-Za-z0-9]*\\)\$/\\1 _\\2 \\2/p'\''"'
lt_lt_cv_sys_global_symbol_to_c_name_address='"sed -n -e '\''s/^: \\([^ ]*\\) \$/  {\\\"\\1\\\", (lt_ptr) 0},/p'\'' -e '\''s/^[BCDEGRST] \\([^ ]*\\) \\([^ ]*\\)\$/  {\"\\2\", (lt_ptr) \\&\\2},/p'\''"'
lt_lt_cv_sys_global_symbol_to_cdecl='"sed -n -e '\''s/^. .* \\(.*\\)\$/extern int \\1;/p'\''"'

## ----------------- ##
## Output variables. ##
## ----------------- ##

ACINCLUDE_M4_LIST='./acinclude.m4 ./cdemo/acinclude.m4 ./pdemo/acinclude.m4 ./demo/acinclude.m4 ./depdemo/acinclude.m4 ./mdemo/acinclude.m4 ./mdemo2/acinclude.m4 ./tagdemo/acinclude.m4 ./f77demo/acinclude.m4'
ACLOCAL='${SHELL} /home/cvshdr/uclinux-outcvs/uClinux-dist/lib/libtool/missing --run aclocal-1.9'
AMDEPBACKSLASH='\'
AMDEP_FALSE='#'
AMDEP_TRUE=''
AMTAR='${SHELL} /home/cvshdr/uclinux-outcvs/uClinux-dist/lib/libtool/missing --run tar'
AR='/home/cvshdr/toolchain/bfin-uclinux/bin/bfin-uclinux-ar'
AS='/home/cvshdr/toolchain/bfin-uclinux/bin/bfin-uclinux-as'
AUTOCONF='${SHELL} /home/cvshdr/uclinux-outcvs/uClinux-dist/lib/libtool/missing --run autoconf'
AUTOHEADER='${SHELL} /home/cvshdr/uclinux-outcvs/uClinux-dist/lib/libtool/missing --run autoheader'
AUTOMAKE='${SHELL} /home/cvshdr/uclinux-outcvs/uClinux-dist/lib/libtool/missing --run automake-1.9'
AWK='gawk'
CC='/home/cvshdr/toolchain/bfin-uclinux/bin/bfin-uclinux-gcc'
CCDEPMODE='depmode=none'
CFLAGS='-g -O2'
CONF_SUBDIRS='cdemo pdemo demo depdemo mdemo mdemo2 tagdemo f77demo'
CPP='/home/cvshdr/toolchain/bfin-uclinux/bin/bfin-uclinux-gcc -E'
CPPFLAGS=''
CXX='/home/cvshdr/toolchain/bfin-uclinux/bin/bfin-uclinux-g++'
CXXCPP='/home/cvshdr/toolchain/bfin-uclinux/bin/bfin-uclinux-g++ -E'
CXXDEPMODE='depmode=none'
CXXFLAGS='-g -O2'
CYGPATH_W='echo'
DEFS='-DPACKAGE_NAME=\"libtool\" -DPACKAGE_TARNAME=\"libtool\" -DPACKAGE_VERSION=\"1.5.20\" -DPACKAGE_STRING=\"libtool\ 1.5.20\" -DPACKAGE_BUGREPORT=\"bug-libtool@gnu.org\" -DPACKAGE=\"libtool\" -DVERSION=\"1.5.20\" -DSTDC_HEADERS=1 -DHAVE_SYS_TYPES_H=1 -DHAVE_SYS_STAT_H=1 -DHAVE_STDLIB_H=1 -DHAVE_STRING_H=1 -DHAVE_MEMORY_H=1 -DHAVE_STRINGS_H=1 -DHAVE_INTTYPES_H=1 -DHAVE_STDINT_H=1 -DHAVE_UNISTD_H=1 -DHAVE_DLFCN_H=1 '
DEPDIR='.deps'
DIST_MAKEFILE_LIST='cdemo/Makefile pdemo/Makefile demo/Makefile depdemo/Makefile mdemo/Makefile mdemo2/Makefile tagdemo/Makefile f77demo/Makefile '
DLLTOOL='dlltool'
ECHO='echo'
ECHO_C=''
ECHO_N='-n'
ECHO_T=''
EGREP='grep -E'
EXEEXT=''
F77='no'
FFLAGS=''
GCJ='gcj'
GCJFLAGS='-g -O2'
HAVE_CXX_FALSE='#'
HAVE_CXX_TRUE=''
HAVE_F77_FALSE=''
HAVE_F77_TRUE='#'
HAVE_GCJ_FALSE='#'
HAVE_GCJ_TRUE=''
HAVE_RC_FALSE=''
HAVE_RC_TRUE='#'
INSTALL_DATA='${INSTALL} -m 644'
INSTALL_PROGRAM='${INSTALL}'
INSTALL_SCRIPT='${INSTALL}'
INSTALL_STRIP_PROGRAM='${SHELL} $(install_sh) -c -s'
LD='/home/cvshdr/toolchain/bfin-uclinux/bin/bfin-uclinux-ld'
LDFLAGS=''
LIBOBJS=''
LIBS=''
LIBTOOL='$(SHELL) $(top_builddir)/libtool'
LN_S='ln -s'
LTLIBOBJS=''
MAKEINFO='${SHELL} /home/cvshdr/uclinux-outcvs/uClinux-dist/lib/libtool/missing --run makeinfo'
NM='nm'
OBJDUMP='objdump'
OBJEXT='o'
PACKAGE='libtool'
PACKAGE_BUGREPORT='bug-libtool@gnu.org'
PACKAGE_NAME='libtool'
PACKAGE_STRING='libtool 1.5.20'
PACKAGE_TARNAME='libtool'
PACKAGE_VERSION='1.5.20'
PATH_SEPARATOR=':'
RANLIB='/home/cvshdr/toolchain/bfin-uclinux/bin/bfin-uclinux-ranlib'
RC='no'
SET_MAKE=''
SHELL='/bin/sh'
STRIP='strip'
TIMESTAMP=''
VERSION='1.5.20'
ac_ct_AR=''
ac_ct_AS=''
ac_ct_CC=''
ac_ct_CXX=''
ac_ct_DLLTOOL=''
ac_ct_F77=''
ac_ct_GCJ='gcj'
ac_ct_OBJDUMP=''
ac_ct_RANLIB=''
ac_ct_RC='no'
ac_ct_STRIP=''
aclocaldir='${datadir}/aclocal'
am__fastdepCC_FALSE=''
am__fastdepCC_TRUE='#'
am__fastdepCXX_FALSE=''
am__fastdepCXX_TRUE='#'
am__include='include'
am__leading_dot='.'
am__quote=''
am__tar='${AMTAR} chof - "$$tardir"'
am__untar='${AMTAR} xf -'
bindir='${exec_prefix}/bin'
build='i686-pc-linux-gnu'
build_alias=''
build_cpu='i686'
build_os='linux-gnu'
build_vendor='pc'
datadir='${prefix}/share'
exec_prefix='${prefix}'
host='bfin-unknown-linux-gnu'
host_alias='bfin-unknown-linux-gnu'
host_cpu='bfin'
host_os='linux-gnu'
host_vendor='unknown'
includedir='${prefix}/include'
infodir='${prefix}/info'
install_sh='/home/cvshdr/uclinux-outcvs/uClinux-dist/lib/libtool/install-sh'
libdir='${exec_prefix}/lib'
libexecdir='${exec_prefix}/libexec'
localstatedir='${prefix}/var'
mandir='${prefix}/man'
mkdir_p='mkdir -p --'
oldincludedir='/usr/include'
pkgdatadir='${datadir}/libtool'
prefix='/usr/local'
program_transform_name='s,x,x,'
sbindir='${exec_prefix}/sbin'
sharedstatedir='${prefix}/com'
subdirs=' libltdl'
sysconfdir='${prefix}/etc'
target_alias=''

## ----------- ##
## confdefs.h. ##
## ----------- ##

#define HAVE_DLFCN_H 1
#define HAVE_INTTYPES_H 1
#define HAVE_MEMORY_H 1
#define HAVE_STDINT_H 1
#define HAVE_STDLIB_H 1
#define HAVE_STRINGS_H 1
#define HAVE_STRING_H 1
#define HAVE_SYS_STAT_H 1
#define HAVE_SYS_TYPES_H 1
#define HAVE_UNISTD_H 1
#define PACKAGE "libtool"
#define PACKAGE_BUGREPORT "bug-libtool@gnu.org"
#define PACKAGE_NAME "libtool"
#define PACKAGE_STRING "libtool 1.5.20"
#define PACKAGE_TARNAME "libtool"
#define PACKAGE_VERSION "1.5.20"
#define STDC_HEADERS 1
#define VERSION "1.5.20"
#endif
#ifdef __cplusplus
extern "C" void std::exit (int) throw (); using std::exit;

configure: exit 0

## ---------------------- ##
## Running config.status. ##
## ---------------------- ##

This file was extended by libtool config.status 1.5.20, which was
generated by GNU Autoconf 2.59.  Invocation command line was

  CONFIG_FILES    = libtoolize
  CONFIG_HEADERS  = 
  CONFIG_LINKS    = 
  CONFIG_COMMANDS = 
  $ ./config.status 

on linux

config.status:736: creating libtoolize
config.status:919: executing depfiles commands

## ---------------------- ##
## Running config.status. ##
## ---------------------- ##

This file was extended by libtool config.status 1.5.20, which was
generated by GNU Autoconf 2.59.  Invocation command line was

  CONFIG_FILES    = 
  CONFIG_HEADERS  = 
  CONFIG_LINKS    = 
  CONFIG_COMMANDS = 
  $ ./config.status 

on linux

config.status:736: creating Makefile
config.status:736: creating doc/Makefile
config.status:736: creating tests/Makefile
config.status:919: executing depfiles commands
