This file contains any messages produced by compilers while
running configure, to aid debugging if configure makes a mistake.

It was created by configure, which was
generated by GNU Autoconf 2.59.  Invocation command line was

  $ ./configure --host=bfin-uclinux --disable-tcl --libdir=/home/lukeyang/readline-5.0 --without-large-files --disable-lfs --disable-readline

## --------- ##
## Platform. ##
## --------- ##

hostname = luke
uname -m = i686
uname -r = 2.6.11-gentoo-r11
uname -s = Linux
uname -v = #5 SMP Sun Jul 24 14:34:05 CST 2005

/usr/bin/uname -p = Intel(R) Pentium(R) M processor 1.60GHz
/bin/uname -X     = unknown

/bin/arch              = i686
/usr/bin/arch -k       = unknown
/usr/convex/getsysinfo = unknown
hostinfo               = unknown
/bin/machine           = unknown
/usr/bin/oslevel       = unknown
/bin/universe          = unknown

PATH: /usr/local/sbin/
PATH: /opt/toolchain/bfin-elf/bin
PATH: /opt/toolchain/bfin-uclinux/bin/
PATH: /usr/local/bin
PATH: /usr/bin
PATH: /bin
PATH: /opt/bin
PATH: /usr/local/bin
PATH: /usr/local/sbin
PATH: /usr/i686-pc-linux-gnu/gcc-bin/3.4.4
PATH: /usr/arm-xscale-linux-gnu/gcc-bin/3.4.4
PATH: /opt/ati/bin
PATH: /opt/blackdown-jdk-1.4.2.02/bin
PATH: /opt/blackdown-jdk-1.4.2.02/jre/bin
PATH: /usr/qt/3/bin
PATH: /usr/kde/3.4/bin
PATH: /usr/games/bin


## ----------- ##
## Core tests. ##
## ----------- ##

configure:1607: checking build system type
configure:1625: result: i686-pc-linux-gnu
configure:1633: checking host system type
configure:1647: result: bfin-unknown-uclinux
configure:1663: checking for bfin-uclinux-gcc
configure:1679: found /opt/toolchain/bfin-uclinux/bin//bfin-uclinux-gcc
configure:1689: result: bfin-uclinux-gcc
configure:1971: checking for C compiler version
configure:1974: bfin-uclinux-gcc --version </dev/null >&5
bfin-uclinux-gcc (GCC) 3.4.4
Copyright (C) 2004 Free Software Foundation, Inc.
This is free software; see the source for copying conditions.  There is NO
warranty; not even for MERCHANTABILITY or FITNESS FOR A PARTICULAR PURPOSE.

configure:1977: $? = 0
configure:1979: bfin-uclinux-gcc -v </dev/null >&5
Reading specs from /opt/toolchain/bfin-uclinux/lib/gcc/bfin-uclinux/3.4.4/specs
Configured with: /home/blackfin/cvs-auto/gcc/binutils/binutils-2.15/configure --enable-threads=posix --target=bfin-uclinux --prefix=/opt/toolchain/bfin-uclinux --disable-libstdcxx-pch
Thread model: posix
gcc version 3.4.4
configure:1982: $? = 0
configure:1984: bfin-uclinux-gcc -V </dev/null >&5
bfin-uclinux-gcc: `-V' option must have argument
configure:1987: $? = 1
configure:2010: checking for C compiler default output file name
configure:2013: bfin-uclinux-gcc   -Wl,-elf2flt -L../readline-5.0 -I../readline-5.0 conftest.c  >&5
configure:2016: $? = 0
configure:2062: result: a.out
configure:2067: checking whether the C compiler works
configure:2073: ./a.out
./configure: line 2074: ./a.out: cannot execute binary file
configure:2076: $? = 126
configure:2093: result: yes
configure:2100: checking whether we are cross compiling
configure:2102: result: yes
configure:2105: checking for suffix of executables
configure:2107: bfin-uclinux-gcc -o conftest   -Wl,-elf2flt -L../readline-5.0 -I../readline-5.0 conftest.c  >&5
configure:2110: $? = 0
configure:2135: result: 
configure:2141: checking for suffix of object files
configure:2162: bfin-uclinux-gcc -c   conftest.c >&5
configure:2165: $? = 0
configure:2187: result: o
configure:2191: checking whether we are using the GNU C compiler
configure:2215: bfin-uclinux-gcc -c   conftest.c >&5
configure:2221: $? = 0
configure:2225: test -z 
			 || test ! -s conftest.err
configure:2228: $? = 0
configure:2231: test -s conftest.o
configure:2234: $? = 0
configure:2247: result: yes
configure:2253: checking whether bfin-uclinux-gcc accepts -g
configure:2274: bfin-uclinux-gcc -c -g  conftest.c >&5
configure:2280: $? = 0
configure:2284: test -z 
			 || test ! -s conftest.err
configure:2287: $? = 0
configure:2290: test -s conftest.o
configure:2293: $? = 0
configure:2304: result: yes
configure:2321: checking for bfin-uclinux-gcc option to accept ANSI C
configure:2391: bfin-uclinux-gcc  -c -g -O2  conftest.c >&5
configure:2397: $? = 0
configure:2401: test -z 
			 || test ! -s conftest.err
configure:2404: $? = 0
configure:2407: test -s conftest.o
configure:2410: $? = 0
configure:2428: result: none needed
configure:2446: bfin-uclinux-gcc -c -g -O2  conftest.c >&5
conftest.c:2: error: parse error before "me"
configure:2452: $? = 1
configure: failed program was:
| #ifndef __cplusplus
|   choke me
| #endif
configure:2585: checking for a sed that does not truncate output
configure:2639: result: /usr/bin/sed
configure:2642: checking for egrep
configure:2652: result: grep -E
configure:2668: checking for ld used by bfin-uclinux-gcc
configure:2735: result: /opt/toolchain/bfin-uclinux/bfin-uclinux/bin/ld
configure:2744: checking if the linker (/opt/toolchain/bfin-uclinux/bfin-uclinux/bin/ld) is GNU ld
configure:2759: result: yes
configure:2764: checking for /opt/toolchain/bfin-uclinux/bfin-uclinux/bin/ld option to reload object files
configure:2771: result: -r
configure:2780: checking for BSD-compatible nm
configure:2822: result: /opt/toolchain/bfin-uclinux/bin//bfin-uclinux-nm -B
configure:2826: checking whether ln -s works
configure:2830: result: yes
configure:2837: checking how to recognise dependent libraries
configure:3011: result: unknown
configure:3225: checking how to run the C preprocessor
configure:3260: bfin-uclinux-gcc -E  conftest.c
configure:3266: $? = 0
configure:3298: bfin-uclinux-gcc -E  conftest.c
conftest.c:9:28: ac_nonexistent.h: No such file or directory
configure:3304: $? = 1
configure: failed program was:
| /* confdefs.h.  */
| 
| #define PACKAGE_NAME ""
| #define PACKAGE_TARNAME ""
| #define PACKAGE_VERSION ""
| #define PACKAGE_STRING ""
| #define PACKAGE_BUGREPORT ""
| /* end confdefs.h.  */
| #include <ac_nonexistent.h>
configure:3343: result: bfin-uclinux-gcc -E
configure:3367: bfin-uclinux-gcc -E  conftest.c
configure:3373: $? = 0
configure:3405: bfin-uclinux-gcc -E  conftest.c
conftest.c:9:28: ac_nonexistent.h: No such file or directory
configure:3411: $? = 1
configure: failed program was:
| /* confdefs.h.  */
| 
| #define PACKAGE_NAME ""
| #define PACKAGE_TARNAME ""
| #define PACKAGE_VERSION ""
| #define PACKAGE_STRING ""
| #define PACKAGE_BUGREPORT ""
| /* end confdefs.h.  */
| #include <ac_nonexistent.h>
configure:3455: checking for ANSI C header files
configure:3480: bfin-uclinux-gcc -c -g -O2  conftest.c >&5
configure:3486: $? = 0
configure:3490: test -z 
			 || test ! -s conftest.err
configure:3493: $? = 0
configure:3496: test -s conftest.o
configure:3499: $? = 0
configure:3611: result: yes
configure:3635: checking for sys/types.h
configure:3651: bfin-uclinux-gcc -c -g -O2  conftest.c >&5
configure:3657: $? = 0
configure:3661: test -z 
			 || test ! -s conftest.err
configure:3664: $? = 0
configure:3667: test -s conftest.o
configure:3670: $? = 0
configure:3681: result: yes
configure:3635: checking for sys/stat.h
configure:3651: bfin-uclinux-gcc -c -g -O2  conftest.c >&5
configure:3657: $? = 0
configure:3661: test -z 
			 || test ! -s conftest.err
configure:3664: $? = 0
configure:3667: test -s conftest.o
configure:3670: $? = 0
configure:3681: result: yes
configure:3635: checking for stdlib.h
configure:3651: bfin-uclinux-gcc -c -g -O2  conftest.c >&5
configure:3657: $? = 0
configure:3661: test -z 
			 || test ! -s conftest.err
configure:3664: $? = 0
configure:3667: test -s conftest.o
configure:3670: $? = 0
configure:3681: result: yes
configure:3635: checking for string.h
configure:3651: bfin-uclinux-gcc -c -g -O2  conftest.c >&5
configure:3657: $? = 0
configure:3661: test -z 
			 || test ! -s conftest.err
configure:3664: $? = 0
configure:3667: test -s conftest.o
configure:3670: $? = 0
configure:3681: result: yes
configure:3635: checking for memory.h
configure:3651: bfin-uclinux-gcc -c -g -O2  conftest.c >&5
configure:3657: $? = 0
configure:3661: test -z 
			 || test ! -s conftest.err
configure:3664: $? = 0
configure:3667: test -s conftest.o
configure:3670: $? = 0
configure:3681: result: yes
configure:3635: checking for strings.h
configure:3651: bfin-uclinux-gcc -c -g -O2  conftest.c >&5
configure:3657: $? = 0
configure:3661: test -z 
			 || test ! -s conftest.err
configure:3664: $? = 0
configure:3667: test -s conftest.o
configure:3670: $? = 0
configure:3681: result: yes
configure:3635: checking for inttypes.h
configure:3651: bfin-uclinux-gcc -c -g -O2  conftest.c >&5
configure:3657: $? = 0
configure:3661: test -z 
			 || test ! -s conftest.err
configure:3664: $? = 0
configure:3667: test -s conftest.o
configure:3670: $? = 0
configure:3681: result: yes
configure:3635: checking for stdint.h
configure:3651: bfin-uclinux-gcc -c -g -O2  conftest.c >&5
configure:3657: $? = 0
configure:3661: test -z 
			 || test ! -s conftest.err
configure:3664: $? = 0
configure:3667: test -s conftest.o
configure:3670: $? = 0
configure:3681: result: yes
configure:3635: checking for unistd.h
configure:3651: bfin-uclinux-gcc -c -g -O2  conftest.c >&5
configure:3657: $? = 0
configure:3661: test -z 
			 || test ! -s conftest.err
configure:3664: $? = 0
configure:3667: test -s conftest.o
configure:3670: $? = 0
configure:3681: result: yes
configure:3707: checking dlfcn.h usability
configure:3719: bfin-uclinux-gcc -c -g -O2  conftest.c >&5
configure:3725: $? = 0
configure:3729: test -z 
			 || test ! -s conftest.err
configure:3732: $? = 0
configure:3735: test -s conftest.o
configure:3738: $? = 0
configure:3748: result: yes
configure:3752: checking dlfcn.h presence
configure:3762: bfin-uclinux-gcc -E  conftest.c
configure:3768: $? = 0
configure:3788: result: yes
configure:3823: checking for dlfcn.h
configure:3830: result: yes
configure:3853: checking for bfin-uclinux-g++
configure:3869: found /opt/toolchain/bfin-uclinux/bin//bfin-uclinux-g++
configure:3879: result: bfin-uclinux-g++
configure:3937: checking for C++ compiler version
configure:3940: bfin-uclinux-g++ --version </dev/null >&5
bfin-uclinux-g++ (GCC) 3.4.4
Copyright (C) 2004 Free Software Foundation, Inc.
This is free software; see the source for copying conditions.  There is NO
warranty; not even for MERCHANTABILITY or FITNESS FOR A PARTICULAR PURPOSE.

configure:3943: $? = 0
configure:3945: bfin-uclinux-g++ -v </dev/null >&5
Reading specs from /opt/toolchain/bfin-uclinux/lib/gcc/bfin-uclinux/3.4.4/specs
Configured with: /home/blackfin/cvs-auto/gcc/binutils/binutils-2.15/configure --enable-threads=posix --target=bfin-uclinux --prefix=/opt/toolchain/bfin-uclinux --disable-libstdcxx-pch
Thread model: posix
gcc version 3.4.4
configure:3948: $? = 0
configure:3950: bfin-uclinux-g++ -V </dev/null >&5
bfin-uclinux-g++: `-V' option must have argument
configure:3953: $? = 1
configure:3956: checking whether we are using the GNU C++ compiler
configure:3980: bfin-uclinux-g++ -c   conftest.cc >&5
configure:3986: $? = 0
configure:3990: test -z 
			 || test ! -s conftest.err
configure:3993: $? = 0
configure:3996: test -s conftest.o
configure:3999: $? = 0
configure:4012: result: yes
configure:4018: checking whether bfin-uclinux-g++ accepts -g
configure:4039: bfin-uclinux-g++ -c -g  conftest.cc >&5
configure:4045: $? = 0
configure:4049: test -z 
			 || test ! -s conftest.err
configure:4052: $? = 0
configure:4055: test -s conftest.o
configure:4058: $? = 0
configure:4069: result: yes
configure:4111: bfin-uclinux-g++ -c -g -O2  conftest.cc >&5
configure:4117: $? = 0
configure:4121: test -z 
			 || test ! -s conftest.err
configure:4124: $? = 0
configure:4127: test -s conftest.o
configure:4130: $? = 0
configure:4156: bfin-uclinux-g++ -c -g -O2  conftest.cc >&5
conftest.cc: In function `int main()':
conftest.cc:24: error: `exit' undeclared (first use this function)
conftest.cc:24: error: (Each undeclared identifier is reported only once for each function it appears in.)
configure:4162: $? = 1
configure: failed program was:
| /* confdefs.h.  */
| 
| #define PACKAGE_NAME ""
| #define PACKAGE_TARNAME ""
| #define PACKAGE_VERSION ""
| #define PACKAGE_STRING ""
| #define PACKAGE_BUGREPORT ""
| #define STDC_HEADERS 1
| #define HAVE_SYS_TYPES_H 1
| #define HAVE_SYS_STAT_H 1
| #define HAVE_STDLIB_H 1
| #define HAVE_STRING_H 1
| #define HAVE_MEMORY_H 1
| #define HAVE_STRINGS_H 1
| #define HAVE_INTTYPES_H 1
| #define HAVE_STDINT_H 1
| #define HAVE_UNISTD_H 1
| #define HAVE_DLFCN_H 1
| /* end confdefs.h.  */
| 
| int
| main ()
| {
| exit (42);
|   ;
|   return 0;
| }
configure:4111: bfin-uclinux-g++ -c -g -O2  conftest.cc >&5
configure:4117: $? = 0
configure:4121: test -z 
			 || test ! -s conftest.err
configure:4124: $? = 0
configure:4127: test -s conftest.o
configure:4130: $? = 0
configure:4156: bfin-uclinux-g++ -c -g -O2  conftest.cc >&5
configure:4162: $? = 0
configure:4166: test -z 
			 || test ! -s conftest.err
configure:4169: $? = 0
configure:4172: test -s conftest.o
configure:4175: $? = 0
configure:4203: checking how to run the C++ preprocessor
configure:4234: bfin-uclinux-g++ -E  conftest.cc
configure:4240: $? = 0
configure:4272: bfin-uclinux-g++ -E  conftest.cc
conftest.cc:23:28: ac_nonexistent.h: No such file or directory
configure:4278: $? = 1
configure: failed program was:
| /* confdefs.h.  */
| 
| #define PACKAGE_NAME ""
| #define PACKAGE_TARNAME ""
| #define PACKAGE_VERSION ""
| #define PACKAGE_STRING ""
| #define PACKAGE_BUGREPORT ""
| #define STDC_HEADERS 1
| #define HAVE_SYS_TYPES_H 1
| #define HAVE_SYS_STAT_H 1
| #define HAVE_STDLIB_H 1
| #define HAVE_STRING_H 1
| #define HAVE_MEMORY_H 1
| #define HAVE_STRINGS_H 1
| #define HAVE_INTTYPES_H 1
| #define HAVE_STDINT_H 1
| #define HAVE_UNISTD_H 1
| #define HAVE_DLFCN_H 1
| #ifdef __cplusplus
| extern "C" void std::exit (int) throw (); using std::exit;
| #endif
| /* end confdefs.h.  */
| #include <ac_nonexistent.h>
configure:4317: result: bfin-uclinux-g++ -E
configure:4341: bfin-uclinux-g++ -E  conftest.cc
configure:4347: $? = 0
configure:4379: bfin-uclinux-g++ -E  conftest.cc
conftest.cc:23:28: ac_nonexistent.h: No such file or directory
configure:4385: $? = 1
configure: failed program was:
| /* confdefs.h.  */
| 
| #define PACKAGE_NAME ""
| #define PACKAGE_TARNAME ""
| #define PACKAGE_VERSION ""
| #define PACKAGE_STRING ""
| #define PACKAGE_BUGREPORT ""
| #define STDC_HEADERS 1
| #define HAVE_SYS_TYPES_H 1
| #define HAVE_SYS_STAT_H 1
| #define HAVE_STDLIB_H 1
| #define HAVE_STRING_H 1
| #define HAVE_MEMORY_H 1
| #define HAVE_STRINGS_H 1
| #define HAVE_INTTYPES_H 1
| #define HAVE_STDINT_H 1
| #define HAVE_UNISTD_H 1
| #define HAVE_DLFCN_H 1
| #ifdef __cplusplus
| extern "C" void std::exit (int) throw (); using std::exit;
| #endif
| /* end confdefs.h.  */
| #include <ac_nonexistent.h>
configure:4438: checking for bfin-uclinux-g77
configure:4467: result: no
configure:4438: checking for bfin-uclinux-f77
configure:4467: result: no
configure:4438: checking for bfin-uclinux-xlf
configure:4467: result: no
configure:4438: checking for bfin-uclinux-frt
configure:4467: result: no
configure:4438: checking for bfin-uclinux-pgf77
configure:4467: result: no
configure:4438: checking for bfin-uclinux-fort77
configure:4467: result: no
configure:4438: checking for bfin-uclinux-fl32
configure:4467: result: no
configure:4438: checking for bfin-uclinux-af77
configure:4467: result: no
configure:4438: checking for bfin-uclinux-f90
configure:4467: result: no
configure:4438: checking for bfin-uclinux-xlf90
configure:4467: result: no
configure:4438: checking for bfin-uclinux-pgf90
configure:4467: result: no
configure:4438: checking for bfin-uclinux-epcf90
configure:4467: result: no
configure:4438: checking for bfin-uclinux-f95
configure:4467: result: no
configure:4438: checking for bfin-uclinux-fort
configure:4467: result: no
configure:4438: checking for bfin-uclinux-xlf95
configure:4467: result: no
configure:4438: checking for bfin-uclinux-ifc
configure:4467: result: no
configure:4438: checking for bfin-uclinux-efc
configure:4467: result: no
configure:4438: checking for bfin-uclinux-pgf95
configure:4467: result: no
configure:4438: checking for bfin-uclinux-lf95
configure:4467: result: no
configure:4438: checking for bfin-uclinux-gfortran
configure:4467: result: no
configure:4480: checking for g77
configure:4509: result: no
configure:4480: checking for f77
configure:4509: result: no
configure:4480: checking for xlf
configure:4509: result: no
configure:4480: checking for frt
configure:4509: result: no
configure:4480: checking for pgf77
configure:4509: result: no
configure:4480: checking for fort77
configure:4509: result: no
configure:4480: checking for fl32
configure:4509: result: no
configure:4480: checking for af77
configure:4509: result: no
configure:4480: checking for f90
configure:4509: result: no
configure:4480: checking for xlf90
configure:4509: result: no
configure:4480: checking for pgf90
configure:4509: result: no
configure:4480: checking for epcf90
configure:4509: result: no
configure:4480: checking for f95
configure:4509: result: no
configure:4480: checking for fort
configure:4509: result: no
configure:4480: checking for xlf95
configure:4509: result: no
configure:4480: checking for ifc
configure:4509: result: no
configure:4480: checking for efc
configure:4509: result: no
configure:4480: checking for pgf95
configure:4509: result: no
configure:4480: checking for lf95
configure:4509: result: no
configure:4480: checking for gfortran
configure:4509: result: no
configure:4521: checking for Fortran 77 compiler version
configure:4524:  --version </dev/null >&5
./configure: line 4525: --version: command not found
configure:4527: $? = 127
configure:4529:  -v </dev/null >&5
./configure: line 4530: -v: command not found
configure:4532: $? = 127
configure:4534:  -V </dev/null >&5
./configure: line 4535: -V: command not found
configure:4537: $? = 127
configure:4545: checking whether we are using the GNU Fortran 77 compiler
configure:4559:  -c  conftest.F >&5
./configure: line 4560: -c: command not found
configure:4565: $? = 127
configure: failed program was:
|       program main
| #ifndef __GNUC__
|        choke me
| #endif
| 
|       end
configure:4591: result: no
configure:4597: checking whether  accepts -g
configure:4609:  -c -g conftest.f >&5
./configure: line 4610: -c: command not found
configure:4615: $? = 127
configure: failed program was:
|       program main
| 
|       end
configure:4640: result: no
configure:4670: checking the maximum length of command line arguments
configure:4735: result: 32768
configure:4746: checking command to parse /opt/toolchain/bfin-uclinux/bin//bfin-uclinux-nm -B output from bfin-uclinux-gcc object
configure:4835: bfin-uclinux-gcc -c -g -O2  conftest.c >&5
configure:4838: $? = 0
configure:4842: /opt/toolchain/bfin-uclinux/bin//bfin-uclinux-nm -B conftest.o \| sed -n -e 's/^.*[ 	]\([ABCDGIRSTW][ABCDGIRSTW]*\)[ 	][ 	]*\(\)\([_A-Za-z][_A-Za-z0-9]*\)$/\1 \2\3 \3/p' \> conftest.nm
configure:4845: $? = 0
cannot find nm_test_var in conftest.nm
configure:4835: bfin-uclinux-gcc -c -g -O2  conftest.c >&5
configure:4838: $? = 0
configure:4842: /opt/toolchain/bfin-uclinux/bin//bfin-uclinux-nm -B conftest.o \| sed -n -e 's/^.*[ 	]\([ABCDGIRSTW][ABCDGIRSTW]*\)[ 	][ 	]*\(_\)\([_A-Za-z][_A-Za-z0-9]*\)$/\1 \2\3 \3/p' \> conftest.nm
configure:4845: $? = 0
configure:4897: bfin-uclinux-gcc -o conftest -g -O2  -Wl,-elf2flt -L../readline-5.0 -I../readline-5.0 conftest.c conftstm.o >&5
configure:4900: $? = 0
configure:4938: result: ok
configure:4942: checking for objdir
configure:4957: result: .libs
configure:5009: checking for bfin-uclinux-ar
configure:5025: found /opt/toolchain/bfin-uclinux/bin//bfin-uclinux-ar
configure:5035: result: bfin-uclinux-ar
configure:5089: checking for bfin-uclinux-ranlib
configure:5105: found /opt/toolchain/bfin-uclinux/bin//bfin-uclinux-ranlib
configure:5115: result: bfin-uclinux-ranlib
configure:5169: checking for bfin-uclinux-strip
configure:5185: found /opt/toolchain/bfin-uclinux/bin//bfin-uclinux-strip
configure:5195: result: bfin-uclinux-strip
configure:5496: checking if bfin-uclinux-gcc static flag  works
configure:5519: result: yes
configure:5537: checking if bfin-uclinux-gcc supports -fno-rtti -fno-exceptions
configure:5555: bfin-uclinux-gcc -c -g -O2  -fno-rtti -fno-exceptions conftest.c >&5
cc1: warning: command line option "-fno-rtti" is valid for C++/ObjC++ but not for C
configure:5559: $? = 0
configure:5570: result: no
configure:5585: checking for bfin-uclinux-gcc option to produce PIC
configure:5762: result: -fPIC
configure:5770: checking if bfin-uclinux-gcc PIC flag -fPIC works
configure:5788: bfin-uclinux-gcc -c -g -O2  -fPIC -DPIC conftest.c >&5
configure:5792: $? = 0
configure:5803: result: yes
configure:5827: checking if bfin-uclinux-gcc supports -c -o file.o
configure:5848: bfin-uclinux-gcc -c -g -O2  -o out/conftest2.o conftest.c >&5
configure:5852: $? = 0
configure:5872: result: yes
configure:5898: checking whether the bfin-uclinux-gcc linker (/opt/toolchain/bfin-uclinux/bfin-uclinux/bin/ld) supports shared libraries
configure:6746: result: yes
configure:6772: checking whether -lc should be explicitly linked in
configure:6777: bfin-uclinux-gcc -c -g -O2  conftest.c >&5
configure:6780: $? = 0
configure:6794: bfin-uclinux-gcc -shared conftest.o  -v -Wl,-soname -Wl,conftest -o conftest 2\>\&1 \| grep  -lc  \>/dev/null 2\>\&1
configure:6797: $? = 0
configure:6809: result: no
configure:6817: checking dynamic linker characteristics
configure:7357: result: no
configure:7361: checking how to hardcode library paths into programs
configure:7386: result: immediate
configure:7400: checking whether stripping libraries is possible
configure:7405: result: yes
configure:8235: checking if libtool supports shared libraries
configure:8237: result: no
configure:8240: checking whether to build shared libraries
configure:8298: result: no
configure:8301: checking whether to build static libraries
configure:8305: result: yes
configure:8397: creating libtool
configure:8944: checking for ld used by bfin-uclinux-g++
configure:9011: result: /opt/toolchain/bfin-uclinux/bfin-uclinux/bin/ld
configure:9020: checking if the linker (/opt/toolchain/bfin-uclinux/bfin-uclinux/bin/ld) is GNU ld
configure:9035: result: yes
configure:9086: checking whether the bfin-uclinux-g++ linker (/opt/toolchain/bfin-uclinux/bfin-uclinux/bin/ld) supports shared libraries
configure:9914: result: no
configure:9932: bfin-uclinux-g++ -c -g -O2  conftest.cc >&5
configure:9935: $? = 0
configure:10031: checking for bfin-uclinux-g++ option to produce PIC
configure:10283: result: -fPIC
configure:10291: checking if bfin-uclinux-g++ PIC flag -fPIC works
configure:10309: bfin-uclinux-g++ -c -g -O2  -fPIC -DPIC conftest.cc >&5
configure:10313: $? = 0
configure:10324: result: yes
configure:10348: checking if bfin-uclinux-g++ supports -c -o file.o
configure:10369: bfin-uclinux-g++ -c -g -O2  -o out/conftest2.o conftest.cc >&5
configure:10373: $? = 0
configure:10393: result: yes
configure:10419: checking whether the bfin-uclinux-g++ linker (/opt/toolchain/bfin-uclinux/bfin-uclinux/bin/ld) supports shared libraries
configure:10444: result: no
configure:10515: checking dynamic linker characteristics
configure:11055: result: no
configure:11059: checking how to hardcode library paths into programs
configure:11084: result: immediate
configure:11098: checking whether stripping libraries is possible
configure:11103: result: yes
configure:18351: checking for a BSD-compatible install
configure:18406: result: /usr/bin/install -c
configure:18491: checking for bfin-uclinux-gcc
configure:18517: result: bfin-uclinux-gcc
configure:18799: checking for C compiler version
configure:18802: bfin-uclinux-gcc --version </dev/null >&5
bfin-uclinux-gcc (GCC) 3.4.4
Copyright (C) 2004 Free Software Foundation, Inc.
This is free software; see the source for copying conditions.  There is NO
warranty; not even for MERCHANTABILITY or FITNESS FOR A PARTICULAR PURPOSE.

configure:18805: $? = 0
configure:18807: bfin-uclinux-gcc -v </dev/null >&5
Reading specs from /opt/toolchain/bfin-uclinux/lib/gcc/bfin-uclinux/3.4.4/specs
Configured with: /home/blackfin/cvs-auto/gcc/binutils/binutils-2.15/configure --enable-threads=posix --target=bfin-uclinux --prefix=/opt/toolchain/bfin-uclinux --disable-libstdcxx-pch
Thread model: posix
gcc version 3.4.4
configure:18810: $? = 0
configure:18812: bfin-uclinux-gcc -V </dev/null >&5
bfin-uclinux-gcc: `-V' option must have argument
configure:18815: $? = 1
configure:18818: checking whether we are using the GNU C compiler
configure:18874: result: yes
configure:18880: checking whether bfin-uclinux-gcc accepts -g
configure:18931: result: yes
configure:18948: checking for bfin-uclinux-gcc option to accept ANSI C
configure:19055: result: none needed
configure:19073: bfin-uclinux-gcc -c -g -O2  conftest.c >&5
conftest.c:2: error: parse error before "me"
configure:19079: $? = 1
configure: failed program was:
| #ifndef __cplusplus
|   choke me
| #endif
configure:19227: checking switches for the host compiler
configure:19235: result: -g -O2
configure:19248: checking target compiler
configure:19255: result: gcc
configure:19257: checking switches on the target compiler
configure:19264: result: -g -O2
configure:19266: checking target linker
configure:19273: result: gcc
configure:19275: checking switches on the target compiler
configure:19288: checking for bfin-uclinux-ranlib
configure:19314: result: bfin-uclinux-ranlib
configure:19372: result: -g -O2
configure:19384: checking if host and target compilers are the same
configure:19388: result: yes
configure:19406: checking whether to support threadsafe operation
configure:19410: result: no
configure:19512: checking whether to support shared library linked as release mode or not
configure:19516: result: no
configure:19535: checking whether to use an in-ram database for temporary tables
configure:19555: result: yes
configure:19567: checking if executables have the .exe suffix
configure:19574: result: unknown
configure:19798: checking for library containing tgetent
configure:19828: gcc -o conftest -g -O2  -Wl,-elf2flt -L../readline-5.0 -I../readline-5.0 conftest.c  >&5
/usr/lib/gcc/i686-pc-linux-gnu/3.4.4/../../../../i686-pc-linux-gnu/bin/ld: warning: cannot find entry symbol lf2flt; defaulting to 0000000008048290
/tmp/ccne1Laj.o(.text+0xd): In function `main':
/home/lukeyang/sqlite-3.2.6/conftest.c:34: undefined reference to `tgetent'
collect2: ld returned 1 exit status
configure:19834: $? = 1
configure: failed program was:
| /* confdefs.h.  */
| 
| #define PACKAGE_NAME ""
| #define PACKAGE_TARNAME ""
| #define PACKAGE_VERSION ""
| #define PACKAGE_STRING ""
| #define PACKAGE_BUGREPORT ""
| #define STDC_HEADERS 1
| #define HAVE_SYS_TYPES_H 1
| #define HAVE_SYS_STAT_H 1
| #define HAVE_STDLIB_H 1
| #define HAVE_STRING_H 1
| #define HAVE_MEMORY_H 1
| #define HAVE_STRINGS_H 1
| #define HAVE_INTTYPES_H 1
| #define HAVE_STDINT_H 1
| #define HAVE_UNISTD_H 1
| #define HAVE_DLFCN_H 1
| #ifdef __cplusplus
| extern "C" void std::exit (int) throw (); using std::exit;
| #endif
| /* end confdefs.h.  */
| 
| /* Override any gcc2 internal prototype to avoid an error.  */
| #ifdef __cplusplus
| extern "C"
| #endif
| /* We use char because int might match the return type of a gcc2
|    builtin and then its argument prototype would still apply.  */
| char tgetent ();
| int
| main ()
| {
| tgetent ();
|   ;
|   return 0;
| }
configure:19883: gcc -o conftest -g -O2  -Wl,-elf2flt -L../readline-5.0 -I../readline-5.0 conftest.c -lreadline   >&5
/usr/lib/gcc/i686-pc-linux-gnu/3.4.4/../../../../i686-pc-linux-gnu/bin/ld: warning: cannot find entry symbol lf2flt; defaulting to 00000000080483e0
configure:19889: $? = 0
configure:19893: test -z 
			 || test ! -s conftest.err
configure:19896: $? = 0
configure:19899: test -s conftest
configure:19902: $? = 0
configure:19917: result: -lreadline
configure:19925: checking for readline in -lreadline
configure:19955: gcc -o conftest -g -O2  -Wl,-elf2flt -L../readline-5.0 -I../readline-5.0 conftest.c -lreadline  -lreadline  >&5
/usr/lib/gcc/i686-pc-linux-gnu/3.4.4/../../../../i686-pc-linux-gnu/bin/ld: warning: cannot find entry symbol lf2flt; defaulting to 00000000080483d0
configure:19961: $? = 0
configure:19965: test -z 
			 || test ! -s conftest.err
configure:19968: $? = 0
configure:19971: test -s conftest
configure:19974: $? = 0
configure:19987: result: yes
configure:20005: checking readline header files
configure:20016: result: not specified: still searching...
configure:20028: checking readline.h usability
configure:20040: gcc -c -g -O2  conftest.c >&5
conftest.c:58:22: readline.h: No such file or directory
configure:20046: $? = 1
configure: failed program was:
| /* confdefs.h.  */
| 
| #define PACKAGE_NAME ""
| #define PACKAGE_TARNAME ""
| #define PACKAGE_VERSION ""
| #define PACKAGE_STRING ""
| #define PACKAGE_BUGREPORT ""
| #define STDC_HEADERS 1
| #define HAVE_SYS_TYPES_H 1
| #define HAVE_SYS_STAT_H 1
| #define HAVE_STDLIB_H 1
| #define HAVE_STRING_H 1
| #define HAVE_MEMORY_H 1
| #define HAVE_STRINGS_H 1
| #define HAVE_INTTYPES_H 1
| #define HAVE_STDINT_H 1
| #define HAVE_UNISTD_H 1
| #define HAVE_DLFCN_H 1
| #ifdef __cplusplus
| extern "C" void std::exit (int) throw (); using std::exit;
| #endif
| #define HAVE_LIBREADLINE 1
| /* end confdefs.h.  */
| #include <stdio.h>
| #if HAVE_SYS_TYPES_H
| # include <sys/types.h>
| #endif
| #if HAVE_SYS_STAT_H
| # include <sys/stat.h>
| #endif
| #if STDC_HEADERS
| # include <stdlib.h>
| # include <stddef.h>
| #else
| # if HAVE_STDLIB_H
| #  include <stdlib.h>
| # endif
| #endif
| #if HAVE_STRING_H
| # if !STDC_HEADERS && HAVE_MEMORY_H
| #  include <memory.h>
| # endif
| # include <string.h>
| #endif
| #if HAVE_STRINGS_H
| # include <strings.h>
| #endif
| #if HAVE_INTTYPES_H
| # include <inttypes.h>
| #else
| # if HAVE_STDINT_H
| #  include <stdint.h>
| # endif
| #endif
| #if HAVE_UNISTD_H
| # include <unistd.h>
| #endif
| #include <readline.h>
configure:20069: result: no
configure:20073: checking readline.h presence
configure:20083: bfin-uclinux-gcc -E  conftest.c
conftest.c:24:22: readline.h: No such file or directory
configure:20089: $? = 1
configure: failed program was:
| /* confdefs.h.  */
| 
| #define PACKAGE_NAME ""
| #define PACKAGE_TARNAME ""
| #define PACKAGE_VERSION ""
| #define PACKAGE_STRING ""
| #define PACKAGE_BUGREPORT ""
| #define STDC_HEADERS 1
| #define HAVE_SYS_TYPES_H 1
| #define HAVE_SYS_STAT_H 1
| #define HAVE_STDLIB_H 1
| #define HAVE_STRING_H 1
| #define HAVE_MEMORY_H 1
| #define HAVE_STRINGS_H 1
| #define HAVE_INTTYPES_H 1
| #define HAVE_STDINT_H 1
| #define HAVE_UNISTD_H 1
| #define HAVE_DLFCN_H 1
| #ifdef __cplusplus
| extern "C" void std::exit (int) throw (); using std::exit;
| #endif
| #define HAVE_LIBREADLINE 1
| /* end confdefs.h.  */
| #include <readline.h>
configure:20109: result: no
configure:20144: checking for readline.h
configure:20151: result: no
configure:20164: checking for /usr/include/readline.h
configure:20179: result: no
configure:20190: checking for /usr/include/readline/readline.h
configure:20205: result: yes
configure:20248: checking for usleep
configure:20305: gcc -o conftest -g -O2  -Wl,-elf2flt -L../readline-5.0 -I../readline-5.0 conftest.c -lreadline -lreadline  >&5
/usr/lib/gcc/i686-pc-linux-gnu/3.4.4/../../../../i686-pc-linux-gnu/bin/ld: warning: cannot find entry symbol lf2flt; defaulting to 00000000080483d0
configure:20311: $? = 0
configure:20315: test -z 
			 || test ! -s conftest.err
configure:20318: $? = 0
configure:20321: test -s conftest
configure:20324: $? = 0
configure:20336: result: yes
configure:20473: creating ./config.status

## ---------------------- ##
## Running config.status. ##
## ---------------------- ##

This file was extended by config.status, which was
generated by GNU Autoconf 2.59.  Invocation command line was

  CONFIG_FILES    = 
  CONFIG_HEADERS  = 
  CONFIG_LINKS    = 
  CONFIG_COMMANDS = 
  $ ./config.status 

on luke

config.status:704: creating Makefile
config.status:704: creating sqlite3.pc

## ---------------- ##
## Cache variables. ##
## ---------------- ##

ac_cv_build=i686-pc-linux-gnu
ac_cv_build_alias=i686-pc-linux-gnu
ac_cv_c_compiler_gnu=yes
ac_cv_cxx_compiler_gnu=yes
ac_cv_env_CC_set=
ac_cv_env_CC_value=
ac_cv_env_CFLAGS_set=
ac_cv_env_CFLAGS_value=
ac_cv_env_CPPFLAGS_set=
ac_cv_env_CPPFLAGS_value=
ac_cv_env_CPP_set=
ac_cv_env_CPP_value=
ac_cv_env_CXXCPP_set=
ac_cv_env_CXXCPP_value=
ac_cv_env_CXXFLAGS_set=
ac_cv_env_CXXFLAGS_value=
ac_cv_env_CXX_set=
ac_cv_env_CXX_value=
ac_cv_env_F77_set=
ac_cv_env_F77_value=
ac_cv_env_FFLAGS_set=
ac_cv_env_FFLAGS_value=
ac_cv_env_LDFLAGS_set=set
ac_cv_env_LDFLAGS_value='-Wl,-elf2flt -L../readline-5.0 -I../readline-5.0'
ac_cv_env_build_alias_set=
ac_cv_env_build_alias_value=
ac_cv_env_host_alias_set=set
ac_cv_env_host_alias_value=bfin-uclinux
ac_cv_env_target_alias_set=
ac_cv_env_target_alias_value=
ac_cv_exeext=
ac_cv_f77_compiler_gnu=no
ac_cv_file__usr_include_readline_h=no
ac_cv_file__usr_include_readline_readline_h=yes
ac_cv_func_usleep=yes
ac_cv_header_dlfcn_h=yes
ac_cv_header_inttypes_h=yes
ac_cv_header_memory_h=yes
ac_cv_header_readline_h=no
ac_cv_header_stdc=yes
ac_cv_header_stdint_h=yes
ac_cv_header_stdlib_h=yes
ac_cv_header_string_h=yes
ac_cv_header_strings_h=yes
ac_cv_header_sys_stat_h=yes
ac_cv_header_sys_types_h=yes
ac_cv_header_unistd_h=yes
ac_cv_host=bfin-unknown-uclinux
ac_cv_host_alias=bfin-uclinux
ac_cv_lib_readline_readline=yes
ac_cv_objext=o
ac_cv_path_install='/usr/bin/install -c'
ac_cv_prog_AR=bfin-uclinux-ar
ac_cv_prog_CC=bfin-uclinux-gcc
ac_cv_prog_CPP='bfin-uclinux-gcc -E'
ac_cv_prog_CXX=bfin-uclinux-g++
ac_cv_prog_CXXCPP='bfin-uclinux-g++ -E'
ac_cv_prog_RANLIB=bfin-uclinux-ranlib
ac_cv_prog_STRIP=bfin-uclinux-strip
ac_cv_prog_cc_g=yes
ac_cv_prog_cc_stdc=
ac_cv_prog_cxx_g=yes
ac_cv_prog_egrep='grep -E'
ac_cv_prog_f77_g=no
ac_cv_search_tgetent=-lreadline
lt_cv_deplibs_check_method=unknown
lt_cv_file_magic_cmd='$MAGIC_CMD'
lt_cv_file_magic_test_file=
lt_cv_ld_reload_flag=-r
lt_cv_objdir=.libs
lt_cv_path_LD=/opt/toolchain/bfin-uclinux/bfin-uclinux/bin/ld
lt_cv_path_LDCXX=/opt/toolchain/bfin-uclinux/bfin-uclinux/bin/ld
lt_cv_path_NM='/opt/toolchain/bfin-uclinux/bin//bfin-uclinux-nm -B'
lt_cv_path_SED=/usr/bin/sed
lt_cv_prog_compiler_c_o=yes
lt_cv_prog_compiler_c_o_CXX=yes
lt_cv_prog_compiler_rtti_exceptions=no
lt_cv_prog_gnu_ld=yes
lt_cv_prog_gnu_ldcxx=yes
lt_cv_sys_global_symbol_pipe='sed -n -e '\''s/^.*[ 	]\([ABCDGIRSTW][ABCDGIRSTW]*\)[ 	][ 	]*\(_\)\([_A-Za-z][_A-Za-z0-9]*\)$/\1 \2\3 \3/p'\'''
lt_cv_sys_global_symbol_to_c_name_address='sed -n -e '\''s/^: \([^ ]*\) $/  {\"\1\", (lt_ptr) 0},/p'\'' -e '\''s/^[BCDEGRST] \([^ ]*\) \([^ ]*\)$/  {"\2", (lt_ptr) \&\2},/p'\'''
lt_cv_sys_global_symbol_to_cdecl='sed -n -e '\''s/^. .* \(.*\)$/extern int \1;/p'\'''
lt_cv_sys_max_cmd_len=32768
lt_lt_cv_prog_compiler_c_o='"yes"'
lt_lt_cv_prog_compiler_c_o_CXX='"yes"'
lt_lt_cv_sys_global_symbol_pipe='"sed -n -e '\''s/^.*[ 	]\\([ABCDGIRSTW][ABCDGIRSTW]*\\)[ 	][ 	]*\\(_\\)\\([_A-Za-z][_A-Za-z0-9]*\\)\$/\\1 \\2\\3 \\3/p'\''"'
lt_lt_cv_sys_global_symbol_to_c_name_address='"sed -n -e '\''s/^: \\([^ ]*\\) \$/  {\\\"\\1\\\", (lt_ptr) 0},/p'\'' -e '\''s/^[BCDEGRST] \\([^ ]*\\) \\([^ ]*\\)\$/  {\"\\2\", (lt_ptr) \\&\\2},/p'\''"'
lt_lt_cv_sys_global_symbol_to_cdecl='"sed -n -e '\''s/^. .* \\(.*\\)\$/extern int \\1;/p'\''"'

## ----------------- ##
## Output variables. ##
## ----------------- ##

ALLOWRELEASE=''
AR='bfin-uclinux-ar'
BUILD_CC='gcc'
BUILD_CFLAGS='-g -O2'
BUILD_EXEEXT=''
BUILD_LIBS=''
CC='gcc'
CFLAGS='-g -O2'
CPP='bfin-uclinux-gcc -E'
CPPFLAGS=''
CXX='bfin-uclinux-g++'
CXXCPP='bfin-uclinux-g++ -E'
CXXFLAGS='-g -O2'
DEFS='-DPACKAGE_NAME=\"\" -DPACKAGE_TARNAME=\"\" -DPACKAGE_VERSION=\"\" -DPACKAGE_STRING=\"\" -DPACKAGE_BUGREPORT=\"\" -DSTDC_HEADERS=1 -DHAVE_SYS_TYPES_H=1 -DHAVE_SYS_STAT_H=1 -DHAVE_STDLIB_H=1 -DHAVE_STRING_H=1 -DHAVE_MEMORY_H=1 -DHAVE_STRINGS_H=1 -DHAVE_INTTYPES_H=1 -DHAVE_STDINT_H=1 -DHAVE_UNISTD_H=1 -DHAVE_DLFCN_H=1 -DHAVE_LIBREADLINE=1 '
ECHO='echo'
ECHO_C=''
ECHO_N='-n'
ECHO_T=''
EGREP='grep -E'
EXEEXT=''
F77=''
FFLAGS=''
HAVE_TCL=''
INSTALL_DATA='${INSTALL} -m 644'
INSTALL_PROGRAM='${INSTALL}'
INSTALL_SCRIPT='${INSTALL}'
LDFLAGS='-Wl,-elf2flt -L../readline-5.0 -I../readline-5.0'
LIBOBJS=''
LIBS='-lreadline -lreadline '
LIBTOOL='$(SHELL) $(top_builddir)/libtool'
LN_S='ln -s'
LTLIBOBJS=''
OBJEXT='o'
OS_UNIX='1'
OS_WIN='0'
PACKAGE_BUGREPORT=''
PACKAGE_NAME=''
PACKAGE_STRING=''
PACKAGE_TARNAME=''
PACKAGE_VERSION=''
PATH_SEPARATOR=':'
RANLIB='bfin-uclinux-ranlib'
RELEASE='3.2.6'
SHELL='/bin/sh'
STRIP='bfin-uclinux-strip'
TARGET_AR='ar cr'
TARGET_CC='gcc'
TARGET_CFLAGS='-g -O2 -DOS_UNIX=1 -DHAVE_USLEEP=1'
TARGET_DEBUG='-DNDEBUG'
TARGET_EXEEXT=''
TARGET_HAVE_READLINE='1'
TARGET_LFLAGS=''
TARGET_LIBS=''
TARGET_LINK='gcc'
TARGET_RANLIB='bfin-uclinux-ranlib'
TARGET_READLINE_INC='-I/usr/include/readline'
TARGET_READLINE_LIBS='-lreadline -lreadline '
TARGET_THREAD_LIB=''
TCL_BIN_DIR=''
TCL_INCLUDE_SPEC=''
TCL_LIBS=''
TCL_LIB_FILE=''
TCL_LIB_FLAG=''
TCL_LIB_SPEC=''
TCL_SRC_DIR=''
TCL_STUB_LIB_FILE=''
TCL_STUB_LIB_FLAG=''
TCL_STUB_LIB_SPEC=''
TCL_VERSION=''
TEMP_STORE='2'
THREADSAFE='0'
VERSION='3.2'
VERSION_NUMBER='3002006'
ac_ct_AR=''
ac_ct_CC=''
ac_ct_CXX=''
ac_ct_F77=''
ac_ct_RANLIB=''
ac_ct_STRIP=''
bindir='${exec_prefix}/bin'
build='i686-pc-linux-gnu'
build_alias=''
build_cpu='i686'
build_os='linux-gnu'
build_vendor='pc'
datadir='${prefix}/share'
exec_prefix='${prefix}'
host='luke'
host_alias='bfin-uclinux'
host_cpu='bfin'
host_os='uclinux'
host_vendor='unknown'
includedir='${prefix}/include'
infodir='${prefix}/info'
libdir='/home/lukeyang/readline-5.0'
libexecdir='${exec_prefix}/libexec'
localstatedir='${prefix}/var'
mandir='${prefix}/man'
oldincludedir='/usr/include'
prefix='/usr/local'
program_prefix=''
program_transform_name='s,x,x,'
sbindir='${exec_prefix}/sbin'
sharedstatedir='${prefix}/com'
sysconfdir='${prefix}/etc'
target_alias=''

## ----------- ##
## confdefs.h. ##
## ----------- ##

#define HAVE_DLFCN_H 1
#define HAVE_INTTYPES_H 1
#define HAVE_LIBREADLINE 1
#define HAVE_MEMORY_H 1
#define HAVE_STDINT_H 1
#define HAVE_STDLIB_H 1
#define HAVE_STRINGS_H 1
#define HAVE_STRING_H 1
#define HAVE_SYS_STAT_H 1
#define HAVE_SYS_TYPES_H 1
#define HAVE_UNISTD_H 1
#define PACKAGE_BUGREPORT ""
#define PACKAGE_NAME ""
#define PACKAGE_STRING ""
#define PACKAGE_TARNAME ""
#define PACKAGE_VERSION ""
#define STDC_HEADERS 1
#endif
#ifdef __cplusplus
extern "C" void std::exit (int) throw (); using std::exit;

configure: exit 0

## ---------------------- ##
## Running config.status. ##
## ---------------------- ##

This file was extended by config.status, which was
generated by GNU Autoconf 2.59.  Invocation command line was

  CONFIG_FILES    = 
  CONFIG_HEADERS  = 
  CONFIG_LINKS    = 
  CONFIG_COMMANDS = 
  $ ./config.status 

on linux

config.status:704: creating Makefile
config.status:704: creating sqlite3.pc
