This file contains any messages produced by compilers while
running configure, to aid debugging if configure makes a mistake.

It was created by configure, which was
generated by GNU Autoconf 2.53.  Invocation command line was

  $ .././innobase/configure --host=i386-redhat-linux

## --------- ##
## Platform. ##
## --------- ##

hostname = goober
uname -m = i686
uname -r = 2.4.22
uname -s = Linux
uname -v = #1 Tue Aug 26 09:50:30 EST 2003

/usr/bin/uname -p = unknown
/bin/uname -X     = unknown

/bin/arch              = i686
/usr/bin/arch -k       = unknown
/usr/convex/getsysinfo = unknown
hostinfo               = unknown
/bin/machine           = unknown
/usr/bin/oslevel       = unknown
/bin/universe          = unknown

PATH: /usr/local/bin
PATH: /bin
PATH: /usr/bin
PATH: /usr/X11R6/bin
PATH: /home/gerg/bin
PATH: /home/gerg/new-wave.dist/tools
PATH: /home/gerg/new-wave.dist/tools


## ----------- ##
## Core tests. ##
## ----------- ##

configure:1232: checking build system type
configure:1250: result: i686-3com-linux
configure:1260: checking host system type
configure:1274: result: i386-redhat-linux
configure:1284: checking target system type
configure:1298: result: i386-redhat-linux
configure:1315: checking whether to enable maintainer-specific portions of Makefiles
configure:1324: result: no
configure:1355: checking for a BSD-compatible install
configure:1409: result: /usr/bin/install -c
configure:1420: checking whether build environment is sane
configure:1463: result: yes
configure:1497: checking for gawk
configure:1513: found /bin/gawk
configure:1523: result: gawk
configure:1533: checking whether make sets ${MAKE}
configure:1553: result: yes
configure:1690: checking for i386-redhat-linux-gcc
configure:1716: result: gcc
configure:1998: checking for C compiler version
configure:2001: gcc --version </dev/null >&5
gcc (GCC) 3.2.2 20030222 (Red Hat Linux 3.2.2-5)
Copyright (C) 2002 Free Software Foundation, Inc.
This is free software; see the source for copying conditions.  There is NO
warranty; not even for MERCHANTABILITY or FITNESS FOR A PARTICULAR PURPOSE.

configure:2004: $? = 0
configure:2006: gcc -v </dev/null >&5
Reading specs from /usr/lib/gcc-lib/i386-redhat-linux/3.2.2/specs
Configured with: ../configure --prefix=/usr --mandir=/usr/share/man --infodir=/usr/share/info --enable-shared --enable-threads=posix --disable-checking --with-system-zlib --enable-__cxa_atexit --host=i386-redhat-linux
Thread model: posix
gcc version 3.2.2 20030222 (Red Hat Linux 3.2.2-5)
configure:2009: $? = 0
configure:2011: gcc -V </dev/null >&5
gcc: argument to `-V' is missing
configure:2014: $? = 1
configure:2040: checking for C compiler default output
configure:2043: gcc -O3 -DDBUG_OFF -DHAVE_GETHOSTBYNAME_R_GLIBC2_STYLE=1     conftest.c  >&5
configure:2046: $? = 0
configure:2079: result: a.out
configure:2084: checking whether the C compiler works
configure:2090: ./a.out
configure:2093: $? = 0
configure:2108: result: yes
configure:2115: checking whether we are cross compiling
configure:2117: result: no
configure:2120: checking for suffix of executables
configure:2122: gcc -o conftest -O3 -DDBUG_OFF -DHAVE_GETHOSTBYNAME_R_GLIBC2_STYLE=1     conftest.c  >&5
configure:2125: $? = 0
configure:2147: result: 
configure:2153: checking for suffix of object files
configure:2177: gcc -c -O3 -DDBUG_OFF -DHAVE_GETHOSTBYNAME_R_GLIBC2_STYLE=1    conftest.c >&5
configure:2180: $? = 0
configure:2199: result: o
configure:2203: checking whether we are using the GNU C compiler
configure:2230: gcc -c -O3 -DDBUG_OFF -DHAVE_GETHOSTBYNAME_R_GLIBC2_STYLE=1    conftest.c >&5
configure:2233: $? = 0
configure:2236: test -s conftest.o
configure:2239: $? = 0
configure:2251: result: yes
configure:2257: checking whether gcc accepts -g
configure:2281: gcc -c -g  conftest.c >&5
configure:2284: $? = 0
configure:2287: test -s conftest.o
configure:2290: $? = 0
configure:2300: result: yes
configure:2327: gcc -c -O3 -DDBUG_OFF -DHAVE_GETHOSTBYNAME_R_GLIBC2_STYLE=1    conftest.c >&5
conftest.c:2: parse error before "me"
configure:2330: $? = 1
configure: failed program was:
#ifndef __cplusplus
  choke me
#endif
configure:2448: checking for style of include used by make
configure:2476: result: GNU
configure:2483: checking dependency style of gcc
configure:2545: result: gcc3
configure:2553: checking for i386-redhat-linux-ranlib
configure:2579: result: m68k-elf-ranlib
configure:2642: checking for a BSD-compatible install
configure:2696: result: /usr/bin/install -c
configure:2713: checking how to run the C preprocessor
configure:2739: gcc -E  conftest.c
configure:2745: $? = 0
configure:2772: gcc -E  conftest.c
configure:2768:28: ac_nonexistent.h: No such file or directory
configure:2778: $? = 1
configure: failed program was:
#line 2767 "configure"
#include "confdefs.h"
#include <ac_nonexistent.h>
configure:2815: result: gcc -E
configure:2830: gcc -E  conftest.c
configure:2836: $? = 0
configure:2863: gcc -E  conftest.c
configure:2859:28: ac_nonexistent.h: No such file or directory
configure:2869: $? = 1
configure: failed program was:
#line 2858 "configure"
#include "confdefs.h"
#include <ac_nonexistent.h>
configure:2909: checking for ANSI C header files
configure:2923: gcc -E  conftest.c
configure:2929: $? = 0
configure:3014: gcc -o conftest -O3 -DDBUG_OFF -DHAVE_GETHOSTBYNAME_R_GLIBC2_STYLE=1     conftest.c  >&5
configure:3017: $? = 0
configure:3019: ./conftest
configure:3022: $? = 0
configure:3036: result: yes
configure:3060: checking for sys/types.h
configure:3073: gcc -c -O3 -DDBUG_OFF -DHAVE_GETHOSTBYNAME_R_GLIBC2_STYLE=1    conftest.c >&5
configure:3076: $? = 0
configure:3079: test -s conftest.o
configure:3082: $? = 0
configure:3092: result: yes
configure:3060: checking for sys/stat.h
configure:3073: gcc -c -O3 -DDBUG_OFF -DHAVE_GETHOSTBYNAME_R_GLIBC2_STYLE=1    conftest.c >&5
configure:3076: $? = 0
configure:3079: test -s conftest.o
configure:3082: $? = 0
configure:3092: result: yes
configure:3060: checking for stdlib.h
configure:3073: gcc -c -O3 -DDBUG_OFF -DHAVE_GETHOSTBYNAME_R_GLIBC2_STYLE=1    conftest.c >&5
configure:3076: $? = 0
configure:3079: test -s conftest.o
configure:3082: $? = 0
configure:3092: result: yes
configure:3060: checking for string.h
configure:3073: gcc -c -O3 -DDBUG_OFF -DHAVE_GETHOSTBYNAME_R_GLIBC2_STYLE=1    conftest.c >&5
configure:3076: $? = 0
configure:3079: test -s conftest.o
configure:3082: $? = 0
configure:3092: result: yes
configure:3060: checking for memory.h
configure:3073: gcc -c -O3 -DDBUG_OFF -DHAVE_GETHOSTBYNAME_R_GLIBC2_STYLE=1    conftest.c >&5
configure:3076: $? = 0
configure:3079: test -s conftest.o
configure:3082: $? = 0
configure:3092: result: yes
configure:3060: checking for strings.h
configure:3073: gcc -c -O3 -DDBUG_OFF -DHAVE_GETHOSTBYNAME_R_GLIBC2_STYLE=1    conftest.c >&5
configure:3076: $? = 0
configure:3079: test -s conftest.o
configure:3082: $? = 0
configure:3092: result: yes
configure:3060: checking for inttypes.h
configure:3073: gcc -c -O3 -DDBUG_OFF -DHAVE_GETHOSTBYNAME_R_GLIBC2_STYLE=1    conftest.c >&5
configure:3076: $? = 0
configure:3079: test -s conftest.o
configure:3082: $? = 0
configure:3092: result: yes
configure:3060: checking for stdint.h
configure:3073: gcc -c -O3 -DDBUG_OFF -DHAVE_GETHOSTBYNAME_R_GLIBC2_STYLE=1    conftest.c >&5
configure:3076: $? = 0
configure:3079: test -s conftest.o
configure:3082: $? = 0
configure:3092: result: yes
configure:3060: checking for unistd.h
configure:3073: gcc -c -O3 -DDBUG_OFF -DHAVE_GETHOSTBYNAME_R_GLIBC2_STYLE=1    conftest.c >&5
configure:3076: $? = 0
configure:3079: test -s conftest.o
configure:3082: $? = 0
configure:3092: result: yes
configure:3119: checking aio.h usability
configure:3128: gcc -c -O3 -DDBUG_OFF -DHAVE_GETHOSTBYNAME_R_GLIBC2_STYLE=1    conftest.c >&5
configure:3131: $? = 0
configure:3134: test -s conftest.o
configure:3137: $? = 0
configure:3146: result: yes
configure:3150: checking aio.h presence
configure:3157: gcc -E  conftest.c
configure:3163: $? = 0
configure:3181: result: yes
configure:3199: checking for aio.h
configure:3206: result: yes
configure:3119: checking sched.h usability
configure:3128: gcc -c -O3 -DDBUG_OFF -DHAVE_GETHOSTBYNAME_R_GLIBC2_STYLE=1    conftest.c >&5
configure:3131: $? = 0
configure:3134: test -s conftest.o
configure:3137: $? = 0
configure:3146: result: yes
configure:3150: checking sched.h presence
configure:3157: gcc -E  conftest.c
configure:3163: $? = 0
configure:3181: result: yes
configure:3199: checking for sched.h
configure:3206: result: yes
configure:3219: checking for int
configure:3246: gcc -c -O3 -DDBUG_OFF -DHAVE_GETHOSTBYNAME_R_GLIBC2_STYLE=1    conftest.c >&5
configure:3249: $? = 0
configure:3252: test -s conftest.o
configure:3255: $? = 0
configure:3265: result: yes
configure:3268: checking size of int
configure:3546: gcc -o conftest -O3 -DDBUG_OFF -DHAVE_GETHOSTBYNAME_R_GLIBC2_STYLE=1     conftest.c  >&5
configure:3549: $? = 0
configure:3551: ./conftest
configure:3554: $? = 0
configure:3574: result: 4
configure:3581: checking for long
configure:3608: gcc -c -O3 -DDBUG_OFF -DHAVE_GETHOSTBYNAME_R_GLIBC2_STYLE=1    conftest.c >&5
configure:3611: $? = 0
configure:3614: test -s conftest.o
configure:3617: $? = 0
configure:3627: result: yes
configure:3630: checking size of long
configure:3908: gcc -o conftest -O3 -DDBUG_OFF -DHAVE_GETHOSTBYNAME_R_GLIBC2_STYLE=1     conftest.c  >&5
configure:3911: $? = 0
configure:3913: ./conftest
configure:3916: $? = 0
configure:3936: result: 4
configure:3947: checking for sched_yield
configure:3990: gcc -o conftest -O3 -DDBUG_OFF -DHAVE_GETHOSTBYNAME_R_GLIBC2_STYLE=1     conftest.c  >&5
configure:3993: $? = 0
configure:3996: test -s conftest
configure:3999: $? = 0
configure:4009: result: yes
configure:4023: checking for fdatasync
configure:4066: gcc -o conftest -O3 -DDBUG_OFF -DHAVE_GETHOSTBYNAME_R_GLIBC2_STYLE=1     conftest.c  >&5
configure:4069: $? = 0
configure:4072: test -s conftest
configure:4075: $? = 0
configure:4085: result: yes
configure:4097: checking whether byte ordering is bigendian
configure:4127: gcc -c -O3 -DDBUG_OFF -DHAVE_GETHOSTBYNAME_R_GLIBC2_STYLE=1    conftest.c >&5
configure:4130: $? = 0
configure:4133: test -s conftest.o
configure:4136: $? = 0
configure:4163: gcc -c -O3 -DDBUG_OFF -DHAVE_GETHOSTBYNAME_R_GLIBC2_STYLE=1    conftest.c >&5
configure: In function `main':
configure:4153: `not' undeclared (first use in this function)
configure:4153: (Each undeclared identifier is reported only once
configure:4153: for each function it appears in.)
configure:4153: parse error before "big"
configure:4166: $? = 1
configure: failed program was:
#line 4139 "configure"
#include "confdefs.h"
#include <sys/types.h>
#include <sys/param.h>

#ifdef F77_DUMMY_MAIN
#  ifdef __cplusplus
     extern "C"
#  endif
   int F77_DUMMY_MAIN() { return 1; }
#endif
int
main ()
{
#if BYTE_ORDER != BIG_ENDIAN
 not big endian
#endif

  ;
  return 0;
}
configure:4280: result: no
configure:4452: creating ./config.status

## ---------------------- ##
## Running config.status. ##
## ---------------------- ##

This file was extended by config.status, which was
generated by GNU Autoconf 2.53.  Invocation command line was

  CONFIG_FILES    = 
  CONFIG_HEADERS  = 
  CONFIG_LINKS    = 
  CONFIG_COMMANDS = 
  $ ./config.status 

on goober

config.status:647: creating Makefile
config.status:647: creating os/Makefile
config.status:647: creating ut/Makefile
config.status:647: creating btr/Makefile
config.status:647: creating buf/Makefile
config.status:647: creating com/Makefile
config.status:647: creating data/Makefile
config.status:647: creating dict/Makefile
config.status:647: creating dyn/Makefile
config.status:647: creating eval/Makefile
config.status:647: creating fil/Makefile
config.status:647: creating fsp/Makefile
config.status:647: creating fut/Makefile
config.status:647: creating ha/Makefile
config.status:647: creating ibuf/Makefile
config.status:647: creating include/Makefile
config.status:647: creating lock/Makefile
config.status:647: creating log/Makefile
config.status:647: creating mach/Makefile
config.status:647: creating mem/Makefile
config.status:647: creating mtr/Makefile
config.status:647: creating odbc/Makefile
config.status:647: creating page/Makefile
config.status:647: creating pars/Makefile
config.status:647: creating que/Makefile
config.status:647: creating read/Makefile
config.status:647: creating rem/Makefile
config.status:647: creating row/Makefile
config.status:647: creating srv/Makefile
config.status:647: creating sync/Makefile
config.status:647: creating thr/Makefile
config.status:647: creating trx/Makefile
config.status:647: creating usr/Makefile
config.status:744: creating ib_config.h
config.status:861: ib_config.h is unchanged
config.status:962: executing default-1 commands

## ---------------- ##
## Cache variables. ##
## ---------------- ##

ac_cv_build=i686-3com-linux
ac_cv_build_alias=i686-3com-linux
ac_cv_c_bigendian=no
ac_cv_c_compiler_gnu=yes
ac_cv_env_CC_set=set
ac_cv_env_CC_value=gcc
ac_cv_env_CFLAGS_set=set
ac_cv_env_CFLAGS_value='-O3 -DDBUG_OFF -DHAVE_GETHOSTBYNAME_R_GLIBC2_STYLE=1 '
ac_cv_env_CPPFLAGS_set=
ac_cv_env_CPPFLAGS_value=
ac_cv_env_CPP_set=
ac_cv_env_CPP_value=
ac_cv_env_LDFLAGS_set=set
ac_cv_env_LDFLAGS_value=
ac_cv_env_build_alias_set=
ac_cv_env_build_alias_value=
ac_cv_env_host_alias_set=set
ac_cv_env_host_alias_value=i386-redhat-linux
ac_cv_env_target_alias_set=
ac_cv_env_target_alias_value=
ac_cv_exeext=
ac_cv_func_fdatasync=yes
ac_cv_func_sched_yield=yes
ac_cv_header_aio_h=yes
ac_cv_header_inttypes_h=yes
ac_cv_header_memory_h=yes
ac_cv_header_sched_h=yes
ac_cv_header_stdc=yes
ac_cv_header_stdint_h=yes
ac_cv_header_stdlib_h=yes
ac_cv_header_string_h=yes
ac_cv_header_strings_h=yes
ac_cv_header_sys_stat_h=yes
ac_cv_header_sys_types_h=yes
ac_cv_header_unistd_h=yes
ac_cv_host=i386-redhat-linux
ac_cv_host_alias=i386-redhat-linux
ac_cv_objext=o
ac_cv_path_install='/usr/bin/install -c'
ac_cv_prog_AWK=gawk
ac_cv_prog_CC=gcc
ac_cv_prog_CPP='gcc -E'
ac_cv_prog_RANLIB=m68k-elf-ranlib
ac_cv_prog_cc_g=yes
ac_cv_prog_make_make_set=yes
ac_cv_sizeof_int=4
ac_cv_sizeof_long=4
ac_cv_target=i386-redhat-linux
ac_cv_target_alias=i386-redhat-linux
ac_cv_type_int=yes
ac_cv_type_long=yes
am_cv_CC_dependencies_compiler_type=gcc3

## ----------- ##
## confdefs.h. ##
## ----------- ##

#define PACKAGE_NAME ""
#define PACKAGE_TARNAME ""
#define PACKAGE_VERSION ""
#define PACKAGE_STRING ""
#define PACKAGE_BUGREPORT ""
#define PACKAGE "ib"
#define VERSION "0.90"
#define STDC_HEADERS 1
#define HAVE_SYS_TYPES_H 1
#define HAVE_SYS_STAT_H 1
#define HAVE_STDLIB_H 1
#define HAVE_STRING_H 1
#define HAVE_MEMORY_H 1
#define HAVE_STRINGS_H 1
#define HAVE_INTTYPES_H 1
#define HAVE_STDINT_H 1
#define HAVE_UNISTD_H 1
#define HAVE_AIO_H 1
#define HAVE_SCHED_H 1
#define SIZEOF_INT 4
#define SIZEOF_LONG 4
#define HAVE_SCHED_YIELD 1
#define HAVE_FDATASYNC 1

configure: exit 0
