This file contains any messages produced by compilers while
running configure, to aid debugging if configure makes a mistake.

It was created by configure, which was
generated by GNU Autoconf 2.57.  Invocation command line was

  $ ./configure --target=m68k-elf --disable-nls --disable-debug target_alias=m68k-elf --no-create --no-recursion

## --------- ##
## Platform. ##
## --------- ##

hostname = localhost.localdomain
uname -m = i686
uname -r = 2.4.20-8smp
uname -s = Linux
uname -v = #1 SMP Thu Mar 13 17:45:54 EST 2003

/usr/bin/uname -p = unknown
/bin/uname -X     = unknown

/bin/arch              = i686
/usr/bin/arch -k       = unknown
/usr/convex/getsysinfo = unknown
hostinfo               = unknown
/bin/machine           = unknown
/usr/bin/oslevel       = unknown
/bin/universe          = unknown

PATH: /bin
PATH: /sbin
PATH: /usr/bin
PATH: /usr/sbin
PATH: /usr/local/bin
PATH: /usr/local/sbin
PATH: /usr/bin/X11
PATH: /usr/X11R6/bin
PATH: /home/tool/gcc-bfin/gcc-bin/bin
PATH: /root/bin
PATH: /opt/uClinux/blackfin/bin
PATH: /home/tool/binutils/binutils-bfin/binutils-bin/bin
PATH: /home/tool/gcc-bfin/gcc-bin/bin
PATH: /home-new/toolchain2june/output/bin/
PATH: /home-new/toolchain2june/uClinux-dist/tools


## ----------- ##
## Core tests. ##
## ----------- ##

configure:1312: checking build system type
configure:1330: result: i686-pc-linux-gnu
configure:1338: checking host system type
configure:1352: result: i686-pc-linux-gnu
configure:1421: checking whether make sets $(MAKE)
configure:1441: result: yes
configure:1463: checking for a BSD-compatible install
configure:1517: result: /usr/bin/install -c
configure:1579: checking for gcc
configure:1595: found /usr/bin/gcc
configure:1605: result: gcc
configure:1849: checking for C compiler version
configure:1852: gcc --version </dev/null >&5
gcc (GCC) 3.2.2 20030222 (Red Hat Linux 3.2.2-5)
Copyright (C) 2002 Free Software Foundation, Inc.
This is free software; see the source for copying conditions.  There is NO
warranty; not even for MERCHANTABILITY or FITNESS FOR A PARTICULAR PURPOSE.

configure:1855: $? = 0
configure:1857: gcc -v </dev/null >&5
Reading specs from /usr/lib/gcc-lib/i386-redhat-linux/3.2.2/specs
Configured with: ../configure --prefix=/usr --mandir=/usr/share/man --infodir=/usr/share/info --enable-shared --enable-threads=posix --disable-checking --with-system-zlib --enable-__cxa_atexit --host=i386-redhat-linux
Thread model: posix
gcc version 3.2.2 20030222 (Red Hat Linux 3.2.2-5)
configure:1860: $? = 0
configure:1862: gcc -V </dev/null >&5
gcc: argument to `-V' is missing
configure:1865: $? = 1
configure:1889: checking for C compiler default output
configure:1892: gcc    conftest.c  >&5
configure:1895: $? = 0
configure:1941: result: a.out
configure:1946: checking whether the C compiler works
configure:1952: ./a.out
configure:1955: $? = 0
configure:1972: result: yes
configure:1979: checking whether we are cross compiling
configure:1981: result: no
configure:1984: checking for suffix of executables
configure:1986: gcc -o conftest    conftest.c  >&5
configure:1989: $? = 0
configure:2014: result: 
configure:2020: checking for suffix of object files
configure:2042: gcc -c   conftest.c >&5
configure:2045: $? = 0
configure:2067: result: o
configure:2071: checking whether we are using the GNU C compiler
configure:2096: gcc -c   conftest.c >&5
configure:2099: $? = 0
configure:2102: test -s conftest.o
configure:2105: $? = 0
configure:2118: result: yes
configure:2124: checking whether gcc accepts -g
configure:2146: gcc -c -g  conftest.c >&5
configure:2149: $? = 0
configure:2152: test -s conftest.o
configure:2155: $? = 0
configure:2166: result: yes
configure:2183: checking for gcc option to accept ANSI C
configure:2244: gcc  -c   conftest.c >&5
configure:2247: $? = 0
configure:2250: test -s conftest.o
configure:2253: $? = 0
configure:2271: result: none needed
configure:2289: gcc -c   conftest.c >&5
conftest.c:2: parse error before "me"
configure:2292: $? = 1
configure: failed program was:
| #ifndef __cplusplus
|   choke me
| #endif
configure:2420: checking how to run the C preprocessor
configure:2456: gcc -E  conftest.c
configure:2462: $? = 0
configure:2494: gcc -E  conftest.c
configure:2496:28: ac_nonexistent.h: No such file or directory
configure:2500: $? = 1
configure: failed program was:
| #line 2485 "configure"
| /* confdefs.h.  */
| 
| #define PACKAGE_NAME ""
| #define PACKAGE_TARNAME ""
| #define PACKAGE_VERSION ""
| #define PACKAGE_STRING ""
| #define PACKAGE_BUGREPORT ""
| #define OS_TYPE "linux-gnu"
| #define USE_OPIE 1
| #define USE_DIGEST 1
| /* end confdefs.h.  */
| #include <ac_nonexistent.h>
configure:2538: result: gcc -E
configure:2563: gcc -E  conftest.c
configure:2569: $? = 0
configure:2601: gcc -E  conftest.c
configure:2603:28: ac_nonexistent.h: No such file or directory
configure:2607: $? = 1
configure: failed program was:
| #line 2592 "configure"
| /* confdefs.h.  */
| 
| #define PACKAGE_NAME ""
| #define PACKAGE_TARNAME ""
| #define PACKAGE_VERSION ""
| #define PACKAGE_STRING ""
| #define PACKAGE_BUGREPORT ""
| #define OS_TYPE "linux-gnu"
| #define USE_OPIE 1
| #define USE_DIGEST 1
| /* end confdefs.h.  */
| #include <ac_nonexistent.h>
configure:2650: checking for egrep
configure:2660: result: grep -E
configure:2666: checking for AIX
configure:2689: result: no
configure:2703: checking for gcc option to accept ANSI C
configure:2747: gcc  -c  -O2 -Wall -Wno-implicit  conftest.c >&5
configure:2750: $? = 0
configure:2753: test -s conftest.o
configure:2756: $? = 0
configure:2770: result: 
configure:2791: checking for sys/types.h
configure:2808: gcc -c  -O2 -Wall -Wno-implicit  conftest.c >&5
configure:2811: $? = 0
configure:2814: test -s conftest.o
configure:2817: $? = 0
configure:2828: result: yes
configure:2791: checking for sys/stat.h
configure:2808: gcc -c  -O2 -Wall -Wno-implicit  conftest.c >&5
configure:2811: $? = 0
configure:2814: test -s conftest.o
configure:2817: $? = 0
configure:2828: result: yes
configure:2791: checking for stdlib.h
configure:2808: gcc -c  -O2 -Wall -Wno-implicit  conftest.c >&5
configure:2811: $? = 0
configure:2814: test -s conftest.o
configure:2817: $? = 0
configure:2828: result: yes
configure:2791: checking for string.h
configure:2808: gcc -c  -O2 -Wall -Wno-implicit  conftest.c >&5
configure:2811: $? = 0
configure:2814: test -s conftest.o
configure:2817: $? = 0
configure:2828: result: yes
configure:2791: checking for memory.h
configure:2808: gcc -c  -O2 -Wall -Wno-implicit  conftest.c >&5
configure:2811: $? = 0
configure:2814: test -s conftest.o
configure:2817: $? = 0
configure:2828: result: yes
configure:2791: checking for strings.h
configure:2808: gcc -c  -O2 -Wall -Wno-implicit  conftest.c >&5
configure:2811: $? = 0
configure:2814: test -s conftest.o
configure:2817: $? = 0
configure:2828: result: yes
configure:2791: checking for inttypes.h
configure:2808: gcc -c  -O2 -Wall -Wno-implicit  conftest.c >&5
configure:2811: $? = 0
configure:2814: test -s conftest.o
configure:2817: $? = 0
configure:2828: result: yes
configure:2791: checking for stdint.h
configure:2808: gcc -c  -O2 -Wall -Wno-implicit  conftest.c >&5
configure:2811: $? = 0
configure:2814: test -s conftest.o
configure:2817: $? = 0
configure:2828: result: yes
configure:2791: checking for unistd.h
configure:2808: gcc -c  -O2 -Wall -Wno-implicit  conftest.c >&5
configure:2811: $? = 0
configure:2814: test -s conftest.o
configure:2817: $? = 0
configure:2828: result: yes
configure:2842: checking for function prototypes
configure:2845: result: yes
configure:3159: checking for an ANSI C-conforming const
configure:3227: gcc -c  -O2 -Wall -Wno-implicit  conftest.c >&5
configure: In function `main':
configure:3212: warning: unused variable `s'
configure:3232: warning: unused variable `foo'
configure:3193: warning: unused variable `x'
configure:3199: warning: unused variable `zero'
configure:3211: warning: `t' might be used uninitialized in this function
configure:3229: warning: `b' might be used uninitialized in this function
configure:3230: $? = 0
configure:3233: test -s conftest.o
configure:3236: $? = 0
configure:3247: result: yes
configure:3257: checking for size_t
configure:3282: gcc -c  -O2 -Wall -Wno-implicit  conftest.c >&5
configure:3285: $? = 0
configure:3288: test -s conftest.o
configure:3291: $? = 0
configure:3302: result: yes
configure:3314: checking for pid_t
configure:3339: gcc -c  -O2 -Wall -Wno-implicit  conftest.c >&5
configure:3342: $? = 0
configure:3345: test -s conftest.o
configure:3348: $? = 0
configure:3359: result: yes
configure:3371: checking whether byte ordering is bigendian
configure:3399: gcc -c  -O2 -Wall -Wno-implicit  conftest.c >&5
configure:3402: $? = 0
configure:3405: test -s conftest.o
configure:3408: $? = 0
configure:3433: gcc -c  -O2 -Wall -Wno-implicit  conftest.c >&5
configure: In function `main':
configure:3439: `not' undeclared (first use in this function)
configure:3439: (Each undeclared identifier is reported only once
configure:3439: for each function it appears in.)
configure:3439: parse error before "big"
configure:3436: $? = 1
configure: failed program was:
| #line 3411 "configure"
| /* confdefs.h.  */
| 
| #define PACKAGE_NAME ""
| #define PACKAGE_TARNAME ""
| #define PACKAGE_VERSION ""
| #define PACKAGE_STRING ""
| #define PACKAGE_BUGREPORT ""
| #define OS_TYPE "linux-gnu"
| #define USE_OPIE 1
| #define USE_DIGEST 1
| #define HAVE_SYS_TYPES_H 1
| #define HAVE_SYS_STAT_H 1
| #define HAVE_STDLIB_H 1
| #define HAVE_STRING_H 1
| #define HAVE_MEMORY_H 1
| #define HAVE_STRINGS_H 1
| #define HAVE_INTTYPES_H 1
| #define HAVE_STDINT_H 1
| #define HAVE_UNISTD_H 1
| #define PROTOTYPES 1
| /* end confdefs.h.  */
| #include <sys/types.h>
| #include <sys/param.h>
| 
| int
| main ()
| {
| #if BYTE_ORDER != BIG_ENDIAN
|  not big endian
| #endif
| 
|   ;
|   return 0;
| }
configure:3556: result: no
configure:3577: checking for long
configure:3602: gcc -c  -O2 -Wall -Wno-implicit  conftest.c >&5
configure:3605: $? = 0
configure:3608: test -s conftest.o
configure:3611: $? = 0
configure:3622: result: yes
configure:3625: checking size of long
configure:3900: gcc -o conftest  -O2 -Wall -Wno-implicit   conftest.c  >&5
configure:3903: $? = 0
configure:3905: ./conftest
configure:3908: $? = 0
configure:3931: result: 4
configure:3938: checking for long long
configure:3963: gcc -c  -O2 -Wall -Wno-implicit  conftest.c >&5
configure:3966: $? = 0
configure:3969: test -s conftest.o
configure:3972: $? = 0
configure:3983: result: yes
configure:3986: checking size of long long
configure:4261: gcc -o conftest  -O2 -Wall -Wno-implicit   conftest.c  >&5
configure:4264: $? = 0
configure:4266: ./conftest
configure:4269: $? = 0
configure:4292: result: 8
configure:4310: checking for string.h
configure:4315: result: yes
configure:4319: checking stdarg.h usability
configure:4332: gcc -c  -O2 -Wall -Wno-implicit  conftest.c >&5
configure:4335: $? = 0
configure:4338: test -s conftest.o
configure:4341: $? = 0
configure:4351: result: yes
configure:4355: checking stdarg.h presence
configure:4366: gcc -E  conftest.c
configure:4372: $? = 0
configure:4391: result: yes
configure:4427: checking for stdarg.h
configure:4434: result: yes
configure:4310: checking for unistd.h
configure:4315: result: yes
configure:4319: checking sys/time.h usability
configure:4332: gcc -c  -O2 -Wall -Wno-implicit  conftest.c >&5
configure:4335: $? = 0
configure:4338: test -s conftest.o
configure:4341: $? = 0
configure:4351: result: yes
configure:4355: checking sys/time.h presence
configure:4366: gcc -E  conftest.c
configure:4372: $? = 0
configure:4391: result: yes
configure:4427: checking for sys/time.h
configure:4434: result: yes
configure:4319: checking utime.h usability
configure:4332: gcc -c  -O2 -Wall -Wno-implicit  conftest.c >&5
configure:4335: $? = 0
configure:4338: test -s conftest.o
configure:4341: $? = 0
configure:4351: result: yes
configure:4355: checking utime.h presence
configure:4366: gcc -E  conftest.c
configure:4372: $? = 0
configure:4391: result: yes
configure:4427: checking for utime.h
configure:4434: result: yes
configure:4319: checking sys/utime.h usability
configure:4332: gcc -c  -O2 -Wall -Wno-implicit  conftest.c >&5
configure:4383:23: sys/utime.h: No such file or directory
configure:4335: $? = 1
configure: failed program was:
| #line 4321 "configure"
| /* confdefs.h.  */
| 
| #define PACKAGE_NAME ""
| #define PACKAGE_TARNAME ""
| #define PACKAGE_VERSION ""
| #define PACKAGE_STRING ""
| #define PACKAGE_BUGREPORT ""
| #define OS_TYPE "linux-gnu"
| #define USE_OPIE 1
| #define USE_DIGEST 1
| #define HAVE_SYS_TYPES_H 1
| #define HAVE_SYS_STAT_H 1
| #define HAVE_STDLIB_H 1
| #define HAVE_STRING_H 1
| #define HAVE_MEMORY_H 1
| #define HAVE_STRINGS_H 1
| #define HAVE_INTTYPES_H 1
| #define HAVE_STDINT_H 1
| #define HAVE_UNISTD_H 1
| #define PROTOTYPES 1
| #define SIZEOF_LONG 4
| #define SIZEOF_LONG_LONG 8
| #define HAVE_STRING_H 1
| #define HAVE_STDARG_H 1
| #define HAVE_UNISTD_H 1
| #define HAVE_SYS_TIME_H 1
| #define HAVE_UTIME_H 1
| /* end confdefs.h.  */
| #include <stdio.h>
| #if HAVE_SYS_TYPES_H
| # include <sys/types.h>
| #endif
| #if HAVE_SYS_STAT_H
| # include <sys/stat.h>
| #endif
| #if STDC_HEADERS
| # include <stdlib.h>
| # include <stddef.h>
| #else
| # if HAVE_STDLIB_H
| #  include <stdlib.h>
| # endif
| #endif
| #if HAVE_STRING_H
| # if !STDC_HEADERS && HAVE_MEMORY_H
| #  include <memory.h>
| # endif
| # include <string.h>
| #endif
| #if HAVE_STRINGS_H
| # include <strings.h>
| #endif
| #if HAVE_INTTYPES_H
| # include <inttypes.h>
| #else
| # if HAVE_STDINT_H
| #  include <stdint.h>
| # endif
| #endif
| #if HAVE_UNISTD_H
| # include <unistd.h>
| #endif
| #include <sys/utime.h>
configure:4351: result: no
configure:4355: checking sys/utime.h presence
configure:4366: gcc -E  conftest.c
configure:4385:23: sys/utime.h: No such file or directory
configure:4372: $? = 1
configure: failed program was:
| #line 4357 "configure"
| /* confdefs.h.  */
| 
| #define PACKAGE_NAME ""
| #define PACKAGE_TARNAME ""
| #define PACKAGE_VERSION ""
| #define PACKAGE_STRING ""
| #define PACKAGE_BUGREPORT ""
| #define OS_TYPE "linux-gnu"
| #define USE_OPIE 1
| #define USE_DIGEST 1
| #define HAVE_SYS_TYPES_H 1
| #define HAVE_SYS_STAT_H 1
| #define HAVE_STDLIB_H 1
| #define HAVE_STRING_H 1
| #define HAVE_MEMORY_H 1
| #define HAVE_STRINGS_H 1
| #define HAVE_INTTYPES_H 1
| #define HAVE_STDINT_H 1
| #define HAVE_UNISTD_H 1
| #define PROTOTYPES 1
| #define SIZEOF_LONG 4
| #define SIZEOF_LONG_LONG 8
| #define HAVE_STRING_H 1
| #define HAVE_STDARG_H 1
| #define HAVE_UNISTD_H 1
| #define HAVE_SYS_TIME_H 1
| #define HAVE_UTIME_H 1
| /* end confdefs.h.  */
| #include <sys/utime.h>
configure:4391: result: no
configure:4427: checking for sys/utime.h
configure:4434: result: no
configure:4464: checking sys/select.h usability
configure:4477: gcc -c  -O2 -Wall -Wno-implicit  conftest.c >&5
configure:4480: $? = 0
configure:4483: test -s conftest.o
configure:4486: $? = 0
configure:4496: result: yes
configure:4500: checking sys/select.h presence
configure:4511: gcc -E  conftest.c
configure:4517: $? = 0
configure:4536: result: yes
configure:4572: checking for sys/select.h
configure:4579: result: yes
configure:4464: checking sys/utsname.h usability
configure:4477: gcc -c  -O2 -Wall -Wno-implicit  conftest.c >&5
configure:4480: $? = 0
configure:4483: test -s conftest.o
configure:4486: $? = 0
configure:4496: result: yes
configure:4500: checking sys/utsname.h presence
configure:4511: gcc -E  conftest.c
configure:4517: $? = 0
configure:4536: result: yes
configure:4572: checking for sys/utsname.h
configure:4579: result: yes
configure:4464: checking pwd.h usability
configure:4477: gcc -c  -O2 -Wall -Wno-implicit  conftest.c >&5
configure:4480: $? = 0
configure:4483: test -s conftest.o
configure:4486: $? = 0
configure:4496: result: yes
configure:4500: checking pwd.h presence
configure:4511: gcc -E  conftest.c
configure:4517: $? = 0
configure:4536: result: yes
configure:4572: checking for pwd.h
configure:4579: result: yes
configure:4464: checking signal.h usability
configure:4477: gcc -c  -O2 -Wall -Wno-implicit  conftest.c >&5
configure:4480: $? = 0
configure:4483: test -s conftest.o
configure:4486: $? = 0
configure:4496: result: yes
configure:4500: checking signal.h presence
configure:4511: gcc -E  conftest.c
configure:4517: $? = 0
configure:4536: result: yes
configure:4572: checking for signal.h
configure:4579: result: yes
configure:4592: checking whether time.h and sys/time.h may both be included
configure:4618: gcc -c  -O2 -Wall -Wno-implicit  conftest.c >&5
configure:4621: $? = 0
configure:4624: test -s conftest.o
configure:4627: $? = 0
configure:4638: result: yes
configure:4649: checking return type of signal handlers
configure:4681: gcc -c  -O2 -Wall -Wno-implicit  conftest.c >&5
configure: In function `main':
configure:4701: warning: unused variable `i'
configure:4684: $? = 0
configure:4687: test -s conftest.o
configure:4690: $? = 0
configure:4701: result: void
configure:4710: checking for struct utimbuf
configure:4728: result: yes
configure:4743: checking for working alloca.h
configure:4765: gcc -o conftest  -O2 -Wall -Wno-implicit   conftest.c  >&5
configure: In function `main':
configure:4787: warning: unused variable `p'
configure:4768: $? = 0
configure:4771: test -s conftest
configure:4774: $? = 0
configure:4785: result: yes
configure:4795: checking for alloca
configure:4837: gcc -o conftest  -O2 -Wall -Wno-implicit   conftest.c  >&5
configure: In function `main':
configure:4860: warning: unused variable `p'
configure:4840: $? = 0
configure:4843: test -s conftest
configure:4846: $? = 0
configure:4857: result: yes
configure:5071: checking for strdup
configure:5121: gcc -o conftest  -O2 -Wall -Wno-implicit   conftest.c  >&5
configure:5124: $? = 0
configure:5127: test -s conftest
configure:5130: $? = 0
configure:5141: result: yes
configure:5071: checking for strstr
configure:5121: gcc -o conftest  -O2 -Wall -Wno-implicit   conftest.c  >&5
configure:5130: warning: conflicting types for built-in function `strstr'
configure:5124: $? = 0
configure:5127: test -s conftest
configure:5130: $? = 0
configure:5141: result: yes
configure:5071: checking for strcasecmp
configure:5121: gcc -o conftest  -O2 -Wall -Wno-implicit   conftest.c  >&5
configure:5124: $? = 0
configure:5127: test -s conftest
configure:5130: $? = 0
configure:5141: result: yes
configure:5071: checking for strncasecmp
configure:5121: gcc -o conftest  -O2 -Wall -Wno-implicit   conftest.c  >&5
configure:5124: $? = 0
configure:5127: test -s conftest
configure:5130: $? = 0
configure:5141: result: yes
configure:5157: checking for gettimeofday
configure:5207: gcc -o conftest  -O2 -Wall -Wno-implicit   conftest.c  >&5
configure:5210: $? = 0
configure:5213: test -s conftest
configure:5216: $? = 0
configure:5227: result: yes
configure:5157: checking for mktime
configure:5207: gcc -o conftest  -O2 -Wall -Wno-implicit   conftest.c  >&5
configure:5210: $? = 0
configure:5213: test -s conftest
configure:5216: $? = 0
configure:5227: result: yes
configure:5157: checking for strptime
configure:5207: gcc -o conftest  -O2 -Wall -Wno-implicit   conftest.c  >&5
configure:5210: $? = 0
configure:5213: test -s conftest
configure:5216: $? = 0
configure:5227: result: yes
configure:5248: checking for strerror
configure:5298: gcc -o conftest  -O2 -Wall -Wno-implicit   conftest.c  >&5
configure:5301: $? = 0
configure:5304: test -s conftest
configure:5307: $? = 0
configure:5318: result: yes
configure:5248: checking for snprintf
configure:5298: gcc -o conftest  -O2 -Wall -Wno-implicit   conftest.c  >&5
configure:5301: $? = 0
configure:5304: test -s conftest
configure:5307: $? = 0
configure:5318: result: yes
configure:5248: checking for vsnprintf
configure:5298: gcc -o conftest  -O2 -Wall -Wno-implicit   conftest.c  >&5
configure:5301: $? = 0
configure:5304: test -s conftest
configure:5307: $? = 0
configure:5318: result: yes
configure:5248: checking for select
configure:5298: gcc -o conftest  -O2 -Wall -Wno-implicit   conftest.c  >&5
configure:5301: $? = 0
configure:5304: test -s conftest
configure:5307: $? = 0
configure:5318: result: yes
configure:5248: checking for signal
configure:5298: gcc -o conftest  -O2 -Wall -Wno-implicit   conftest.c  >&5
configure:5301: $? = 0
configure:5304: test -s conftest
configure:5307: $? = 0
configure:5318: result: yes
configure:5248: checking for symlink
configure:5298: gcc -o conftest  -O2 -Wall -Wno-implicit   conftest.c  >&5
configure:5301: $? = 0
configure:5304: test -s conftest
configure:5307: $? = 0
configure:5318: result: yes
configure:5248: checking for access
configure:5298: gcc -o conftest  -O2 -Wall -Wno-implicit   conftest.c  >&5
configure:5301: $? = 0
configure:5304: test -s conftest
configure:5307: $? = 0
configure:5318: result: yes
configure:5248: checking for isatty
configure:5298: gcc -o conftest  -O2 -Wall -Wno-implicit   conftest.c  >&5
configure:5301: $? = 0
configure:5304: test -s conftest
configure:5307: $? = 0
configure:5318: result: yes
configure:5333: checking for uname
configure:5383: gcc -o conftest  -O2 -Wall -Wno-implicit   conftest.c  >&5
configure:5386: $? = 0
configure:5389: test -s conftest
configure:5392: $? = 0
configure:5403: result: yes
configure:5333: checking for gethostname
configure:5383: gcc -o conftest  -O2 -Wall -Wno-implicit   conftest.c  >&5
configure:5386: $? = 0
configure:5389: test -s conftest
configure:5392: $? = 0
configure:5403: result: yes
configure:5418: checking for gethostbyname
configure:5468: gcc -o conftest  -O2 -Wall -Wno-implicit   conftest.c  >&5
configure:5471: $? = 0
configure:5474: test -s conftest
configure:5477: $? = 0
configure:5488: result: yes
configure:5568: checking for socket in -lsocket
configure:5599: gcc -o conftest  -O2 -Wall -Wno-implicit   conftest.c -lsocket   >&5
/usr/bin/ld: cannot find -lsocket
collect2: ld returned 1 exit status
configure:5602: $? = 1
configure: failed program was:
| #line 5575 "configure"
| /* confdefs.h.  */
| 
| #define PACKAGE_NAME ""
| #define PACKAGE_TARNAME ""
| #define PACKAGE_VERSION ""
| #define PACKAGE_STRING ""
| #define PACKAGE_BUGREPORT ""
| #define OS_TYPE "linux-gnu"
| #define USE_OPIE 1
| #define USE_DIGEST 1
| #define HAVE_SYS_TYPES_H 1
| #define HAVE_SYS_STAT_H 1
| #define HAVE_STDLIB_H 1
| #define HAVE_STRING_H 1
| #define HAVE_MEMORY_H 1
| #define HAVE_STRINGS_H 1
| #define HAVE_INTTYPES_H 1
| #define HAVE_STDINT_H 1
| #define HAVE_UNISTD_H 1
| #define PROTOTYPES 1
| #define SIZEOF_LONG 4
| #define SIZEOF_LONG_LONG 8
| #define HAVE_STRING_H 1
| #define HAVE_STDARG_H 1
| #define HAVE_UNISTD_H 1
| #define HAVE_SYS_TIME_H 1
| #define HAVE_UTIME_H 1
| #define HAVE_SYS_SELECT_H 1
| #define HAVE_SYS_UTSNAME_H 1
| #define HAVE_PWD_H 1
| #define HAVE_SIGNAL_H 1
| #define TIME_WITH_SYS_TIME 1
| #define RETSIGTYPE void
| #define HAVE_STRUCT_UTIMBUF 1
| #define HAVE_ALLOCA_H 1
| #define HAVE_ALLOCA 1
| #define HAVE_STRDUP 1
| #define HAVE_STRSTR 1
| #define HAVE_STRCASECMP 1
| #define HAVE_STRNCASECMP 1
| #define HAVE_GETTIMEOFDAY 1
| #define HAVE_MKTIME 1
| #define HAVE_STRPTIME 1
| #define HAVE_STRERROR 1
| #define HAVE_SNPRINTF 1
| #define HAVE_VSNPRINTF 1
| #define HAVE_SELECT 1
| #define HAVE_SIGNAL 1
| #define HAVE_SYMLINK 1
| #define HAVE_ACCESS 1
| #define HAVE_ISATTY 1
| #define HAVE_UNAME 1
| #define HAVE_GETHOSTNAME 1
| #define HAVE_GETHOSTBYNAME 1
| /* end confdefs.h.  */
| 
| /* Override any gcc2 internal prototype to avoid an error.  */
| #ifdef __cplusplus
| extern "C"
| #endif
| /* We use char because int might match the return type of a gcc2
|    builtin and then its argument prototype would still apply.  */
| char socket ();
| int
| main ()
| {
| socket ();
|   ;
|   return 0;
| }
configure:5620: result: no
configure:5761: checking whether NLS is requested
configure:5770: result: no
configure:6238: checking for makeinfo
configure:6254: found /usr/bin/makeinfo
configure:6264: result: makeinfo
configure:6378: creating ./config.status

## ---------------- ##
## Cache variables. ##
## ---------------- ##

ac_cv_build=i686-pc-linux-gnu
ac_cv_build_alias=i686-pc-linux-gnu
ac_cv_c_bigendian=no
ac_cv_c_compiler_gnu=yes
ac_cv_c_const=yes
ac_cv_env_CC_set=
ac_cv_env_CC_value=
ac_cv_env_CFLAGS_set=
ac_cv_env_CFLAGS_value=
ac_cv_env_CPPFLAGS_set=
ac_cv_env_CPPFLAGS_value=
ac_cv_env_CPP_set=
ac_cv_env_CPP_value=
ac_cv_env_LDFLAGS_set=
ac_cv_env_LDFLAGS_value=
ac_cv_env_build_alias_set=
ac_cv_env_build_alias_value=
ac_cv_env_host_alias_set=
ac_cv_env_host_alias_value=
ac_cv_env_target_alias_set=set
ac_cv_env_target_alias_value=m68k-elf
ac_cv_exeext=
ac_cv_func_access=yes
ac_cv_func_alloca_works=yes
ac_cv_func_gethostbyname=yes
ac_cv_func_gethostname=yes
ac_cv_func_gettimeofday=yes
ac_cv_func_isatty=yes
ac_cv_func_mktime=yes
ac_cv_func_select=yes
ac_cv_func_signal=yes
ac_cv_func_snprintf=yes
ac_cv_func_strcasecmp=yes
ac_cv_func_strdup=yes
ac_cv_func_strerror=yes
ac_cv_func_strncasecmp=yes
ac_cv_func_strptime=yes
ac_cv_func_strstr=yes
ac_cv_func_symlink=yes
ac_cv_func_uname=yes
ac_cv_func_vsnprintf=yes
ac_cv_header_inttypes_h=yes
ac_cv_header_memory_h=yes
ac_cv_header_pwd_h=yes
ac_cv_header_signal_h=yes
ac_cv_header_stdarg_h=yes
ac_cv_header_stdint_h=yes
ac_cv_header_stdlib_h=yes
ac_cv_header_string_h=yes
ac_cv_header_strings_h=yes
ac_cv_header_sys_select_h=yes
ac_cv_header_sys_stat_h=yes
ac_cv_header_sys_time_h=yes
ac_cv_header_sys_types_h=yes
ac_cv_header_sys_utime_h=no
ac_cv_header_sys_utsname_h=yes
ac_cv_header_time=yes
ac_cv_header_unistd_h=yes
ac_cv_header_utime_h=yes
ac_cv_host=i686-pc-linux-gnu
ac_cv_host_alias=i686-pc-linux-gnu
ac_cv_lib_socket_socket=no
ac_cv_objext=o
ac_cv_path_install='/usr/bin/install -c'
ac_cv_prog_CPP='gcc -E'
ac_cv_prog_MAKEINFO=makeinfo
ac_cv_prog_ac_ct_CC=gcc
ac_cv_prog_cc_g=yes
ac_cv_prog_cc_stdc=
ac_cv_prog_egrep='grep -E'
ac_cv_prog_make_make_set=yes
ac_cv_sizeof_long=4
ac_cv_sizeof_long_long=8
ac_cv_type_long=yes
ac_cv_type_long_long=yes
ac_cv_type_pid_t=yes
ac_cv_type_signal=void
ac_cv_type_size_t=yes
ac_cv_working_alloca_h=yes
am_cv_prog_cc_stdc=

## ----------------- ##
## Output variables. ##
## ----------------- ##

ALLOCA=''
ANSI2KNR=''
CATALOGS=''
CATOBJEXT=''
CC='gcc'
CFLAGS=' -O2 -Wall -Wno-implicit'
CPP='gcc -E'
CPPFLAGS=''
DATADIRNAME=''
DEFS='-DHAVE_CONFIG_H'
ECHO_C=''
ECHO_N='-n'
ECHO_T=''
EGREP='grep -E'
EXEEXT=''
GMOFILES=''
GMSGFMT=''
HAVE_NLS='no'
INSTALL_DATA='${INSTALL} -m 644'
INSTALL_PROGRAM='${INSTALL}'
INSTALL_SCRIPT='${INSTALL}'
INSTOBJEXT=''
INTLLIBS=''
LDFLAGS=''
LIBOBJS=''
LIBS=''
LTLIBOBJS=''
MAKEINFO='makeinfo $(srcdir)/wget.texi'
MD5_OBJ='md5$o'
MSGFMT=''
OBJEXT='o'
OPIE_OBJ='ftp-opie$o'
PACKAGE='wget'
PACKAGE_BUGREPORT=''
PACKAGE_NAME=''
PACKAGE_STRING=''
PACKAGE_TARNAME=''
PACKAGE_VERSION=''
PATH_SEPARATOR=':'
POFILES=''
SET_MAKE=''
SHELL='/bin/sh'
U=''
USE_NLS='no'
VERSION='1.6'
XGETTEXT=''
ac_ct_CC='gcc'
bindir='${exec_prefix}/bin'
build='i686-pc-linux-gnu'
build_alias=''
build_cpu='i686'
build_os='linux-gnu'
build_vendor='pc'
datadir='${prefix}/share'
exec_prefix='${prefix}'
exeext=''
host='i686-pc-linux-gnu'
host_alias=''
host_cpu='i686'
host_os='linux-gnu'
host_vendor='pc'
includedir='${prefix}/include'
infodir='${prefix}/info'
libdir='${exec_prefix}/lib'
libexecdir='${exec_prefix}/libexec'
localstatedir='${prefix}/var'
mandir='${prefix}/man'
oldincludedir='/usr/include'
prefix='/usr/local'
program_transform_name='s,x,x,'
sbindir='${exec_prefix}/sbin'
sharedstatedir='${prefix}/com'
sysconfdir='${prefix}/etc'
target_alias='m68k-elf'

## ----------- ##
## confdefs.h. ##
## ----------- ##

#define HAVE_ACCESS 1
#define HAVE_ALLOCA 1
#define HAVE_ALLOCA_H 1
#define HAVE_GETHOSTBYNAME 1
#define HAVE_GETHOSTNAME 1
#define HAVE_GETTIMEOFDAY 1
#define HAVE_INTTYPES_H 1
#define HAVE_ISATTY 1
#define HAVE_MEMORY_H 1
#define HAVE_MKTIME 1
#define HAVE_PWD_H 1
#define HAVE_SELECT 1
#define HAVE_SIGNAL 1
#define HAVE_SIGNAL_H 1
#define HAVE_SNPRINTF 1
#define HAVE_STDARG_H 1
#define HAVE_STDINT_H 1
#define HAVE_STDLIB_H 1
#define HAVE_STRCASECMP 1
#define HAVE_STRDUP 1
#define HAVE_STRERROR 1
#define HAVE_STRINGS_H 1
#define HAVE_STRING_H 1
#define HAVE_STRING_H 1
#define HAVE_STRNCASECMP 1
#define HAVE_STRPTIME 1
#define HAVE_STRSTR 1
#define HAVE_STRUCT_UTIMBUF 1
#define HAVE_SYMLINK 1
#define HAVE_SYS_SELECT_H 1
#define HAVE_SYS_STAT_H 1
#define HAVE_SYS_TIME_H 1
#define HAVE_SYS_TYPES_H 1
#define HAVE_SYS_UTSNAME_H 1
#define HAVE_UNAME 1
#define HAVE_UNISTD_H 1
#define HAVE_UNISTD_H 1
#define HAVE_UTIME_H 1
#define HAVE_VSNPRINTF 1
#define OS_TYPE "linux-gnu"
#define PACKAGE_BUGREPORT ""
#define PACKAGE_NAME ""
#define PACKAGE_STRING ""
#define PACKAGE_TARNAME ""
#define PACKAGE_VERSION ""
#define PROTOTYPES 1
#define RETSIGTYPE void
#define SIZEOF_LONG 4
#define SIZEOF_LONG_LONG 8
#define TIME_WITH_SYS_TIME 1
#define USE_DIGEST 1
#define USE_OPIE 1

configure: exit 0

## ---------------------- ##
## Running config.status. ##
## ---------------------- ##

This file was extended by config.status, which was
generated by GNU Autoconf 2.57.  Invocation command line was

  CONFIG_FILES    = 
  CONFIG_HEADERS  = 
  CONFIG_LINKS    = 
  CONFIG_COMMANDS = 
  $ ./config.status 

on localhost.localdomain

config.status:655: creating Makefile
config.status:655: creating src/Makefile
config.status:655: creating doc/Makefile
config.status:655: creating util/Makefile
config.status:655: creating po/Makefile.in
config.status:1052: executing default commands

## ---------------------- ##
## Running config.status. ##
## ---------------------- ##

This file was extended by config.status, which was
generated by GNU Autoconf 2.57.  Invocation command line was

  CONFIG_FILES    = po/Makefile.in
  CONFIG_HEADERS  = 
  CONFIG_LINKS    = 
  CONFIG_COMMANDS = 
  $ ./config.status 

on localhost.localdomain

config.status:655: creating po/Makefile.in
config.status:1052: executing default commands
