This file contains any messages produced by compilers while
running configure, to aid debugging if configure makes a mistake.

It was created by configure, which was
generated by GNU Autoconf 2.59.  Invocation command line was

  $ ./configure --target=bfin-elf

## --------- ##
## Platform. ##
## --------- ##

hostname = linux
uname -m = i686
uname -r = 2.6.10-1.771_FC2
uname -s = Linux
uname -v = #1 Mon Mar 28 00:50:14 EST 2005

/usr/bin/uname -p = unknown
/bin/uname -X     = unknown

/bin/arch              = i686
/usr/bin/arch -k       = unknown
/usr/convex/getsysinfo = unknown
hostinfo               = unknown
/bin/machine           = unknown
/usr/bin/oslevel       = unknown
/bin/universe          = unknown

PATH: /opt/uClinux/bfin-elf/bin
PATH: /opt/uClinux/bfin-uclinux/bin/
PATH: /usr/local/gcc-bfin-3.4-uclinux/bin
PATH: /usr/local/gcc-bfin-3.4-elf/bin
PATH: /usr/local/gcc-bfin-3.4-uclinux/bin
PATH: /usr/local/gcc-bfin-3.4-elf/bin
PATH: /usr/local/gcc-bfin-3.4/bin
PATH: /usr/local/gcc-bfin-3.4/bin
PATH: /usr/local/gcc-bfin-3.4-uclinux/bin
PATH: /usr/local/gcc-bfin-3.4-elf/bin
PATH: /usr/local/gcc-bfin-3.4-uclinux/bin
PATH: /usr/local/gcc-bfin-3.4-elf/bin
PATH: /usr/kerberos/bin
PATH: /usr/local/bin
PATH: /bin
PATH: /usr/bin
PATH: /usr/X11R6/bin
PATH: /opt/uClinux/bfin/bin/
PATH: /opt/rtems-4.6/bin/
PATH: /home/shiva/rtems/my_tools/read_test/total/test/bin/
PATH: /usr/local/mips-linux/bin/
PATH: /opt/kenati/bin
PATH: /opt/uClinux/bfin-elf/bin
PATH: opt/uClinux/bfin-uclinux/bin
PATH: /opt/uClinux/bfin-elf/bin
PATH: /opt/uClinux/bfin-uclinux/bin


## ----------- ##
## Core tests. ##
## ----------- ##

configure:1555: checking for a BSD-compatible install
configure:1610: result: /usr/bin/install -c
configure:1621: checking whether build environment is sane
configure:1664: result: yes
configure:1721: checking for gawk
configure:1737: found /bin/gawk
configure:1747: result: gawk
configure:1757: checking whether make sets $(MAKE)
configure:1777: result: yes
configure:1941: checking whether to enable maintainer-specific portions of Makefiles
configure:1950: result: no
configure:2006: checking build system type
configure:2024: result: i686-pc-linux-gnu
configure:2032: checking host system type
configure:2046: result: i686-pc-linux-gnu
configure:2105: checking for gcc
configure:2121: found /usr/bin/gcc
configure:2131: result: gcc
configure:2375: checking for C compiler version
configure:2378: gcc --version </dev/null >&5
gcc (GCC) 3.3.3 20040412 (Red Hat Linux 3.3.3-7)
Copyright (C) 2003 Free Software Foundation, Inc.
This is free software; see the source for copying conditions.  There is NO
warranty; not even for MERCHANTABILITY or FITNESS FOR A PARTICULAR PURPOSE.

configure:2381: $? = 0
configure:2383: gcc -v </dev/null >&5
Reading specs from /usr/lib/gcc-lib/i386-redhat-linux/3.3.3/specs
Configured with: ../configure --prefix=/usr --mandir=/usr/share/man --infodir=/usr/share/info --enable-shared --enable-threads=posix --disable-checking --disable-libunwind-exceptions --with-system-zlib --enable-__cxa_atexit --host=i386-redhat-linux
Thread model: posix
gcc version 3.3.3 20040412 (Red Hat Linux 3.3.3-7)
configure:2386: $? = 0
configure:2388: gcc -V </dev/null >&5
gcc: `-V' option must have argument
configure:2391: $? = 1
configure:2414: checking for C compiler default output file name
configure:2417: gcc    conftest.c  >&5
configure:2420: $? = 0
configure:2466: result: a.out
configure:2471: checking whether the C compiler works
configure:2477: ./a.out
configure:2480: $? = 0
configure:2497: result: yes
configure:2504: checking whether we are cross compiling
configure:2506: result: no
configure:2509: checking for suffix of executables
configure:2511: gcc -o conftest    conftest.c  >&5
configure:2514: $? = 0
configure:2539: result: 
configure:2545: checking for suffix of object files
configure:2566: gcc -c   conftest.c >&5
configure:2569: $? = 0
configure:2591: result: o
configure:2595: checking whether we are using the GNU C compiler
configure:2619: gcc -c   conftest.c >&5
configure:2625: $? = 0
configure:2628: test -z 			 || test ! -s conftest.err
configure:2631: $? = 0
configure:2634: test -s conftest.o
configure:2637: $? = 0
configure:2650: result: yes
configure:2656: checking whether gcc accepts -g
configure:2677: gcc -c -g  conftest.c >&5
configure:2683: $? = 0
configure:2686: test -z 			 || test ! -s conftest.err
configure:2689: $? = 0
configure:2692: test -s conftest.o
configure:2695: $? = 0
configure:2706: result: yes
configure:2723: checking for gcc option to accept ANSI C
configure:2793: gcc  -c -g -O2  conftest.c >&5
configure:2799: $? = 0
configure:2802: test -z 			 || test ! -s conftest.err
configure:2805: $? = 0
configure:2808: test -s conftest.o
configure:2811: $? = 0
configure:2829: result: none needed
configure:2847: gcc -c -g -O2  conftest.c >&5
conftest.c:2: error: syntax error before "me"
configure:2853: $? = 1
configure: failed program was:
| #ifndef __cplusplus
|   choke me
| #endif
configure:2994: checking for style of include used by make
configure:3022: result: GNU
configure:3050: checking dependency style of gcc
configure:3140: result: gcc3
configure:3207: checking for a sed that does not truncate output
configure:3261: result: /bin/sed
configure:3264: checking for egrep
configure:3274: result: grep -E
configure:3290: checking for ld used by gcc
configure:3357: result: /usr/bin/ld
configure:3366: checking if the linker (/usr/bin/ld) is GNU ld
configure:3381: result: yes
configure:3386: checking for /usr/bin/ld option to reload object files
configure:3393: result: -r
configure:3402: checking for BSD-compatible nm
configure:3444: result: /usr/bin/nm -B
configure:3448: checking whether ln -s works
configure:3452: result: yes
configure:3459: checking how to recognise dependent libraries
configure:3633: result: pass_all
configure:3846: checking how to run the C preprocessor
configure:3881: gcc -E  conftest.c
configure:3887: $? = 0
configure:3919: gcc -E  conftest.c
conftest.c:11:28: ac_nonexistent.h: No such file or directory
configure:3925: $? = 1
configure: failed program was:
| /* confdefs.h.  */
| 
| #define PACKAGE_NAME ""
| #define PACKAGE_TARNAME ""
| #define PACKAGE_VERSION ""
| #define PACKAGE_STRING ""
| #define PACKAGE_BUGREPORT ""
| #define PACKAGE "libao"
| #define VERSION "0.8.6"
| /* end confdefs.h.  */
| #include <ac_nonexistent.h>
configure:3964: result: gcc -E
configure:3988: gcc -E  conftest.c
configure:3994: $? = 0
configure:4026: gcc -E  conftest.c
conftest.c:11:28: ac_nonexistent.h: No such file or directory
configure:4032: $? = 1
configure: failed program was:
| /* confdefs.h.  */
| 
| #define PACKAGE_NAME ""
| #define PACKAGE_TARNAME ""
| #define PACKAGE_VERSION ""
| #define PACKAGE_STRING ""
| #define PACKAGE_BUGREPORT ""
| #define PACKAGE "libao"
| #define VERSION "0.8.6"
| /* end confdefs.h.  */
| #include <ac_nonexistent.h>
configure:4076: checking for ANSI C header files
configure:4101: gcc -c -g -O2  conftest.c >&5
configure:4107: $? = 0
configure:4110: test -z 			 || test ! -s conftest.err
configure:4113: $? = 0
configure:4116: test -s conftest.o
configure:4119: $? = 0
configure:4205: gcc -o conftest -g -O2   conftest.c  >&5
configure:4208: $? = 0
configure:4210: ./conftest
configure:4213: $? = 0
configure:4228: result: yes
configure:4252: checking for sys/types.h
configure:4268: gcc -c -g -O2  conftest.c >&5
configure:4274: $? = 0
configure:4277: test -z 			 || test ! -s conftest.err
configure:4280: $? = 0
configure:4283: test -s conftest.o
configure:4286: $? = 0
configure:4297: result: yes
configure:4252: checking for sys/stat.h
configure:4268: gcc -c -g -O2  conftest.c >&5
configure:4274: $? = 0
configure:4277: test -z 			 || test ! -s conftest.err
configure:4280: $? = 0
configure:4283: test -s conftest.o
configure:4286: $? = 0
configure:4297: result: yes
configure:4252: checking for stdlib.h
configure:4268: gcc -c -g -O2  conftest.c >&5
configure:4274: $? = 0
configure:4277: test -z 			 || test ! -s conftest.err
configure:4280: $? = 0
configure:4283: test -s conftest.o
configure:4286: $? = 0
configure:4297: result: yes
configure:4252: checking for string.h
configure:4268: gcc -c -g -O2  conftest.c >&5
configure:4274: $? = 0
configure:4277: test -z 			 || test ! -s conftest.err
configure:4280: $? = 0
configure:4283: test -s conftest.o
configure:4286: $? = 0
configure:4297: result: yes
configure:4252: checking for memory.h
configure:4268: gcc -c -g -O2  conftest.c >&5
configure:4274: $? = 0
configure:4277: test -z 			 || test ! -s conftest.err
configure:4280: $? = 0
configure:4283: test -s conftest.o
configure:4286: $? = 0
configure:4297: result: yes
configure:4252: checking for strings.h
configure:4268: gcc -c -g -O2  conftest.c >&5
configure:4274: $? = 0
configure:4277: test -z 			 || test ! -s conftest.err
configure:4280: $? = 0
configure:4283: test -s conftest.o
configure:4286: $? = 0
configure:4297: result: yes
configure:4252: checking for inttypes.h
configure:4268: gcc -c -g -O2  conftest.c >&5
configure:4274: $? = 0
configure:4277: test -z 			 || test ! -s conftest.err
configure:4280: $? = 0
configure:4283: test -s conftest.o
configure:4286: $? = 0
configure:4297: result: yes
configure:4252: checking for stdint.h
configure:4268: gcc -c -g -O2  conftest.c >&5
configure:4274: $? = 0
configure:4277: test -z 			 || test ! -s conftest.err
configure:4280: $? = 0
configure:4283: test -s conftest.o
configure:4286: $? = 0
configure:4297: result: yes
configure:4252: checking for unistd.h
configure:4268: gcc -c -g -O2  conftest.c >&5
configure:4274: $? = 0
configure:4277: test -z 			 || test ! -s conftest.err
configure:4280: $? = 0
configure:4283: test -s conftest.o
configure:4286: $? = 0
configure:4297: result: yes
configure:4323: checking dlfcn.h usability
configure:4335: gcc -c -g -O2  conftest.c >&5
configure:4341: $? = 0
configure:4344: test -z 			 || test ! -s conftest.err
configure:4347: $? = 0
configure:4350: test -s conftest.o
configure:4353: $? = 0
configure:4363: result: yes
configure:4367: checking dlfcn.h presence
configure:4377: gcc -E  conftest.c
configure:4383: $? = 0
configure:4403: result: yes
configure:4438: checking for dlfcn.h
configure:4445: result: yes
configure:4510: checking for g++
configure:4526: found /usr/bin/g++
configure:4536: result: g++
configure:4552: checking for C++ compiler version
configure:4555: g++ --version </dev/null >&5
g++ (GCC) 3.3.3 20040412 (Red Hat Linux 3.3.3-7)
Copyright (C) 2003 Free Software Foundation, Inc.
This is free software; see the source for copying conditions.  There is NO
warranty; not even for MERCHANTABILITY or FITNESS FOR A PARTICULAR PURPOSE.

configure:4558: $? = 0
configure:4560: g++ -v </dev/null >&5
Reading specs from /usr/lib/gcc-lib/i386-redhat-linux/3.3.3/specs
Configured with: ../configure --prefix=/usr --mandir=/usr/share/man --infodir=/usr/share/info --enable-shared --enable-threads=posix --disable-checking --disable-libunwind-exceptions --with-system-zlib --enable-__cxa_atexit --host=i386-redhat-linux
Thread model: posix
gcc version 3.3.3 20040412 (Red Hat Linux 3.3.3-7)
configure:4563: $? = 0
configure:4565: g++ -V </dev/null >&5
g++: `-V' option must have argument
configure:4568: $? = 1
configure:4571: checking whether we are using the GNU C++ compiler
configure:4595: g++ -c   conftest.cc >&5
configure:4601: $? = 0
configure:4604: test -z 			 || test ! -s conftest.err
configure:4607: $? = 0
configure:4610: test -s conftest.o
configure:4613: $? = 0
configure:4626: result: yes
configure:4632: checking whether g++ accepts -g
configure:4653: g++ -c -g  conftest.cc >&5
configure:4659: $? = 0
configure:4662: test -z 			 || test ! -s conftest.err
configure:4665: $? = 0
configure:4668: test -s conftest.o
configure:4671: $? = 0
configure:4682: result: yes
configure:4724: g++ -c -g -O2  conftest.cc >&5
configure:4730: $? = 0
configure:4733: test -z 			 || test ! -s conftest.err
configure:4736: $? = 0
configure:4739: test -s conftest.o
configure:4742: $? = 0
configure:4768: g++ -c -g -O2  conftest.cc >&5
conftest.cc: In function `int main()':
conftest.cc:26: error: `exit' undeclared (first use this function)
conftest.cc:26: error: (Each undeclared identifier is reported only once for 
   each function it appears in.)
configure:4774: $? = 1
configure: failed program was:
| /* confdefs.h.  */
| 
| #define PACKAGE_NAME ""
| #define PACKAGE_TARNAME ""
| #define PACKAGE_VERSION ""
| #define PACKAGE_STRING ""
| #define PACKAGE_BUGREPORT ""
| #define PACKAGE "libao"
| #define VERSION "0.8.6"
| #define STDC_HEADERS 1
| #define HAVE_SYS_TYPES_H 1
| #define HAVE_SYS_STAT_H 1
| #define HAVE_STDLIB_H 1
| #define HAVE_STRING_H 1
| #define HAVE_MEMORY_H 1
| #define HAVE_STRINGS_H 1
| #define HAVE_INTTYPES_H 1
| #define HAVE_STDINT_H 1
| #define HAVE_UNISTD_H 1
| #define HAVE_DLFCN_H 1
| /* end confdefs.h.  */
| 
| int
| main ()
| {
| exit (42);
|   ;
|   return 0;
| }
configure:4724: g++ -c -g -O2  conftest.cc >&5
configure:4730: $? = 0
configure:4733: test -z 			 || test ! -s conftest.err
configure:4736: $? = 0
configure:4739: test -s conftest.o
configure:4742: $? = 0
configure:4768: g++ -c -g -O2  conftest.cc >&5
configure:4774: $? = 0
configure:4777: test -z 			 || test ! -s conftest.err
configure:4780: $? = 0
configure:4783: test -s conftest.o
configure:4786: $? = 0
configure:4811: checking dependency style of g++
configure:4901: result: gcc3
configure:4923: checking how to run the C++ preprocessor
configure:4954: g++ -E  conftest.cc
configure:4960: $? = 0
configure:4992: g++ -E  conftest.cc
conftest.cc:25:28: ac_nonexistent.h: No such file or directory
configure:4998: $? = 1
configure: failed program was:
| /* confdefs.h.  */
| 
| #define PACKAGE_NAME ""
| #define PACKAGE_TARNAME ""
| #define PACKAGE_VERSION ""
| #define PACKAGE_STRING ""
| #define PACKAGE_BUGREPORT ""
| #define PACKAGE "libao"
| #define VERSION "0.8.6"
| #define STDC_HEADERS 1
| #define HAVE_SYS_TYPES_H 1
| #define HAVE_SYS_STAT_H 1
| #define HAVE_STDLIB_H 1
| #define HAVE_STRING_H 1
| #define HAVE_MEMORY_H 1
| #define HAVE_STRINGS_H 1
| #define HAVE_INTTYPES_H 1
| #define HAVE_STDINT_H 1
| #define HAVE_UNISTD_H 1
| #define HAVE_DLFCN_H 1
| #ifdef __cplusplus
| extern "C" void std::exit (int) throw (); using std::exit;
| #endif
| /* end confdefs.h.  */
| #include <ac_nonexistent.h>
configure:5037: result: g++ -E
configure:5061: g++ -E  conftest.cc
configure:5067: $? = 0
configure:5099: g++ -E  conftest.cc
conftest.cc:25:28: ac_nonexistent.h: No such file or directory
configure:5105: $? = 1
configure: failed program was:
| /* confdefs.h.  */
| 
| #define PACKAGE_NAME ""
| #define PACKAGE_TARNAME ""
| #define PACKAGE_VERSION ""
| #define PACKAGE_STRING ""
| #define PACKAGE_BUGREPORT ""
| #define PACKAGE "libao"
| #define VERSION "0.8.6"
| #define STDC_HEADERS 1
| #define HAVE_SYS_TYPES_H 1
| #define HAVE_SYS_STAT_H 1
| #define HAVE_STDLIB_H 1
| #define HAVE_STRING_H 1
| #define HAVE_MEMORY_H 1
| #define HAVE_STRINGS_H 1
| #define HAVE_INTTYPES_H 1
| #define HAVE_STDINT_H 1
| #define HAVE_UNISTD_H 1
| #define HAVE_DLFCN_H 1
| #ifdef __cplusplus
| extern "C" void std::exit (int) throw (); using std::exit;
| #endif
| /* end confdefs.h.  */
| #include <ac_nonexistent.h>
configure:5200: checking for g77
configure:5216: found /usr/bin/g77
configure:5226: result: g77
configure:5244: checking for Fortran 77 compiler version
configure:5244: g77 --version </dev/null >&5
GNU Fortran (GCC) 3.3.3 20040412 (Red Hat Linux 3.3.3-7)
Copyright (C) 2002 Free Software Foundation, Inc.

GNU Fortran comes with NO WARRANTY, to the extent permitted by law.
You may redistribute copies of GNU Fortran
under the terms of the GNU General Public License.
For more information about these matters, see the file named COPYING
or type the command `info -f g77 Copying'.
configure:5247: $? = 0
configure:5249: g77 -v </dev/null >&5
Reading specs from /usr/lib/gcc-lib/i386-redhat-linux/3.3.3/specs
Configured with: ../configure --prefix=/usr --mandir=/usr/share/man --infodir=/usr/share/info --enable-shared --enable-threads=posix --disable-checking --disable-libunwind-exceptions --with-system-zlib --enable-__cxa_atexit --host=i386-redhat-linux
Thread model: posix
gcc version 3.3.3 20040412 (Red Hat Linux 3.3.3-7)
configure:5252: $? = 0
configure:5254: g77 -V </dev/null >&5
g77: `-V' option must have argument
configure:5257: $? = 1
configure:5265: checking whether we are using the GNU Fortran 77 compiler
configure:5279: g77 -c  conftest.F >&5
configure:5285: $? = 0
configure:5288: test -z 			 || test ! -s conftest.err
configure:5291: $? = 0
configure:5294: test -s conftest.o
configure:5297: $? = 0
configure:5310: result: yes
configure:5316: checking whether g77 accepts -g
configure:5328: g77 -c -g conftest.f >&5
configure:5334: $? = 0
configure:5337: test -z 			 || test ! -s conftest.err
configure:5340: $? = 0
configure:5343: test -s conftest.o
configure:5346: $? = 0
configure:5358: result: yes
configure:5388: checking the maximum length of command line arguments
configure:5453: result: 32768
configure:5464: checking command to parse /usr/bin/nm -B output from gcc object
configure:5553: gcc -c -g -O2  conftest.c >&5
configure:5556: $? = 0
configure:5560: /usr/bin/nm -B conftest.o \| sed -n -e 's/^.*[ 	]\([ABCDGIRSTW][ABCDGIRSTW]*\)[ 	][ 	]*\(\)\([_A-Za-z][_A-Za-z0-9]*\)$/\1 \2\3 \3/p' \> conftest.nm
configure:5563: $? = 0
configure:5615: gcc -o conftest -g -O2   conftest.c conftstm.o >&5
configure:5618: $? = 0
configure:5656: result: ok
configure:5660: checking for objdir
configure:5675: result: .libs
configure:5765: checking for ar
configure:5781: found /usr/bin/ar
configure:5792: result: ar
configure:5845: checking for ranlib
configure:5861: found /usr/bin/ranlib
configure:5872: result: ranlib
configure:5925: checking for strip
configure:5941: found /usr/bin/strip
configure:5952: result: strip
configure:6214: checking if gcc static flag  works
configure:6237: result: yes
configure:6255: checking if gcc supports -fno-rtti -fno-exceptions
configure:6276: gcc -c -g -O2  -fno-rtti -fno-exceptions conftest.c >&5
cc1: warning: "-fno-rtti" is valid for C++ but not for C/ObjC
configure:6280: $? = 0
configure:6288: result: no
configure:6303: checking for gcc option to produce PIC
configure:6480: result: -fPIC
configure:6488: checking if gcc PIC flag -fPIC works
configure:6509: gcc -c -g -O2  -fPIC -DPIC conftest.c >&5
configure:6513: $? = 0
configure:6521: result: yes
configure:6545: checking if gcc supports -c -o file.o
configure:6569: gcc -c -g -O2  -o out/conftest2.o conftest.c >&5
configure:6573: $? = 0
configure:6590: result: yes
configure:6616: checking whether the gcc linker (/usr/bin/ld) supports shared libraries
configure:7463: result: yes
configure:7489: checking whether -lc should be explicitly linked in
configure:7494: gcc -c -g -O2  conftest.c >&5
configure:7497: $? = 0
configure:7511: gcc -shared conftest.o  -v -Wl,-soname -Wl,conftest -o conftest 2\>\&1 \| grep  -lc  \>/dev/null 2\>\&1
configure:7514: $? = 0
configure:7526: result: no
configure:7534: checking dynamic linker characteristics
configure:8086: result: GNU/Linux ld.so
configure:8090: checking how to hardcode library paths into programs
configure:8115: result: immediate
configure:8129: checking whether stripping libraries is possible
configure:8134: result: yes
configure:8259: checking for shl_load
configure:8316: gcc -o conftest -g -O2   conftest.c  >&5
/tmp/ccKhamsA.o(.text+0x11): In function `main':
/home/shiva/original/source/uClinux-dist/uClibc/libao-0.8.6/conftest.c:65: undefined reference to `shl_load'
/tmp/ccKhamsA.o(.data+0x0):/home/shiva/original/source/uClinux-dist/uClibc/libao-0.8.6/conftest.c:64: undefined reference to `shl_load'
collect2: ld returned 1 exit status
configure:8322: $? = 1
configure: failed program was:
| /* confdefs.h.  */
| 
| #define PACKAGE_NAME ""
| #define PACKAGE_TARNAME ""
| #define PACKAGE_VERSION ""
| #define PACKAGE_STRING ""
| #define PACKAGE_BUGREPORT ""
| #define PACKAGE "libao"
| #define VERSION "0.8.6"
| #define STDC_HEADERS 1
| #define HAVE_SYS_TYPES_H 1
| #define HAVE_SYS_STAT_H 1
| #define HAVE_STDLIB_H 1
| #define HAVE_STRING_H 1
| #define HAVE_MEMORY_H 1
| #define HAVE_STRINGS_H 1
| #define HAVE_INTTYPES_H 1
| #define HAVE_STDINT_H 1
| #define HAVE_UNISTD_H 1
| #define HAVE_DLFCN_H 1
| #ifdef __cplusplus
| extern "C" void std::exit (int) throw (); using std::exit;
| #endif
| /* end confdefs.h.  */
| /* Define shl_load to an innocuous variant, in case <limits.h> declares shl_load.
|    For example, HP-UX 11i <limits.h> declares gettimeofday.  */
| #define shl_load innocuous_shl_load
| 
| /* System header to define __stub macros and hopefully few prototypes,
|     which can conflict with char shl_load (); below.
|     Prefer <limits.h> to <assert.h> if __STDC__ is defined, since
|     <limits.h> exists even on freestanding compilers.  */
| 
| #ifdef __STDC__
| # include <limits.h>
| #else
| # include <assert.h>
| #endif
| 
| #undef shl_load
| 
| /* Override any gcc2 internal prototype to avoid an error.  */
| #ifdef __cplusplus
| extern "C"
| {
| #endif
| /* We use char because int might match the return type of a gcc2
|    builtin and then its argument prototype would still apply.  */
| char shl_load ();
| /* The GNU C library defines this for functions which it implements
|     to always fail with ENOSYS.  Some functions are actually named
|     something starting with __ and the normal name is an alias.  */
| #if defined (__stub_shl_load) || defined (__stub___shl_load)
| choke me
| #else
| char (*f) () = shl_load;
| #endif
| #ifdef __cplusplus
| }
| #endif
| 
| int
| main ()
| {
| return f != shl_load;
|   ;
|   return 0;
| }
configure:8346: result: no
configure:8351: checking for shl_load in -ldld
configure:8381: gcc -o conftest -g -O2   conftest.c -ldld   >&5
/usr/bin/ld: cannot find -ldld
collect2: ld returned 1 exit status
configure:8387: $? = 1
configure: failed program was:
| /* confdefs.h.  */
| 
| #define PACKAGE_NAME ""
| #define PACKAGE_TARNAME ""
| #define PACKAGE_VERSION ""
| #define PACKAGE_STRING ""
| #define PACKAGE_BUGREPORT ""
| #define PACKAGE "libao"
| #define VERSION "0.8.6"
| #define STDC_HEADERS 1
| #define HAVE_SYS_TYPES_H 1
| #define HAVE_SYS_STAT_H 1
| #define HAVE_STDLIB_H 1
| #define HAVE_STRING_H 1
| #define HAVE_MEMORY_H 1
| #define HAVE_STRINGS_H 1
| #define HAVE_INTTYPES_H 1
| #define HAVE_STDINT_H 1
| #define HAVE_UNISTD_H 1
| #define HAVE_DLFCN_H 1
| #ifdef __cplusplus
| extern "C" void std::exit (int) throw (); using std::exit;
| #endif
| /* end confdefs.h.  */
| 
| /* Override any gcc2 internal prototype to avoid an error.  */
| #ifdef __cplusplus
| extern "C"
| #endif
| /* We use char because int might match the return type of a gcc2
|    builtin and then its argument prototype would still apply.  */
| char shl_load ();
| int
| main ()
| {
| shl_load ();
|   ;
|   return 0;
| }
configure:8412: result: no
configure:8417: checking for dlopen
configure:8474: gcc -o conftest -g -O2   conftest.c  >&5
/tmp/ccAonC0O.o(.text+0x11): In function `main':
/home/shiva/original/source/uClinux-dist/uClibc/libao-0.8.6/conftest.c:65: undefined reference to `dlopen'
/tmp/ccAonC0O.o(.data+0x0):/home/shiva/original/source/uClinux-dist/uClibc/libao-0.8.6/conftest.c:64: undefined reference to `dlopen'
collect2: ld returned 1 exit status
configure:8480: $? = 1
configure: failed program was:
| /* confdefs.h.  */
| 
| #define PACKAGE_NAME ""
| #define PACKAGE_TARNAME ""
| #define PACKAGE_VERSION ""
| #define PACKAGE_STRING ""
| #define PACKAGE_BUGREPORT ""
| #define PACKAGE "libao"
| #define VERSION "0.8.6"
| #define STDC_HEADERS 1
| #define HAVE_SYS_TYPES_H 1
| #define HAVE_SYS_STAT_H 1
| #define HAVE_STDLIB_H 1
| #define HAVE_STRING_H 1
| #define HAVE_MEMORY_H 1
| #define HAVE_STRINGS_H 1
| #define HAVE_INTTYPES_H 1
| #define HAVE_STDINT_H 1
| #define HAVE_UNISTD_H 1
| #define HAVE_DLFCN_H 1
| #ifdef __cplusplus
| extern "C" void std::exit (int) throw (); using std::exit;
| #endif
| /* end confdefs.h.  */
| /* Define dlopen to an innocuous variant, in case <limits.h> declares dlopen.
|    For example, HP-UX 11i <limits.h> declares gettimeofday.  */
| #define dlopen innocuous_dlopen
| 
| /* System header to define __stub macros and hopefully few prototypes,
|     which can conflict with char dlopen (); below.
|     Prefer <limits.h> to <assert.h> if __STDC__ is defined, since
|     <limits.h> exists even on freestanding compilers.  */
| 
| #ifdef __STDC__
| # include <limits.h>
| #else
| # include <assert.h>
| #endif
| 
| #undef dlopen
| 
| /* Override any gcc2 internal prototype to avoid an error.  */
| #ifdef __cplusplus
| extern "C"
| {
| #endif
| /* We use char because int might match the return type of a gcc2
|    builtin and then its argument prototype would still apply.  */
| char dlopen ();
| /* The GNU C library defines this for functions which it implements
|     to always fail with ENOSYS.  Some functions are actually named
|     something starting with __ and the normal name is an alias.  */
| #if defined (__stub_dlopen) || defined (__stub___dlopen)
| choke me
| #else
| char (*f) () = dlopen;
| #endif
| #ifdef __cplusplus
| }
| #endif
| 
| int
| main ()
| {
| return f != dlopen;
|   ;
|   return 0;
| }
configure:8504: result: no
configure:8509: checking for dlopen in -ldl
configure:8539: gcc -o conftest -g -O2   conftest.c -ldl   >&5
configure:8545: $? = 0
configure:8548: test -z 			 || test ! -s conftest.err
configure:8551: $? = 0
configure:8554: test -s conftest
configure:8557: $? = 0
configure:8570: result: yes
configure:8743: checking whether a program can dlopen itself
configure:8815: gcc -o conftest -g -O2  -DHAVE_DLFCN_H  -Wl,--export-dynamic conftest.c -ldl  >&5
configure:8818: $? = 0
configure:8836: result: yes
configure:8841: checking whether a statically linked program can dlopen itself
configure:8913: gcc -o conftest -g -O2  -DHAVE_DLFCN_H  -Wl,--export-dynamic  conftest.c -ldl  >&5
configure:8916: $? = 0
configure:8934: result: yes
configure:8957: checking if libtool supports shared libraries
configure:8959: result: yes
configure:8962: checking whether to build shared libraries
configure:9020: result: yes
configure:9023: checking whether to build static libraries
configure:9027: result: no
configure:9119: creating libtool
configure:9666: checking for ld used by g++
configure:9733: result: /usr/bin/ld
configure:9742: checking if the linker (/usr/bin/ld) is GNU ld
configure:9757: result: yes
configure:9808: checking whether the g++ linker (/usr/bin/ld) supports shared libraries
configure:10634: result: yes
configure:10652: g++ -c -g -O2  conftest.cc >&5
configure:10655: $? = 0
configure:10751: checking for g++ option to produce PIC
configure:11003: result: -fPIC
configure:11011: checking if g++ PIC flag -fPIC works
configure:11032: g++ -c -g -O2  -fPIC -DPIC conftest.cc >&5
configure:11036: $? = 0
configure:11044: result: yes
configure:11068: checking if g++ supports -c -o file.o
configure:11092: g++ -c -g -O2  -o out/conftest2.o conftest.cc >&5
configure:11096: $? = 0
configure:11113: result: yes
configure:11139: checking whether the g++ linker (/usr/bin/ld) supports shared libraries
configure:11167: result: yes
configure:11238: checking dynamic linker characteristics
configure:11790: result: GNU/Linux ld.so
configure:11794: checking how to hardcode library paths into programs
configure:11819: result: immediate
configure:11833: checking whether stripping libraries is possible
configure:11838: result: yes
configure:11963: checking for shl_load
configure:12050: result: no
configure:12055: checking for shl_load in -ldld
configure:12116: result: no
configure:12121: checking for dlopen
configure:12208: result: no
configure:12213: checking for dlopen in -ldl
configure:12274: result: yes
configure:12447: checking whether a program can dlopen itself
configure:12540: result: yes
configure:12545: checking whether a statically linked program can dlopen itself
configure:12638: result: yes
configure:13138: checking if libtool supports shared libraries
configure:13140: result: yes
configure:13143: checking whether to build shared libraries
configure:13161: result: yes
configure:13164: checking whether to build static libraries
configure:13168: result: no
configure:13180: checking for g77 option to produce PIC
configure:13357: result: -fPIC
configure:13365: checking if g77 PIC flag -fPIC works
configure:13386: g77 -c -g -O2 -fPIC conftest.f >&5
configure:13390: $? = 0
configure:13398: result: yes
configure:13422: checking if g77 supports -c -o file.o
configure:13446: g77 -c -g -O2 -o out/conftest2.o conftest.f >&5
configure:13450: $? = 0
configure:13467: result: yes
configure:13493: checking whether the g77 linker (/usr/bin/ld) supports shared libraries
configure:14320: result: yes
configure:14391: checking dynamic linker characteristics
configure:14943: result: GNU/Linux ld.so
configure:14947: checking how to hardcode library paths into programs
configure:14972: result: immediate
configure:14986: checking whether stripping libraries is possible
configure:14991: result: yes
configure:19144: checking for pthread_kill in -lpthread
configure:19174: gcc -o conftest -O20 -ffast-math -D_REENTRANT -fsigned-char -g -O2    conftest.c -lpthread   >&5
configure:19180: $? = 0
configure:19183: test -z 			 || test ! -s conftest.err
configure:19186: $? = 0
configure:19189: test -s conftest
configure:19192: $? = 0
configure:19205: result: yes
configure:19250: checking for short
configure:19274: gcc -c -O20 -ffast-math -D_REENTRANT -fsigned-char -g -O2  conftest.c >&5
configure:19280: $? = 0
configure:19283: test -z 			 || test ! -s conftest.err
configure:19286: $? = 0
configure:19289: test -s conftest.o
configure:19292: $? = 0
configure:19303: result: yes
configure:19306: checking size of short
configure:19618: gcc -o conftest -O20 -ffast-math -D_REENTRANT -fsigned-char -g -O2    conftest.c -lpthread  >&5
configure:19621: $? = 0
configure:19623: ./conftest
configure:19626: $? = 0
configure:19649: result: 2
configure:19656: checking for int
configure:19680: gcc -c -O20 -ffast-math -D_REENTRANT -fsigned-char -g -O2  conftest.c >&5
configure:19686: $? = 0
configure:19689: test -z 			 || test ! -s conftest.err
configure:19692: $? = 0
configure:19695: test -s conftest.o
configure:19698: $? = 0
configure:19709: result: yes
configure:19712: checking size of int
configure:20024: gcc -o conftest -O20 -ffast-math -D_REENTRANT -fsigned-char -g -O2    conftest.c -lpthread  >&5
configure:20027: $? = 0
configure:20029: ./conftest
configure:20032: $? = 0
configure:20055: result: 4
configure:20062: checking for long
configure:20086: gcc -c -O20 -ffast-math -D_REENTRANT -fsigned-char -g -O2  conftest.c >&5
configure:20092: $? = 0
configure:20095: test -z 			 || test ! -s conftest.err
configure:20098: $? = 0
configure:20101: test -s conftest.o
configure:20104: $? = 0
configure:20115: result: yes
configure:20118: checking size of long
configure:20430: gcc -o conftest -O20 -ffast-math -D_REENTRANT -fsigned-char -g -O2    conftest.c -lpthread  >&5
configure:20433: $? = 0
configure:20435: ./conftest
configure:20438: $? = 0
configure:20461: result: 4
configure:20545: checking for esd-config
configure:20576: result: no
configure:20584: checking for ESD - version >= 0.2.8
configure:20701: result: no
configure:20814: checking sys/soundcard.h usability
configure:20826: gcc -c -O20 -ffast-math -D_REENTRANT -fsigned-char -g -O2  conftest.c >&5
configure:20832: $? = 0
configure:20835: test -z 			 || test ! -s conftest.err
configure:20838: $? = 0
configure:20841: test -s conftest.o
configure:20844: $? = 0
configure:20854: result: yes
configure:20858: checking sys/soundcard.h presence
configure:20868: gcc -E  conftest.c
configure:20874: $? = 0
configure:20894: result: yes
configure:20929: checking for sys/soundcard.h
configure:20936: result: yes
configure:20963: checking machine/soundcard.h usability
configure:20975: gcc -c -O20 -ffast-math -D_REENTRANT -fsigned-char -g -O2  conftest.c >&5
conftest.c:66:31: machine/soundcard.h: No such file or directory
configure:20981: $? = 1
configure: failed program was:
| /* confdefs.h.  */
| 
| #define PACKAGE_NAME ""
| #define PACKAGE_TARNAME ""
| #define PACKAGE_VERSION ""
| #define PACKAGE_STRING ""
| #define PACKAGE_BUGREPORT ""
| #define PACKAGE "libao"
| #define VERSION "0.8.6"
| #define STDC_HEADERS 1
| #define HAVE_SYS_TYPES_H 1
| #define HAVE_SYS_STAT_H 1
| #define HAVE_STDLIB_H 1
| #define HAVE_STRING_H 1
| #define HAVE_MEMORY_H 1
| #define HAVE_STRINGS_H 1
| #define HAVE_INTTYPES_H 1
| #define HAVE_STDINT_H 1
| #define HAVE_UNISTD_H 1
| #define HAVE_DLFCN_H 1
| #ifdef __cplusplus
| extern "C" void std::exit (int) throw (); using std::exit;
| #endif
| #define HAVE_LIBPTHREAD 1
| #define DLOPEN_FLAG (RTLD_NOW | RTLD_GLOBAL)
| #define SHARED_LIB_EXT ".so"
| #define SIZEOF_SHORT 2
| #define SIZEOF_INT 4
| #define SIZEOF_LONG 4
| #define HAVE_SYS_SOUNDCARD_H 1
| /* end confdefs.h.  */
| #include <stdio.h>
| #if HAVE_SYS_TYPES_H
| # include <sys/types.h>
| #endif
| #if HAVE_SYS_STAT_H
| # include <sys/stat.h>
| #endif
| #if STDC_HEADERS
| # include <stdlib.h>
| # include <stddef.h>
| #else
| # if HAVE_STDLIB_H
| #  include <stdlib.h>
| # endif
| #endif
| #if HAVE_STRING_H
| # if !STDC_HEADERS && HAVE_MEMORY_H
| #  include <memory.h>
| # endif
| # include <string.h>
| #endif
| #if HAVE_STRINGS_H
| # include <strings.h>
| #endif
| #if HAVE_INTTYPES_H
| # include <inttypes.h>
| #else
| # if HAVE_STDINT_H
| #  include <stdint.h>
| # endif
| #endif
| #if HAVE_UNISTD_H
| # include <unistd.h>
| #endif
| #include <machine/soundcard.h>
configure:21003: result: no
configure:21007: checking machine/soundcard.h presence
configure:21017: gcc -E  conftest.c
conftest.c:32:31: machine/soundcard.h: No such file or directory
configure:21023: $? = 1
configure: failed program was:
| /* confdefs.h.  */
| 
| #define PACKAGE_NAME ""
| #define PACKAGE_TARNAME ""
| #define PACKAGE_VERSION ""
| #define PACKAGE_STRING ""
| #define PACKAGE_BUGREPORT ""
| #define PACKAGE "libao"
| #define VERSION "0.8.6"
| #define STDC_HEADERS 1
| #define HAVE_SYS_TYPES_H 1
| #define HAVE_SYS_STAT_H 1
| #define HAVE_STDLIB_H 1
| #define HAVE_STRING_H 1
| #define HAVE_MEMORY_H 1
| #define HAVE_STRINGS_H 1
| #define HAVE_INTTYPES_H 1
| #define HAVE_STDINT_H 1
| #define HAVE_UNISTD_H 1
| #define HAVE_DLFCN_H 1
| #ifdef __cplusplus
| extern "C" void std::exit (int) throw (); using std::exit;
| #endif
| #define HAVE_LIBPTHREAD 1
| #define DLOPEN_FLAG (RTLD_NOW | RTLD_GLOBAL)
| #define SHARED_LIB_EXT ".so"
| #define SIZEOF_SHORT 2
| #define SIZEOF_INT 4
| #define SIZEOF_LONG 4
| #define HAVE_SYS_SOUNDCARD_H 1
| /* end confdefs.h.  */
| #include <machine/soundcard.h>
configure:21043: result: no
configure:21078: checking for machine/soundcard.h
configure:21085: result: no
configure:21120: checking for snd_pcm_channel_params in -lasound
configure:21150: gcc -o conftest -O20 -ffast-math -D_REENTRANT -fsigned-char -g -O2    conftest.c -lasound  -lpthread  >&5
/usr/bin/ld: cannot find -lasound
collect2: ld returned 1 exit status
configure:21156: $? = 1
configure: failed program was:
| /* confdefs.h.  */
| 
| #define PACKAGE_NAME ""
| #define PACKAGE_TARNAME ""
| #define PACKAGE_VERSION ""
| #define PACKAGE_STRING ""
| #define PACKAGE_BUGREPORT ""
| #define PACKAGE "libao"
| #define VERSION "0.8.6"
| #define STDC_HEADERS 1
| #define HAVE_SYS_TYPES_H 1
| #define HAVE_SYS_STAT_H 1
| #define HAVE_STDLIB_H 1
| #define HAVE_STRING_H 1
| #define HAVE_MEMORY_H 1
| #define HAVE_STRINGS_H 1
| #define HAVE_INTTYPES_H 1
| #define HAVE_STDINT_H 1
| #define HAVE_UNISTD_H 1
| #define HAVE_DLFCN_H 1
| #ifdef __cplusplus
| extern "C" void std::exit (int) throw (); using std::exit;
| #endif
| #define HAVE_LIBPTHREAD 1
| #define DLOPEN_FLAG (RTLD_NOW | RTLD_GLOBAL)
| #define SHARED_LIB_EXT ".so"
| #define SIZEOF_SHORT 2
| #define SIZEOF_INT 4
| #define SIZEOF_LONG 4
| #define HAVE_SYS_SOUNDCARD_H 1
| /* end confdefs.h.  */
| 
| /* Override any gcc2 internal prototype to avoid an error.  */
| #ifdef __cplusplus
| extern "C"
| #endif
| /* We use char because int might match the return type of a gcc2
|    builtin and then its argument prototype would still apply.  */
| char snd_pcm_channel_params ();
| int
| main ()
| {
| snd_pcm_channel_params ();
|   ;
|   return 0;
| }
configure:21181: result: no
configure:21199: checking sys/asoundlib.h usability
configure:21211: gcc -c -O20 -ffast-math -D_REENTRANT -fsigned-char -g -O2  conftest.c >&5
conftest.c:66:27: sys/asoundlib.h: No such file or directory
configure:21217: $? = 1
configure: failed program was:
| /* confdefs.h.  */
| 
| #define PACKAGE_NAME ""
| #define PACKAGE_TARNAME ""
| #define PACKAGE_VERSION ""
| #define PACKAGE_STRING ""
| #define PACKAGE_BUGREPORT ""
| #define PACKAGE "libao"
| #define VERSION "0.8.6"
| #define STDC_HEADERS 1
| #define HAVE_SYS_TYPES_H 1
| #define HAVE_SYS_STAT_H 1
| #define HAVE_STDLIB_H 1
| #define HAVE_STRING_H 1
| #define HAVE_MEMORY_H 1
| #define HAVE_STRINGS_H 1
| #define HAVE_INTTYPES_H 1
| #define HAVE_STDINT_H 1
| #define HAVE_UNISTD_H 1
| #define HAVE_DLFCN_H 1
| #ifdef __cplusplus
| extern "C" void std::exit (int) throw (); using std::exit;
| #endif
| #define HAVE_LIBPTHREAD 1
| #define DLOPEN_FLAG (RTLD_NOW | RTLD_GLOBAL)
| #define SHARED_LIB_EXT ".so"
| #define SIZEOF_SHORT 2
| #define SIZEOF_INT 4
| #define SIZEOF_LONG 4
| #define HAVE_SYS_SOUNDCARD_H 1
| /* end confdefs.h.  */
| #include <stdio.h>
| #if HAVE_SYS_TYPES_H
| # include <sys/types.h>
| #endif
| #if HAVE_SYS_STAT_H
| # include <sys/stat.h>
| #endif
| #if STDC_HEADERS
| # include <stdlib.h>
| # include <stddef.h>
| #else
| # if HAVE_STDLIB_H
| #  include <stdlib.h>
| # endif
| #endif
| #if HAVE_STRING_H
| # if !STDC_HEADERS && HAVE_MEMORY_H
| #  include <memory.h>
| # endif
| # include <string.h>
| #endif
| #if HAVE_STRINGS_H
| # include <strings.h>
| #endif
| #if HAVE_INTTYPES_H
| # include <inttypes.h>
| #else
| # if HAVE_STDINT_H
| #  include <stdint.h>
| # endif
| #endif
| #if HAVE_UNISTD_H
| # include <unistd.h>
| #endif
| #include <sys/asoundlib.h>
configure:21239: result: no
configure:21243: checking sys/asoundlib.h presence
configure:21253: gcc -E  conftest.c
conftest.c:32:27: sys/asoundlib.h: No such file or directory
configure:21259: $? = 1
configure: failed program was:
| /* confdefs.h.  */
| 
| #define PACKAGE_NAME ""
| #define PACKAGE_TARNAME ""
| #define PACKAGE_VERSION ""
| #define PACKAGE_STRING ""
| #define PACKAGE_BUGREPORT ""
| #define PACKAGE "libao"
| #define VERSION "0.8.6"
| #define STDC_HEADERS 1
| #define HAVE_SYS_TYPES_H 1
| #define HAVE_SYS_STAT_H 1
| #define HAVE_STDLIB_H 1
| #define HAVE_STRING_H 1
| #define HAVE_MEMORY_H 1
| #define HAVE_STRINGS_H 1
| #define HAVE_INTTYPES_H 1
| #define HAVE_STDINT_H 1
| #define HAVE_UNISTD_H 1
| #define HAVE_DLFCN_H 1
| #ifdef __cplusplus
| extern "C" void std::exit (int) throw (); using std::exit;
| #endif
| #define HAVE_LIBPTHREAD 1
| #define DLOPEN_FLAG (RTLD_NOW | RTLD_GLOBAL)
| #define SHARED_LIB_EXT ".so"
| #define SIZEOF_SHORT 2
| #define SIZEOF_INT 4
| #define SIZEOF_LONG 4
| #define HAVE_SYS_SOUNDCARD_H 1
| /* end confdefs.h.  */
| #include <sys/asoundlib.h>
configure:21279: result: no
configure:21314: checking for sys/asoundlib.h
configure:21321: result: no
configure:21369: checking for snd_pcm_open in -lasound
configure:21399: gcc -o conftest -O20 -ffast-math -D_REENTRANT -fsigned-char -g -O2    conftest.c -lasound  -lpthread  >&5
/usr/bin/ld: cannot find -lasound
collect2: ld returned 1 exit status
configure:21405: $? = 1
configure: failed program was:
| /* confdefs.h.  */
| 
| #define PACKAGE_NAME ""
| #define PACKAGE_TARNAME ""
| #define PACKAGE_VERSION ""
| #define PACKAGE_STRING ""
| #define PACKAGE_BUGREPORT ""
| #define PACKAGE "libao"
| #define VERSION "0.8.6"
| #define STDC_HEADERS 1
| #define HAVE_SYS_TYPES_H 1
| #define HAVE_SYS_STAT_H 1
| #define HAVE_STDLIB_H 1
| #define HAVE_STRING_H 1
| #define HAVE_MEMORY_H 1
| #define HAVE_STRINGS_H 1
| #define HAVE_INTTYPES_H 1
| #define HAVE_STDINT_H 1
| #define HAVE_UNISTD_H 1
| #define HAVE_DLFCN_H 1
| #ifdef __cplusplus
| extern "C" void std::exit (int) throw (); using std::exit;
| #endif
| #define HAVE_LIBPTHREAD 1
| #define DLOPEN_FLAG (RTLD_NOW | RTLD_GLOBAL)
| #define SHARED_LIB_EXT ".so"
| #define SIZEOF_SHORT 2
| #define SIZEOF_INT 4
| #define SIZEOF_LONG 4
| #define HAVE_SYS_SOUNDCARD_H 1
| /* end confdefs.h.  */
| 
| /* Override any gcc2 internal prototype to avoid an error.  */
| #ifdef __cplusplus
| extern "C"
| #endif
| /* We use char because int might match the return type of a gcc2
|    builtin and then its argument prototype would still apply.  */
| char snd_pcm_open ();
| int
| main ()
| {
| snd_pcm_open ();
|   ;
|   return 0;
| }
configure:21430: result: no
configure:21448: checking alsa/asoundlib.h usability
configure:21460: gcc -c -O20 -ffast-math -D_REENTRANT -fsigned-char -g -O2  conftest.c >&5
conftest.c:66:28: alsa/asoundlib.h: No such file or directory
configure:21466: $? = 1
configure: failed program was:
| /* confdefs.h.  */
| 
| #define PACKAGE_NAME ""
| #define PACKAGE_TARNAME ""
| #define PACKAGE_VERSION ""
| #define PACKAGE_STRING ""
| #define PACKAGE_BUGREPORT ""
| #define PACKAGE "libao"
| #define VERSION "0.8.6"
| #define STDC_HEADERS 1
| #define HAVE_SYS_TYPES_H 1
| #define HAVE_SYS_STAT_H 1
| #define HAVE_STDLIB_H 1
| #define HAVE_STRING_H 1
| #define HAVE_MEMORY_H 1
| #define HAVE_STRINGS_H 1
| #define HAVE_INTTYPES_H 1
| #define HAVE_STDINT_H 1
| #define HAVE_UNISTD_H 1
| #define HAVE_DLFCN_H 1
| #ifdef __cplusplus
| extern "C" void std::exit (int) throw (); using std::exit;
| #endif
| #define HAVE_LIBPTHREAD 1
| #define DLOPEN_FLAG (RTLD_NOW | RTLD_GLOBAL)
| #define SHARED_LIB_EXT ".so"
| #define SIZEOF_SHORT 2
| #define SIZEOF_INT 4
| #define SIZEOF_LONG 4
| #define HAVE_SYS_SOUNDCARD_H 1
| /* end confdefs.h.  */
| #include <stdio.h>
| #if HAVE_SYS_TYPES_H
| # include <sys/types.h>
| #endif
| #if HAVE_SYS_STAT_H
| # include <sys/stat.h>
| #endif
| #if STDC_HEADERS
| # include <stdlib.h>
| # include <stddef.h>
| #else
| # if HAVE_STDLIB_H
| #  include <stdlib.h>
| # endif
| #endif
| #if HAVE_STRING_H
| # if !STDC_HEADERS && HAVE_MEMORY_H
| #  include <memory.h>
| # endif
| # include <string.h>
| #endif
| #if HAVE_STRINGS_H
| # include <strings.h>
| #endif
| #if HAVE_INTTYPES_H
| # include <inttypes.h>
| #else
| # if HAVE_STDINT_H
| #  include <stdint.h>
| # endif
| #endif
| #if HAVE_UNISTD_H
| # include <unistd.h>
| #endif
| #include <alsa/asoundlib.h>
configure:21488: result: no
configure:21492: checking alsa/asoundlib.h presence
configure:21502: gcc -E  conftest.c
conftest.c:32:28: alsa/asoundlib.h: No such file or directory
configure:21508: $? = 1
configure: failed program was:
| /* confdefs.h.  */
| 
| #define PACKAGE_NAME ""
| #define PACKAGE_TARNAME ""
| #define PACKAGE_VERSION ""
| #define PACKAGE_STRING ""
| #define PACKAGE_BUGREPORT ""
| #define PACKAGE "libao"
| #define VERSION "0.8.6"
| #define STDC_HEADERS 1
| #define HAVE_SYS_TYPES_H 1
| #define HAVE_SYS_STAT_H 1
| #define HAVE_STDLIB_H 1
| #define HAVE_STRING_H 1
| #define HAVE_MEMORY_H 1
| #define HAVE_STRINGS_H 1
| #define HAVE_INTTYPES_H 1
| #define HAVE_STDINT_H 1
| #define HAVE_UNISTD_H 1
| #define HAVE_DLFCN_H 1
| #ifdef __cplusplus
| extern "C" void std::exit (int) throw (); using std::exit;
| #endif
| #define HAVE_LIBPTHREAD 1
| #define DLOPEN_FLAG (RTLD_NOW | RTLD_GLOBAL)
| #define SHARED_LIB_EXT ".so"
| #define SIZEOF_SHORT 2
| #define SIZEOF_INT 4
| #define SIZEOF_LONG 4
| #define HAVE_SYS_SOUNDCARD_H 1
| /* end confdefs.h.  */
| #include <alsa/asoundlib.h>
configure:21528: result: no
configure:21563: checking for alsa/asoundlib.h
configure:21570: result: no
configure:21787: checking sys/audioio.h usability
configure:21799: gcc -c -O20 -ffast-math -D_REENTRANT -fsigned-char -g -O2  conftest.c >&5
conftest.c:66:25: sys/audioio.h: No such file or directory
configure:21805: $? = 1
configure: failed program was:
| /* confdefs.h.  */
| 
| #define PACKAGE_NAME ""
| #define PACKAGE_TARNAME ""
| #define PACKAGE_VERSION ""
| #define PACKAGE_STRING ""
| #define PACKAGE_BUGREPORT ""
| #define PACKAGE "libao"
| #define VERSION "0.8.6"
| #define STDC_HEADERS 1
| #define HAVE_SYS_TYPES_H 1
| #define HAVE_SYS_STAT_H 1
| #define HAVE_STDLIB_H 1
| #define HAVE_STRING_H 1
| #define HAVE_MEMORY_H 1
| #define HAVE_STRINGS_H 1
| #define HAVE_INTTYPES_H 1
| #define HAVE_STDINT_H 1
| #define HAVE_UNISTD_H 1
| #define HAVE_DLFCN_H 1
| #ifdef __cplusplus
| extern "C" void std::exit (int) throw (); using std::exit;
| #endif
| #define HAVE_LIBPTHREAD 1
| #define DLOPEN_FLAG (RTLD_NOW | RTLD_GLOBAL)
| #define SHARED_LIB_EXT ".so"
| #define SIZEOF_SHORT 2
| #define SIZEOF_INT 4
| #define SIZEOF_LONG 4
| #define HAVE_SYS_SOUNDCARD_H 1
| /* end confdefs.h.  */
| #include <stdio.h>
| #if HAVE_SYS_TYPES_H
| # include <sys/types.h>
| #endif
| #if HAVE_SYS_STAT_H
| # include <sys/stat.h>
| #endif
| #if STDC_HEADERS
| # include <stdlib.h>
| # include <stddef.h>
| #else
| # if HAVE_STDLIB_H
| #  include <stdlib.h>
| # endif
| #endif
| #if HAVE_STRING_H
| # if !STDC_HEADERS && HAVE_MEMORY_H
| #  include <memory.h>
| # endif
| # include <string.h>
| #endif
| #if HAVE_STRINGS_H
| # include <strings.h>
| #endif
| #if HAVE_INTTYPES_H
| # include <inttypes.h>
| #else
| # if HAVE_STDINT_H
| #  include <stdint.h>
| # endif
| #endif
| #if HAVE_UNISTD_H
| # include <unistd.h>
| #endif
| #include <sys/audioio.h>
configure:21827: result: no
configure:21831: checking sys/audioio.h presence
configure:21841: gcc -E  conftest.c
conftest.c:32:25: sys/audioio.h: No such file or directory
configure:21847: $? = 1
configure: failed program was:
| /* confdefs.h.  */
| 
| #define PACKAGE_NAME ""
| #define PACKAGE_TARNAME ""
| #define PACKAGE_VERSION ""
| #define PACKAGE_STRING ""
| #define PACKAGE_BUGREPORT ""
| #define PACKAGE "libao"
| #define VERSION "0.8.6"
| #define STDC_HEADERS 1
| #define HAVE_SYS_TYPES_H 1
| #define HAVE_SYS_STAT_H 1
| #define HAVE_STDLIB_H 1
| #define HAVE_STRING_H 1
| #define HAVE_MEMORY_H 1
| #define HAVE_STRINGS_H 1
| #define HAVE_INTTYPES_H 1
| #define HAVE_STDINT_H 1
| #define HAVE_UNISTD_H 1
| #define HAVE_DLFCN_H 1
| #ifdef __cplusplus
| extern "C" void std::exit (int) throw (); using std::exit;
| #endif
| #define HAVE_LIBPTHREAD 1
| #define DLOPEN_FLAG (RTLD_NOW | RTLD_GLOBAL)
| #define SHARED_LIB_EXT ".so"
| #define SIZEOF_SHORT 2
| #define SIZEOF_INT 4
| #define SIZEOF_LONG 4
| #define HAVE_SYS_SOUNDCARD_H 1
| /* end confdefs.h.  */
| #include <sys/audioio.h>
configure:21867: result: no
configure:21902: checking for sys/audioio.h
configure:21909: result: no
configure:22120: checking for artsc-config
configure:22138: found /usr/bin/artsc-config
configure:22150: result: /usr/bin/artsc-config
configure:22168: checking for arts_suspended
configure:22225: gcc -o conftest -O20 -ffast-math -D_REENTRANT -fsigned-char -g -O2    conftest.c -lpthread  -L/usr/lib -ldl -lartsc -lpthread -lgmodule-2.0 -ldl -lgthread-2.0 -lglib-2.0 >&5
/usr/bin/ld: cannot find -lartsc
collect2: ld returned 1 exit status
configure:22231: $? = 1
configure: failed program was:
| /* confdefs.h.  */
| 
| #define PACKAGE_NAME ""
| #define PACKAGE_TARNAME ""
| #define PACKAGE_VERSION ""
| #define PACKAGE_STRING ""
| #define PACKAGE_BUGREPORT ""
| #define PACKAGE "libao"
| #define VERSION "0.8.6"
| #define STDC_HEADERS 1
| #define HAVE_SYS_TYPES_H 1
| #define HAVE_SYS_STAT_H 1
| #define HAVE_STDLIB_H 1
| #define HAVE_STRING_H 1
| #define HAVE_MEMORY_H 1
| #define HAVE_STRINGS_H 1
| #define HAVE_INTTYPES_H 1
| #define HAVE_STDINT_H 1
| #define HAVE_UNISTD_H 1
| #define HAVE_DLFCN_H 1
| #ifdef __cplusplus
| extern "C" void std::exit (int) throw (); using std::exit;
| #endif
| #define HAVE_LIBPTHREAD 1
| #define DLOPEN_FLAG (RTLD_NOW | RTLD_GLOBAL)
| #define SHARED_LIB_EXT ".so"
| #define SIZEOF_SHORT 2
| #define SIZEOF_INT 4
| #define SIZEOF_LONG 4
| #define HAVE_SYS_SOUNDCARD_H 1
| /* end confdefs.h.  */
| /* Define arts_suspended to an innocuous variant, in case <limits.h> declares arts_suspended.
|    For example, HP-UX 11i <limits.h> declares gettimeofday.  */
| #define arts_suspended innocuous_arts_suspended
| 
| /* System header to define __stub macros and hopefully few prototypes,
|     which can conflict with char arts_suspended (); below.
|     Prefer <limits.h> to <assert.h> if __STDC__ is defined, since
|     <limits.h> exists even on freestanding compilers.  */
| 
| #ifdef __STDC__
| # include <limits.h>
| #else
| # include <assert.h>
| #endif
| 
| #undef arts_suspended
| 
| /* Override any gcc2 internal prototype to avoid an error.  */
| #ifdef __cplusplus
| extern "C"
| {
| #endif
| /* We use char because int might match the return type of a gcc2
|    builtin and then its argument prototype would still apply.  */
| char arts_suspended ();
| /* The GNU C library defines this for functions which it implements
|     to always fail with ENOSYS.  Some functions are actually named
|     something starting with __ and the normal name is an alias.  */
| #if defined (__stub_arts_suspended) || defined (__stub___arts_suspended)
| choke me
| #else
| char (*f) () = arts_suspended;
| #endif
| #ifdef __cplusplus
| }
| #endif
| 
| int
| main ()
| {
| return f != arts_suspended;
|   ;
|   return 0;
| }
configure:22255: result: no
configure:22400: checking for X
configure:22634: result: libraries /usr/X11R6/lib, headers /usr/X11R6/include
configure:22805: gcc -o conftest -O20 -ffast-math -D_REENTRANT -fsigned-char -g -O2    conftest.c -lpthread   -L/usr/X11R6/lib -lX11 >&5
configure:22811: $? = 0
configure:22814: test -z 			 || test ! -s conftest.err
configure:22817: $? = 0
configure:22820: test -s conftest
configure:22823: $? = 0
configure:22979: checking for gethostbyname
configure:23036: gcc -o conftest -O20 -ffast-math -D_REENTRANT -fsigned-char -g -O2    conftest.c -lpthread  >&5
configure:23042: $? = 0
configure:23045: test -z 			 || test ! -s conftest.err
configure:23048: $? = 0
configure:23051: test -s conftest
configure:23054: $? = 0
configure:23066: result: yes
configure:23215: checking for connect
configure:23272: gcc -o conftest -O20 -ffast-math -D_REENTRANT -fsigned-char -g -O2    conftest.c -lpthread  >&5
configure:23278: $? = 0
configure:23281: test -z 			 || test ! -s conftest.err
configure:23284: $? = 0
configure:23287: test -s conftest
configure:23290: $? = 0
configure:23302: result: yes
configure:23376: checking for remove
configure:23433: gcc -o conftest -O20 -ffast-math -D_REENTRANT -fsigned-char -g -O2    conftest.c -lpthread  >&5
configure:23439: $? = 0
configure:23442: test -z 			 || test ! -s conftest.err
configure:23445: $? = 0
configure:23448: test -s conftest
configure:23451: $? = 0
configure:23463: result: yes
configure:23537: checking for shmat
configure:23594: gcc -o conftest -O20 -ffast-math -D_REENTRANT -fsigned-char -g -O2    conftest.c -lpthread  >&5
configure:23600: $? = 0
configure:23603: test -z 			 || test ! -s conftest.err
configure:23606: $? = 0
configure:23609: test -s conftest
configure:23612: $? = 0
configure:23624: result: yes
configure:23707: checking for IceConnectionNumber in -lICE
configure:23737: gcc -o conftest -O20 -ffast-math -D_REENTRANT -fsigned-char -g -O2    -L/usr/X11R6/lib conftest.c -lICE  -lpthread  >&5
configure:23743: $? = 0
configure:23746: test -z 			 || test ! -s conftest.err
configure:23749: $? = 0
configure:23752: test -s conftest
configure:23755: $? = 0
configure:23768: result: yes
configure:23778: checking for XauFileName in -lXau
configure:23808: gcc -o conftest -O20 -ffast-math -D_REENTRANT -fsigned-char -g -O2    conftest.c -lXau  -L/usr/X11R6/lib -lpthread  >&5
configure:23814: $? = 0
configure:23817: test -z 			 || test ! -s conftest.err
configure:23820: $? = 0
configure:23823: test -s conftest
configure:23826: $? = 0
configure:23839: result: yes
configure:23847: checking for AuOpenServer in -laudio
configure:23877: gcc -o conftest -O20 -ffast-math -D_REENTRANT -fsigned-char -g -O2    conftest.c -laudio -lXau  -L/usr/X11R6/lib -lpthread  >&5
/usr/bin/ld: cannot find -laudio
collect2: ld returned 1 exit status
configure:23883: $? = 1
configure: failed program was:
| /* confdefs.h.  */
| 
| #define PACKAGE_NAME ""
| #define PACKAGE_TARNAME ""
| #define PACKAGE_VERSION ""
| #define PACKAGE_STRING ""
| #define PACKAGE_BUGREPORT ""
| #define PACKAGE "libao"
| #define VERSION "0.8.6"
| #define STDC_HEADERS 1
| #define HAVE_SYS_TYPES_H 1
| #define HAVE_SYS_STAT_H 1
| #define HAVE_STDLIB_H 1
| #define HAVE_STRING_H 1
| #define HAVE_MEMORY_H 1
| #define HAVE_STRINGS_H 1
| #define HAVE_INTTYPES_H 1
| #define HAVE_STDINT_H 1
| #define HAVE_UNISTD_H 1
| #define HAVE_DLFCN_H 1
| #ifdef __cplusplus
| extern "C" void std::exit (int) throw (); using std::exit;
| #endif
| #define HAVE_LIBPTHREAD 1
| #define DLOPEN_FLAG (RTLD_NOW | RTLD_GLOBAL)
| #define SHARED_LIB_EXT ".so"
| #define SIZEOF_SHORT 2
| #define SIZEOF_INT 4
| #define SIZEOF_LONG 4
| #define HAVE_SYS_SOUNDCARD_H 1
| /* end confdefs.h.  */
| 
| /* Override any gcc2 internal prototype to avoid an error.  */
| #ifdef __cplusplus
| extern "C"
| #endif
| /* We use char because int might match the return type of a gcc2
|    builtin and then its argument prototype would still apply.  */
| char AuOpenServer ();
| int
| main ()
| {
| AuOpenServer ();
|   ;
|   return 0;
| }
configure:23908: result: no
configure:23929: checking audio/audiolib.h usability
configure:23941: gcc -c -O20 -ffast-math -D_REENTRANT -fsigned-char -g -O2   -I/usr/X11R6/include conftest.c >&5
conftest.c:66:28: audio/audiolib.h: No such file or directory
configure:23947: $? = 1
configure: failed program was:
| /* confdefs.h.  */
| 
| #define PACKAGE_NAME ""
| #define PACKAGE_TARNAME ""
| #define PACKAGE_VERSION ""
| #define PACKAGE_STRING ""
| #define PACKAGE_BUGREPORT ""
| #define PACKAGE "libao"
| #define VERSION "0.8.6"
| #define STDC_HEADERS 1
| #define HAVE_SYS_TYPES_H 1
| #define HAVE_SYS_STAT_H 1
| #define HAVE_STDLIB_H 1
| #define HAVE_STRING_H 1
| #define HAVE_MEMORY_H 1
| #define HAVE_STRINGS_H 1
| #define HAVE_INTTYPES_H 1
| #define HAVE_STDINT_H 1
| #define HAVE_UNISTD_H 1
| #define HAVE_DLFCN_H 1
| #ifdef __cplusplus
| extern "C" void std::exit (int) throw (); using std::exit;
| #endif
| #define HAVE_LIBPTHREAD 1
| #define DLOPEN_FLAG (RTLD_NOW | RTLD_GLOBAL)
| #define SHARED_LIB_EXT ".so"
| #define SIZEOF_SHORT 2
| #define SIZEOF_INT 4
| #define SIZEOF_LONG 4
| #define HAVE_SYS_SOUNDCARD_H 1
| /* end confdefs.h.  */
| #include <stdio.h>
| #if HAVE_SYS_TYPES_H
| # include <sys/types.h>
| #endif
| #if HAVE_SYS_STAT_H
| # include <sys/stat.h>
| #endif
| #if STDC_HEADERS
| # include <stdlib.h>
| # include <stddef.h>
| #else
| # if HAVE_STDLIB_H
| #  include <stdlib.h>
| # endif
| #endif
| #if HAVE_STRING_H
| # if !STDC_HEADERS && HAVE_MEMORY_H
| #  include <memory.h>
| # endif
| # include <string.h>
| #endif
| #if HAVE_STRINGS_H
| # include <strings.h>
| #endif
| #if HAVE_INTTYPES_H
| # include <inttypes.h>
| #else
| # if HAVE_STDINT_H
| #  include <stdint.h>
| # endif
| #endif
| #if HAVE_UNISTD_H
| # include <unistd.h>
| #endif
| #include <audio/audiolib.h>
configure:23969: result: no
configure:23973: checking audio/audiolib.h presence
configure:23983: gcc -E   -I/usr/X11R6/include conftest.c
conftest.c:32:28: audio/audiolib.h: No such file or directory
configure:23989: $? = 1
configure: failed program was:
| /* confdefs.h.  */
| 
| #define PACKAGE_NAME ""
| #define PACKAGE_TARNAME ""
| #define PACKAGE_VERSION ""
| #define PACKAGE_STRING ""
| #define PACKAGE_BUGREPORT ""
| #define PACKAGE "libao"
| #define VERSION "0.8.6"
| #define STDC_HEADERS 1
| #define HAVE_SYS_TYPES_H 1
| #define HAVE_SYS_STAT_H 1
| #define HAVE_STDLIB_H 1
| #define HAVE_STRING_H 1
| #define HAVE_MEMORY_H 1
| #define HAVE_STRINGS_H 1
| #define HAVE_INTTYPES_H 1
| #define HAVE_STDINT_H 1
| #define HAVE_UNISTD_H 1
| #define HAVE_DLFCN_H 1
| #ifdef __cplusplus
| extern "C" void std::exit (int) throw (); using std::exit;
| #endif
| #define HAVE_LIBPTHREAD 1
| #define DLOPEN_FLAG (RTLD_NOW | RTLD_GLOBAL)
| #define SHARED_LIB_EXT ".so"
| #define SIZEOF_SHORT 2
| #define SIZEOF_INT 4
| #define SIZEOF_LONG 4
| #define HAVE_SYS_SOUNDCARD_H 1
| /* end confdefs.h.  */
| #include <audio/audiolib.h>
configure:24009: result: no
configure:24044: checking for audio/audiolib.h
configure:24051: result: no
configure:24103: checking for pkg-config
configure:24121: found /usr/bin/pkg-config
configure:24134: result: /usr/bin/pkg-config
configure:24151: checking for  polyplib-simple >= 0.6 
configure:24461: creating ./config.status

## ---------------------- ##
## Running config.status. ##
## ---------------------- ##

This file was extended by config.status, which was
generated by GNU Autoconf 2.59.  Invocation command line was

  CONFIG_FILES    = 
  CONFIG_HEADERS  = 
  CONFIG_LINKS    = 
  CONFIG_COMMANDS = 
  $ ./config.status 

on linux

config.status:815: creating Makefile
config.status:815: creating src/Makefile
config.status:815: creating doc/Makefile
config.status:815: creating include/Makefile
config.status:815: creating include/ao/Makefile
config.status:815: creating include/ao/os_types.h
config.status:815: creating src/plugins/Makefile
config.status:815: creating src/plugins/esd/Makefile
config.status:815: creating src/plugins/oss/Makefile
config.status:815: creating src/plugins/alsa/Makefile
config.status:815: creating src/plugins/alsa09/Makefile
config.status:815: creating src/plugins/sun/Makefile
config.status:815: creating src/plugins/irix/Makefile
config.status:815: creating src/plugins/arts/Makefile
config.status:815: creating src/plugins/macosx/Makefile
config.status:815: creating src/plugins/nas/Makefile
config.status:815: creating src/plugins/polyp/Makefile
config.status:815: creating debian/Makefile
config.status:815: creating ao.pc
config.status:960: executing depfiles commands

## ---------------- ##
## Cache variables. ##
## ---------------- ##

ac_cv_build=i686-pc-linux-gnu
ac_cv_build_alias=i686-pc-linux-gnu
ac_cv_c_compiler_gnu=yes
ac_cv_cxx_compiler_gnu=yes
ac_cv_env_CC_set=
ac_cv_env_CC_value=
ac_cv_env_CFLAGS_set=
ac_cv_env_CFLAGS_value=
ac_cv_env_CPPFLAGS_set=
ac_cv_env_CPPFLAGS_value=
ac_cv_env_CPP_set=
ac_cv_env_CPP_value=
ac_cv_env_CXXCPP_set=
ac_cv_env_CXXCPP_value=
ac_cv_env_CXXFLAGS_set=
ac_cv_env_CXXFLAGS_value=
ac_cv_env_CXX_set=
ac_cv_env_CXX_value=
ac_cv_env_F77_set=
ac_cv_env_F77_value=
ac_cv_env_FFLAGS_set=
ac_cv_env_FFLAGS_value=
ac_cv_env_LDFLAGS_set=
ac_cv_env_LDFLAGS_value=
ac_cv_env_build_alias_set=
ac_cv_env_build_alias_value=
ac_cv_env_host_alias_set=
ac_cv_env_host_alias_value=
ac_cv_env_target_alias_set=set
ac_cv_env_target_alias_value=bfin-elf
ac_cv_exeext=
ac_cv_f77_compiler_gnu=yes
ac_cv_func_arts_suspended=no
ac_cv_func_connect=yes
ac_cv_func_dlopen=no
ac_cv_func_gethostbyname=yes
ac_cv_func_remove=yes
ac_cv_func_shl_load=no
ac_cv_func_shmat=yes
ac_cv_have_x='have_x=yes 		ac_x_includes=/usr/X11R6/include ac_x_libraries=/usr/X11R6/lib'
ac_cv_header_alsa_asoundlib_h=no
ac_cv_header_audio_audiolib_h=no
ac_cv_header_dlfcn_h=yes
ac_cv_header_inttypes_h=yes
ac_cv_header_machine_soundcard_h=no
ac_cv_header_memory_h=yes
ac_cv_header_stdc=yes
ac_cv_header_stdint_h=yes
ac_cv_header_stdlib_h=yes
ac_cv_header_string_h=yes
ac_cv_header_strings_h=yes
ac_cv_header_sys_asoundlib_h=no
ac_cv_header_sys_audioio_h=no
ac_cv_header_sys_soundcard_h=yes
ac_cv_header_sys_stat_h=yes
ac_cv_header_sys_types_h=yes
ac_cv_header_unistd_h=yes
ac_cv_host=i686-pc-linux-gnu
ac_cv_host_alias=i686-pc-linux-gnu
ac_cv_lib_ICE_IceConnectionNumber=yes
ac_cv_lib_Xau_XauFileName=yes
ac_cv_lib_asound_snd_pcm_channel_params=no
ac_cv_lib_asound_snd_pcm_open=no
ac_cv_lib_audio_AuOpenServer=no
ac_cv_lib_dl_dlopen=yes
ac_cv_lib_dld_shl_load=no
ac_cv_lib_pthread_pthread_kill=yes
ac_cv_objext=o
ac_cv_path_ARTSC_CONFIG=/usr/bin/artsc-config
ac_cv_path_ESD_CONFIG=no
ac_cv_path_PKG_CONFIG=/usr/bin/pkg-config
ac_cv_path_install='/usr/bin/install -c'
ac_cv_prog_AWK=gawk
ac_cv_prog_CPP='gcc -E'
ac_cv_prog_CXXCPP='g++ -E'
ac_cv_prog_ac_ct_AR=ar
ac_cv_prog_ac_ct_CC=gcc
ac_cv_prog_ac_ct_CXX=g++
ac_cv_prog_ac_ct_F77=g77
ac_cv_prog_ac_ct_RANLIB=ranlib
ac_cv_prog_ac_ct_STRIP=strip
ac_cv_prog_cc_g=yes
ac_cv_prog_cc_stdc=
ac_cv_prog_cxx_g=yes
ac_cv_prog_egrep='grep -E'
ac_cv_prog_f77_g=yes
ac_cv_prog_make_make_set=yes
ac_cv_sizeof_int=4
ac_cv_sizeof_long=4
ac_cv_sizeof_short=2
ac_cv_type_int=yes
ac_cv_type_long=yes
ac_cv_type_short=yes
am_cv_CC_dependencies_compiler_type=gcc3
am_cv_CXX_dependencies_compiler_type=gcc3
lt_cv_deplibs_check_method=pass_all
lt_cv_dlopen=dlopen
lt_cv_dlopen_libs=-ldl
lt_cv_dlopen_self=yes
lt_cv_dlopen_self_static=yes
lt_cv_file_magic_cmd='$MAGIC_CMD'
lt_cv_file_magic_test_file=
lt_cv_ld_reload_flag=-r
lt_cv_objdir=.libs
lt_cv_path_LD=/usr/bin/ld
lt_cv_path_LDCXX=/usr/bin/ld
lt_cv_path_NM='/usr/bin/nm -B'
lt_cv_path_SED=/bin/sed
lt_cv_prog_compiler_c_o=yes
lt_cv_prog_compiler_c_o_CXX=yes
lt_cv_prog_compiler_c_o_F77=yes
lt_cv_prog_compiler_rtti_exceptions=no
lt_cv_prog_gnu_ld=yes
lt_cv_prog_gnu_ldcxx=yes
lt_cv_sys_global_symbol_pipe='sed -n -e '\''s/^.*[ 	]\([ABCDGIRSTW][ABCDGIRSTW]*\)[ 	][ 	]*\(\)\([_A-Za-z][_A-Za-z0-9]*\)$/\1 \2\3 \3/p'\'''
lt_cv_sys_global_symbol_to_c_name_address='sed -n -e '\''s/^: \([^ ]*\) $/  {\"\1\", (lt_ptr) 0},/p'\'' -e '\''s/^[BCDEGRST] \([^ ]*\) \([^ ]*\)$/  {"\2", (lt_ptr) \&\2},/p'\'''
lt_cv_sys_global_symbol_to_cdecl='sed -n -e '\''s/^. .* \(.*\)$/extern int \1;/p'\'''
lt_cv_sys_max_cmd_len=32768
lt_lt_cv_prog_compiler_c_o='"yes"'
lt_lt_cv_prog_compiler_c_o_CXX='"yes"'
lt_lt_cv_prog_compiler_c_o_F77='"yes"'
lt_lt_cv_sys_global_symbol_pipe='"sed -n -e '\''s/^.*[ 	]\\([ABCDGIRSTW][ABCDGIRSTW]*\\)[ 	][ 	]*\\(\\)\\([_A-Za-z][_A-Za-z0-9]*\\)\$/\\1 \\2\\3 \\3/p'\''"'
lt_lt_cv_sys_global_symbol_to_c_name_address='"sed -n -e '\''s/^: \\([^ ]*\\) \$/  {\\\"\\1\\\", (lt_ptr) 0},/p'\'' -e '\''s/^[BCDEGRST] \\([^ ]*\\) \\([^ ]*\\)\$/  {\"\\2\", (lt_ptr) \\&\\2},/p'\''"'
lt_lt_cv_sys_global_symbol_to_cdecl='"sed -n -e '\''s/^. .* \\(.*\\)\$/extern int \\1;/p'\''"'

## ----------------- ##
## Output variables. ##
## ----------------- ##

ACLOCAL='${SHELL} /home/shiva/original/source/uClinux-dist/uClibc/libao-0.8.6/missing --run aclocal-1.8'
ALSA09_LIBS=''
ALSA_LIBS=''
AMDEPBACKSLASH='\'
AMDEP_FALSE='#'
AMDEP_TRUE=''
AMTAR='${SHELL} /home/shiva/original/source/uClinux-dist/uClibc/libao-0.8.6/missing --run tar'
AR='ar'
ARTSC_CONFIG='/usr/bin/artsc-config'
ARTS_CFLAGS='-I/usr/include/kde/artsc -pthread -I/usr/include/glib-2.0 -I/usr/lib/glib-2.0/include'
ARTS_LIBS='-L/usr/lib -ldl -lartsc -lpthread -lgmodule-2.0 -ldl -lgthread-2.0 -lglib-2.0'
AUTOCONF='${SHELL} /home/shiva/original/source/uClinux-dist/uClibc/libao-0.8.6/missing --run autoconf'
AUTOHEADER='${SHELL} /home/shiva/original/source/uClinux-dist/uClibc/libao-0.8.6/missing --run autoheader'
AUTOMAKE='${SHELL} /home/shiva/original/source/uClinux-dist/uClibc/libao-0.8.6/missing --run automake-1.8'
AWK='gawk'
CC='gcc'
CCDEPMODE='depmode=gcc3'
CFLAGS='-O20 -ffast-math -D_REENTRANT -fsigned-char -g -O2'
CPP='gcc -E'
CPPFLAGS=''
CXX='g++'
CXXCPP='g++ -E'
CXXDEPMODE='depmode=gcc3'
CXXFLAGS='-g -O2'
CYGPATH_W='echo'
DEBUG='-g -Wall -D_REENTRANT -D__NO_MATH_INLINES -fsigned-char -g -O2'
DEFS='-DPACKAGE_NAME=\"\" -DPACKAGE_TARNAME=\"\" -DPACKAGE_VERSION=\"\" -DPACKAGE_STRING=\"\" -DPACKAGE_BUGREPORT=\"\" -DPACKAGE=\"libao\" -DVERSION=\"0.8.6\" -DSTDC_HEADERS=1 -DHAVE_SYS_TYPES_H=1 -DHAVE_SYS_STAT_H=1 -DHAVE_STDLIB_H=1 -DHAVE_STRING_H=1 -DHAVE_MEMORY_H=1 -DHAVE_STRINGS_H=1 -DHAVE_INTTYPES_H=1 -DHAVE_STDINT_H=1 -DHAVE_UNISTD_H=1 -DHAVE_DLFCN_H=1 -DHAVE_LIBPTHREAD=1 -DDLOPEN_FLAG=\(RTLD_NOW\ \|\ RTLD_GLOBAL\) -DSHARED_LIB_EXT=\".so\" -DSIZEOF_SHORT=2 -DSIZEOF_INT=4 -DSIZEOF_LONG=4 -DHAVE_SYS_SOUNDCARD_H=1 '
DEPDIR='.deps'
ECHO='echo'
ECHO_C=''
ECHO_N='-n'
ECHO_T=''
EGREP='grep -E'
ESD_CFLAGS=''
ESD_CONFIG='no'
ESD_LIBS=''
EXEEXT=''
F77='g77'
FFLAGS='-g -O2'
HAVE_AIX_AUDIO_FALSE=''
HAVE_AIX_AUDIO_TRUE='#'
HAVE_ALSA09_FALSE=''
HAVE_ALSA09_TRUE='#'
HAVE_ALSA_FALSE=''
HAVE_ALSA_TRUE='#'
HAVE_ARTS_FALSE='#'
HAVE_ARTS_TRUE=''
HAVE_ESD_FALSE=''
HAVE_ESD_TRUE='#'
HAVE_IRIX_FALSE=''
HAVE_IRIX_TRUE='#'
HAVE_MACOSX_FALSE=''
HAVE_MACOSX_TRUE='#'
HAVE_NAS_FALSE=''
HAVE_NAS_TRUE='#'
HAVE_OSS_FALSE='#'
HAVE_OSS_TRUE=''
HAVE_POLYP_FALSE=''
HAVE_POLYP_TRUE='#'
HAVE_SOLARIS_FALSE=''
HAVE_SOLARIS_TRUE='#'
HAVE_SUN_AUDIO_FALSE=''
HAVE_SUN_AUDIO_TRUE='#'
INSTALL_DATA='${INSTALL} -m 644'
INSTALL_PROGRAM='${INSTALL}'
INSTALL_SCRIPT='${INSTALL}'
INSTALL_STRIP_PROGRAM='${SHELL} $(install_sh) -c -s'
LDFLAGS=' '
LIBOBJS=''
LIBS='-lpthread '
LIBTOOL='$(SHELL) $(top_builddir)/libtool'
LIB_AGE='1'
LIB_CURRENT='3'
LIB_REVISION='3'
LN_S='ln -s'
LTLIBOBJS=''
MAINT='#'
MAINTAINER_MODE_FALSE=''
MAINTAINER_MODE_TRUE='#'
MAKEINFO='${SHELL} /home/shiva/original/source/uClinux-dist/uClibc/libao-0.8.6/missing --run makeinfo'
MANDIR='$(prefix)/man'
NAS_CFLAGS=''
NAS_LIBS=''
OBJEXT='o'
PACKAGE='libao'
PACKAGE_BUGREPORT=''
PACKAGE_NAME=''
PACKAGE_STRING=''
PACKAGE_TARNAME=''
PACKAGE_VERSION=''
PATH_SEPARATOR=':'
PKG_CONFIG='/usr/bin/pkg-config'
PLUGIN_LDFLAGS='-export-dynamic -avoid-version'
POLYP_CFLAGS=''
POLYP_LIBS=''
PROFILE='-pg -g -O20 -ffast-math -D_REENTRANT -fsigned-char -g -O2'
RANLIB='ranlib'
SET_MAKE=''
SHELL='/bin/sh'
SIZE16='short'
SIZE32='int'
STRIP='strip'
VERSION='0.8.6'
X_CFLAGS=' -I/usr/X11R6/include'
X_EXTRA_LIBS=''
X_LIBS=' -L/usr/X11R6/lib'
X_PRE_LIBS=' -lSM -lICE'
ac_ct_AR='ar'
ac_ct_CC='gcc'
ac_ct_CXX='g++'
ac_ct_F77='g77'
ac_ct_RANLIB='ranlib'
ac_ct_STRIP='strip'
am__fastdepCC_FALSE='#'
am__fastdepCC_TRUE=''
am__fastdepCXX_FALSE='#'
am__fastdepCXX_TRUE=''
am__include='include'
am__leading_dot='.'
am__quote=''
bindir='${exec_prefix}/bin'
build='i686-pc-linux-gnu'
build_alias=''
build_cpu='i686'
build_os='linux-gnu'
build_vendor='pc'
datadir='${prefix}/share'
exec_prefix='${prefix}'
host='i686-pc-linux-gnu'
host_alias=''
host_cpu='i686'
host_os='linux-gnu'
host_vendor='pc'
includedir='${prefix}/include'
infodir='${prefix}/info'
install_sh='/home/shiva/original/source/uClinux-dist/uClibc/libao-0.8.6/install-sh'
libdir='${exec_prefix}/lib'
libexecdir='${exec_prefix}/libexec'
localstatedir='${prefix}/var'
mandir='${prefix}/man'
mkdir_p='mkdir -p -- .'
oldincludedir='/usr/include'
plugindir='${exec_prefix}/lib/ao/plugins-2'
prefix='/usr/local'
program_transform_name='s,x,x,'
sbindir='${exec_prefix}/sbin'
sharedstatedir='${prefix}/com'
sysconfdir='${prefix}/etc'
target_alias='bfin-elf'

## ----------- ##
## confdefs.h. ##
## ----------- ##

#define DLOPEN_FLAG (RTLD_NOW | RTLD_GLOBAL)
#define HAVE_DLFCN_H 1
#define HAVE_INTTYPES_H 1
#define HAVE_LIBPTHREAD 1
#define HAVE_MEMORY_H 1
#define HAVE_STDINT_H 1
#define HAVE_STDLIB_H 1
#define HAVE_STRINGS_H 1
#define HAVE_STRING_H 1
#define HAVE_SYS_SOUNDCARD_H 1
#define HAVE_SYS_STAT_H 1
#define HAVE_SYS_TYPES_H 1
#define HAVE_UNISTD_H 1
#define PACKAGE "libao"
#define PACKAGE_BUGREPORT ""
#define PACKAGE_NAME ""
#define PACKAGE_STRING ""
#define PACKAGE_TARNAME ""
#define PACKAGE_VERSION ""
#define SHARED_LIB_EXT ".so"
#define SIZEOF_INT 4
#define SIZEOF_LONG 4
#define SIZEOF_SHORT 2
#define STDC_HEADERS 1
#define VERSION "0.8.6"
#endif
#ifdef __cplusplus
extern "C" void std::exit (int) throw (); using std::exit;

configure: exit 0
