This file contains any messages produced by compilers while
running configure, to aid debugging if configure makes a mistake.

It was created by linphone configure 2.0.0, which was
generated by GNU Autoconf 2.61.  Invocation command line was

  $ ./configure 

## --------- ##
## Platform. ##
## --------- ##

hostname = adam-ubuntu-desk
uname -m = x86_64
uname -r = 2.6.20-15-generic
uname -s = Linux
uname -v = #2 SMP Sun Apr 15 06:17:24 UTC 2007

/usr/bin/uname -p = unknown
/bin/uname -X     = unknown

/bin/arch              = x86_64
/usr/bin/arch -k       = unknown
/usr/convex/getsysinfo = unknown
/usr/bin/hostinfo      = unknown
/bin/machine           = unknown
/usr/bin/oslevel       = unknown
/bin/universe          = unknown

PATH: /usr/local/sbin
PATH: /usr/local/bin
PATH: /usr/sbin
PATH: /usr/bin
PATH: /sbin
PATH: /bin
PATH: /usr/bin/X11
PATH: /usr/games


## ----------- ##
## Core tests. ##
## ----------- ##

configure:2088: linphone-2.0.0		A full featured audio/video sip phone.
configure:2090: licensed under the terms of the General Public License (GPL)
configure:2138: checking for a BSD-compatible install
configure:2194: result: /usr/bin/install -c
configure:2205: checking whether build environment is sane
configure:2248: result: yes
configure:2313: checking for gawk
configure:2329: found /usr/bin/gawk
configure:2340: result: gawk
configure:2351: checking whether make sets $(MAKE)
configure:2372: result: yes
configure:2551: checking how to create a ustar tar archive
configure:2564: tar --version
tar (GNU tar) 1.16
Copyright (C) 2006 Free Software Foundation, Inc.
This is free software.  You may redistribute copies of it under the terms of
the GNU General Public License <http://www.gnu.org/licenses/gpl.html>.
There is NO WARRANTY, to the extent permitted by law.

Written by John Gilmore and Jay Fenlason.
configure:2567: $? = 0
configure:2607: tardir=conftest.dir && eval tar --format=ustar -chf - "$tardir" >conftest.tar
configure:2610: $? = 0
configure:2614: tar -xf - <conftest.tar
configure:2617: $? = 0
configure:2630: result: gnutar
configure:2653: checking for style of include used by make
configure:2681: result: GNU
configure:2754: checking for gcc
configure:2770: found /usr/bin/gcc
configure:2781: result: gcc
configure:3019: checking for C compiler version
configure:3026: gcc --version >&5
gcc (GCC) 4.1.2 (Ubuntu 4.1.2-0ubuntu4)
Copyright (C) 2006 Free Software Foundation, Inc.
This is free software; see the source for copying conditions.  There is NO
warranty; not even for MERCHANTABILITY or FITNESS FOR A PARTICULAR PURPOSE.

configure:3029: $? = 0
configure:3036: gcc -v >&5
Using built-in specs.

## ---------------- ##
## Cache variables. ##
## ---------------- ##

ac_cv_env_CCC_set=
ac_cv_env_CCC_value=
ac_cv_env_CC_set=
ac_cv_env_CC_value=
ac_cv_env_CFLAGS_set=
ac_cv_env_CFLAGS_value=
ac_cv_env_CPPFLAGS_set=
ac_cv_env_CPPFLAGS_value=
ac_cv_env_CPP_set=
ac_cv_env_CPP_value=
ac_cv_env_CXXCPP_set=
ac_cv_env_CXXCPP_value=
ac_cv_env_CXXFLAGS_set=
ac_cv_env_CXXFLAGS_value=
ac_cv_env_CXX_set=
ac_cv_env_CXX_value=
ac_cv_env_F77_set=
ac_cv_env_F77_value=
ac_cv_env_FFLAGS_set=
ac_cv_env_FFLAGS_value=
ac_cv_env_GNOME_APPLETS_CFLAGS_set=
ac_cv_env_GNOME_APPLETS_CFLAGS_value=
ac_cv_env_GNOME_APPLETS_LIBS_set=
ac_cv_env_GNOME_APPLETS_LIBS_value=
ac_cv_env_LDFLAGS_set=
ac_cv_env_LDFLAGS_value=
ac_cv_env_LIBGTK_CFLAGS_set=
ac_cv_env_LIBGTK_CFLAGS_value=
ac_cv_env_LIBGTK_LIBS_set=
ac_cv_env_LIBGTK_LIBS_value=
ac_cv_env_LIBS_set=
ac_cv_env_LIBS_value=
ac_cv_env_ORTP_CFLAGS_set=
ac_cv_env_ORTP_CFLAGS_value=
ac_cv_env_ORTP_LIBS_set=
ac_cv_env_ORTP_LIBS_value=
ac_cv_env_OSIP_CFLAGS_set=
ac_cv_env_OSIP_CFLAGS_value=
ac_cv_env_OSIP_LIBS_set=
ac_cv_env_OSIP_LIBS_value=
ac_cv_env_PKG_CONFIG_set=
ac_cv_env_PKG_CONFIG_value=
ac_cv_env_SPEEX_CFLAGS_set=
ac_cv_env_SPEEX_CFLAGS_value=
ac_cv_env_SPEEX_LIBS_set=
ac_cv_env_SPEEX_LIBS_value=
ac_cv_env_build_alias_set=
ac_cv_env_build_alias_value=
ac_cv_env_host_alias_set=
ac_cv_env_host_alias_value=
ac_cv_env_target_alias_set=
ac_cv_env_target_alias_value=
ac_cv_path_install='/usr/bin/install -c'
ac_cv_prog_AWK=gawk
ac_cv_prog_ac_ct_CC=gcc
ac_cv_prog_make_make_set=yes
am_cv_prog_tar_ustar=gnutar

## ----------------- ##
## Output variables. ##
## ----------------- ##

ACLOCAL='${SHELL} /home/adam/workspace/local_svn/kernel_svn/ad1836/uclinux-dist/user/blkfin-apps/linphone/linphone-2.0.0/missing --run aclocal-1.9'
ALL_LINGUAS=''
AMDEPBACKSLASH='\'
AMDEP_FALSE='#'
AMDEP_TRUE=''
AMTAR='${SHELL} /home/adam/workspace/local_svn/kernel_svn/ad1836/uclinux-dist/user/blkfin-apps/linphone/linphone-2.0.0/missing --run tar'
AR=''
ARMBUILD_FALSE=''
ARMBUILD_TRUE=''
AUTOCONF='${SHELL} /home/adam/workspace/local_svn/kernel_svn/ad1836/uclinux-dist/user/blkfin-apps/linphone/linphone-2.0.0/missing --run autoconf'
AUTOHEADER='${SHELL} /home/adam/workspace/local_svn/kernel_svn/ad1836/uclinux-dist/user/blkfin-apps/linphone/linphone-2.0.0/missing --run autoheader'
AUTOMAKE='${SHELL} /home/adam/workspace/local_svn/kernel_svn/ad1836/uclinux-dist/user/blkfin-apps/linphone/linphone-2.0.0/missing --run automake-1.9'
AWK='gawk'
BUILD_CONSOLE_FALSE=''
BUILD_CONSOLE_TRUE=''
BUILD_GNOME_APPLET_FALSE=''
BUILD_GNOME_APPLET_TRUE=''
BUILD_GTK_FALSE=''
BUILD_GTK_TRUE=''
BUILD_MEDIA_API_FALSE=''
BUILD_MEDIA_API_TRUE=''
BUILD_TRUESPEECH_FALSE=''
BUILD_TRUESPEECH_TRUE=''
CC='gcc'
CCDEPMODE=''
CFLAGS=''
CPP=''
CPPFLAGS=''
CXX=''
CXXCPP=''
CXXDEPMODE=''
CXXFLAGS=''
CYGPATH_W='echo'
DATADIRNAME=''
DEFS=''
DEPDIR='.deps'
ECHO='echo'
ECHO_C=''
ECHO_N='-n'
ECHO_T=''
EGREP=''
ENABLE_MANUAL_FALSE=''
ENABLE_MANUAL_TRUE=''
EXEEXT=''
EXOSIP_CFLAGS=''
EXOSIP_LIBS=''
EXTERNAL_ORTP_FALSE=''
EXTERNAL_ORTP_TRUE=''
F77=''
FFLAGS=''
GETTEXT_PACKAGE=''
GMSGFMT=''
GMSGFMT_015=''
GNOME_APPLETS_CFLAGS=''
GNOME_APPLETS_LIBS=''
GREP=''
INSTALL_DATA='${INSTALL} -m 644'
INSTALL_PROGRAM='${INSTALL}'
INSTALL_SCRIPT='${INSTALL}'
INSTALL_STRIP_PROGRAM='${SHELL} $(install_sh) -c -s'
INTLLIBS=''
INTLTOOL_CAVES_RULE=''
INTLTOOL_DESKTOP_RULE=''
INTLTOOL_DIRECTORY_RULE=''
INTLTOOL_EXTRACT=''
INTLTOOL_ICONV=''
INTLTOOL_KBD_RULE=''
INTLTOOL_KEYS_RULE=''
INTLTOOL_MERGE=''
INTLTOOL_MSGFMT=''
INTLTOOL_MSGMERGE=''
INTLTOOL_OAF_RULE=''
INTLTOOL_PERL=''
INTLTOOL_PONG_RULE=''
INTLTOOL_PROP_RULE=''
INTLTOOL_SCHEMAS_RULE=''
INTLTOOL_SERVER_RULE=''
INTLTOOL_SERVICE_RULE=''
INTLTOOL_SHEET_RULE=''
INTLTOOL_SOUNDLIST_RULE=''
INTLTOOL_THEME_RULE=''
INTLTOOL_UI_RULE=''
INTLTOOL_UPDATE=''
INTLTOOL_XAM_RULE=''
INTLTOOL_XGETTEXT=''
INTLTOOL_XML_NOMERGE_RULE=''
INTLTOOL_XML_RULE=''
INTL_MACOSX_LIBS=''
IPV6_CFLAGS=''
LDFLAGS=''
LIBGTK_CFLAGS=''
LIBGTK_LIBS=''
LIBICONV=''
LIBINTL=''
LIBLINPHONE_SO_VERSION='2:0:0'
LIBOBJS=''
LIBS=''
LIBTOOL=''
LINPHONE_CFLAGS=''
LINPHONE_LIBS=''
LINPHONE_VERSION='2.0.0.'
LN_S=''
LTLIBICONV=''
LTLIBINTL=''
LTLIBOBJS=''
MAKEINFO='${SHELL} /home/adam/workspace/local_svn/kernel_svn/ad1836/uclinux-dist/user/blkfin-apps/linphone/linphone-2.0.0/missing --run makeinfo'
MS2_VERSION=''
MSGFMT=''
MSGFMT_015=''
MSGMERGE=''
OBJEXT=''
ORTP_CFLAGS=''
ORTP_LIBS=''
ORTP_VERSION=''
OSIP_CFLAGS=''
OSIP_LIBS=''
PACKAGE='linphone'
PACKAGE_BUGREPORT='linphone-developers@nongnu.org'
PACKAGE_NAME='linphone'
PACKAGE_STRING='linphone 2.0.0'
PACKAGE_TARNAME='linphone'
PACKAGE_VERSION='2.0.0'
PATH_SEPARATOR=':'
PKG_CONFIG=''
POSUB=''
RANLIB=''
READLINE_CFLAGS=''
READLINE_LIBS=''
SED=''
SET_MAKE=''
SHELL='/bin/bash'
SPEEX_CFLAGS=''
SPEEX_LIBS=''
STRICT_OPTIONS=''
STRIP=''
TRUESPEECH_CFLAGS=''
USE_NLS=''
VERSION='2.0.0'
XGETTEXT=''
XGETTEXT_015=''
ac_ct_CC='gcc'
ac_ct_CXX=''
ac_ct_F77=''
am__fastdepCC_FALSE=''
am__fastdepCC_TRUE=''
am__fastdepCXX_FALSE=''
am__fastdepCXX_TRUE=''
am__include='include'
am__leading_dot='.'
am__quote=''
am__tar='tar --format=ustar -chf - "$$tardir"'
am__untar='tar -xf -'
bindir='${exec_prefix}/bin'
build=''
build_alias=''
build_cpu=''
build_os=''
build_vendor=''
datadir='${datarootdir}'
datarootdir='${prefix}/share'
docdir='${datarootdir}/doc/${PACKAGE_TARNAME}'
dvidir='${docdir}'
exec_prefix='NONE'
have_sgmltools=''
host=''
host_alias=''
host_cpu=''
host_os=''
host_vendor=''
htmldir='${docdir}'
includedir='${prefix}/include'
infodir='${datarootdir}/info'
install_sh='/home/adam/workspace/local_svn/kernel_svn/ad1836/uclinux-dist/user/blkfin-apps/linphone/linphone-2.0.0/install-sh'
libdir='${exec_prefix}/lib'
libexecdir='${exec_prefix}/libexec'
localedir='${datarootdir}/locale'
localstatedir='${prefix}/var'
mandir='${datarootdir}/man'
mkdir_p='mkdir -p --'
oldincludedir='/usr/include'
osip_prefix=''
pdfdir='${docdir}'
prefix='NONE'
program_transform_name='s,x,x,'
psdir='${docdir}'
sbindir='${exec_prefix}/sbin'
sharedstatedir='${prefix}/com'
subdirs=''
sysconfdir='${prefix}/etc'
target_alias=''

## ----------- ##
## confdefs.h. ##
## ----------- ##

#define PACKAGE_NAME "linphone"
#define PACKAGE_TARNAME "linphone"
#define PACKAGE_VERSION "2.0.0"
#define PACKAGE_STRING "linphone 2.0.0"
#define PACKAGE_BUGREPORT "linphone-developers@nongnu.org"
#define PACKAGE "linphone"
#define VERSION "2.0.0"

configure: caught signal 2
configure: exit 1
