This file contains any messages produced by compilers while
running configure, to aid debugging if configure makes a mistake.

It was created by configure, which was
generated by GNU Autoconf 2.53.  Invocation command line was

  $ ./configure --disable-asm-optimizations

## --------- ##
## Platform. ##
## --------- ##

hostname = shivaram
uname -m = i686
uname -r = 2.4.20-8
uname -s = Linux
uname -v = #1 Thu Mar 13 17:54:28 EST 2003

/usr/bin/uname -p = unknown
/bin/uname -X     = unknown

/bin/arch              = i686
/usr/bin/arch -k       = unknown
/usr/convex/getsysinfo = unknown
hostinfo               = unknown
/bin/machine           = unknown
/usr/bin/oslevel       = unknown
/bin/universe          = unknown

PATH: /usr/local/sbin
PATH: /usr/local/bin
PATH: /sbin
PATH: /bin
PATH: /usr/sbin
PATH: /usr/bin
PATH: /usr/X11R6/bin
PATH: /root/bin
PATH: /opt/uClinux/bfin/bin


## ----------- ##
## Core tests. ##
## ----------- ##

configure:1433: checking for a BSD-compatible install
configure:1487: result: /usr/bin/install -c
configure:1498: checking whether build environment is sane
configure:1541: result: yes
configure:1574: checking for gawk
configure:1590: found /bin/gawk
configure:1600: result: gawk
configure:1610: checking whether make sets ${MAKE}
configure:1630: result: yes
configure:1778: checking whether to enable maintainer-specific portions of Makefiles
configure:1787: result: no
configure:1886: checking build system type
configure:1904: result: i686-pc-linux-gnu
configure:1912: checking host system type
configure:1926: result: i686-pc-linux-gnu
configure:1954: checking for style of include used by make
configure:1982: result: GNU
configure:2053: checking for gcc
configure:2069: found /usr/bin/gcc
configure:2079: result: gcc
configure:2323: checking for C compiler version
configure:2326: gcc --version </dev/null >&5
gcc (GCC) 3.2.2 20030222 (Red Hat Linux 3.2.2-5)
Copyright (C) 2002 Free Software Foundation, Inc.
This is free software; see the source for copying conditions.  There is NO
warranty; not even for MERCHANTABILITY or FITNESS FOR A PARTICULAR PURPOSE.

configure:2329: $? = 0
configure:2331: gcc -v </dev/null >&5
Reading specs from /usr/lib/gcc-lib/i386-redhat-linux/3.2.2/specs
Configured with: ../configure --prefix=/usr --mandir=/usr/share/man --infodir=/usr/share/info --enable-shared --enable-threads=posix --disable-checking --with-system-zlib --enable-__cxa_atexit --host=i386-redhat-linux
Thread model: posix
gcc version 3.2.2 20030222 (Red Hat Linux 3.2.2-5)
configure:2334: $? = 0
configure:2336: gcc -V </dev/null >&5
gcc: argument to `-V' is missing
configure:2339: $? = 1
configure:2365: checking for C compiler default output
configure:2368: gcc    conftest.c  >&5
configure:2371: $? = 0
configure:2404: result: a.out
configure:2409: checking whether the C compiler works
configure:2415: ./a.out
configure:2418: $? = 0
configure:2433: result: yes
configure:2440: checking whether we are cross compiling
configure:2442: result: no
configure:2445: checking for suffix of executables
configure:2447: gcc -o conftest    conftest.c  >&5
configure:2450: $? = 0
configure:2472: result: 
configure:2478: checking for suffix of object files
configure:2502: gcc -c   conftest.c >&5
configure:2505: $? = 0
configure:2524: result: o
configure:2528: checking whether we are using the GNU C compiler
configure:2555: gcc -c   conftest.c >&5
configure:2558: $? = 0
configure:2561: test -s conftest.o
configure:2564: $? = 0
configure:2576: result: yes
configure:2582: checking whether gcc accepts -g
configure:2606: gcc -c -g  conftest.c >&5
configure:2609: $? = 0
configure:2612: test -s conftest.o
configure:2615: $? = 0
configure:2625: result: yes
configure:2652: gcc -c -g -O2  conftest.c >&5
conftest.c:2: parse error before "me"
configure:2655: $? = 1
configure: failed program was:
#ifndef __cplusplus
  choke me
#endif
configure:2767: checking dependency style of gcc
configure:2829: result: gcc3
configure:2856: checking for ld used by GCC
configure:2919: result: /usr/bin/ld
configure:2928: checking if the linker (/usr/bin/ld) is GNU ld
GNU ld version 2.13.90.0.18 20030206
configure:2940: result: yes
configure:2945: checking for /usr/bin/ld option to reload object files
configure:2952: result: -r
configure:2957: checking for BSD-compatible nm
configure:2993: result: /usr/bin/nm -B
configure:2996: checking whether ln -s works
configure:3000: result: yes
configure:3007: checking how to recognise dependant libraries
configure:3185: result: pass_all
configure:3198: checking command to parse /usr/bin/nm -B output
configure:3279: gcc -c -g -O2  conftest.c >&5
configure:3282: $? = 0
configure:3286: /usr/bin/nm -B conftest.o \| sed -n -e 's/^.*[ 	]\([ABCDGISTW][ABCDGISTW]*\)[ 	][ 	]*\(\)\([_A-Za-z][_A-Za-z0-9]*\)$/\1 \2\3 \3/p' \> conftest.nm
configure:3289: $? = 0
configure:3341: gcc -o conftest -g -O2   conftest.c conftstm.o >&5
configure:3344: $? = 0
configure:3388: result: ok
configure:3397: checking how to run the C preprocessor
configure:3423: gcc -E  conftest.c
configure:3429: $? = 0
configure:3456: gcc -E  conftest.c
configure:3452:28: ac_nonexistent.h: No such file or directory
configure:3462: $? = 1
configure: failed program was:
#line 3451 "configure"
#include "confdefs.h"
#include <ac_nonexistent.h>
configure:3499: result: gcc -E
configure:3514: gcc -E  conftest.c
configure:3520: $? = 0
configure:3547: gcc -E  conftest.c
configure:3543:28: ac_nonexistent.h: No such file or directory
configure:3553: $? = 1
configure: failed program was:
#line 3542 "configure"
#include "confdefs.h"
#include <ac_nonexistent.h>
configure:3593: checking for ANSI C header files
configure:3607: gcc -E  conftest.c
configure:3613: $? = 0
configure:3698: gcc -o conftest -g -O2   conftest.c  >&5
configure:3701: $? = 0
configure:3703: ./conftest
configure:3706: $? = 0
configure:3720: result: yes
configure:3744: checking for sys/types.h
configure:3757: gcc -c -g -O2  conftest.c >&5
configure:3760: $? = 0
configure:3763: test -s conftest.o
configure:3766: $? = 0
configure:3776: result: yes
configure:3744: checking for sys/stat.h
configure:3757: gcc -c -g -O2  conftest.c >&5
configure:3760: $? = 0
configure:3763: test -s conftest.o
configure:3766: $? = 0
configure:3776: result: yes
configure:3744: checking for stdlib.h
configure:3757: gcc -c -g -O2  conftest.c >&5
configure:3760: $? = 0
configure:3763: test -s conftest.o
configure:3766: $? = 0
configure:3776: result: yes
configure:3744: checking for string.h
configure:3757: gcc -c -g -O2  conftest.c >&5
configure:3760: $? = 0
configure:3763: test -s conftest.o
configure:3766: $? = 0
configure:3776: result: yes
configure:3744: checking for memory.h
configure:3757: gcc -c -g -O2  conftest.c >&5
configure:3760: $? = 0
configure:3763: test -s conftest.o
configure:3766: $? = 0
configure:3776: result: yes
configure:3744: checking for strings.h
configure:3757: gcc -c -g -O2  conftest.c >&5
configure:3760: $? = 0
configure:3763: test -s conftest.o
configure:3766: $? = 0
configure:3776: result: yes
configure:3744: checking for inttypes.h
configure:3757: gcc -c -g -O2  conftest.c >&5
configure:3760: $? = 0
configure:3763: test -s conftest.o
configure:3766: $? = 0
configure:3776: result: yes
configure:3744: checking for stdint.h
configure:3757: gcc -c -g -O2  conftest.c >&5
configure:3760: $? = 0
configure:3763: test -s conftest.o
configure:3766: $? = 0
configure:3776: result: yes
configure:3744: checking for unistd.h
configure:3757: gcc -c -g -O2  conftest.c >&5
configure:3760: $? = 0
configure:3763: test -s conftest.o
configure:3766: $? = 0
configure:3776: result: yes
configure:3802: checking dlfcn.h usability
configure:3811: gcc -c -g -O2  conftest.c >&5
configure:3814: $? = 0
configure:3817: test -s conftest.o
configure:3820: $? = 0
configure:3829: result: yes
configure:3833: checking dlfcn.h presence
configure:3840: gcc -E  conftest.c
configure:3846: $? = 0
configure:3864: result: yes
configure:3882: checking for dlfcn.h
configure:3889: result: yes
configure:4086: checking for ranlib
configure:4102: found /usr/bin/ranlib
configure:4113: result: ranlib
configure:4166: checking for strip
configure:4182: found /usr/bin/strip
configure:4193: result: strip
configure:4404: checking for objdir
configure:4415: result: .libs
configure:4432: checking for gcc option to produce PIC
configure:4582: result: -fPIC
configure:4586: checking if gcc PIC flag -fPIC works
configure:4612: gcc -c -g -O2 -fPIC -DPIC  conftest.c >&5
configure:4615: $? = 0
configure:4618: test -s conftest.o
configure:4621: $? = 0
configure:4658: result: yes
configure:4674: checking if gcc static flag -static works
configure:4701: gcc -o conftest -g -O2   -static conftest.c  >&5
configure:4704: $? = 0
configure:4707: test -s conftest
configure:4710: $? = 0
configure:4725: result: yes
configure:4737: checking if gcc supports -c -o file.o
configure:4759: gcc -c -g -O2 -o out/conftest2.o  conftest.c >&5
configure:4781: result: yes
configure:4786: checking if gcc supports -c -o file.lo
configure:4816: gcc -c -g -O2 -c -o conftest.lo  conftest.c >&5
configure:4819: $? = 0
configure:4822: test -s conftest.lo
configure:4825: $? = 0
configure:4846: result: yes
configure:4877: checking if gcc supports -fno-rtti -fno-exceptions
configure:4902: gcc -c -g -O2 -fno-rtti -fno-exceptions -c conftest.c  conftest.c >&5
configure:4905: $? = 0
configure:4908: test -s conftest.o
configure:4911: $? = 0
configure:4927: result: yes
configure:4938: checking whether the linker (/usr/bin/ld) supports shared libraries
configure:5618: result: yes
configure:5623: checking how to hardcode library paths into programs
configure:5647: result: immediate
configure:5652: checking whether stripping libraries is possible
configure:5657: result: yes
configure:5668: checking dynamic linker characteristics
configure:6061: result: GNU/Linux ld.so
configure:6066: checking if libtool supports shared libraries
configure:6068: result: yes
configure:6071: checking whether to build shared libraries
configure:6092: result: yes
configure:6095: checking whether to build static libraries
configure:6099: result: yes
configure:6761: checking whether -lc should be explicitly linked in
configure:6769: gcc -c -g -O2  conftest.c >&5
configure:6772: $? = 0
configure:6786: gcc -shared conftest.o  -v -Wl,-soname -Wl,conftest -o conftest 2\>\&1 \| grep  -lc  \>/dev/null 2\>\&1
configure:6789: $? = 0
configure:6802: result: no
configure:7427: checking for g++
configure:7443: found /usr/bin/g++
configure:7453: result: g++
configure:7469: checking for C++ compiler version
configure:7472: g++ --version </dev/null >&5
g++ (GCC) 3.2.2 20030222 (Red Hat Linux 3.2.2-5)
Copyright (C) 2002 Free Software Foundation, Inc.
This is free software; see the source for copying conditions.  There is NO
warranty; not even for MERCHANTABILITY or FITNESS FOR A PARTICULAR PURPOSE.

configure:7475: $? = 0
configure:7477: g++ -v </dev/null >&5
Reading specs from /usr/lib/gcc-lib/i386-redhat-linux/3.2.2/specs
Configured with: ../configure --prefix=/usr --mandir=/usr/share/man --infodir=/usr/share/info --enable-shared --enable-threads=posix --disable-checking --with-system-zlib --enable-__cxa_atexit --host=i386-redhat-linux
Thread model: posix
gcc version 3.2.2 20030222 (Red Hat Linux 3.2.2-5)
configure:7480: $? = 0
configure:7482: g++ -V </dev/null >&5
g++: argument to `-V' missing

configure:7485: $? = 1
configure:7488: checking whether we are using the GNU C++ compiler
configure:7515: g++ -c   conftest.cc >&5
configure:7518: $? = 0
configure:7521: test -s conftest.o
configure:7524: $? = 0
configure:7536: result: yes
configure:7542: checking whether g++ accepts -g
configure:7566: g++ -c -g  conftest.cc >&5
configure:7569: $? = 0
configure:7572: test -s conftest.o
configure:7575: $? = 0
configure:7585: result: yes
configure:7631: g++ -c -g -O2  conftest.cc >&5
configure:7634: $? = 0
configure:7637: test -s conftest.o
configure:7640: $? = 0
configure:7668: g++ -c -g -O2  conftest.cc >&5
configure: In function `int main()':
configure:7660: `exit' undeclared (first use this function)
configure:7660: (Each undeclared identifier is reported only once for each 
   function it appears in.)
configure:7671: $? = 1
configure: failed program was:
#line 7649 "configure"
#include "confdefs.h"

#ifdef F77_DUMMY_MAIN
#  ifdef __cplusplus
     extern "C"
#  endif
   int F77_DUMMY_MAIN() { return 1; }
#endif
int
main ()
{
exit (42);
  ;
  return 0;
}
configure:7631: g++ -c -g -O2  conftest.cc >&5
configure:7634: $? = 0
configure:7637: test -s conftest.o
configure:7640: $? = 0
configure:7668: g++ -c -g -O2  conftest.cc >&5
configure:7671: $? = 0
configure:7674: test -s conftest.o
configure:7677: $? = 0
configure:7701: checking dependency style of g++
configure:7763: result: gcc3
configure:7768: checking whether make sets ${MAKE}
configure:7788: result: yes
configure:7802: checking for getopt_long
configure:7845: gcc -o conftest -g -O2   conftest.c  >&5
configure:7848: $? = 0
configure:7851: test -s conftest
configure:7854: $? = 0
configure:7864: result: yes
configure:8175: checking for Ogg
configure:8207: gcc -o conftest -g -O2 -INONE/include   conftest.c   -logg >&5
configure:8210: $? = 0
configure:8212: ./conftest
configure:8215: $? = 0
configure:8232: result: yes
configure:8357: checking for xmms-config
configure:8388: result: no
configure:8497: checking for XMMS - version >= 0.9.5.1
configure:8505: result: no
configure:8532: WARNING: *** XMMS >= 0.9.5.1 not installed - xmms support will not be built
configure:8584: checking for ld used by GCC
configure:8647: result: /usr/bin/ld
configure:8656: checking if the linker (/usr/bin/ld) is GNU ld
GNU ld version 2.13.90.0.18 20030206
configure:8668: result: yes
configure:8674: checking for shared library run path origin
configure:8687: result: done
configure:9119: checking for iconv
configure:9149: gcc -o conftest -g -O2   conftest.c  >&5
configure:9152: $? = 0
configure:9155: test -s conftest
configure:9158: $? = 0
configure:9213: result: yes
configure:9236: checking for iconv declaration
configure:9273: gcc -c -g -O2  conftest.c >&5
configure:9276: $? = 0
configure:9279: test -s conftest.o
configure:9282: $? = 0
configure:9296: result: 
         extern size_t iconv (iconv_t cd, char * *inbuf, size_t *inbytesleft, char * *outbuf, size_t *outbytesleft);
configure:9307: checking for nl_langinfo and CODESET
configure:9331: gcc -o conftest -g -O2   conftest.c  >&5
configure:9334: $? = 0
configure:9337: test -s conftest
configure:9340: $? = 0
configure:9351: result: yes
configure:9412: checking for id3lib
configure:9444: gcc -o conftest -g -O2 -INONE/include   conftest.c   -lid3 >&5
configure:9437:17: id3.h: No such file or directory
configure:9447: $? = 1
configure: program exited with status 1
configure: failed program was:
#line 9432 "configure"
#include "confdefs.h"

#include <stdio.h>
#include <stdlib.h>
#include <string.h>
#include <id3.h>
int main () { system("touch conf.id3libtest"); return 0; }

configure:9444: gcc -o conftest -g -O2 -INONE/include   conftest.c   -lid3 -lz >&5
configure:9437:17: id3.h: No such file or directory
configure:9447: $? = 1
configure: program exited with status 1
configure: failed program was:
#line 9432 "configure"
#include "confdefs.h"

#include <stdio.h>
#include <stdlib.h>
#include <string.h>
#include <id3.h>
int main () { system("touch conf.id3libtest"); return 0; }

configure:9444: gcc -o conftest -g -O2 -INONE/include   conftest.c   -lid3 -lstdc++ >&5
configure:9437:17: id3.h: No such file or directory
configure:9447: $? = 1
configure: program exited with status 1
configure: failed program was:
#line 9432 "configure"
#include "confdefs.h"

#include <stdio.h>
#include <stdlib.h>
#include <string.h>
#include <id3.h>
int main () { system("touch conf.id3libtest"); return 0; }

configure:9444: gcc -o conftest -g -O2 -INONE/include   conftest.c   -lid3 -lstdc++ -lz >&5
configure:9437:17: id3.h: No such file or directory
configure:9447: $? = 1
configure: program exited with status 1
configure: failed program was:
#line 9432 "configure"
#include "confdefs.h"

#include <stdio.h>
#include <stdlib.h>
#include <string.h>
#include <id3.h>
int main () { system("touch conf.id3libtest"); return 0; }

configure:9476: result: no
configure:9506: gcc -o conftest -g -O2 -INONE/include   conftest.c   -lid3 >&5
configure:9487:17: id3.h: No such file or directory
configure:9509: $? = 1
configure: failed program was:
#line 9484 "configure"
#include "confdefs.h"

#include <stdio.h>
#include <id3.h>

#ifdef F77_DUMMY_MAIN
#  ifdef __cplusplus
     extern "C"
#  endif
   int F77_DUMMY_MAIN() { return 1; }
#endif
int
main ()
{
 return 0;
  ;
  return 0;
}
configure:9539: WARNING: *** id3lib not found - id3v2 support will not be built
configure:9634: checking for doxygen
configure:9650: found /usr/bin/doxygen
configure:9660: result: doxygen
configure:9691: checking for nasm
configure:9707: found /usr/bin/nasm
configure:9717: result: nasm
configure:9745: checking for short
configure:9772: gcc -c -g -O2  conftest.c >&5
configure:9775: $? = 0
configure:9778: test -s conftest.o
configure:9781: $? = 0
configure:9791: result: yes
configure:9794: checking size of short
configure:10072: gcc -o conftest -g -O2   conftest.c  >&5
configure:10075: $? = 0
configure:10077: ./conftest
configure:10080: $? = 0
configure:10100: result: 2
configure:10107: checking for int
configure:10134: gcc -c -g -O2  conftest.c >&5
configure:10137: $? = 0
configure:10140: test -s conftest.o
configure:10143: $? = 0
configure:10153: result: yes
configure:10156: checking size of int
configure:10434: gcc -o conftest -g -O2   conftest.c  >&5
configure:10437: $? = 0
configure:10439: ./conftest
configure:10442: $? = 0
configure:10462: result: 4
configure:10469: checking for long
configure:10496: gcc -c -g -O2  conftest.c >&5
configure:10499: $? = 0
configure:10502: test -s conftest.o
configure:10505: $? = 0
configure:10515: result: yes
configure:10518: checking size of long
configure:10796: gcc -o conftest -g -O2   conftest.c  >&5
configure:10799: $? = 0
configure:10801: ./conftest
configure:10804: $? = 0
configure:10824: result: 4
configure:10831: checking for long long
configure:10858: gcc -c -g -O2  conftest.c >&5
configure:10861: $? = 0
configure:10864: test -s conftest.o
configure:10867: $? = 0
configure:10877: result: yes
configure:10880: checking size of long long
configure:11158: gcc -o conftest -g -O2   conftest.c  >&5
configure:11161: $? = 0
configure:11163: ./conftest
configure:11166: $? = 0
configure:11186: result: 8
configure:11499: creating ./config.status

## ---------------------- ##
## Running config.status. ##
## ---------------------- ##

This file was extended by config.status, which was
generated by GNU Autoconf 2.53.  Invocation command line was

  CONFIG_FILES    = 
  CONFIG_HEADERS  = 
  CONFIG_LINKS    = 
  CONFIG_COMMANDS = 
  $ ./config.status 

on shivaram

config.status:735: creating Makefile
config.status:735: creating src/Makefile
config.status:735: creating src/libFLAC/Makefile
config.status:735: creating src/libFLAC/ia32/Makefile
config.status:735: creating src/libFLAC/include/Makefile
config.status:735: creating src/libFLAC/include/private/Makefile
config.status:735: creating src/libFLAC/include/protected/Makefile
config.status:735: creating src/libFLAC++/Makefile
config.status:735: creating src/libOggFLAC/Makefile
config.status:735: creating src/libOggFLAC/include/Makefile
config.status:735: creating src/libOggFLAC/include/protected/Makefile
config.status:735: creating src/libOggFLAC++/Makefile
config.status:735: creating src/flac/Makefile
config.status:735: creating src/metaflac/Makefile
config.status:735: creating src/monkeys_audio_utilities/Makefile
config.status:735: creating src/monkeys_audio_utilities/flac_mac/Makefile
config.status:735: creating src/monkeys_audio_utilities/flac_ren/Makefile
config.status:735: creating src/plugin_common/Makefile
config.status:735: creating src/plugin_common/include/Makefile
config.status:735: creating src/plugin_common/include/private/Makefile
config.status:735: creating src/plugin_winamp2/Makefile
config.status:735: creating src/plugin_winamp2/include/Makefile
config.status:735: creating src/plugin_winamp2/include/winamp2/Makefile
config.status:735: creating src/plugin_winamp3/Makefile
config.status:735: creating src/plugin_xmms/Makefile
config.status:735: creating src/share/Makefile
config.status:735: creating src/share/gain_analysis/Makefile
config.status:735: creating src/share/getopt/Makefile
config.status:735: creating src/share/grabbag/Makefile
config.status:735: creating src/share/utf8/Makefile
config.status:735: creating src/test_grabbag/Makefile
config.status:735: creating src/test_grabbag/cuesheet/Makefile
config.status:735: creating src/test_libFLAC/Makefile
config.status:735: creating src/test_libFLAC++/Makefile
config.status:735: creating src/test_libOggFLAC/Makefile
config.status:735: creating src/test_libOggFLAC++/Makefile
config.status:735: creating src/test_streams/Makefile
config.status:735: creating include/Makefile
config.status:735: creating include/FLAC/Makefile
config.status:735: creating include/FLAC/ordinals.h
config.status:735: creating include/FLAC++/Makefile
config.status:735: creating include/OggFLAC/Makefile
config.status:735: creating include/OggFLAC++/Makefile
config.status:735: creating include/share/Makefile
config.status:735: creating include/share/grabbag/Makefile
config.status:735: creating doc/Makefile
config.status:735: creating doc/html/Makefile
config.status:735: creating doc/html/images/Makefile
config.status:735: creating doc/html/ru/Makefile
config.status:735: creating man/Makefile
config.status:735: creating test/Makefile
config.status:735: creating test/cuesheets/Makefile
config.status:735: creating build/Makefile
config.status:735: creating obj/Makefile
config.status:735: creating obj/debug/Makefile
config.status:735: creating obj/debug/bin/Makefile
config.status:735: creating obj/debug/lib/Makefile
config.status:735: creating obj/release/Makefile
config.status:735: creating obj/release/bin/Makefile
config.status:735: creating obj/release/lib/Makefile
config.status:735: creating flac.pbproj/Makefile
config.status:839: creating config.h
config.status:1077: executing depfiles commands

## ---------------- ##
## Cache variables. ##
## ---------------- ##

ac_cv_build=i686-pc-linux-gnu
ac_cv_build_alias=i686-pc-linux-gnu
ac_cv_c_compiler_gnu=yes
ac_cv_cxx_compiler_gnu=yes
ac_cv_env_CC_set=
ac_cv_env_CC_value=
ac_cv_env_CFLAGS_set=
ac_cv_env_CFLAGS_value=
ac_cv_env_CPPFLAGS_set=
ac_cv_env_CPPFLAGS_value=
ac_cv_env_CPP_set=
ac_cv_env_CPP_value=
ac_cv_env_CXXFLAGS_set=
ac_cv_env_CXXFLAGS_value=
ac_cv_env_CXX_set=
ac_cv_env_CXX_value=
ac_cv_env_LDFLAGS_set=
ac_cv_env_LDFLAGS_value=
ac_cv_env_build_alias_set=
ac_cv_env_build_alias_value=
ac_cv_env_host_alias_set=
ac_cv_env_host_alias_value=
ac_cv_env_target_alias_set=
ac_cv_env_target_alias_value=
ac_cv_exeext=
ac_cv_func_getopt_long=yes
ac_cv_header_dlfcn_h=yes
ac_cv_header_inttypes_h=yes
ac_cv_header_memory_h=yes
ac_cv_header_stdc=yes
ac_cv_header_stdint_h=yes
ac_cv_header_stdlib_h=yes
ac_cv_header_string_h=yes
ac_cv_header_strings_h=yes
ac_cv_header_sys_stat_h=yes
ac_cv_header_sys_types_h=yes
ac_cv_header_unistd_h=yes
ac_cv_host=i686-pc-linux-gnu
ac_cv_host_alias=i686-pc-linux-gnu
ac_cv_objext=o
ac_cv_path_XMMS_CONFIG=no
ac_cv_path_install='/usr/bin/install -c'
ac_cv_prog_AWK=gawk
ac_cv_prog_CPP='gcc -E'
ac_cv_prog_DOXYGEN=doxygen
ac_cv_prog_NASM=nasm
ac_cv_prog_ac_ct_CC=gcc
ac_cv_prog_ac_ct_CXX=g++
ac_cv_prog_ac_ct_RANLIB=ranlib
ac_cv_prog_ac_ct_STRIP=strip
ac_cv_prog_cc_g=yes
ac_cv_prog_cxx_g=yes
ac_cv_prog_make_make_set=yes
ac_cv_sizeof_int=4
ac_cv_sizeof_long=4
ac_cv_sizeof_long_long=8
ac_cv_sizeof_short=2
ac_cv_type_int=yes
ac_cv_type_long=yes
ac_cv_type_long_long=yes
ac_cv_type_short=yes
acl_cv_hardcode_direct=no
acl_cv_hardcode_libdir_flag_spec='${wl}-rpath ${wl}$libdir'
acl_cv_hardcode_libdir_separator=
acl_cv_hardcode_minus_L=no
acl_cv_libext=a
acl_cv_path_LD=/usr/bin/ld
acl_cv_prog_gnu_ld=yes
acl_cv_rpath=done
acl_cv_shlibext=so
acl_cv_sys_lib_dlsearch_path_spec='/lib /usr/lib'
acl_cv_sys_lib_search_path_spec='/lib /usr/lib /usr/local/lib'
acl_cv_wl=-Wl,
am_cv_CC_dependencies_compiler_type=gcc3
am_cv_CXX_dependencies_compiler_type=gcc3
am_cv_func_iconv=yes
am_cv_langinfo_codeset=yes
am_cv_lib_iconv=no
am_cv_proto_iconv='extern size_t iconv (iconv_t cd, char * *inbuf, size_t *inbytesleft, char * *outbuf, size_t *outbytesleft);'
am_cv_proto_iconv_arg1=
lt_cv_archive_cmds_need_lc=no
lt_cv_compiler_c_o=yes
lt_cv_compiler_o_lo=yes
lt_cv_deplibs_check_method=pass_all
lt_cv_file_magic_cmd='$MAGIC_CMD'
lt_cv_file_magic_test_file='/lib/libc.so.6 /lib/libc-2.3.2.so'
lt_cv_global_symbol_to_c_name_address='sed -n -e '\''s/^: \([^ ]*\) $/  {\"\1\", (lt_ptr) 0},/p'\'' -e '\''s/^[BCDEGRST] \([^ ]*\) \([^ ]*\)$/  {"\2", (lt_ptr) \&\2},/p'\'''
lt_cv_global_symbol_to_cdecl='sed -n -e '\''s/^. .* \(.*\)$/extern char \1;/p'\'''
lt_cv_ld_reload_flag=-r
lt_cv_path_LD=/usr/bin/ld
lt_cv_path_NM='/usr/bin/nm -B'
lt_cv_prog_cc_can_build_shared=yes
lt_cv_prog_cc_no_builtin=
lt_cv_prog_cc_pic=' -fPIC'
lt_cv_prog_cc_pic_works=yes
lt_cv_prog_cc_shlib=
lt_cv_prog_cc_static=-static
lt_cv_prog_cc_static_works=yes
lt_cv_prog_cc_wl=-Wl,
lt_cv_prog_gnu_ld=yes
lt_cv_sys_global_symbol_pipe='sed -n -e '\''s/^.*[ 	]\([ABCDGISTW][ABCDGISTW]*\)[ 	][ 	]*\(\)\([_A-Za-z][_A-Za-z0-9]*\)$/\1 \2\3 \3/p'\'''
lt_cv_sys_path_separator=:

## ----------- ##
## confdefs.h. ##
## ----------- ##

#define PACKAGE_NAME ""
#define PACKAGE_TARNAME ""
#define PACKAGE_VERSION ""
#define PACKAGE_STRING ""
#define PACKAGE_BUGREPORT ""
#define PACKAGE "flac"
#define VERSION "1.1.0"
#define STDC_HEADERS 1
#define HAVE_SYS_TYPES_H 1
#define HAVE_SYS_STAT_H 1
#define HAVE_STDLIB_H 1
#define HAVE_STRING_H 1
#define HAVE_MEMORY_H 1
#define HAVE_STRINGS_H 1
#define HAVE_INTTYPES_H 1
#define HAVE_STDINT_H 1
#define HAVE_UNISTD_H 1
#define HAVE_DLFCN_H 1
#ifdef __cplusplus
#include <stdlib.h>
#endif
#define HAVE_GETOPT_LONG 1
#define FLAC__CPU_IA32 1
#define FLAC__ALIGN_MALLOC_DATA 1
#define FLAC__NO_ASM 1
#define FLAC__USE_3DNOW 1
#define FLAC__HAS_OGG 1
#define HAVE_ICONV 1
#define ICONV_CONST 
#define HAVE_LANGINFO_CODESET 1
#define FLAC__HAS_DOXYGEN 1
#define FLAC__HAS_NASM 1
#define SIZEOF_SHORT 2
#define SIZEOF_INT 4
#define SIZEOF_LONG 4
#define SIZEOF_LONG_LONG 8

configure: exit 0
