This file contains any messages produced by compilers while
running configure, to aid debugging if configure makes a mistake.

It was created by configure, which was
generated by GNU Autoconf 2.53.  Invocation command line was

  $ ./configure 

## --------- ##
## Platform. ##
## --------- ##

hostname = shivaram
uname -m = i686
uname -r = 2.4.20-8
uname -s = Linux
uname -v = #1 Thu Mar 13 17:54:28 EST 2003

/usr/bin/uname -p = unknown
/bin/uname -X     = unknown

/bin/arch              = i686
/usr/bin/arch -k       = unknown
/usr/convex/getsysinfo = unknown
hostinfo               = unknown
/bin/machine           = unknown
/usr/bin/oslevel       = unknown
/bin/universe          = unknown

PATH: /usr/local/sbin
PATH: /usr/local/bin
PATH: /sbin
PATH: /bin
PATH: /usr/sbin
PATH: /usr/bin
PATH: /usr/X11R6/bin
PATH: /root/bin
PATH: /opt/uClinux/bfin/bin


## ----------- ##
## Core tests. ##
## ----------- ##

configure:1418: checking for a BSD-compatible install
configure:1472: result: /usr/bin/install -c
configure:1483: checking whether build environment is sane
configure:1526: result: yes
configure:1560: checking for gawk
configure:1576: found /bin/gawk
configure:1586: result: gawk
configure:1596: checking whether make sets ${MAKE}
configure:1616: result: yes
configure:1770: checking for gcc
configure:1786: found /usr/bin/gcc
configure:1796: result: gcc
configure:2040: checking for C compiler version
configure:2043: gcc --version </dev/null >&5
gcc (GCC) 3.2.2 20030222 (Red Hat Linux 3.2.2-5)
Copyright (C) 2002 Free Software Foundation, Inc.
This is free software; see the source for copying conditions.  There is NO
warranty; not even for MERCHANTABILITY or FITNESS FOR A PARTICULAR PURPOSE.

configure:2046: $? = 0
configure:2048: gcc -v </dev/null >&5
Reading specs from /usr/lib/gcc-lib/i386-redhat-linux/3.2.2/specs
Configured with: ../configure --prefix=/usr --mandir=/usr/share/man --infodir=/usr/share/info --enable-shared --enable-threads=posix --disable-checking --with-system-zlib --enable-__cxa_atexit --host=i386-redhat-linux
Thread model: posix
gcc version 3.2.2 20030222 (Red Hat Linux 3.2.2-5)
configure:2051: $? = 0
configure:2053: gcc -V </dev/null >&5
gcc: argument to `-V' is missing
configure:2056: $? = 1
configure:2082: checking for C compiler default output
configure:2085: gcc    conftest.c  >&5
configure:2088: $? = 0
configure:2121: result: a.out
configure:2126: checking whether the C compiler works
configure:2132: ./a.out
configure:2135: $? = 0
configure:2150: result: yes
configure:2157: checking whether we are cross compiling
configure:2159: result: no
configure:2162: checking for suffix of executables
configure:2164: gcc -o conftest    conftest.c  >&5
configure:2167: $? = 0
configure:2189: result: 
configure:2195: checking for suffix of object files
configure:2219: gcc -c   conftest.c >&5
configure:2222: $? = 0
configure:2241: result: o
configure:2245: checking whether we are using the GNU C compiler
configure:2272: gcc -c   conftest.c >&5
configure:2275: $? = 0
configure:2278: test -s conftest.o
configure:2281: $? = 0
configure:2293: result: yes
configure:2299: checking whether gcc accepts -g
configure:2323: gcc -c -g  conftest.c >&5
configure:2326: $? = 0
configure:2329: test -s conftest.o
configure:2332: $? = 0
configure:2342: result: yes
configure:2369: gcc -c -g -O2  conftest.c >&5
conftest.c:2: parse error before "me"
configure:2372: $? = 1
configure: failed program was:
#ifndef __cplusplus
  choke me
#endif
configure:2490: checking for style of include used by make
configure:2518: result: GNU
configure:2525: checking dependency style of gcc
configure:2587: result: gcc3
configure:2604: checking for a BSD-compatible install
configure:2658: result: /usr/bin/install -c
configure:2669: checking whether make sets ${MAKE}
configure:2689: result: yes
configure:2771: checking build system type
configure:2789: result: i686-pc-linux-gnu
configure:2797: checking host system type
configure:2811: result: i686-pc-linux-gnu
configure:2841: checking for ld used by GCC
configure:2904: result: /usr/bin/ld
configure:2913: checking if the linker (/usr/bin/ld) is GNU ld
GNU ld version 2.13.90.0.18 20030206
configure:2925: result: yes
configure:2930: checking for /usr/bin/ld option to reload object files
configure:2937: result: -r
configure:2942: checking for BSD-compatible nm
configure:2978: result: /usr/bin/nm -B
configure:2981: checking whether ln -s works
configure:2985: result: yes
configure:2992: checking how to recognise dependant libraries
configure:3164: result: pass_all
configure:3177: checking command to parse /usr/bin/nm -B output
configure:3258: gcc -c -g -O2  conftest.c >&5
configure:3261: $? = 0
configure:3265: /usr/bin/nm -B conftest.o \| sed -n -e 's/^.*[ 	]\([ABCDGISTW][ABCDGISTW]*\)[ 	][ 	]*\(\)\([_A-Za-z][_A-Za-z0-9]*\)$/\1 \2\3 \3/p' \> conftest.nm
configure:3268: $? = 0
configure:3320: gcc -o conftest -g -O2   conftest.c conftstm.o >&5
configure:3323: $? = 0
configure:3367: result: ok
configure:3376: checking how to run the C preprocessor
configure:3402: gcc -E  conftest.c
configure:3408: $? = 0
configure:3435: gcc -E  conftest.c
configure:3431:28: ac_nonexistent.h: No such file or directory
configure:3441: $? = 1
configure: failed program was:
#line 3430 "configure"
#include "confdefs.h"
#include <ac_nonexistent.h>
configure:3478: result: gcc -E
configure:3493: gcc -E  conftest.c
configure:3499: $? = 0
configure:3526: gcc -E  conftest.c
configure:3522:28: ac_nonexistent.h: No such file or directory
configure:3532: $? = 1
configure: failed program was:
#line 3521 "configure"
#include "confdefs.h"
#include <ac_nonexistent.h>
configure:3572: checking for ANSI C header files
configure:3586: gcc -E  conftest.c
configure:3592: $? = 0
configure:3677: gcc -o conftest -g -O2   conftest.c  >&5
configure:3680: $? = 0
configure:3682: ./conftest
configure:3685: $? = 0
configure:3699: result: yes
configure:3723: checking for sys/types.h
configure:3736: gcc -c -g -O2  conftest.c >&5
configure:3739: $? = 0
configure:3742: test -s conftest.o
configure:3745: $? = 0
configure:3755: result: yes
configure:3723: checking for sys/stat.h
configure:3736: gcc -c -g -O2  conftest.c >&5
configure:3739: $? = 0
configure:3742: test -s conftest.o
configure:3745: $? = 0
configure:3755: result: yes
configure:3723: checking for stdlib.h
configure:3736: gcc -c -g -O2  conftest.c >&5
configure:3739: $? = 0
configure:3742: test -s conftest.o
configure:3745: $? = 0
configure:3755: result: yes
configure:3723: checking for string.h
configure:3736: gcc -c -g -O2  conftest.c >&5
configure:3739: $? = 0
configure:3742: test -s conftest.o
configure:3745: $? = 0
configure:3755: result: yes
configure:3723: checking for memory.h
configure:3736: gcc -c -g -O2  conftest.c >&5
configure:3739: $? = 0
configure:3742: test -s conftest.o
configure:3745: $? = 0
configure:3755: result: yes
configure:3723: checking for strings.h
configure:3736: gcc -c -g -O2  conftest.c >&5
configure:3739: $? = 0
configure:3742: test -s conftest.o
configure:3745: $? = 0
configure:3755: result: yes
configure:3723: checking for inttypes.h
configure:3736: gcc -c -g -O2  conftest.c >&5
configure:3739: $? = 0
configure:3742: test -s conftest.o
configure:3745: $? = 0
configure:3755: result: yes
configure:3723: checking for stdint.h
configure:3736: gcc -c -g -O2  conftest.c >&5
configure:3739: $? = 0
configure:3742: test -s conftest.o
configure:3745: $? = 0
configure:3755: result: yes
configure:3723: checking for unistd.h
configure:3736: gcc -c -g -O2  conftest.c >&5
configure:3739: $? = 0
configure:3742: test -s conftest.o
configure:3745: $? = 0
configure:3755: result: yes
configure:3781: checking dlfcn.h usability
configure:3790: gcc -c -g -O2  conftest.c >&5
configure:3793: $? = 0
configure:3796: test -s conftest.o
configure:3799: $? = 0
configure:3808: result: yes
configure:3812: checking dlfcn.h presence
configure:3819: gcc -E  conftest.c
configure:3825: $? = 0
configure:3843: result: yes
configure:3861: checking for dlfcn.h
configure:3868: result: yes
configure:4065: checking for ranlib
configure:4081: found /usr/bin/ranlib
configure:4092: result: ranlib
configure:4145: checking for strip
configure:4161: found /usr/bin/strip
configure:4172: result: strip
configure:4383: checking for objdir
configure:4394: result: .libs
configure:4411: checking for gcc option to produce PIC
configure:4561: result: -fPIC
configure:4565: checking if gcc PIC flag -fPIC works
configure:4591: gcc -c -g -O2 -fPIC -DPIC  conftest.c >&5
configure:4594: $? = 0
configure:4597: test -s conftest.o
configure:4600: $? = 0
configure:4637: result: yes
configure:4653: checking if gcc static flag -static works
configure:4680: gcc -o conftest -g -O2   -static conftest.c  >&5
configure:4683: $? = 0
configure:4686: test -s conftest
configure:4689: $? = 0
configure:4704: result: yes
configure:4716: checking if gcc supports -c -o file.o
configure:4738: gcc -c -g -O2 -o out/conftest2.o  conftest.c >&5
configure:4760: result: yes
configure:4765: checking if gcc supports -c -o file.lo
configure:4795: gcc -c -g -O2 -c -o conftest.lo  conftest.c >&5
configure:4798: $? = 0
configure:4801: test -s conftest.lo
configure:4804: $? = 0
configure:4825: result: yes
configure:4856: checking if gcc supports -fno-rtti -fno-exceptions
configure:4881: gcc -c -g -O2 -fno-rtti -fno-exceptions -c conftest.c  conftest.c >&5
configure:4884: $? = 0
configure:4887: test -s conftest.o
configure:4890: $? = 0
configure:4906: result: yes
configure:4917: checking whether the linker (/usr/bin/ld) supports shared libraries
configure:5598: result: yes
configure:5603: checking how to hardcode library paths into programs
configure:5627: result: immediate
configure:5632: checking whether stripping libraries is possible
configure:5637: result: yes
configure:5648: checking dynamic linker characteristics
configure:6045: result: GNU/Linux ld.so
configure:6050: checking if libtool supports shared libraries
configure:6052: result: yes
configure:6055: checking whether to build shared libraries
configure:6076: result: yes
configure:6079: checking whether to build static libraries
configure:6083: result: yes
configure:6745: checking whether -lc should be explicitly linked in
configure:6753: gcc -c -g -O2  conftest.c >&5
configure:6756: $? = 0
configure:6770: gcc -shared conftest.o  -v -Wl,-soname -Wl,conftest -o conftest 2\>\&1 \| grep  -lc  \>/dev/null 2\>\&1
configure:6773: $? = 0
configure:6786: result: no
configure:7358: checking for ldexp in -lm
configure:7391: gcc -o conftest -g -O2   conftest.c -lm   >&5
configure:7394: $? = 0
configure:7397: test -s conftest
configure:7400: $? = 0
configure:7411: result: yes
configure:7423: checking for alOpenPort in -laudio
configure:7456: gcc -o conftest -g -O2   conftest.c -laudio  -lm  >&5
/usr/bin/ld: cannot find -laudio
collect2: ld returned 1 exit status
configure:7459: $? = 1
configure: failed program was:
#line 7430 "configure"
#include "confdefs.h"

/* Override any gcc2 internal prototype to avoid an error.  */
#ifdef __cplusplus
extern "C"
#endif
/* We use char because int might match the return type of a gcc2
   builtin and then its argument prototype would still apply.  */
char alOpenPort ();
#ifdef F77_DUMMY_MAIN
#  ifdef __cplusplus
     extern "C"
#  endif
   int F77_DUMMY_MAIN() { return 1; }
#endif
int
main ()
{
alOpenPort ();
  ;
  return 0;
}
configure:7476: result: no
configure:7484: checking for ANSI C header files
configure:7611: result: yes
configure:7637: checking fcntl.h usability
configure:7646: gcc -c -g -O2  conftest.c >&5
configure:7649: $? = 0
configure:7652: test -s conftest.o
configure:7655: $? = 0
configure:7664: result: yes
configure:7668: checking fcntl.h presence
configure:7675: gcc -E  conftest.c
configure:7681: $? = 0
configure:7699: result: yes
configure:7717: checking for fcntl.h
configure:7724: result: yes
configure:7628: checking for unistd.h
configure:7633: result: yes
configure:7628: checking for inttypes.h
configure:7633: result: yes
configure:7738: checking for gcc option to accept ANSI C
configure:7801: gcc  -c -g -O2  conftest.c >&5
configure:7804: $? = 0
configure:7807: test -s conftest.o
configure:7810: $? = 0
configure:7827: result: none needed
configure:7835: checking for an ANSI C-conforming const
configure:7905: gcc -c -g -O2  conftest.c >&5
configure:7908: $? = 0
configure:7911: test -s conftest.o
configure:7914: $? = 0
configure:7924: result: yes
configure:7934: checking whether byte ordering is bigendian
configure:7964: gcc -c -g -O2  conftest.c >&5
configure:7967: $? = 0
configure:7970: test -s conftest.o
configure:7973: $? = 0
configure:8000: gcc -c -g -O2  conftest.c >&5
configure: In function `main':
configure:7990: `not' undeclared (first use in this function)
configure:7990: (Each undeclared identifier is reported only once
configure:7990: for each function it appears in.)
configure:7990: parse error before "big"
configure:8003: $? = 1
configure: failed program was:
#line 7976 "configure"
#include "confdefs.h"
#include <sys/types.h>
#include <sys/param.h>

#ifdef F77_DUMMY_MAIN
#  ifdef __cplusplus
     extern "C"
#  endif
   int F77_DUMMY_MAIN() { return 1; }
#endif
int
main ()
{
#if BYTE_ORDER != BIG_ENDIAN
 not big endian
#endif

  ;
  return 0;
}
configure:8117: result: no
configure:8453: checking for off_t
configure:8480: gcc -c -g -O2  conftest.c >&5
configure:8483: $? = 0
configure:8486: test -s conftest.o
configure:8489: $? = 0
configure:8499: result: yes
configure:8511: checking for size_t
configure:8538: gcc -c -g -O2  conftest.c >&5
configure:8541: $? = 0
configure:8544: test -s conftest.o
configure:8547: $? = 0
configure:8557: result: yes
configure:8570: checking for off_t
configure:8616: result: yes
configure:8619: checking size of off_t
configure:8897: gcc -o conftest -g -O2   conftest.c -lm  >&5
configure:8900: $? = 0
configure:8902: ./conftest
configure:8905: $? = 0
configure:8925: result: 4
configure:8932: checking for size_t
configure:8978: result: yes
configure:8981: checking size of size_t
configure:9259: gcc -o conftest -g -O2   conftest.c -lm  >&5
configure:9262: $? = 0
configure:9264: ./conftest
configure:9267: $? = 0
configure:9287: result: 4
configure:9294: checking for long
configure:9321: gcc -c -g -O2  conftest.c >&5
configure:9324: $? = 0
configure:9327: test -s conftest.o
configure:9330: $? = 0
configure:9340: result: yes
configure:9343: checking size of long
configure:9621: gcc -o conftest -g -O2   conftest.c -lm  >&5
configure:9624: $? = 0
configure:9626: ./conftest
configure:9629: $? = 0
configure:9649: result: 4
configure:9657: checking for u_int8_t
configure:9684: gcc -c -g -O2  conftest.c >&5
configure:9687: $? = 0
configure:9690: test -s conftest.o
configure:9693: $? = 0
configure:9703: result: yes
configure:9715: checking for u_int16_t
configure:9742: gcc -c -g -O2  conftest.c >&5
configure:9745: $? = 0
configure:9748: test -s conftest.o
configure:9751: $? = 0
configure:9761: result: yes
configure:9773: checking for u_int32_t
configure:9800: gcc -c -g -O2  conftest.c >&5
configure:9803: $? = 0
configure:9806: test -s conftest.o
configure:9809: $? = 0
configure:9819: result: yes
configure:9831: checking for int8_t
configure:9858: gcc -c -g -O2  conftest.c >&5
configure:9861: $? = 0
configure:9864: test -s conftest.o
configure:9867: $? = 0
configure:9877: result: yes
configure:9889: checking for int16_t
configure:9916: gcc -c -g -O2  conftest.c >&5
configure:9919: $? = 0
configure:9922: test -s conftest.o
configure:9925: $? = 0
configure:9935: result: yes
configure:9947: checking for int32_t
configure:9974: gcc -c -g -O2  conftest.c >&5
configure:9977: $? = 0
configure:9980: test -s conftest.o
configure:9983: $? = 0
configure:9993: result: yes
configure:10007: checking whether gcc needs -traditional
configure:10043: result: no
configure:10050: checking for working memcmp
configure:10101: gcc -o conftest -g -O2   conftest.c -lm  >&5
configure:10104: $? = 0
configure:10106: ./conftest
configure:10109: $? = 0
configure:10122: result: yes
configure:10130: checking for strdup
configure:10173: gcc -o conftest -g -O2   conftest.c -lm  >&5
configure:10176: $? = 0
configure:10179: test -s conftest
configure:10182: $? = 0
configure:10192: result: yes
configure:10204: checking for platform specific tests to compile
configure:10222: result: linux
configure:10308: creating ./config.status

## ---------------------- ##
## Running config.status. ##
## ---------------------- ##

This file was extended by config.status, which was
generated by GNU Autoconf 2.53.  Invocation command line was

  CONFIG_FILES    = 
  CONFIG_HEADERS  = 
  CONFIG_LINKS    = 
  CONFIG_COMMANDS = 
  $ ./config.status 

on shivaram

config.status:632: creating audiofile.spec
config.status:632: creating audiofile.pc
config.status:632: creating sfcommands/Makefile
config.status:632: creating test/Makefile
config.status:632: creating examples/Makefile
config.status:632: creating libaudiofile/Makefile
config.status:632: creating libaudiofile/modules/Makefile
config.status:632: creating docs/Makefile
config.status:632: creating win32/Makefile
config.status:632: creating Makefile
config.status:632: creating audiofile-config
config.status:736: creating config.h
config.status:962: executing default-1 commands
config.status:962: executing default commands

## ---------------- ##
## Cache variables. ##
## ---------------- ##

ac_cv_build=i686-pc-linux-gnu
ac_cv_build_alias=i686-pc-linux-gnu
ac_cv_c_bigendian=no
ac_cv_c_compiler_gnu=yes
ac_cv_c_const=yes
ac_cv_env_CC_set=
ac_cv_env_CC_value=
ac_cv_env_CFLAGS_set=
ac_cv_env_CFLAGS_value=
ac_cv_env_CPPFLAGS_set=
ac_cv_env_CPPFLAGS_value=
ac_cv_env_CPP_set=
ac_cv_env_CPP_value=
ac_cv_env_LDFLAGS_set=
ac_cv_env_LDFLAGS_value=
ac_cv_env_build_alias_set=
ac_cv_env_build_alias_value=
ac_cv_env_host_alias_set=
ac_cv_env_host_alias_value=
ac_cv_env_target_alias_set=
ac_cv_env_target_alias_value=
ac_cv_exeext=
ac_cv_func_memcmp_working=yes
ac_cv_func_strdup=yes
ac_cv_header_dlfcn_h=yes
ac_cv_header_fcntl_h=yes
ac_cv_header_inttypes_h=yes
ac_cv_header_memory_h=yes
ac_cv_header_stdc=yes
ac_cv_header_stdint_h=yes
ac_cv_header_stdlib_h=yes
ac_cv_header_string_h=yes
ac_cv_header_strings_h=yes
ac_cv_header_sys_stat_h=yes
ac_cv_header_sys_types_h=yes
ac_cv_header_unistd_h=yes
ac_cv_host=i686-pc-linux-gnu
ac_cv_host_alias=i686-pc-linux-gnu
ac_cv_lib_audio_alOpenPort=no
ac_cv_lib_m_ldexp=yes
ac_cv_objext=o
ac_cv_path_install='/usr/bin/install -c'
ac_cv_prog_AWK=gawk
ac_cv_prog_CPP='gcc -E'
ac_cv_prog_ac_ct_CC=gcc
ac_cv_prog_ac_ct_RANLIB=ranlib
ac_cv_prog_ac_ct_STRIP=strip
ac_cv_prog_cc_g=yes
ac_cv_prog_cc_stdc=
ac_cv_prog_gcc_traditional=no
ac_cv_prog_make_make_set=yes
ac_cv_sizeof_long=4
ac_cv_sizeof_off_t=4
ac_cv_sizeof_size_t=4
ac_cv_type_int16_t=yes
ac_cv_type_int32_t=yes
ac_cv_type_int8_t=yes
ac_cv_type_long=yes
ac_cv_type_off_t=yes
ac_cv_type_size_t=yes
ac_cv_type_u_int16_t=yes
ac_cv_type_u_int32_t=yes
ac_cv_type_u_int8_t=yes
am_cv_CC_dependencies_compiler_type=gcc3
lt_cv_archive_cmds_need_lc=no
lt_cv_compiler_c_o=yes
lt_cv_compiler_o_lo=yes
lt_cv_deplibs_check_method=pass_all
lt_cv_file_magic_cmd='$MAGIC_CMD'
lt_cv_file_magic_test_file='/lib/libc.so.6 /lib/libc-2.3.2.so'
lt_cv_global_symbol_to_c_name_address='sed -n -e '\''s/^: \([^ ]*\) $/  {\"\1\", (lt_ptr) 0},/p'\'' -e '\''s/^[BCDEGRST] \([^ ]*\) \([^ ]*\)$/  {"\2", (lt_ptr) \&\2},/p'\'''
lt_cv_global_symbol_to_cdecl='sed -n -e '\''s/^. .* \(.*\)$/extern char \1;/p'\'''
lt_cv_ld_reload_flag=-r
lt_cv_path_LD=/usr/bin/ld
lt_cv_path_NM='/usr/bin/nm -B'
lt_cv_prog_cc_can_build_shared=yes
lt_cv_prog_cc_no_builtin=
lt_cv_prog_cc_pic=' -fPIC'
lt_cv_prog_cc_pic_works=yes
lt_cv_prog_cc_shlib=
lt_cv_prog_cc_static=-static
lt_cv_prog_cc_static_works=yes
lt_cv_prog_cc_wl=-Wl,
lt_cv_prog_gnu_ld=yes
lt_cv_sys_global_symbol_pipe='sed -n -e '\''s/^.*[ 	]\([ABCDGISTW][ABCDGISTW]*\)[ 	][ 	]*\(\)\([_A-Za-z][_A-Za-z0-9]*\)$/\1 \2\3 \3/p'\'''
lt_cv_sys_path_separator=:

## ----------- ##
## confdefs.h. ##
## ----------- ##

#define PACKAGE_NAME ""
#define PACKAGE_TARNAME ""
#define PACKAGE_VERSION ""
#define PACKAGE_STRING ""
#define PACKAGE_BUGREPORT ""
#define PACKAGE "audiofile"
#define VERSION "0.2.6"
#define STDC_HEADERS 1
#define HAVE_SYS_TYPES_H 1
#define HAVE_SYS_STAT_H 1
#define HAVE_STDLIB_H 1
#define HAVE_STRING_H 1
#define HAVE_MEMORY_H 1
#define HAVE_STRINGS_H 1
#define HAVE_INTTYPES_H 1
#define HAVE_STDINT_H 1
#define HAVE_UNISTD_H 1
#define HAVE_DLFCN_H 1
#define HAVE_LIBM 1
#define STDC_HEADERS 1
#define HAVE_FCNTL_H 1
#define HAVE_UNISTD_H 1
#define HAVE_INTTYPES_H 1
#define SIZEOF_OFF_T 4
#define SIZEOF_SIZE_T 4
#define SIZEOF_LONG 4
#define HAVE_STRDUP 1

configure: exit 0

## ---------------------- ##
## Running config.status. ##
## ---------------------- ##

This file was extended by config.status, which was
generated by GNU Autoconf 2.53.  Invocation command line was

  CONFIG_FILES    = 
  CONFIG_HEADERS  = config.h
  CONFIG_LINKS    = 
  CONFIG_COMMANDS = 
  $ ./config.status 

on shivaram

config.status:736: creating config.h
config.status:861: config.h is unchanged
config.status:962: executing default-1 commands
config.status:962: executing default commands
