This file contains any messages produced by compilers while
running configure, to aid debugging if configure makes a mistake.

It was created by configure, which was
generated by GNU Autoconf 2.59.  Invocation command line was

  $ ./configure --host=bfin-uclinux --prefix=/bin

## --------- ##
## Platform. ##
## --------- ##

hostname = Jzhang3-L01
uname -m = i686
uname -r = 2.6.17-6-686
uname -s = Linux
uname -v = #2 SMP Fri Aug 11 22:09:15 UTC 2006

/usr/bin/uname -p = unknown
/bin/uname -X     = unknown

/bin/arch              = i686
/usr/bin/arch -k       = unknown
/usr/convex/getsysinfo = unknown
hostinfo               = unknown
/bin/machine           = unknown
/usr/bin/oslevel       = unknown
/bin/universe          = unknown

PATH: /home/jie/installs/gaim/bin
PATH: /home/jie/installs/emacs/bin
PATH: /usr/local/sbin
PATH: /usr/local/bin
PATH: /usr/sbin
PATH: /usr/bin
PATH: /sbin
PATH: /bin
PATH: /usr/bin/X11
PATH: /usr/games


## ----------- ##
## Core tests. ##
## ----------- ##

configure:1308: checking for bfin-uclinux-gcc
configure:1337: result: no
configure:1346: checking for gcc
configure:1362: found /usr/bin/gcc
configure:1372: result: gcc
configure:1616: checking for C compiler version
configure:1619: gcc --version </dev/null >&5
gcc (GCC) 4.1.2 20060829 (prerelease) (Ubuntu 4.1.1-11ubuntu2)
Copyright (C) 2006 Free Software Foundation, Inc.
This is free software; see the source for copying conditions.  There is NO
warranty; not even for MERCHANTABILITY or FITNESS FOR A PARTICULAR PURPOSE.

configure:1622: $? = 0
configure:1624: gcc -v </dev/null >&5
Using built-in specs.
Target: i486-linux-gnu
Configured with: ../src/configure -v --enable-languages=c,c++,fortran,objc,obj-c++,treelang --prefix=/usr --enable-shared --with-system-zlib --libexecdir=/usr/lib --without-included-gettext --enable-threads=posix --enable-nls --program-suffix=-4.1 --enable-__cxa_atexit --enable-clocale=gnu --enable-libstdcxx-debug --enable-mpfr --enable-checking=release i486-linux-gnu
Thread model: posix
gcc version 4.1.2 20060829 (prerelease) (Ubuntu 4.1.1-11ubuntu2)
configure:1627: $? = 0
configure:1629: gcc -V </dev/null >&5
gcc: '-V' option must have argument
configure:1632: $? = 1
configure:1655: checking for C compiler default output file name
configure:1658: gcc    conftest.c  >&5
configure:1661: $? = 0
configure:1707: result: a.out
configure:1712: checking whether the C compiler works
configure:1718: ./a.out
configure:1721: $? = 0
configure:1738: result: yes
configure:1745: checking whether we are cross compiling
configure:1747: result: no
configure:1750: checking for suffix of executables
configure:1752: gcc -o conftest    conftest.c  >&5
configure:1755: $? = 0
configure:1780: result: 
configure:1786: checking for suffix of object files
configure:1807: gcc -c   conftest.c >&5
configure:1810: $? = 0
configure:1832: result: o
configure:1836: checking whether we are using the GNU C compiler
configure:1860: gcc -c   conftest.c >&5
configure:1866: $? = 0
configure:1869: test -z 			 || test ! -s conftest.err
configure:1872: $? = 0
configure:1875: test -s conftest.o
configure:1878: $? = 0
configure:1891: result: yes
configure:1897: checking whether gcc accepts -g
configure:1918: gcc -c -g  conftest.c >&5
configure:1924: $? = 0
configure:1927: test -z 			 || test ! -s conftest.err
configure:1930: $? = 0
configure:1933: test -s conftest.o
configure:1936: $? = 0
configure:1947: result: yes
configure:1964: checking for gcc option to accept ANSI C
configure:2034: gcc  -c -g -O2  conftest.c >&5
configure:2040: $? = 0
configure:2043: test -z 			 || test ! -s conftest.err
configure:2046: $? = 0
configure:2049: test -s conftest.o
configure:2052: $? = 0
configure:2070: result: none needed
configure:2088: gcc -c -g -O2  conftest.c >&5
conftest.c:2: error: expected '=', ',', ';', 'asm' or '__attribute__' before 'me'
configure:2094: $? = 1
configure: failed program was:
| #ifndef __cplusplus
|   choke me
| #endif
configure:2256: checking build system type
configure:2274: result: i686-pc-linux-gnu
configure:2282: checking host system type
configure:2296: result: bfin-unknown-uclinux
configure:2304: checking target system type
configure:2318: result: bfin-unknown-uclinux
configure:2346: checking for a BSD-compatible install
configure:2401: result: /usr/bin/install -c
configure:2433: checking how to run the C preprocessor
configure:2468: gcc -E  conftest.c
configure:2474: $? = 0
configure:2506: gcc -E  conftest.c
conftest.c:9:28: error: ac_nonexistent.h: No such file or directory
configure:2512: $? = 1
configure: failed program was:
| /* confdefs.h.  */
| 
| #define PACKAGE_NAME ""
| #define PACKAGE_TARNAME ""
| #define PACKAGE_VERSION ""
| #define PACKAGE_STRING ""
| #define PACKAGE_BUGREPORT ""
| /* end confdefs.h.  */
| #include <ac_nonexistent.h>
configure:2551: result: gcc -E
configure:2575: gcc -E  conftest.c
configure:2581: $? = 0
configure:2613: gcc -E  conftest.c
conftest.c:9:28: error: ac_nonexistent.h: No such file or directory
configure:2619: $? = 1
configure: failed program was:
| /* confdefs.h.  */
| 
| #define PACKAGE_NAME ""
| #define PACKAGE_TARNAME ""
| #define PACKAGE_VERSION ""
| #define PACKAGE_STRING ""
| #define PACKAGE_BUGREPORT ""
| /* end confdefs.h.  */
| #include <ac_nonexistent.h>
configure:2663: checking for egrep
configure:2673: result: grep -E
configure:2678: checking for ANSI C header files
configure:2703: gcc -c -g -O2  conftest.c >&5
configure:2709: $? = 0
configure:2712: test -z 			 || test ! -s conftest.err
configure:2715: $? = 0
configure:2718: test -s conftest.o
configure:2721: $? = 0
configure:2810: gcc -o conftest -g -O2   conftest.c  >&5
conftest.c: In function 'main':
conftest.c:26: warning: incompatible implicit declaration of built-in function 'exit'
configure:2813: $? = 0
configure:2815: ./conftest
configure:2818: $? = 0
configure:2833: result: yes
configure:2858: checking for sys/types.h
configure:2874: gcc -c -g -O2  conftest.c >&5
configure:2880: $? = 0
configure:2883: test -z 			 || test ! -s conftest.err
configure:2886: $? = 0
configure:2889: test -s conftest.o
configure:2892: $? = 0
configure:2903: result: yes
configure:2858: checking for sys/stat.h
configure:2874: gcc -c -g -O2  conftest.c >&5
configure:2880: $? = 0
configure:2883: test -z 			 || test ! -s conftest.err
configure:2886: $? = 0
configure:2889: test -s conftest.o
configure:2892: $? = 0
configure:2903: result: yes
configure:2858: checking for stdlib.h
configure:2874: gcc -c -g -O2  conftest.c >&5
configure:2880: $? = 0
configure:2883: test -z 			 || test ! -s conftest.err
configure:2886: $? = 0
configure:2889: test -s conftest.o
configure:2892: $? = 0
configure:2903: result: yes
configure:2858: checking for string.h
configure:2874: gcc -c -g -O2  conftest.c >&5
configure:2880: $? = 0
configure:2883: test -z 			 || test ! -s conftest.err
configure:2886: $? = 0
configure:2889: test -s conftest.o
configure:2892: $? = 0
configure:2903: result: yes
configure:2858: checking for memory.h
configure:2874: gcc -c -g -O2  conftest.c >&5
configure:2880: $? = 0
configure:2883: test -z 			 || test ! -s conftest.err
configure:2886: $? = 0
configure:2889: test -s conftest.o
configure:2892: $? = 0
configure:2903: result: yes
configure:2858: checking for strings.h
configure:2874: gcc -c -g -O2  conftest.c >&5
configure:2880: $? = 0
configure:2883: test -z 			 || test ! -s conftest.err
configure:2886: $? = 0
configure:2889: test -s conftest.o
configure:2892: $? = 0
configure:2903: result: yes
configure:2858: checking for inttypes.h
configure:2874: gcc -c -g -O2  conftest.c >&5
configure:2880: $? = 0
configure:2883: test -z 			 || test ! -s conftest.err
configure:2886: $? = 0
configure:2889: test -s conftest.o
configure:2892: $? = 0
configure:2903: result: yes
configure:2858: checking for stdint.h
configure:2874: gcc -c -g -O2  conftest.c >&5
configure:2880: $? = 0
configure:2883: test -z 			 || test ! -s conftest.err
configure:2886: $? = 0
configure:2889: test -s conftest.o
configure:2892: $? = 0
configure:2903: result: yes
configure:2858: checking for unistd.h
configure:2874: gcc -c -g -O2  conftest.c >&5
configure:2880: $? = 0
configure:2883: test -z 			 || test ! -s conftest.err
configure:2886: $? = 0
configure:2889: test -s conftest.o
configure:2892: $? = 0
configure:2903: result: yes
configure:2939: checking sgtty.h usability
configure:2951: gcc -c -g -O2  conftest.c >&5
configure:2957: $? = 0
configure:2960: test -z 			 || test ! -s conftest.err
configure:2963: $? = 0
configure:2966: test -s conftest.o
configure:2969: $? = 0
configure:2979: result: yes
configure:2983: checking sgtty.h presence
configure:2993: gcc -E  conftest.c
configure:2999: $? = 0
configure:3019: result: yes
configure:3054: checking for sgtty.h
configure:3061: result: yes
configure:2939: checking termio.h usability
configure:2951: gcc -c -g -O2  conftest.c >&5
configure:2957: $? = 0
configure:2960: test -z 			 || test ! -s conftest.err
configure:2963: $? = 0
configure:2966: test -s conftest.o
configure:2969: $? = 0
configure:2979: result: yes
configure:2983: checking termio.h presence
configure:2993: gcc -E  conftest.c
configure:2999: $? = 0
configure:3019: result: yes
configure:3054: checking for termio.h
configure:3061: result: yes
configure:2939: checking termios.h usability
configure:2951: gcc -c -g -O2  conftest.c >&5
configure:2957: $? = 0
configure:2960: test -z 			 || test ! -s conftest.err
configure:2963: $? = 0
configure:2966: test -s conftest.o
configure:2969: $? = 0
configure:2979: result: yes
configure:2983: checking termios.h presence
configure:2993: gcc -E  conftest.c
configure:2999: $? = 0
configure:3019: result: yes
configure:3054: checking for termios.h
configure:3061: result: yes
configure:2939: checking sys/reg.h usability
configure:2951: gcc -c -g -O2  conftest.c >&5
configure:2957: $? = 0
configure:2960: test -z 			 || test ! -s conftest.err
configure:2963: $? = 0
configure:2966: test -s conftest.o
configure:2969: $? = 0
configure:2979: result: yes
configure:2983: checking sys/reg.h presence
configure:2993: gcc -E  conftest.c
configure:2999: $? = 0
configure:3019: result: yes
configure:3054: checking for sys/reg.h
configure:3061: result: yes
configure:2930: checking for string.h
configure:2935: result: yes
configure:2939: checking proc_service.h usability
configure:2951: gcc -c -g -O2  conftest.c >&5
conftest.c:58:26: error: proc_service.h: No such file or directory
configure:2957: $? = 1
configure: failed program was:
| /* confdefs.h.  */
| 
| #define PACKAGE_NAME ""
| #define PACKAGE_TARNAME ""
| #define PACKAGE_VERSION ""
| #define PACKAGE_STRING ""
| #define PACKAGE_BUGREPORT ""
| #define STDC_HEADERS 1
| #define HAVE_SYS_TYPES_H 1
| #define HAVE_SYS_STAT_H 1
| #define HAVE_STDLIB_H 1
| #define HAVE_STRING_H 1
| #define HAVE_MEMORY_H 1
| #define HAVE_STRINGS_H 1
| #define HAVE_INTTYPES_H 1
| #define HAVE_STDINT_H 1
| #define HAVE_UNISTD_H 1
| #define HAVE_SGTTY_H 1
| #define HAVE_TERMIO_H 1
| #define HAVE_TERMIOS_H 1
| #define HAVE_SYS_REG_H 1
| #define HAVE_STRING_H 1
| /* end confdefs.h.  */
| #include <stdio.h>
| #if HAVE_SYS_TYPES_H
| # include <sys/types.h>
| #endif
| #if HAVE_SYS_STAT_H
| # include <sys/stat.h>
| #endif
| #if STDC_HEADERS
| # include <stdlib.h>
| # include <stddef.h>
| #else
| # if HAVE_STDLIB_H
| #  include <stdlib.h>
| # endif
| #endif
| #if HAVE_STRING_H
| # if !STDC_HEADERS && HAVE_MEMORY_H
| #  include <memory.h>
| # endif
| # include <string.h>
| #endif
| #if HAVE_STRINGS_H
| # include <strings.h>
| #endif
| #if HAVE_INTTYPES_H
| # include <inttypes.h>
| #else
| # if HAVE_STDINT_H
| #  include <stdint.h>
| # endif
| #endif
| #if HAVE_UNISTD_H
| # include <unistd.h>
| #endif
| #include <proc_service.h>
configure:2979: result: no
configure:2983: checking proc_service.h presence
configure:2993: gcc -E  conftest.c
conftest.c:24:26: error: proc_service.h: No such file or directory
configure:2999: $? = 1
configure: failed program was:
| /* confdefs.h.  */
| 
| #define PACKAGE_NAME ""
| #define PACKAGE_TARNAME ""
| #define PACKAGE_VERSION ""
| #define PACKAGE_STRING ""
| #define PACKAGE_BUGREPORT ""
| #define STDC_HEADERS 1
| #define HAVE_SYS_TYPES_H 1
| #define HAVE_SYS_STAT_H 1
| #define HAVE_STDLIB_H 1
| #define HAVE_STRING_H 1
| #define HAVE_MEMORY_H 1
| #define HAVE_STRINGS_H 1
| #define HAVE_INTTYPES_H 1
| #define HAVE_STDINT_H 1
| #define HAVE_UNISTD_H 1
| #define HAVE_SGTTY_H 1
| #define HAVE_TERMIO_H 1
| #define HAVE_TERMIOS_H 1
| #define HAVE_SYS_REG_H 1
| #define HAVE_STRING_H 1
| /* end confdefs.h.  */
| #include <proc_service.h>
configure:3019: result: no
configure:3054: checking for proc_service.h
configure:3061: result: no
configure:2939: checking sys/procfs.h usability
configure:2951: gcc -c -g -O2  conftest.c >&5
configure:2957: $? = 0
configure:2960: test -z 			 || test ! -s conftest.err
configure:2963: $? = 0
configure:2966: test -s conftest.o
configure:2969: $? = 0
configure:2979: result: yes
configure:2983: checking sys/procfs.h presence
configure:2993: gcc -E  conftest.c
configure:2999: $? = 0
configure:3019: result: yes
configure:3054: checking for sys/procfs.h
configure:3061: result: yes
configure:2939: checking thread_db.h usability
configure:2951: gcc -c -g -O2  conftest.c >&5
configure:2957: $? = 0
configure:2960: test -z 			 || test ! -s conftest.err
configure:2963: $? = 0
configure:2966: test -s conftest.o
configure:2969: $? = 0
configure:2979: result: yes
configure:2983: checking thread_db.h presence
configure:2993: gcc -E  conftest.c
configure:2999: $? = 0
configure:3019: result: yes
configure:3054: checking for thread_db.h
configure:3061: result: yes
configure:2939: checking linux/elf.h usability
configure:2951: gcc -c -g -O2  conftest.c >&5
In file included from /usr/include/asm/elf.h:7,
                 from /usr/include/linux/elf.h:7,
                 from conftest.c:60:
/usr/include/asm-i386/elf.h:10:27: error: asm/processor.h: No such file or directory
/usr/include/asm-i386/elf.h:11:47: error: asm/system.h: No such file or directory
configure:2957: $? = 1
configure: failed program was:
| /* confdefs.h.  */
| 
| #define PACKAGE_NAME ""
| #define PACKAGE_TARNAME ""
| #define PACKAGE_VERSION ""
| #define PACKAGE_STRING ""
| #define PACKAGE_BUGREPORT ""
| #define STDC_HEADERS 1
| #define HAVE_SYS_TYPES_H 1
| #define HAVE_SYS_STAT_H 1
| #define HAVE_STDLIB_H 1
| #define HAVE_STRING_H 1
| #define HAVE_MEMORY_H 1
| #define HAVE_STRINGS_H 1
| #define HAVE_INTTYPES_H 1
| #define HAVE_STDINT_H 1
| #define HAVE_UNISTD_H 1
| #define HAVE_SGTTY_H 1
| #define HAVE_TERMIO_H 1
| #define HAVE_TERMIOS_H 1
| #define HAVE_SYS_REG_H 1
| #define HAVE_STRING_H 1
| #define HAVE_SYS_PROCFS_H 1
| #define HAVE_THREAD_DB_H 1
| /* end confdefs.h.  */
| #include <stdio.h>
| #if HAVE_SYS_TYPES_H
| # include <sys/types.h>
| #endif
| #if HAVE_SYS_STAT_H
| # include <sys/stat.h>
| #endif
| #if STDC_HEADERS
| # include <stdlib.h>
| # include <stddef.h>
| #else
| # if HAVE_STDLIB_H
| #  include <stdlib.h>
| # endif
| #endif
| #if HAVE_STRING_H
| # if !STDC_HEADERS && HAVE_MEMORY_H
| #  include <memory.h>
| # endif
| # include <string.h>
| #endif
| #if HAVE_STRINGS_H
| # include <strings.h>
| #endif
| #if HAVE_INTTYPES_H
| # include <inttypes.h>
| #else
| # if HAVE_STDINT_H
| #  include <stdint.h>
| # endif
| #endif
| #if HAVE_UNISTD_H
| # include <unistd.h>
| #endif
| #include <linux/elf.h>
configure:2979: result: no
configure:2983: checking linux/elf.h presence
configure:2993: gcc -E  conftest.c
In file included from /usr/include/asm/elf.h:7,
                 from /usr/include/linux/elf.h:7,
                 from conftest.c:26:
/usr/include/asm-i386/elf.h:10:27: error: asm/processor.h: No such file or directory
/usr/include/asm-i386/elf.h:11:47: error: asm/system.h: No such file or directory
configure:2999: $? = 1
configure: failed program was:
| /* confdefs.h.  */
| 
| #define PACKAGE_NAME ""
| #define PACKAGE_TARNAME ""
| #define PACKAGE_VERSION ""
| #define PACKAGE_STRING ""
| #define PACKAGE_BUGREPORT ""
| #define STDC_HEADERS 1
| #define HAVE_SYS_TYPES_H 1
| #define HAVE_SYS_STAT_H 1
| #define HAVE_STDLIB_H 1
| #define HAVE_STRING_H 1
| #define HAVE_MEMORY_H 1
| #define HAVE_STRINGS_H 1
| #define HAVE_INTTYPES_H 1
| #define HAVE_STDINT_H 1
| #define HAVE_UNISTD_H 1
| #define HAVE_SGTTY_H 1
| #define HAVE_TERMIO_H 1
| #define HAVE_TERMIOS_H 1
| #define HAVE_SYS_REG_H 1
| #define HAVE_STRING_H 1
| #define HAVE_SYS_PROCFS_H 1
| #define HAVE_THREAD_DB_H 1
| /* end confdefs.h.  */
| #include <linux/elf.h>
configure:3019: result: no
configure:3054: checking for linux/elf.h
configure:3061: result: no
configure:2930: checking for stdlib.h
configure:2935: result: yes
configure:2930: checking for unistd.h
configure:2935: result: yes
configure:3075: checking whether strerror is declared
configure:3099: gcc -c -g -O2  conftest.c >&5
configure:3105: $? = 0
configure:3108: test -z 			 || test ! -s conftest.err
configure:3111: $? = 0
configure:3114: test -s conftest.o
configure:3117: $? = 0
configure:3128: result: yes
configure:3147: checking for socklen_t
configure:3174: gcc -c -g -O2  conftest.c >&5
configure:3180: $? = 0
configure:3183: test -z 			 || test ! -s conftest.err
configure:3186: $? = 0
configure:3189: test -s conftest.o
configure:3192: $? = 0
configure:3203: result: yes
configure:3355: checking for lwpid_t in sys/procfs.h
configure:3378: gcc -c -g -O2  conftest.c >&5
configure:3384: $? = 0
configure:3387: test -z 			 || test ! -s conftest.err
configure:3390: $? = 0
configure:3393: test -s conftest.o
configure:3396: $? = 0
configure:3416: result: yes
configure:3419: checking for psaddr_t in sys/procfs.h
configure:3442: gcc -c -g -O2  conftest.c >&5
configure:3448: $? = 0
configure:3451: test -z 			 || test ! -s conftest.err
configure:3454: $? = 0
configure:3457: test -s conftest.o
configure:3460: $? = 0
configure:3480: result: yes
configure:3483: checking for prgregset_t in sys/procfs.h
configure:3506: gcc -c -g -O2  conftest.c >&5
configure:3512: $? = 0
configure:3515: test -z 			 || test ! -s conftest.err
configure:3518: $? = 0
configure:3521: test -s conftest.o
configure:3524: $? = 0
configure:3544: result: yes
configure:3547: checking for elf_fpregset_t in sys/procfs.h
configure:3570: gcc -c -g -O2  conftest.c >&5
configure:3576: $? = 0
configure:3579: test -z 			 || test ! -s conftest.err
configure:3582: $? = 0
configure:3585: test -s conftest.o
configure:3588: $? = 0
configure:3608: result: yes
configure:3618: checking for libthread_db
configure:3649: gcc -o conftest -g -O2   conftest.c  -lthread_db >&5
configure:3655: $? = 0
configure:3658: test -z 			 || test ! -s conftest.err
configure:3661: $? = 0
configure:3664: test -s conftest
configure:3667: $? = 0
configure:3742: result: -lthread_db
configure:3771: gcc -o conftest -g -O2   -rdynamic conftest.c  >&5
configure:3777: $? = 0
configure:3780: test -z 			 || test ! -s conftest.err
configure:3783: $? = 0
configure:3786: test -s conftest
configure:3789: $? = 0
configure:3807: checking for TD_VERSION
configure:3828: gcc -c -g -O2  conftest.c >&5
configure:3834: $? = 0
configure:3837: test -z 			 || test ! -s conftest.err
configure:3840: $? = 0
configure:3843: test -s conftest.o
configure:3846: $? = 0
configure:3857: result: yes
configure:3972: creating ./config.status

## ---------------------- ##
## Running config.status. ##
## ---------------------- ##

This file was extended by config.status, which was
generated by GNU Autoconf 2.59.  Invocation command line was

  CONFIG_FILES    = 
  CONFIG_HEADERS  = 
  CONFIG_LINKS    = 
  CONFIG_COMMANDS = 
  $ ./config.status 

on Jzhang3-L01

config.status:710: creating Makefile
config.status:776: creating config.h
config.status:1070: executing default commands

## ---------------- ##
## Cache variables. ##
## ---------------- ##

ac_cv_build=i686-pc-linux-gnu
ac_cv_build_alias=i686-pc-linux-gnu
ac_cv_c_compiler_gnu=yes
ac_cv_env_CC_set=
ac_cv_env_CC_value=
ac_cv_env_CFLAGS_set=
ac_cv_env_CFLAGS_value=
ac_cv_env_CPPFLAGS_set=
ac_cv_env_CPPFLAGS_value=
ac_cv_env_CPP_set=
ac_cv_env_CPP_value=
ac_cv_env_LDFLAGS_set=
ac_cv_env_LDFLAGS_value=
ac_cv_env_build_alias_set=
ac_cv_env_build_alias_value=
ac_cv_env_host_alias_set=set
ac_cv_env_host_alias_value=bfin-uclinux
ac_cv_env_target_alias_set=
ac_cv_env_target_alias_value=
ac_cv_exeext=
ac_cv_have_decl_strerror=yes
ac_cv_header_inttypes_h=yes
ac_cv_header_linux_elf_h=no
ac_cv_header_memory_h=yes
ac_cv_header_proc_service_h=no
ac_cv_header_sgtty_h=yes
ac_cv_header_stdc=yes
ac_cv_header_stdint_h=yes
ac_cv_header_stdlib_h=yes
ac_cv_header_string_h=yes
ac_cv_header_strings_h=yes
ac_cv_header_sys_procfs_h=yes
ac_cv_header_sys_reg_h=yes
ac_cv_header_sys_stat_h=yes
ac_cv_header_sys_types_h=yes
ac_cv_header_termio_h=yes
ac_cv_header_termios_h=yes
ac_cv_header_thread_db_h=yes
ac_cv_header_unistd_h=yes
ac_cv_host=bfin-unknown-uclinux
ac_cv_host_alias=bfin-uclinux
ac_cv_objext=o
ac_cv_path_install='/usr/bin/install -c'
ac_cv_prog_CPP='gcc -E'
ac_cv_prog_ac_ct_CC=gcc
ac_cv_prog_cc_g=yes
ac_cv_prog_cc_stdc=
ac_cv_prog_egrep='grep -E'
ac_cv_target=bfin-unknown-uclinux
ac_cv_target_alias=bfin-uclinux
ac_cv_type_socklen_t=yes
bfd_cv_have_sys_procfs_type_elf_fpregset_t=yes
bfd_cv_have_sys_procfs_type_lwpid_t=yes
bfd_cv_have_sys_procfs_type_prgregset_t=yes
bfd_cv_have_sys_procfs_type_psaddr_t=yes
gdbsrv_cv_have_td_version=yes
srv_cv_thread_db=-lthread_db

## ----------------- ##
## Output variables. ##
## ----------------- ##

CC='gcc'
CFLAGS='-g -O2'
CPP='gcc -E'
CPPFLAGS=''
DEFS='-DHAVE_CONFIG_H'
ECHO_C=''
ECHO_N='-n'
ECHO_T=''
EGREP='grep -E'
EXEEXT=''
GDBSERVER_DEPFILES='reg-bfin.o linux-low.o linux-bfin-low.o thread-db.o proc-service.o'
GDBSERVER_LIBS='-lthread_db'
INSTALL_DATA='${INSTALL} -m 644'
INSTALL_PROGRAM='${INSTALL}'
INSTALL_SCRIPT='${INSTALL}'
LDFLAGS=''
LIBOBJS=''
LIBS=''
LTLIBOBJS=''
OBJEXT='o'
PACKAGE_BUGREPORT=''
PACKAGE_NAME=''
PACKAGE_STRING=''
PACKAGE_TARNAME=''
PACKAGE_VERSION=''
PATH_SEPARATOR=':'
RDYNAMIC='-rdynamic'
SHELL='/bin/bash'
USE_THREAD_DB='-DUSE_THREAD_DB'
ac_ct_CC='gcc'
bindir='${exec_prefix}/bin'
build='i686-pc-linux-gnu'
build_alias=''
build_cpu='i686'
build_os='linux-gnu'
build_vendor='pc'
datadir='${prefix}/share'
exec_prefix='${prefix}'
host='bfin-unknown-uclinux'
host_alias='bfin-uclinux'
host_cpu='bfin'
host_os='uclinux'
host_vendor='unknown'
includedir='${prefix}/include'
infodir='${prefix}/info'
libdir='${exec_prefix}/lib'
libexecdir='${exec_prefix}/libexec'
localstatedir='${prefix}/var'
mandir='${prefix}/man'
oldincludedir='/usr/include'
prefix='/bin'
program_transform_name='s,x,x,'
sbindir='${exec_prefix}/sbin'
sharedstatedir='${prefix}/com'
sysconfdir='${prefix}/etc'
target='bfin-unknown-uclinux'
target_alias=''
target_cpu='bfin'
target_os='uclinux'
target_vendor='unknown'

## ----------- ##
## confdefs.h. ##
## ----------- ##

#define HAVE_DECL_STRERROR 1
#define HAVE_ELF_FPREGSET_T 1
#define HAVE_INTTYPES_H 1
#define HAVE_LINUX_USRREGS 1
#define HAVE_LWPID_T 1
#define HAVE_MEMORY_H 1
#define HAVE_PRGREGSET_T 1
#define HAVE_PSADDR_T 1
#define HAVE_SGTTY_H 1
#define HAVE_SOCKLEN_T 1
#define HAVE_STDINT_H 1
#define HAVE_STDLIB_H 1
#define HAVE_STDLIB_H 1
#define HAVE_STRINGS_H 1
#define HAVE_STRING_H 1
#define HAVE_STRING_H 1
#define HAVE_SYS_PROCFS_H 1
#define HAVE_SYS_REG_H 1
#define HAVE_SYS_STAT_H 1
#define HAVE_SYS_TYPES_H 1
#define HAVE_TD_VERSION 1
#define HAVE_TERMIOS_H 1
#define HAVE_TERMIO_H 1
#define HAVE_THREAD_DB_H 1
#define HAVE_UNISTD_H 1
#define HAVE_UNISTD_H 1
#define PACKAGE_BUGREPORT ""
#define PACKAGE_NAME ""
#define PACKAGE_STRING ""
#define PACKAGE_TARNAME ""
#define PACKAGE_VERSION ""
#define STDC_HEADERS 1

configure: exit 0

## ---------------------- ##
## Running config.status. ##
## ---------------------- ##

This file was extended by config.status, which was
generated by GNU Autoconf 2.59.  Invocation command line was

  CONFIG_FILES    = 
  CONFIG_HEADERS  = config.h:config.in
  CONFIG_LINKS    = 
  CONFIG_COMMANDS = 
  $ ./config.status 

on Jzhang3-L01

config.status:776: creating config.h
config.status:912: config.h is unchanged
config.status:1070: executing default commands
