This file contains any messages produced by compilers while
running configure, to aid debugging if configure makes a mistake.

It was created by libltdl configure 1.2, which was
generated by GNU Autoconf 2.59.  Invocation command line was

  $ ./configure --prefix=/usr/local --host=bfin-unknown-linux-gnu --disable-shared CC=/home/cvshdr/toolchain/bfin-uclinux/bin/bfin-uclinux-gcc CXX=/home/cvshdr/toolchain/bfin-uclinux/bin/bfin-uclinux-g++ host_alias=bfin-unknown-linux-gnu --enable-ltdl-install --cache-file=/dev/null --srcdir=.

## --------- ##
## Platform. ##
## --------- ##

hostname = linux
uname -m = i686
uname -r = 2.6.16.13-4-smp
uname -s = Linux
uname -v = #1 SMP Wed May 3 04:53:23 UTC 2006

/usr/bin/uname -p = unknown
/bin/uname -X     = unknown

/bin/arch              = i686
/usr/bin/arch -k       = unknown
/usr/convex/getsysinfo = unknown
hostinfo               = unknown
/bin/machine           = unknown
/usr/bin/oslevel       = unknown
/bin/universe          = unknown

PATH: /home/cvshdr/toolchain/bfin-uclinux/bin
PATH: /bin
PATH: /sbin
PATH: /usr/bin
PATH: /usr/sbin


## ----------- ##
## Core tests. ##
## ----------- ##

configure:1580: checking for a BSD-compatible install
configure:1635: result: /usr/bin/install -c
configure:1646: checking whether build environment is sane
configure:1689: result: yes
configure:1754: checking for gawk
configure:1770: found /bin/gawk
configure:1780: result: gawk
configure:1790: checking whether make sets $(MAKE)
configure:1810: result: yes
configure:1877: checking for bfin-unknown-linux-gnu-strip
configure:1906: result: no
configure:1915: checking for strip
configure:1931: found /usr/bin/strip
configure:1942: result: strip
configure:1984: checking for bfin-unknown-linux-gnu-gcc
configure:2010: result: /home/cvshdr/toolchain/bfin-uclinux/bin/bfin-uclinux-gcc
configure:2292: checking for C compiler version
configure:2295: /home/cvshdr/toolchain/bfin-uclinux/bin/bfin-uclinux-gcc --version </dev/null >&5
bfin-uclinux-gcc (GCC) 3.4.5 (ADI cvs)
Copyright (C) 2006 Free Software Foundation, Inc.
This is free software; see the source for copying conditions.  There is NO
warranty; not even for MERCHANTABILITY or FITNESS FOR A PARTICULAR PURPOSE.

configure:2298: $? = 0
configure:2300: /home/cvshdr/toolchain/bfin-uclinux/bin/bfin-uclinux-gcc -v </dev/null >&5
Reading specs from /home/cvshdr/toolchain/bfin-uclinux/bin/../lib/gcc/bfin-uclinux/3.4.5/specs
Configured with: /home/test/checkouts/gcc/gcc-3.4/configure --target=bfin-uclinux --prefix=/home/test/gcc-build/gcc-2006_Aug_01_15_20/out-uclinux --enable-threads=posix --with-sysroot=/home/test/gcc-build/gcc-2006_Aug_01_15_20/out-uclinux/bfin-uclinux/runtime --disable-libstdcxx-pch --disable-symvers --disable-libssp --enable-version-specific-runtime-libs
Thread model: posix
gcc version 3.4.5 (ADI cvs)
configure:2303: $? = 0
configure:2305: /home/cvshdr/toolchain/bfin-uclinux/bin/bfin-uclinux-gcc -V </dev/null >&5
bfin-uclinux-gcc: `-V' option must have argument
configure:2308: $? = 1
configure:2331: checking for C compiler default output file name
configure:2334: /home/cvshdr/toolchain/bfin-uclinux/bin/bfin-uclinux-gcc    conftest.c  >&5
configure:2337: $? = 0
configure:2383: result: a.out
configure:2388: checking whether the C compiler works
configure:2394: ./a.out
./configure: line 2395: ./a.out: cannot execute binary file
configure:2397: $? = 126
configure:2414: result: yes
configure:2421: checking whether we are cross compiling
configure:2423: result: yes
configure:2426: checking for suffix of executables
configure:2428: /home/cvshdr/toolchain/bfin-uclinux/bin/bfin-uclinux-gcc -o conftest    conftest.c  >&5
configure:2431: $? = 0
configure:2456: result: 
configure:2462: checking for suffix of object files
configure:2483: /home/cvshdr/toolchain/bfin-uclinux/bin/bfin-uclinux-gcc -c   conftest.c >&5
configure:2486: $? = 0
configure:2508: result: o
configure:2512: checking whether we are using the GNU C compiler
configure:2536: /home/cvshdr/toolchain/bfin-uclinux/bin/bfin-uclinux-gcc -c   conftest.c >&5
configure:2542: $? = 0
configure:2545: test -z 			 || test ! -s conftest.err
configure:2548: $? = 0
configure:2551: test -s conftest.o
configure:2554: $? = 0
configure:2567: result: yes
configure:2573: checking whether /home/cvshdr/toolchain/bfin-uclinux/bin/bfin-uclinux-gcc accepts -g
configure:2594: /home/cvshdr/toolchain/bfin-uclinux/bin/bfin-uclinux-gcc -c -g  conftest.c >&5
configure:2600: $? = 0
configure:2603: test -z 			 || test ! -s conftest.err
configure:2606: $? = 0
configure:2609: test -s conftest.o
configure:2612: $? = 0
configure:2623: result: yes
configure:2640: checking for /home/cvshdr/toolchain/bfin-uclinux/bin/bfin-uclinux-gcc option to accept ANSI C
configure:2710: /home/cvshdr/toolchain/bfin-uclinux/bin/bfin-uclinux-gcc  -c -g -O2  conftest.c >&5
configure:2716: $? = 0
configure:2719: test -z 			 || test ! -s conftest.err
configure:2722: $? = 0
configure:2725: test -s conftest.o
configure:2728: $? = 0
configure:2746: result: none needed
configure:2764: /home/cvshdr/toolchain/bfin-uclinux/bin/bfin-uclinux-gcc -c -g -O2  conftest.c >&5
conftest.c:2: error: syntax error before "me"
configure:2770: $? = 1
configure: failed program was:
| #ifndef __cplusplus
|   choke me
| #endif
configure:2911: checking for style of include used by make
configure:2939: result: GNU
configure:2967: checking dependency style of /home/cvshdr/toolchain/bfin-uclinux/bin/bfin-uclinux-gcc
configure:3057: result: none
configure:3075: checking for an ANSI C-conforming const
configure:3142: /home/cvshdr/toolchain/bfin-uclinux/bin/bfin-uclinux-gcc -c -g -O2  conftest.c >&5
configure:3148: $? = 0
configure:3151: test -z 			 || test ! -s conftest.err
configure:3154: $? = 0
configure:3157: test -s conftest.o
configure:3160: $? = 0
configure:3171: result: yes
configure:3181: checking for inline
configure:3202: /home/cvshdr/toolchain/bfin-uclinux/bin/bfin-uclinux-gcc -c -g -O2  conftest.c >&5
configure:3208: $? = 0
configure:3211: test -z 			 || test ! -s conftest.err
configure:3214: $? = 0
configure:3217: test -s conftest.o
configure:3220: $? = 0
configure:3232: result: inline
configure:3336: checking build system type
configure:3354: result: i686-pc-linux-gnu
configure:3362: checking host system type
configure:3376: result: bfin-unknown-linux-gnu
configure:3384: checking for a sed that does not truncate output
configure:3438: result: /bin/sed
configure:3441: checking for egrep
configure:3451: result: grep -E
configure:3467: checking for ld used by /home/cvshdr/toolchain/bfin-uclinux/bin/bfin-uclinux-gcc
configure:3534: result: /home/cvshdr/toolchain/bfin-uclinux/bin/bfin-uclinux-ld
configure:3543: checking if the linker (/home/cvshdr/toolchain/bfin-uclinux/bin/bfin-uclinux-ld) is GNU ld
configure:3558: result: yes
configure:3563: checking for /home/cvshdr/toolchain/bfin-uclinux/bin/bfin-uclinux-ld option to reload object files
configure:3570: result: -r
configure:3588: checking for BSD-compatible nm
configure:3630: result: /home/cvshdr/toolchain/bfin-uclinux/bin/bfin-uclinux-nm
configure:3634: checking whether ln -s works
configure:3638: result: yes
configure:3645: checking how to recognise dependent libraries
configure:3817: result: pass_all
configure:4271: checking how to run the C preprocessor
configure:4306: /home/cvshdr/toolchain/bfin-uclinux/bin/bfin-uclinux-gcc -E  conftest.c
configure:4312: $? = 0
configure:4344: /home/cvshdr/toolchain/bfin-uclinux/bin/bfin-uclinux-gcc -E  conftest.c
conftest.c:9:28: ac_nonexistent.h: No such file or directory
configure:4350: $? = 1
configure: failed program was:
| /* confdefs.h.  */
| 
| #define PACKAGE_NAME "libltdl"
| #define PACKAGE_TARNAME "libltdl"
| #define PACKAGE_VERSION "1.2"
| #define PACKAGE_STRING "libltdl 1.2"
| #define PACKAGE_BUGREPORT "bug-libtool@gnu.org"
| /* end confdefs.h.  */
| #include <ac_nonexistent.h>
configure:4389: result: /home/cvshdr/toolchain/bfin-uclinux/bin/bfin-uclinux-gcc -E
configure:4413: /home/cvshdr/toolchain/bfin-uclinux/bin/bfin-uclinux-gcc -E  conftest.c
configure:4419: $? = 0
configure:4451: /home/cvshdr/toolchain/bfin-uclinux/bin/bfin-uclinux-gcc -E  conftest.c
conftest.c:9:28: ac_nonexistent.h: No such file or directory
configure:4457: $? = 1
configure: failed program was:
| /* confdefs.h.  */
| 
| #define PACKAGE_NAME "libltdl"
| #define PACKAGE_TARNAME "libltdl"
| #define PACKAGE_VERSION "1.2"
| #define PACKAGE_STRING "libltdl 1.2"
| #define PACKAGE_BUGREPORT "bug-libtool@gnu.org"
| /* end confdefs.h.  */
| #include <ac_nonexistent.h>
configure:4501: checking for ANSI C header files
configure:4526: /home/cvshdr/toolchain/bfin-uclinux/bin/bfin-uclinux-gcc -c -g -O2  conftest.c >&5
configure:4532: $? = 0
configure:4535: test -z 			 || test ! -s conftest.err
configure:4538: $? = 0
configure:4541: test -s conftest.o
configure:4544: $? = 0
configure:4656: result: yes
configure:4680: checking for sys/types.h
configure:4696: /home/cvshdr/toolchain/bfin-uclinux/bin/bfin-uclinux-gcc -c -g -O2  conftest.c >&5
configure:4702: $? = 0
configure:4705: test -z 			 || test ! -s conftest.err
configure:4708: $? = 0
configure:4711: test -s conftest.o
configure:4714: $? = 0
configure:4725: result: yes
configure:4680: checking for sys/stat.h
configure:4696: /home/cvshdr/toolchain/bfin-uclinux/bin/bfin-uclinux-gcc -c -g -O2  conftest.c >&5
configure:4702: $? = 0
configure:4705: test -z 			 || test ! -s conftest.err
configure:4708: $? = 0
configure:4711: test -s conftest.o
configure:4714: $? = 0
configure:4725: result: yes
configure:4680: checking for stdlib.h
configure:4696: /home/cvshdr/toolchain/bfin-uclinux/bin/bfin-uclinux-gcc -c -g -O2  conftest.c >&5
configure:4702: $? = 0
configure:4705: test -z 			 || test ! -s conftest.err
configure:4708: $? = 0
configure:4711: test -s conftest.o
configure:4714: $? = 0
configure:4725: result: yes
configure:4680: checking for string.h
configure:4696: /home/cvshdr/toolchain/bfin-uclinux/bin/bfin-uclinux-gcc -c -g -O2  conftest.c >&5
configure:4702: $? = 0
configure:4705: test -z 			 || test ! -s conftest.err
configure:4708: $? = 0
configure:4711: test -s conftest.o
configure:4714: $? = 0
configure:4725: result: yes
configure:4680: checking for memory.h
configure:4696: /home/cvshdr/toolchain/bfin-uclinux/bin/bfin-uclinux-gcc -c -g -O2  conftest.c >&5
configure:4702: $? = 0
configure:4705: test -z 			 || test ! -s conftest.err
configure:4708: $? = 0
configure:4711: test -s conftest.o
configure:4714: $? = 0
configure:4725: result: yes
configure:4680: checking for strings.h
configure:4696: /home/cvshdr/toolchain/bfin-uclinux/bin/bfin-uclinux-gcc -c -g -O2  conftest.c >&5
configure:4702: $? = 0
configure:4705: test -z 			 || test ! -s conftest.err
configure:4708: $? = 0
configure:4711: test -s conftest.o
configure:4714: $? = 0
configure:4725: result: yes
configure:4680: checking for inttypes.h
configure:4696: /home/cvshdr/toolchain/bfin-uclinux/bin/bfin-uclinux-gcc -c -g -O2  conftest.c >&5
configure:4702: $? = 0
configure:4705: test -z 			 || test ! -s conftest.err
configure:4708: $? = 0
configure:4711: test -s conftest.o
configure:4714: $? = 0
configure:4725: result: yes
configure:4680: checking for stdint.h
configure:4696: /home/cvshdr/toolchain/bfin-uclinux/bin/bfin-uclinux-gcc -c -g -O2  conftest.c >&5
configure:4702: $? = 0
configure:4705: test -z 			 || test ! -s conftest.err
configure:4708: $? = 0
configure:4711: test -s conftest.o
configure:4714: $? = 0
configure:4725: result: yes
configure:4680: checking for unistd.h
configure:4696: /home/cvshdr/toolchain/bfin-uclinux/bin/bfin-uclinux-gcc -c -g -O2  conftest.c >&5
configure:4702: $? = 0
configure:4705: test -z 			 || test ! -s conftest.err
configure:4708: $? = 0
configure:4711: test -s conftest.o
configure:4714: $? = 0
configure:4725: result: yes
configure:4751: checking dlfcn.h usability
configure:4763: /home/cvshdr/toolchain/bfin-uclinux/bin/bfin-uclinux-gcc -c -g -O2  conftest.c >&5
configure:4769: $? = 0
configure:4772: test -z 			 || test ! -s conftest.err
configure:4775: $? = 0
configure:4778: test -s conftest.o
configure:4781: $? = 0
configure:4791: result: yes
configure:4795: checking dlfcn.h presence
configure:4805: /home/cvshdr/toolchain/bfin-uclinux/bin/bfin-uclinux-gcc -E  conftest.c
configure:4811: $? = 0
configure:4831: result: yes
configure:4866: checking for dlfcn.h
configure:4873: result: yes
configure:4896: checking for bfin-unknown-linux-gnu-g++
configure:4922: result: /home/cvshdr/toolchain/bfin-uclinux/bin/bfin-uclinux-g++
configure:4980: checking for C++ compiler version
configure:4983: /home/cvshdr/toolchain/bfin-uclinux/bin/bfin-uclinux-g++ --version </dev/null >&5
bfin-uclinux-g++ (GCC) 3.4.5 (ADI cvs)
Copyright (C) 2006 Free Software Foundation, Inc.
This is free software; see the source for copying conditions.  There is NO
warranty; not even for MERCHANTABILITY or FITNESS FOR A PARTICULAR PURPOSE.

configure:4986: $? = 0
configure:4988: /home/cvshdr/toolchain/bfin-uclinux/bin/bfin-uclinux-g++ -v </dev/null >&5
Reading specs from /home/cvshdr/toolchain/bfin-uclinux/bin/../lib/gcc/bfin-uclinux/3.4.5/specs
Configured with: /home/test/checkouts/gcc/gcc-3.4/configure --target=bfin-uclinux --prefix=/home/test/gcc-build/gcc-2006_Aug_01_15_20/out-uclinux --enable-threads=posix --with-sysroot=/home/test/gcc-build/gcc-2006_Aug_01_15_20/out-uclinux/bfin-uclinux/runtime --disable-libstdcxx-pch --disable-symvers --disable-libssp --enable-version-specific-runtime-libs
Thread model: posix
gcc version 3.4.5 (ADI cvs)
configure:4991: $? = 0
configure:4993: /home/cvshdr/toolchain/bfin-uclinux/bin/bfin-uclinux-g++ -V </dev/null >&5
bfin-uclinux-g++: `-V' option must have argument
configure:4996: $? = 1
configure:4999: checking whether we are using the GNU C++ compiler
configure:5023: /home/cvshdr/toolchain/bfin-uclinux/bin/bfin-uclinux-g++ -c   conftest.cc >&5
configure:5029: $? = 0
configure:5032: test -z 			 || test ! -s conftest.err
configure:5035: $? = 0
configure:5038: test -s conftest.o
configure:5041: $? = 0
configure:5054: result: yes
configure:5060: checking whether /home/cvshdr/toolchain/bfin-uclinux/bin/bfin-uclinux-g++ accepts -g
configure:5081: /home/cvshdr/toolchain/bfin-uclinux/bin/bfin-uclinux-g++ -c -g  conftest.cc >&5
configure:5087: $? = 0
configure:5090: test -z 			 || test ! -s conftest.err
configure:5093: $? = 0
configure:5096: test -s conftest.o
configure:5099: $? = 0
configure:5110: result: yes
configure:5152: /home/cvshdr/toolchain/bfin-uclinux/bin/bfin-uclinux-g++ -c -g -O2  conftest.cc >&5
configure:5158: $? = 0
configure:5161: test -z 			 || test ! -s conftest.err
configure:5164: $? = 0
configure:5167: test -s conftest.o
configure:5170: $? = 0
configure:5196: /home/cvshdr/toolchain/bfin-uclinux/bin/bfin-uclinux-g++ -c -g -O2  conftest.cc >&5
conftest.cc: In function `int main()':
conftest.cc:24: error: `exit' was not declared in this scope
configure:5202: $? = 1
configure: failed program was:
| /* confdefs.h.  */
| 
| #define PACKAGE_NAME "libltdl"
| #define PACKAGE_TARNAME "libltdl"
| #define PACKAGE_VERSION "1.2"
| #define PACKAGE_STRING "libltdl 1.2"
| #define PACKAGE_BUGREPORT "bug-libtool@gnu.org"
| #define STDC_HEADERS 1
| #define HAVE_SYS_TYPES_H 1
| #define HAVE_SYS_STAT_H 1
| #define HAVE_STDLIB_H 1
| #define HAVE_STRING_H 1
| #define HAVE_MEMORY_H 1
| #define HAVE_STRINGS_H 1
| #define HAVE_INTTYPES_H 1
| #define HAVE_STDINT_H 1
| #define HAVE_UNISTD_H 1
| #define HAVE_DLFCN_H 1
| /* end confdefs.h.  */
| 
| int
| main ()
| {
| exit (42);
|   ;
|   return 0;
| }
configure:5152: /home/cvshdr/toolchain/bfin-uclinux/bin/bfin-uclinux-g++ -c -g -O2  conftest.cc >&5
configure:5158: $? = 0
configure:5161: test -z 			 || test ! -s conftest.err
configure:5164: $? = 0
configure:5167: test -s conftest.o
configure:5170: $? = 0
configure:5196: /home/cvshdr/toolchain/bfin-uclinux/bin/bfin-uclinux-g++ -c -g -O2  conftest.cc >&5
configure:5202: $? = 0
configure:5205: test -z 			 || test ! -s conftest.err
configure:5208: $? = 0
configure:5211: test -s conftest.o
configure:5214: $? = 0
configure:5239: checking dependency style of /home/cvshdr/toolchain/bfin-uclinux/bin/bfin-uclinux-g++
configure:5329: result: none
configure:5356: checking how to run the C++ preprocessor
configure:5387: /home/cvshdr/toolchain/bfin-uclinux/bin/bfin-uclinux-g++ -E  conftest.cc
configure:5393: $? = 0
configure:5425: /home/cvshdr/toolchain/bfin-uclinux/bin/bfin-uclinux-g++ -E  conftest.cc
conftest.cc:23:28: ac_nonexistent.h: No such file or directory
configure:5431: $? = 1
configure: failed program was:
| /* confdefs.h.  */
| 
| #define PACKAGE_NAME "libltdl"
| #define PACKAGE_TARNAME "libltdl"
| #define PACKAGE_VERSION "1.2"
| #define PACKAGE_STRING "libltdl 1.2"
| #define PACKAGE_BUGREPORT "bug-libtool@gnu.org"
| #define STDC_HEADERS 1
| #define HAVE_SYS_TYPES_H 1
| #define HAVE_SYS_STAT_H 1
| #define HAVE_STDLIB_H 1
| #define HAVE_STRING_H 1
| #define HAVE_MEMORY_H 1
| #define HAVE_STRINGS_H 1
| #define HAVE_INTTYPES_H 1
| #define HAVE_STDINT_H 1
| #define HAVE_UNISTD_H 1
| #define HAVE_DLFCN_H 1
| #ifdef __cplusplus
| extern "C" void std::exit (int) throw (); using std::exit;
| #endif
| /* end confdefs.h.  */
| #include <ac_nonexistent.h>
configure:5470: result: /home/cvshdr/toolchain/bfin-uclinux/bin/bfin-uclinux-g++ -E
configure:5494: /home/cvshdr/toolchain/bfin-uclinux/bin/bfin-uclinux-g++ -E  conftest.cc
configure:5500: $? = 0
configure:5532: /home/cvshdr/toolchain/bfin-uclinux/bin/bfin-uclinux-g++ -E  conftest.cc
conftest.cc:23:28: ac_nonexistent.h: No such file or directory
configure:5538: $? = 1
configure: failed program was:
| /* confdefs.h.  */
| 
| #define PACKAGE_NAME "libltdl"
| #define PACKAGE_TARNAME "libltdl"
| #define PACKAGE_VERSION "1.2"
| #define PACKAGE_STRING "libltdl 1.2"
| #define PACKAGE_BUGREPORT "bug-libtool@gnu.org"
| #define STDC_HEADERS 1
| #define HAVE_SYS_TYPES_H 1
| #define HAVE_SYS_STAT_H 1
| #define HAVE_STDLIB_H 1
| #define HAVE_STRING_H 1
| #define HAVE_MEMORY_H 1
| #define HAVE_STRINGS_H 1
| #define HAVE_INTTYPES_H 1
| #define HAVE_STDINT_H 1
| #define HAVE_UNISTD_H 1
| #define HAVE_DLFCN_H 1
| #ifdef __cplusplus
| extern "C" void std::exit (int) throw (); using std::exit;
| #endif
| /* end confdefs.h.  */
| #include <ac_nonexistent.h>
configure:5593: checking for bfin-unknown-linux-gnu-g77
configure:5622: result: no
configure:5593: checking for bfin-unknown-linux-gnu-f77
configure:5622: result: no
configure:5593: checking for bfin-unknown-linux-gnu-xlf
configure:5622: result: no
configure:5593: checking for bfin-unknown-linux-gnu-frt
configure:5622: result: no
configure:5593: checking for bfin-unknown-linux-gnu-pgf77
configure:5622: result: no
configure:5593: checking for bfin-unknown-linux-gnu-fort77
configure:5622: result: no
configure:5593: checking for bfin-unknown-linux-gnu-fl32
configure:5622: result: no
configure:5593: checking for bfin-unknown-linux-gnu-af77
configure:5622: result: no
configure:5593: checking for bfin-unknown-linux-gnu-f90
configure:5622: result: no
configure:5593: checking for bfin-unknown-linux-gnu-xlf90
configure:5622: result: no
configure:5593: checking for bfin-unknown-linux-gnu-pgf90
configure:5622: result: no
configure:5593: checking for bfin-unknown-linux-gnu-epcf90
configure:5622: result: no
configure:5593: checking for bfin-unknown-linux-gnu-f95
configure:5622: result: no
configure:5593: checking for bfin-unknown-linux-gnu-fort
configure:5622: result: no
configure:5593: checking for bfin-unknown-linux-gnu-xlf95
configure:5622: result: no
configure:5593: checking for bfin-unknown-linux-gnu-ifc
configure:5622: result: no
configure:5593: checking for bfin-unknown-linux-gnu-efc
configure:5622: result: no
configure:5593: checking for bfin-unknown-linux-gnu-pgf95
configure:5622: result: no
configure:5593: checking for bfin-unknown-linux-gnu-lf95
configure:5622: result: no
configure:5593: checking for bfin-unknown-linux-gnu-gfortran
configure:5622: result: no
configure:5635: checking for g77
configure:5664: result: no
configure:5635: checking for f77
configure:5664: result: no
configure:5635: checking for xlf
configure:5664: result: no
configure:5635: checking for frt
configure:5664: result: no
configure:5635: checking for pgf77
configure:5664: result: no
configure:5635: checking for fort77
configure:5664: result: no
configure:5635: checking for fl32
configure:5664: result: no
configure:5635: checking for af77
configure:5664: result: no
configure:5635: checking for f90
configure:5664: result: no
configure:5635: checking for xlf90
configure:5664: result: no
configure:5635: checking for pgf90
configure:5664: result: no
configure:5635: checking for epcf90
configure:5664: result: no
configure:5635: checking for f95
configure:5664: result: no
configure:5635: checking for fort
configure:5664: result: no
configure:5635: checking for xlf95
configure:5664: result: no
configure:5635: checking for ifc
configure:5664: result: no
configure:5635: checking for efc
configure:5664: result: no
configure:5635: checking for pgf95
configure:5664: result: no
configure:5635: checking for lf95
configure:5664: result: no
configure:5635: checking for gfortran
configure:5664: result: no
configure:5676: checking for Fortran 77 compiler version
configure:5679:  --version </dev/null >&5
./configure: line 5680: --version: command not found
configure:5682: $? = 127
configure:5684:  -v </dev/null >&5
./configure: line 5685: -v: command not found
configure:5687: $? = 127
configure:5689:  -V </dev/null >&5
./configure: line 5690: -V: command not found
configure:5692: $? = 127
configure:5700: checking whether we are using the GNU Fortran 77 compiler
configure:5714:  -c  conftest.F >&5
./configure: line 5715: -c: command not found
configure:5720: $? = 127
configure: failed program was:
|       program main
| #ifndef __GNUC__
|        choke me
| #endif
| 
|       end
configure:5745: result: no
configure:5751: checking whether  accepts -g
configure:5763:  -c -g conftest.f >&5
./configure: line 5764: -c: command not found
configure:5769: $? = 127
configure: failed program was:
|       program main
| 
|       end
configure:5793: result: no
configure:5823: checking the maximum length of command line arguments
configure:5915: result: 32768
configure:5926: checking command to parse /home/cvshdr/toolchain/bfin-uclinux/bin/bfin-uclinux-nm output from /home/cvshdr/toolchain/bfin-uclinux/bin/bfin-uclinux-gcc object
configure:6022: /home/cvshdr/toolchain/bfin-uclinux/bin/bfin-uclinux-gcc -c -g -O2  conftest.c >&5
configure:6025: $? = 0
configure:6029: /home/cvshdr/toolchain/bfin-uclinux/bin/bfin-uclinux-nm conftest.o \| sed -n -e 's/^.*[ 	]\([ABCDGIRSTW][ABCDGIRSTW]*\)[ 	][ 	]*\([_A-Za-z][_A-Za-z0-9]*\)$/\1 \2 \2/p' \> conftest.nm
configure:6032: $? = 0
cannot find nm_test_var in conftest.nm
configure:6022: /home/cvshdr/toolchain/bfin-uclinux/bin/bfin-uclinux-gcc -c -g -O2  conftest.c >&5
configure:6025: $? = 0
configure:6029: /home/cvshdr/toolchain/bfin-uclinux/bin/bfin-uclinux-nm conftest.o \| sed -n -e 's/^.*[ 	]\([ABCDGIRSTW][ABCDGIRSTW]*\)[ 	][ 	]*_\([_A-Za-z][_A-Za-z0-9]*\)$/\1 _\2 \2/p' \> conftest.nm
configure:6032: $? = 0
configure:6084: /home/cvshdr/toolchain/bfin-uclinux/bin/bfin-uclinux-gcc -o conftest -g -O2   conftest.c conftstm.o >&5
configure:6087: $? = 0
configure:6125: result: ok
configure:6129: checking for objdir
configure:6144: result: .libs
configure:6196: checking for bfin-unknown-linux-gnu-ar
configure:6222: result: /home/cvshdr/toolchain/bfin-uclinux/bin/bfin-uclinux-ar
configure:6276: checking for bfin-unknown-linux-gnu-ranlib
configure:6302: result: /home/cvshdr/toolchain/bfin-uclinux/bin/bfin-uclinux-ranlib
configure:6356: checking for bfin-unknown-linux-gnu-strip
configure:6382: result: strip
configure:6708: checking if /home/cvshdr/toolchain/bfin-uclinux/bin/bfin-uclinux-gcc static flag  works
configure:6736: result: yes
configure:6758: checking if /home/cvshdr/toolchain/bfin-uclinux/bin/bfin-uclinux-gcc supports -fno-rtti -fno-exceptions
configure:6776: /home/cvshdr/toolchain/bfin-uclinux/bin/bfin-uclinux-gcc -c -g -O2  -fno-rtti -fno-exceptions conftest.c >&5
cc1: warning: command line option "-fno-rtti" is valid for C++/ObjC++ but not for C
configure:6780: $? = 0
configure:6793: result: no
configure:6808: checking for /home/cvshdr/toolchain/bfin-uclinux/bin/bfin-uclinux-gcc option to produce PIC
configure:7012: result: -fPIC
configure:7020: checking if /home/cvshdr/toolchain/bfin-uclinux/bin/bfin-uclinux-gcc PIC flag -fPIC works
configure:7038: /home/cvshdr/toolchain/bfin-uclinux/bin/bfin-uclinux-gcc -c -g -O2  -fPIC -DPIC conftest.c >&5
configure:7042: $? = 0
configure:7055: result: yes
configure:7079: checking if /home/cvshdr/toolchain/bfin-uclinux/bin/bfin-uclinux-gcc supports -c -o file.o
configure:7100: /home/cvshdr/toolchain/bfin-uclinux/bin/bfin-uclinux-gcc -c -g -O2  -o out/conftest2.o conftest.c >&5
configure:7104: $? = 0
configure:7126: result: yes
configure:7152: checking whether the /home/cvshdr/toolchain/bfin-uclinux/bin/bfin-uclinux-gcc linker (/home/cvshdr/toolchain/bfin-uclinux/bin/bfin-uclinux-ld) supports shared libraries
configure:8046: result: yes
configure:8117: checking dynamic linker characteristics
configure:8671: result: GNU/Linux ld.so
configure:8675: checking how to hardcode library paths into programs
configure:8700: result: immediate
configure:8714: checking whether stripping libraries is possible
configure:8719: result: yes
configure:9542: checking if libtool supports shared libraries
configure:9544: result: yes
configure:9547: checking whether to build shared libraries
configure:9568: result: no
configure:9571: checking whether to build static libraries
configure:9575: result: yes
configure:9667: creating libtool
configure:10245: checking for ld used by /home/cvshdr/toolchain/bfin-uclinux/bin/bfin-uclinux-g++
configure:10312: result: /home/cvshdr/toolchain/bfin-uclinux/bin/bfin-uclinux-ld
configure:10321: checking if the linker (/home/cvshdr/toolchain/bfin-uclinux/bin/bfin-uclinux-ld) is GNU ld
configure:10336: result: yes
configure:10387: checking whether the /home/cvshdr/toolchain/bfin-uclinux/bin/bfin-uclinux-g++ linker (/home/cvshdr/toolchain/bfin-uclinux/bin/bfin-uclinux-ld) supports shared libraries
configure:11265: result: yes
configure:11287: /home/cvshdr/toolchain/bfin-uclinux/bin/bfin-uclinux-g++ -c -g -O2  conftest.cpp >&5
configure:11290: $? = 0
configure:11400: checking for /home/cvshdr/toolchain/bfin-uclinux/bin/bfin-uclinux-g++ option to produce PIC
configure:11668: result: -fPIC
configure:11676: checking if /home/cvshdr/toolchain/bfin-uclinux/bin/bfin-uclinux-g++ PIC flag -fPIC works
configure:11694: /home/cvshdr/toolchain/bfin-uclinux/bin/bfin-uclinux-g++ -c -g -O2  -fPIC -DPIC conftest.cpp >&5
configure:11698: $? = 0
configure:11711: result: yes
configure:11735: checking if /home/cvshdr/toolchain/bfin-uclinux/bin/bfin-uclinux-g++ supports -c -o file.o
configure:11756: /home/cvshdr/toolchain/bfin-uclinux/bin/bfin-uclinux-g++ -c -g -O2  -o out/conftest2.o conftest.cpp >&5
configure:11760: $? = 0
configure:11782: result: yes
configure:11808: checking whether the /home/cvshdr/toolchain/bfin-uclinux/bin/bfin-uclinux-g++ linker (/home/cvshdr/toolchain/bfin-uclinux/bin/bfin-uclinux-ld) supports shared libraries
configure:11833: result: yes
configure:11904: checking dynamic linker characteristics
configure:12458: result: GNU/Linux ld.so
configure:12462: checking how to hardcode library paths into programs
configure:12487: result: immediate
configure:12501: checking whether stripping libraries is possible
configure:12506: result: yes
configure:20024: checking for dirent.h that defines DIR
configure:20048: /home/cvshdr/toolchain/bfin-uclinux/bin/bfin-uclinux-gcc -c -g -O2  conftest.c >&5
configure:20054: $? = 0
configure:20057: test -z 			 || test ! -s conftest.err
configure:20060: $? = 0
configure:20063: test -s conftest.o
configure:20066: $? = 0
configure:20077: result: yes
configure:20090: checking for library containing opendir
configure:20120: /home/cvshdr/toolchain/bfin-uclinux/bin/bfin-uclinux-gcc -o conftest -g -O2   conftest.c  >&5
configure:20126: $? = 0
configure:20129: test -z 			 || test ! -s conftest.err
configure:20132: $? = 0
configure:20135: test -s conftest
configure:20138: $? = 0
configure:20207: result: none required
configure:20369: checking which extension is used for loadable modules
configure:20379: result: .so
configure:20390: checking which variable specifies run-time library path
configure:20397: result: LD_LIBRARY_PATH
configure:20408: checking for the default library search path
configure:20415: result: /lib /usr/lib /usr/X11R6/lib/Xaw3d /usr/X11R6/lib /usr/i486-linux-libc5/lib /usr/i386-suse-linux/lib /usr/local/lib /opt/kde3/lib /opt/gnome/lib 
configure:20433: checking for objdir
configure:20454: result: .libs
configure:20463: checking whether libtool supports -dlopen/-dlpreopen
configure:20475: result: yes
configure:20494: checking for shl_load
configure:20551: /home/cvshdr/toolchain/bfin-uclinux/bin/bfin-uclinux-gcc -o conftest -g -O2   conftest.c  >&5
/tmp/ccCPOzJZ.o(.text+0xa): In function `main':
/home/cvshdr/uclinux/uClinux-dist/user/uCasterisk-0.1.5/build-bfin-uclinux/libtool-1.5.20/libltdl/conftest.c:69: undefined reference to `_shl_load'
/tmp/ccCPOzJZ.o(.text+0x10):/home/cvshdr/uclinux/uClinux-dist/user/uCasterisk-0.1.5/build-bfin-uclinux/libtool-1.5.20/libltdl/conftest.c:69: undefined reference to `_shl_load'
/tmp/ccCPOzJZ.o(.data+0x0): undefined reference to `_shl_load'
collect2: ld returned 1 exit status
configure:20557: $? = 1
configure: failed program was:
| /* confdefs.h.  */
| 
| #define PACKAGE_NAME "libltdl"
| #define PACKAGE_TARNAME "libltdl"
| #define PACKAGE_VERSION "1.2"
| #define PACKAGE_STRING "libltdl 1.2"
| #define PACKAGE_BUGREPORT "bug-libtool@gnu.org"
| #define STDC_HEADERS 1
| #define HAVE_SYS_TYPES_H 1
| #define HAVE_SYS_STAT_H 1
| #define HAVE_STDLIB_H 1
| #define HAVE_STRING_H 1
| #define HAVE_MEMORY_H 1
| #define HAVE_STRINGS_H 1
| #define HAVE_INTTYPES_H 1
| #define HAVE_STDINT_H 1
| #define HAVE_UNISTD_H 1
| #define HAVE_DLFCN_H 1
| #ifdef __cplusplus
| extern "C" void std::exit (int) throw (); using std::exit;
| #endif
| #define HAVE_DIRENT_H 1
| #define LTDL_SHLIB_EXT ".so"
| #define LTDL_SHLIBPATH_VAR "LD_LIBRARY_PATH"
| #define LTDL_SYSSEARCHPATH "/lib:/usr/lib:/usr/X11R6/lib/Xaw3d:/usr/X11R6/lib:/usr/i486-linux-libc5/lib:/usr/i386-suse-linux/lib:/usr/local/lib:/opt/kde3/lib:/opt/gnome/lib"
| #define LTDL_OBJDIR ".libs/"
| #define HAVE_PRELOADED_SYMBOLS 1
| /* end confdefs.h.  */
| /* Define shl_load to an innocuous variant, in case <limits.h> declares shl_load.
|    For example, HP-UX 11i <limits.h> declares gettimeofday.  */
| #define shl_load innocuous_shl_load
| 
| /* System header to define __stub macros and hopefully few prototypes,
|     which can conflict with char shl_load (); below.
|     Prefer <limits.h> to <assert.h> if __STDC__ is defined, since
|     <limits.h> exists even on freestanding compilers.  */
| 
| #ifdef __STDC__
| # include <limits.h>
| #else
| # include <assert.h>
| #endif
| 
| #undef shl_load
| 
| /* Override any gcc2 internal prototype to avoid an error.  */
| #ifdef __cplusplus
| extern "C"
| {
| #endif
| /* We use char because int might match the return type of a gcc2
|    builtin and then its argument prototype would still apply.  */
| char shl_load ();
| /* The GNU C library defines this for functions which it implements
|     to always fail with ENOSYS.  Some functions are actually named
|     something starting with __ and the normal name is an alias.  */
| #if defined (__stub_shl_load) || defined (__stub___shl_load)
| choke me
| #else
| char (*f) () = shl_load;
| #endif
| #ifdef __cplusplus
| }
| #endif
| 
| int
| main ()
| {
| return f != shl_load;
|   ;
|   return 0;
| }
configure:20581: result: no
configure:20590: checking for shl_load in -ldld
configure:20620: /home/cvshdr/toolchain/bfin-uclinux/bin/bfin-uclinux-gcc -o conftest -g -O2   conftest.c -ldld   >&5
/home/cvshdr/toolchain/bfin-uclinux/bin/../lib/gcc/bfin-uclinux/3.4.5/../../../../bfin-uclinux/bin/ld.real: cannot find -ldld
collect2: ld returned 1 exit status
configure:20626: $? = 1
configure: failed program was:
| /* confdefs.h.  */
| 
| #define PACKAGE_NAME "libltdl"
| #define PACKAGE_TARNAME "libltdl"
| #define PACKAGE_VERSION "1.2"
| #define PACKAGE_STRING "libltdl 1.2"
| #define PACKAGE_BUGREPORT "bug-libtool@gnu.org"
| #define STDC_HEADERS 1
| #define HAVE_SYS_TYPES_H 1
| #define HAVE_SYS_STAT_H 1
| #define HAVE_STDLIB_H 1
| #define HAVE_STRING_H 1
| #define HAVE_MEMORY_H 1
| #define HAVE_STRINGS_H 1
| #define HAVE_INTTYPES_H 1
| #define HAVE_STDINT_H 1
| #define HAVE_UNISTD_H 1
| #define HAVE_DLFCN_H 1
| #ifdef __cplusplus
| extern "C" void std::exit (int) throw (); using std::exit;
| #endif
| #define HAVE_DIRENT_H 1
| #define LTDL_SHLIB_EXT ".so"
| #define LTDL_SHLIBPATH_VAR "LD_LIBRARY_PATH"
| #define LTDL_SYSSEARCHPATH "/lib:/usr/lib:/usr/X11R6/lib/Xaw3d:/usr/X11R6/lib:/usr/i486-linux-libc5/lib:/usr/i386-suse-linux/lib:/usr/local/lib:/opt/kde3/lib:/opt/gnome/lib"
| #define LTDL_OBJDIR ".libs/"
| #define HAVE_PRELOADED_SYMBOLS 1
| /* end confdefs.h.  */
| 
| /* Override any gcc2 internal prototype to avoid an error.  */
| #ifdef __cplusplus
| extern "C"
| #endif
| /* We use char because int might match the return type of a gcc2
|    builtin and then its argument prototype would still apply.  */
| char shl_load ();
| int
| main ()
| {
| shl_load ();
|   ;
|   return 0;
| }
configure:20651: result: no
configure:20661: checking for dlopen in -ldl
configure:20691: /home/cvshdr/toolchain/bfin-uclinux/bin/bfin-uclinux-gcc -o conftest -g -O2   conftest.c -ldl   >&5
/home/cvshdr/toolchain/bfin-uclinux/bin/../lib/gcc/bfin-uclinux/3.4.5/../../../../bfin-uclinux/bin/ld.real: cannot find -ldl
collect2: ld returned 1 exit status
configure:20697: $? = 1
configure: failed program was:
| /* confdefs.h.  */
| 
| #define PACKAGE_NAME "libltdl"
| #define PACKAGE_TARNAME "libltdl"
| #define PACKAGE_VERSION "1.2"
| #define PACKAGE_STRING "libltdl 1.2"
| #define PACKAGE_BUGREPORT "bug-libtool@gnu.org"
| #define STDC_HEADERS 1
| #define HAVE_SYS_TYPES_H 1
| #define HAVE_SYS_STAT_H 1
| #define HAVE_STDLIB_H 1
| #define HAVE_STRING_H 1
| #define HAVE_MEMORY_H 1
| #define HAVE_STRINGS_H 1
| #define HAVE_INTTYPES_H 1
| #define HAVE_STDINT_H 1
| #define HAVE_UNISTD_H 1
| #define HAVE_DLFCN_H 1
| #ifdef __cplusplus
| extern "C" void std::exit (int) throw (); using std::exit;
| #endif
| #define HAVE_DIRENT_H 1
| #define LTDL_SHLIB_EXT ".so"
| #define LTDL_SHLIBPATH_VAR "LD_LIBRARY_PATH"
| #define LTDL_SYSSEARCHPATH "/lib:/usr/lib:/usr/X11R6/lib/Xaw3d:/usr/X11R6/lib:/usr/i486-linux-libc5/lib:/usr/i386-suse-linux/lib:/usr/local/lib:/opt/kde3/lib:/opt/gnome/lib"
| #define LTDL_OBJDIR ".libs/"
| #define HAVE_PRELOADED_SYMBOLS 1
| /* end confdefs.h.  */
| 
| /* Override any gcc2 internal prototype to avoid an error.  */
| #ifdef __cplusplus
| extern "C"
| #endif
| /* We use char because int might match the return type of a gcc2
|    builtin and then its argument prototype would still apply.  */
| char dlopen ();
| int
| main ()
| {
| dlopen ();
|   ;
|   return 0;
| }
configure:20722: result: no
configure:20751: /home/cvshdr/toolchain/bfin-uclinux/bin/bfin-uclinux-gcc -o conftest -g -O2   conftest.c  >&5
/tmp/cc4VQF5t.o(.text+0xa): In function `main':
/home/cvshdr/uclinux/uClinux-dist/user/uCasterisk-0.1.5/build-bfin-uclinux/libtool-1.5.20/libltdl/conftest.c:36: undefined reference to `_dlopen'
collect2: ld returned 1 exit status
configure:20757: $? = 1
configure: failed program was:
| /* confdefs.h.  */
| 
| #define PACKAGE_NAME "libltdl"
| #define PACKAGE_TARNAME "libltdl"
| #define PACKAGE_VERSION "1.2"
| #define PACKAGE_STRING "libltdl 1.2"
| #define PACKAGE_BUGREPORT "bug-libtool@gnu.org"
| #define STDC_HEADERS 1
| #define HAVE_SYS_TYPES_H 1
| #define HAVE_SYS_STAT_H 1
| #define HAVE_STDLIB_H 1
| #define HAVE_STRING_H 1
| #define HAVE_MEMORY_H 1
| #define HAVE_STRINGS_H 1
| #define HAVE_INTTYPES_H 1
| #define HAVE_STDINT_H 1
| #define HAVE_UNISTD_H 1
| #define HAVE_DLFCN_H 1
| #ifdef __cplusplus
| extern "C" void std::exit (int) throw (); using std::exit;
| #endif
| #define HAVE_DIRENT_H 1
| #define LTDL_SHLIB_EXT ".so"
| #define LTDL_SHLIBPATH_VAR "LD_LIBRARY_PATH"
| #define LTDL_SYSSEARCHPATH "/lib:/usr/lib:/usr/X11R6/lib/Xaw3d:/usr/X11R6/lib:/usr/i486-linux-libc5/lib:/usr/i386-suse-linux/lib:/usr/local/lib:/opt/kde3/lib:/opt/gnome/lib"
| #define LTDL_OBJDIR ".libs/"
| #define HAVE_PRELOADED_SYMBOLS 1
| /* end confdefs.h.  */
| #if HAVE_DLFCN_H
| #  include <dlfcn.h>
| #endif
| 
| int
| main ()
| {
| dlopen(0, 0);
|   ;
|   return 0;
| }
configure:20780: checking for dlopen in -lsvld
configure:20810: /home/cvshdr/toolchain/bfin-uclinux/bin/bfin-uclinux-gcc -o conftest -g -O2   conftest.c -lsvld   >&5
/home/cvshdr/toolchain/bfin-uclinux/bin/../lib/gcc/bfin-uclinux/3.4.5/../../../../bfin-uclinux/bin/ld.real: cannot find -lsvld
collect2: ld returned 1 exit status
configure:20816: $? = 1
configure: failed program was:
| /* confdefs.h.  */
| 
| #define PACKAGE_NAME "libltdl"
| #define PACKAGE_TARNAME "libltdl"
| #define PACKAGE_VERSION "1.2"
| #define PACKAGE_STRING "libltdl 1.2"
| #define PACKAGE_BUGREPORT "bug-libtool@gnu.org"
| #define STDC_HEADERS 1
| #define HAVE_SYS_TYPES_H 1
| #define HAVE_SYS_STAT_H 1
| #define HAVE_STDLIB_H 1
| #define HAVE_STRING_H 1
| #define HAVE_MEMORY_H 1
| #define HAVE_STRINGS_H 1
| #define HAVE_INTTYPES_H 1
| #define HAVE_STDINT_H 1
| #define HAVE_UNISTD_H 1
| #define HAVE_DLFCN_H 1
| #ifdef __cplusplus
| extern "C" void std::exit (int) throw (); using std::exit;
| #endif
| #define HAVE_DIRENT_H 1
| #define LTDL_SHLIB_EXT ".so"
| #define LTDL_SHLIBPATH_VAR "LD_LIBRARY_PATH"
| #define LTDL_SYSSEARCHPATH "/lib:/usr/lib:/usr/X11R6/lib/Xaw3d:/usr/X11R6/lib:/usr/i486-linux-libc5/lib:/usr/i386-suse-linux/lib:/usr/local/lib:/opt/kde3/lib:/opt/gnome/lib"
| #define LTDL_OBJDIR ".libs/"
| #define HAVE_PRELOADED_SYMBOLS 1
| /* end confdefs.h.  */
| 
| /* Override any gcc2 internal prototype to avoid an error.  */
| #ifdef __cplusplus
| extern "C"
| #endif
| /* We use char because int might match the return type of a gcc2
|    builtin and then its argument prototype would still apply.  */
| char dlopen ();
| int
| main ()
| {
| dlopen ();
|   ;
|   return 0;
| }
configure:20841: result: no
configure:20851: checking for dld_link in -ldld
configure:20881: /home/cvshdr/toolchain/bfin-uclinux/bin/bfin-uclinux-gcc -o conftest -g -O2   conftest.c -ldld   >&5
/home/cvshdr/toolchain/bfin-uclinux/bin/../lib/gcc/bfin-uclinux/3.4.5/../../../../bfin-uclinux/bin/ld.real: cannot find -ldld
collect2: ld returned 1 exit status
configure:20887: $? = 1
configure: failed program was:
| /* confdefs.h.  */
| 
| #define PACKAGE_NAME "libltdl"
| #define PACKAGE_TARNAME "libltdl"
| #define PACKAGE_VERSION "1.2"
| #define PACKAGE_STRING "libltdl 1.2"
| #define PACKAGE_BUGREPORT "bug-libtool@gnu.org"
| #define STDC_HEADERS 1
| #define HAVE_SYS_TYPES_H 1
| #define HAVE_SYS_STAT_H 1
| #define HAVE_STDLIB_H 1
| #define HAVE_STRING_H 1
| #define HAVE_MEMORY_H 1
| #define HAVE_STRINGS_H 1
| #define HAVE_INTTYPES_H 1
| #define HAVE_STDINT_H 1
| #define HAVE_UNISTD_H 1
| #define HAVE_DLFCN_H 1
| #ifdef __cplusplus
| extern "C" void std::exit (int) throw (); using std::exit;
| #endif
| #define HAVE_DIRENT_H 1
| #define LTDL_SHLIB_EXT ".so"
| #define LTDL_SHLIBPATH_VAR "LD_LIBRARY_PATH"
| #define LTDL_SYSSEARCHPATH "/lib:/usr/lib:/usr/X11R6/lib/Xaw3d:/usr/X11R6/lib:/usr/i486-linux-libc5/lib:/usr/i386-suse-linux/lib:/usr/local/lib:/opt/kde3/lib:/opt/gnome/lib"
| #define LTDL_OBJDIR ".libs/"
| #define HAVE_PRELOADED_SYMBOLS 1
| /* end confdefs.h.  */
| 
| /* Override any gcc2 internal prototype to avoid an error.  */
| #ifdef __cplusplus
| extern "C"
| #endif
| /* We use char because int might match the return type of a gcc2
|    builtin and then its argument prototype would still apply.  */
| char dld_link ();
| int
| main ()
| {
| dld_link ();
|   ;
|   return 0;
| }
configure:20912: result: no
configure:20922: checking for _dyld_func_lookup
configure:20979: /home/cvshdr/toolchain/bfin-uclinux/bin/bfin-uclinux-gcc -o conftest -g -O2   conftest.c  >&5
/tmp/ccuvfUVa.o(.text+0xa): In function `main':
/home/cvshdr/uclinux/uClinux-dist/user/uCasterisk-0.1.5/build-bfin-uclinux/libtool-1.5.20/libltdl/conftest.c:69: undefined reference to `__dyld_func_lookup'
/tmp/ccuvfUVa.o(.text+0x10):/home/cvshdr/uclinux/uClinux-dist/user/uCasterisk-0.1.5/build-bfin-uclinux/libtool-1.5.20/libltdl/conftest.c:69: undefined reference to `__dyld_func_lookup'
/tmp/ccuvfUVa.o(.data+0x0): undefined reference to `__dyld_func_lookup'
collect2: ld returned 1 exit status
configure:20985: $? = 1
configure: failed program was:
| /* confdefs.h.  */
| 
| #define PACKAGE_NAME "libltdl"
| #define PACKAGE_TARNAME "libltdl"
| #define PACKAGE_VERSION "1.2"
| #define PACKAGE_STRING "libltdl 1.2"
| #define PACKAGE_BUGREPORT "bug-libtool@gnu.org"
| #define STDC_HEADERS 1
| #define HAVE_SYS_TYPES_H 1
| #define HAVE_SYS_STAT_H 1
| #define HAVE_STDLIB_H 1
| #define HAVE_STRING_H 1
| #define HAVE_MEMORY_H 1
| #define HAVE_STRINGS_H 1
| #define HAVE_INTTYPES_H 1
| #define HAVE_STDINT_H 1
| #define HAVE_UNISTD_H 1
| #define HAVE_DLFCN_H 1
| #ifdef __cplusplus
| extern "C" void std::exit (int) throw (); using std::exit;
| #endif
| #define HAVE_DIRENT_H 1
| #define LTDL_SHLIB_EXT ".so"
| #define LTDL_SHLIBPATH_VAR "LD_LIBRARY_PATH"
| #define LTDL_SYSSEARCHPATH "/lib:/usr/lib:/usr/X11R6/lib/Xaw3d:/usr/X11R6/lib:/usr/i486-linux-libc5/lib:/usr/i386-suse-linux/lib:/usr/local/lib:/opt/kde3/lib:/opt/gnome/lib"
| #define LTDL_OBJDIR ".libs/"
| #define HAVE_PRELOADED_SYMBOLS 1
| /* end confdefs.h.  */
| /* Define _dyld_func_lookup to an innocuous variant, in case <limits.h> declares _dyld_func_lookup.
|    For example, HP-UX 11i <limits.h> declares gettimeofday.  */
| #define _dyld_func_lookup innocuous__dyld_func_lookup
| 
| /* System header to define __stub macros and hopefully few prototypes,
|     which can conflict with char _dyld_func_lookup (); below.
|     Prefer <limits.h> to <assert.h> if __STDC__ is defined, since
|     <limits.h> exists even on freestanding compilers.  */
| 
| #ifdef __STDC__
| # include <limits.h>
| #else
| # include <assert.h>
| #endif
| 
| #undef _dyld_func_lookup
| 
| /* Override any gcc2 internal prototype to avoid an error.  */
| #ifdef __cplusplus
| extern "C"
| {
| #endif
| /* We use char because int might match the return type of a gcc2
|    builtin and then its argument prototype would still apply.  */
| char _dyld_func_lookup ();
| /* The GNU C library defines this for functions which it implements
|     to always fail with ENOSYS.  Some functions are actually named
|     something starting with __ and the normal name is an alias.  */
| #if defined (__stub__dyld_func_lookup) || defined (__stub____dyld_func_lookup)
| choke me
| #else
| char (*f) () = _dyld_func_lookup;
| #endif
| #ifdef __cplusplus
| }
| #endif
| 
| int
| main ()
| {
| return f != _dyld_func_lookup;
|   ;
|   return 0;
| }
configure:21009: result: no
configure:21154: checking for _ prefix in compiled symbols
configure:21164: /home/cvshdr/toolchain/bfin-uclinux/bin/bfin-uclinux-gcc -c -g -O2  conftest.c >&5
configure:21167: $? = 0
configure:21171: /home/cvshdr/toolchain/bfin-uclinux/bin/bfin-uclinux-nm conftest.o \| sed -n -e 's/^.*[ 	]\([ABCDGIRSTW][ABCDGIRSTW]*\)[ 	][ 	]*_\([_A-Za-z][_A-Za-z0-9]*\)$/\1 _\2 \2/p' \> conftest.nm
configure:21174: $? = 0
configure:21196: result: yes
configure:21314: checking whether deplibs are loaded by dlopen
configure:21389: result: yes
configure:21413: checking argz.h usability
configure:21425: /home/cvshdr/toolchain/bfin-uclinux/bin/bfin-uclinux-gcc -c -g -O2  conftest.c >&5
conftest.c:63:18: argz.h: No such file or directory
configure:21431: $? = 1
configure: failed program was:
| /* confdefs.h.  */
| 
| #define PACKAGE_NAME "libltdl"
| #define PACKAGE_TARNAME "libltdl"
| #define PACKAGE_VERSION "1.2"
| #define PACKAGE_STRING "libltdl 1.2"
| #define PACKAGE_BUGREPORT "bug-libtool@gnu.org"
| #define STDC_HEADERS 1
| #define HAVE_SYS_TYPES_H 1
| #define HAVE_SYS_STAT_H 1
| #define HAVE_STDLIB_H 1
| #define HAVE_STRING_H 1
| #define HAVE_MEMORY_H 1
| #define HAVE_STRINGS_H 1
| #define HAVE_INTTYPES_H 1
| #define HAVE_STDINT_H 1
| #define HAVE_UNISTD_H 1
| #define HAVE_DLFCN_H 1
| #ifdef __cplusplus
| extern "C" void std::exit (int) throw (); using std::exit;
| #endif
| #define HAVE_DIRENT_H 1
| #define LTDL_SHLIB_EXT ".so"
| #define LTDL_SHLIBPATH_VAR "LD_LIBRARY_PATH"
| #define LTDL_SYSSEARCHPATH "/lib:/usr/lib:/usr/X11R6/lib/Xaw3d:/usr/X11R6/lib:/usr/i486-linux-libc5/lib:/usr/i386-suse-linux/lib:/usr/local/lib:/opt/kde3/lib:/opt/gnome/lib"
| #define LTDL_OBJDIR ".libs/"
| #define HAVE_PRELOADED_SYMBOLS 1
| /* end confdefs.h.  */
| #include <stdio.h>
| #if HAVE_SYS_TYPES_H
| # include <sys/types.h>
| #endif
| #if HAVE_SYS_STAT_H
| # include <sys/stat.h>
| #endif
| #if STDC_HEADERS
| # include <stdlib.h>
| # include <stddef.h>
| #else
| # if HAVE_STDLIB_H
| #  include <stdlib.h>
| # endif
| #endif
| #if HAVE_STRING_H
| # if !STDC_HEADERS && HAVE_MEMORY_H
| #  include <memory.h>
| # endif
| # include <string.h>
| #endif
| #if HAVE_STRINGS_H
| # include <strings.h>
| #endif
| #if HAVE_INTTYPES_H
| # include <inttypes.h>
| #else
| # if HAVE_STDINT_H
| #  include <stdint.h>
| # endif
| #endif
| #if HAVE_UNISTD_H
| # include <unistd.h>
| #endif
| #include <argz.h>
configure:21453: result: no
configure:21457: checking argz.h presence
configure:21467: /home/cvshdr/toolchain/bfin-uclinux/bin/bfin-uclinux-gcc -E  conftest.c
conftest.c:29:18: argz.h: No such file or directory
configure:21473: $? = 1
configure: failed program was:
| /* confdefs.h.  */
| 
| #define PACKAGE_NAME "libltdl"
| #define PACKAGE_TARNAME "libltdl"
| #define PACKAGE_VERSION "1.2"
| #define PACKAGE_STRING "libltdl 1.2"
| #define PACKAGE_BUGREPORT "bug-libtool@gnu.org"
| #define STDC_HEADERS 1
| #define HAVE_SYS_TYPES_H 1
| #define HAVE_SYS_STAT_H 1
| #define HAVE_STDLIB_H 1
| #define HAVE_STRING_H 1
| #define HAVE_MEMORY_H 1
| #define HAVE_STRINGS_H 1
| #define HAVE_INTTYPES_H 1
| #define HAVE_STDINT_H 1
| #define HAVE_UNISTD_H 1
| #define HAVE_DLFCN_H 1
| #ifdef __cplusplus
| extern "C" void std::exit (int) throw (); using std::exit;
| #endif
| #define HAVE_DIRENT_H 1
| #define LTDL_SHLIB_EXT ".so"
| #define LTDL_SHLIBPATH_VAR "LD_LIBRARY_PATH"
| #define LTDL_SYSSEARCHPATH "/lib:/usr/lib:/usr/X11R6/lib/Xaw3d:/usr/X11R6/lib:/usr/i486-linux-libc5/lib:/usr/i386-suse-linux/lib:/usr/local/lib:/opt/kde3/lib:/opt/gnome/lib"
| #define LTDL_OBJDIR ".libs/"
| #define HAVE_PRELOADED_SYMBOLS 1
| /* end confdefs.h.  */
| #include <argz.h>
configure:21493: result: no
configure:21528: checking for argz.h
configure:21535: result: no
configure:21549: checking for error_t
configure:21576: /home/cvshdr/toolchain/bfin-uclinux/bin/bfin-uclinux-gcc -c -g -O2  conftest.c >&5
conftest.c: In function `main':
conftest.c:36: error: `error_t' undeclared (first use in this function)
conftest.c:36: error: (Each undeclared identifier is reported only once
conftest.c:36: error: for each function it appears in.)
conftest.c:36: error: syntax error before ')' token
configure:21582: $? = 1
configure: failed program was:
| /* confdefs.h.  */
| 
| #define PACKAGE_NAME "libltdl"
| #define PACKAGE_TARNAME "libltdl"
| #define PACKAGE_VERSION "1.2"
| #define PACKAGE_STRING "libltdl 1.2"
| #define PACKAGE_BUGREPORT "bug-libtool@gnu.org"
| #define STDC_HEADERS 1
| #define HAVE_SYS_TYPES_H 1
| #define HAVE_SYS_STAT_H 1
| #define HAVE_STDLIB_H 1
| #define HAVE_STRING_H 1
| #define HAVE_MEMORY_H 1
| #define HAVE_STRINGS_H 1
| #define HAVE_INTTYPES_H 1
| #define HAVE_STDINT_H 1
| #define HAVE_UNISTD_H 1
| #define HAVE_DLFCN_H 1
| #ifdef __cplusplus
| extern "C" void std::exit (int) throw (); using std::exit;
| #endif
| #define HAVE_DIRENT_H 1
| #define LTDL_SHLIB_EXT ".so"
| #define LTDL_SHLIBPATH_VAR "LD_LIBRARY_PATH"
| #define LTDL_SYSSEARCHPATH "/lib:/usr/lib:/usr/X11R6/lib/Xaw3d:/usr/X11R6/lib:/usr/i486-linux-libc5/lib:/usr/i386-suse-linux/lib:/usr/local/lib:/opt/kde3/lib:/opt/gnome/lib"
| #define LTDL_OBJDIR ".libs/"
| #define HAVE_PRELOADED_SYMBOLS 1
| /* end confdefs.h.  */
| #if HAVE_ARGZ_H
| #  include <argz.h>
| #endif
| 
| int
| main ()
| {
| if ((error_t *) 0)
|   return 0;
| if (sizeof (error_t))
|   return 0;
|   ;
|   return 0;
| }
configure:21605: result: no
configure:21631: checking for argz_append
configure:21688: /home/cvshdr/toolchain/bfin-uclinux/bin/bfin-uclinux-gcc -o conftest -g -O2   conftest.c  >&5
/tmp/ccYrOfMb.o(.text+0xa): In function `main':
/home/cvshdr/uclinux/uClinux-dist/user/uCasterisk-0.1.5/build-bfin-uclinux/libtool-1.5.20/libltdl/conftest.c:70: undefined reference to `_argz_append'
/tmp/ccYrOfMb.o(.text+0x10):/home/cvshdr/uclinux/uClinux-dist/user/uCasterisk-0.1.5/build-bfin-uclinux/libtool-1.5.20/libltdl/conftest.c:70: undefined reference to `_argz_append'
/tmp/ccYrOfMb.o(.data+0x0): undefined reference to `_argz_append'
collect2: ld returned 1 exit status
configure:21694: $? = 1
configure: failed program was:
| /* confdefs.h.  */
| 
| #define PACKAGE_NAME "libltdl"
| #define PACKAGE_TARNAME "libltdl"
| #define PACKAGE_VERSION "1.2"
| #define PACKAGE_STRING "libltdl 1.2"
| #define PACKAGE_BUGREPORT "bug-libtool@gnu.org"
| #define STDC_HEADERS 1
| #define HAVE_SYS_TYPES_H 1
| #define HAVE_SYS_STAT_H 1
| #define HAVE_STDLIB_H 1
| #define HAVE_STRING_H 1
| #define HAVE_MEMORY_H 1
| #define HAVE_STRINGS_H 1
| #define HAVE_INTTYPES_H 1
| #define HAVE_STDINT_H 1
| #define HAVE_UNISTD_H 1
| #define HAVE_DLFCN_H 1
| #ifdef __cplusplus
| extern "C" void std::exit (int) throw (); using std::exit;
| #endif
| #define HAVE_DIRENT_H 1
| #define LTDL_SHLIB_EXT ".so"
| #define LTDL_SHLIBPATH_VAR "LD_LIBRARY_PATH"
| #define LTDL_SYSSEARCHPATH "/lib:/usr/lib:/usr/X11R6/lib/Xaw3d:/usr/X11R6/lib:/usr/i486-linux-libc5/lib:/usr/i386-suse-linux/lib:/usr/local/lib:/opt/kde3/lib:/opt/gnome/lib"
| #define LTDL_OBJDIR ".libs/"
| #define HAVE_PRELOADED_SYMBOLS 1
| #define error_t int
| /* end confdefs.h.  */
| /* Define argz_append to an innocuous variant, in case <limits.h> declares argz_append.
|    For example, HP-UX 11i <limits.h> declares gettimeofday.  */
| #define argz_append innocuous_argz_append
| 
| /* System header to define __stub macros and hopefully few prototypes,
|     which can conflict with char argz_append (); below.
|     Prefer <limits.h> to <assert.h> if __STDC__ is defined, since
|     <limits.h> exists even on freestanding compilers.  */
| 
| #ifdef __STDC__
| # include <limits.h>
| #else
| # include <assert.h>
| #endif
| 
| #undef argz_append
| 
| /* Override any gcc2 internal prototype to avoid an error.  */
| #ifdef __cplusplus
| extern "C"
| {
| #endif
| /* We use char because int might match the return type of a gcc2
|    builtin and then its argument prototype would still apply.  */
| char argz_append ();
| /* The GNU C library defines this for functions which it implements
|     to always fail with ENOSYS.  Some functions are actually named
|     something starting with __ and the normal name is an alias.  */
| #if defined (__stub_argz_append) || defined (__stub___argz_append)
| choke me
| #else
| char (*f) () = argz_append;
| #endif
| #ifdef __cplusplus
| }
| #endif
| 
| int
| main ()
| {
| return f != argz_append;
|   ;
|   return 0;
| }
configure:21718: result: no
configure:21631: checking for argz_create_sep
configure:21688: /home/cvshdr/toolchain/bfin-uclinux/bin/bfin-uclinux-gcc -o conftest -g -O2   conftest.c  >&5
/tmp/ccamAKsu.o(.text+0xa): In function `main':
/home/cvshdr/uclinux/uClinux-dist/user/uCasterisk-0.1.5/build-bfin-uclinux/libtool-1.5.20/libltdl/conftest.c:70: undefined reference to `_argz_create_sep'
/tmp/ccamAKsu.o(.text+0x10):/home/cvshdr/uclinux/uClinux-dist/user/uCasterisk-0.1.5/build-bfin-uclinux/libtool-1.5.20/libltdl/conftest.c:70: undefined reference to `_argz_create_sep'
/tmp/ccamAKsu.o(.data+0x0): undefined reference to `_argz_create_sep'
collect2: ld returned 1 exit status
configure:21694: $? = 1
configure: failed program was:
| /* confdefs.h.  */
| 
| #define PACKAGE_NAME "libltdl"
| #define PACKAGE_TARNAME "libltdl"
| #define PACKAGE_VERSION "1.2"
| #define PACKAGE_STRING "libltdl 1.2"
| #define PACKAGE_BUGREPORT "bug-libtool@gnu.org"
| #define STDC_HEADERS 1
| #define HAVE_SYS_TYPES_H 1
| #define HAVE_SYS_STAT_H 1
| #define HAVE_STDLIB_H 1
| #define HAVE_STRING_H 1
| #define HAVE_MEMORY_H 1
| #define HAVE_STRINGS_H 1
| #define HAVE_INTTYPES_H 1
| #define HAVE_STDINT_H 1
| #define HAVE_UNISTD_H 1
| #define HAVE_DLFCN_H 1
| #ifdef __cplusplus
| extern "C" void std::exit (int) throw (); using std::exit;
| #endif
| #define HAVE_DIRENT_H 1
| #define LTDL_SHLIB_EXT ".so"
| #define LTDL_SHLIBPATH_VAR "LD_LIBRARY_PATH"
| #define LTDL_SYSSEARCHPATH "/lib:/usr/lib:/usr/X11R6/lib/Xaw3d:/usr/X11R6/lib:/usr/i486-linux-libc5/lib:/usr/i386-suse-linux/lib:/usr/local/lib:/opt/kde3/lib:/opt/gnome/lib"
| #define LTDL_OBJDIR ".libs/"
| #define HAVE_PRELOADED_SYMBOLS 1
| #define error_t int
| /* end confdefs.h.  */
| /* Define argz_create_sep to an innocuous variant, in case <limits.h> declares argz_create_sep.
|    For example, HP-UX 11i <limits.h> declares gettimeofday.  */
| #define argz_create_sep innocuous_argz_create_sep
| 
| /* System header to define __stub macros and hopefully few prototypes,
|     which can conflict with char argz_create_sep (); below.
|     Prefer <limits.h> to <assert.h> if __STDC__ is defined, since
|     <limits.h> exists even on freestanding compilers.  */
| 
| #ifdef __STDC__
| # include <limits.h>
| #else
| # include <assert.h>
| #endif
| 
| #undef argz_create_sep
| 
| /* Override any gcc2 internal prototype to avoid an error.  */
| #ifdef __cplusplus
| extern "C"
| {
| #endif
| /* We use char because int might match the return type of a gcc2
|    builtin and then its argument prototype would still apply.  */
| char argz_create_sep ();
| /* The GNU C library defines this for functions which it implements
|     to always fail with ENOSYS.  Some functions are actually named
|     something starting with __ and the normal name is an alias.  */
| #if defined (__stub_argz_create_sep) || defined (__stub___argz_create_sep)
| choke me
| #else
| char (*f) () = argz_create_sep;
| #endif
| #ifdef __cplusplus
| }
| #endif
| 
| int
| main ()
| {
| return f != argz_create_sep;
|   ;
|   return 0;
| }
configure:21718: result: no
configure:21631: checking for argz_insert
configure:21688: /home/cvshdr/toolchain/bfin-uclinux/bin/bfin-uclinux-gcc -o conftest -g -O2   conftest.c  >&5
/tmp/cc2705TM.o(.text+0xa): In function `main':
/home/cvshdr/uclinux/uClinux-dist/user/uCasterisk-0.1.5/build-bfin-uclinux/libtool-1.5.20/libltdl/conftest.c:70: undefined reference to `_argz_insert'
/tmp/cc2705TM.o(.text+0x10):/home/cvshdr/uclinux/uClinux-dist/user/uCasterisk-0.1.5/build-bfin-uclinux/libtool-1.5.20/libltdl/conftest.c:70: undefined reference to `_argz_insert'
/tmp/cc2705TM.o(.data+0x0): undefined reference to `_argz_insert'
collect2: ld returned 1 exit status
configure:21694: $? = 1
configure: failed program was:
| /* confdefs.h.  */
| 
| #define PACKAGE_NAME "libltdl"
| #define PACKAGE_TARNAME "libltdl"
| #define PACKAGE_VERSION "1.2"
| #define PACKAGE_STRING "libltdl 1.2"
| #define PACKAGE_BUGREPORT "bug-libtool@gnu.org"
| #define STDC_HEADERS 1
| #define HAVE_SYS_TYPES_H 1
| #define HAVE_SYS_STAT_H 1
| #define HAVE_STDLIB_H 1
| #define HAVE_STRING_H 1
| #define HAVE_MEMORY_H 1
| #define HAVE_STRINGS_H 1
| #define HAVE_INTTYPES_H 1
| #define HAVE_STDINT_H 1
| #define HAVE_UNISTD_H 1
| #define HAVE_DLFCN_H 1
| #ifdef __cplusplus
| extern "C" void std::exit (int) throw (); using std::exit;
| #endif
| #define HAVE_DIRENT_H 1
| #define LTDL_SHLIB_EXT ".so"
| #define LTDL_SHLIBPATH_VAR "LD_LIBRARY_PATH"
| #define LTDL_SYSSEARCHPATH "/lib:/usr/lib:/usr/X11R6/lib/Xaw3d:/usr/X11R6/lib:/usr/i486-linux-libc5/lib:/usr/i386-suse-linux/lib:/usr/local/lib:/opt/kde3/lib:/opt/gnome/lib"
| #define LTDL_OBJDIR ".libs/"
| #define HAVE_PRELOADED_SYMBOLS 1
| #define error_t int
| /* end confdefs.h.  */
| /* Define argz_insert to an innocuous variant, in case <limits.h> declares argz_insert.
|    For example, HP-UX 11i <limits.h> declares gettimeofday.  */
| #define argz_insert innocuous_argz_insert
| 
| /* System header to define __stub macros and hopefully few prototypes,
|     which can conflict with char argz_insert (); below.
|     Prefer <limits.h> to <assert.h> if __STDC__ is defined, since
|     <limits.h> exists even on freestanding compilers.  */
| 
| #ifdef __STDC__
| # include <limits.h>
| #else
| # include <assert.h>
| #endif
| 
| #undef argz_insert
| 
| /* Override any gcc2 internal prototype to avoid an error.  */
| #ifdef __cplusplus
| extern "C"
| {
| #endif
| /* We use char because int might match the return type of a gcc2
|    builtin and then its argument prototype would still apply.  */
| char argz_insert ();
| /* The GNU C library defines this for functions which it implements
|     to always fail with ENOSYS.  Some functions are actually named
|     something starting with __ and the normal name is an alias.  */
| #if defined (__stub_argz_insert) || defined (__stub___argz_insert)
| choke me
| #else
| char (*f) () = argz_insert;
| #endif
| #ifdef __cplusplus
| }
| #endif
| 
| int
| main ()
| {
| return f != argz_insert;
|   ;
|   return 0;
| }
configure:21718: result: no
configure:21631: checking for argz_next
configure:21688: /home/cvshdr/toolchain/bfin-uclinux/bin/bfin-uclinux-gcc -o conftest -g -O2   conftest.c  >&5
/tmp/ccOdXrw5.o(.text+0xa): In function `main':
/home/cvshdr/uclinux/uClinux-dist/user/uCasterisk-0.1.5/build-bfin-uclinux/libtool-1.5.20/libltdl/conftest.c:70: undefined reference to `_argz_next'
/tmp/ccOdXrw5.o(.text+0x10):/home/cvshdr/uclinux/uClinux-dist/user/uCasterisk-0.1.5/build-bfin-uclinux/libtool-1.5.20/libltdl/conftest.c:70: undefined reference to `_argz_next'
/tmp/ccOdXrw5.o(.data+0x0): undefined reference to `_argz_next'
collect2: ld returned 1 exit status
configure:21694: $? = 1
configure: failed program was:
| /* confdefs.h.  */
| 
| #define PACKAGE_NAME "libltdl"
| #define PACKAGE_TARNAME "libltdl"
| #define PACKAGE_VERSION "1.2"
| #define PACKAGE_STRING "libltdl 1.2"
| #define PACKAGE_BUGREPORT "bug-libtool@gnu.org"
| #define STDC_HEADERS 1
| #define HAVE_SYS_TYPES_H 1
| #define HAVE_SYS_STAT_H 1
| #define HAVE_STDLIB_H 1
| #define HAVE_STRING_H 1
| #define HAVE_MEMORY_H 1
| #define HAVE_STRINGS_H 1
| #define HAVE_INTTYPES_H 1
| #define HAVE_STDINT_H 1
| #define HAVE_UNISTD_H 1
| #define HAVE_DLFCN_H 1
| #ifdef __cplusplus
| extern "C" void std::exit (int) throw (); using std::exit;
| #endif
| #define HAVE_DIRENT_H 1
| #define LTDL_SHLIB_EXT ".so"
| #define LTDL_SHLIBPATH_VAR "LD_LIBRARY_PATH"
| #define LTDL_SYSSEARCHPATH "/lib:/usr/lib:/usr/X11R6/lib/Xaw3d:/usr/X11R6/lib:/usr/i486-linux-libc5/lib:/usr/i386-suse-linux/lib:/usr/local/lib:/opt/kde3/lib:/opt/gnome/lib"
| #define LTDL_OBJDIR ".libs/"
| #define HAVE_PRELOADED_SYMBOLS 1
| #define error_t int
| /* end confdefs.h.  */
| /* Define argz_next to an innocuous variant, in case <limits.h> declares argz_next.
|    For example, HP-UX 11i <limits.h> declares gettimeofday.  */
| #define argz_next innocuous_argz_next
| 
| /* System header to define __stub macros and hopefully few prototypes,
|     which can conflict with char argz_next (); below.
|     Prefer <limits.h> to <assert.h> if __STDC__ is defined, since
|     <limits.h> exists even on freestanding compilers.  */
| 
| #ifdef __STDC__
| # include <limits.h>
| #else
| # include <assert.h>
| #endif
| 
| #undef argz_next
| 
| /* Override any gcc2 internal prototype to avoid an error.  */
| #ifdef __cplusplus
| extern "C"
| {
| #endif
| /* We use char because int might match the return type of a gcc2
|    builtin and then its argument prototype would still apply.  */
| char argz_next ();
| /* The GNU C library defines this for functions which it implements
|     to always fail with ENOSYS.  Some functions are actually named
|     something starting with __ and the normal name is an alias.  */
| #if defined (__stub_argz_next) || defined (__stub___argz_next)
| choke me
| #else
| char (*f) () = argz_next;
| #endif
| #ifdef __cplusplus
| }
| #endif
| 
| int
| main ()
| {
| return f != argz_next;
|   ;
|   return 0;
| }
configure:21718: result: no
configure:21631: checking for argz_stringify
configure:21688: /home/cvshdr/toolchain/bfin-uclinux/bin/bfin-uclinux-gcc -o conftest -g -O2   conftest.c  >&5
/tmp/cc0Jsqfn.o(.text+0xa): In function `main':
/home/cvshdr/uclinux/uClinux-dist/user/uCasterisk-0.1.5/build-bfin-uclinux/libtool-1.5.20/libltdl/conftest.c:70: undefined reference to `_argz_stringify'
/tmp/cc0Jsqfn.o(.text+0x10):/home/cvshdr/uclinux/uClinux-dist/user/uCasterisk-0.1.5/build-bfin-uclinux/libtool-1.5.20/libltdl/conftest.c:70: undefined reference to `_argz_stringify'
/tmp/cc0Jsqfn.o(.data+0x0): undefined reference to `_argz_stringify'
collect2: ld returned 1 exit status
configure:21694: $? = 1
configure: failed program was:
| /* confdefs.h.  */
| 
| #define PACKAGE_NAME "libltdl"
| #define PACKAGE_TARNAME "libltdl"
| #define PACKAGE_VERSION "1.2"
| #define PACKAGE_STRING "libltdl 1.2"
| #define PACKAGE_BUGREPORT "bug-libtool@gnu.org"
| #define STDC_HEADERS 1
| #define HAVE_SYS_TYPES_H 1
| #define HAVE_SYS_STAT_H 1
| #define HAVE_STDLIB_H 1
| #define HAVE_STRING_H 1
| #define HAVE_MEMORY_H 1
| #define HAVE_STRINGS_H 1
| #define HAVE_INTTYPES_H 1
| #define HAVE_STDINT_H 1
| #define HAVE_UNISTD_H 1
| #define HAVE_DLFCN_H 1
| #ifdef __cplusplus
| extern "C" void std::exit (int) throw (); using std::exit;
| #endif
| #define HAVE_DIRENT_H 1
| #define LTDL_SHLIB_EXT ".so"
| #define LTDL_SHLIBPATH_VAR "LD_LIBRARY_PATH"
| #define LTDL_SYSSEARCHPATH "/lib:/usr/lib:/usr/X11R6/lib/Xaw3d:/usr/X11R6/lib:/usr/i486-linux-libc5/lib:/usr/i386-suse-linux/lib:/usr/local/lib:/opt/kde3/lib:/opt/gnome/lib"
| #define LTDL_OBJDIR ".libs/"
| #define HAVE_PRELOADED_SYMBOLS 1
| #define error_t int
| /* end confdefs.h.  */
| /* Define argz_stringify to an innocuous variant, in case <limits.h> declares argz_stringify.
|    For example, HP-UX 11i <limits.h> declares gettimeofday.  */
| #define argz_stringify innocuous_argz_stringify
| 
| /* System header to define __stub macros and hopefully few prototypes,
|     which can conflict with char argz_stringify (); below.
|     Prefer <limits.h> to <assert.h> if __STDC__ is defined, since
|     <limits.h> exists even on freestanding compilers.  */
| 
| #ifdef __STDC__
| # include <limits.h>
| #else
| # include <assert.h>
| #endif
| 
| #undef argz_stringify
| 
| /* Override any gcc2 internal prototype to avoid an error.  */
| #ifdef __cplusplus
| extern "C"
| {
| #endif
| /* We use char because int might match the return type of a gcc2
|    builtin and then its argument prototype would still apply.  */
| char argz_stringify ();
| /* The GNU C library defines this for functions which it implements
|     to always fail with ENOSYS.  Some functions are actually named
|     something starting with __ and the normal name is an alias.  */
| #if defined (__stub_argz_stringify) || defined (__stub___argz_stringify)
| choke me
| #else
| char (*f) () = argz_stringify;
| #endif
| #ifdef __cplusplus
| }
| #endif
| 
| int
| main ()
| {
| return f != argz_stringify;
|   ;
|   return 0;
| }
configure:21718: result: no
configure:21769: checking assert.h usability
configure:21781: /home/cvshdr/toolchain/bfin-uclinux/bin/bfin-uclinux-gcc -c -g -O2  conftest.c >&5
configure:21787: $? = 0
configure:21790: test -z 			 || test ! -s conftest.err
configure:21793: $? = 0
configure:21796: test -s conftest.o
configure:21799: $? = 0
configure:21809: result: yes
configure:21813: checking assert.h presence
configure:21823: /home/cvshdr/toolchain/bfin-uclinux/bin/bfin-uclinux-gcc -E  conftest.c
configure:21829: $? = 0
configure:21849: result: yes
configure:21884: checking for assert.h
configure:21891: result: yes
configure:21769: checking ctype.h usability
configure:21781: /home/cvshdr/toolchain/bfin-uclinux/bin/bfin-uclinux-gcc -c -g -O2  conftest.c >&5
configure:21787: $? = 0
configure:21790: test -z 			 || test ! -s conftest.err
configure:21793: $? = 0
configure:21796: test -s conftest.o
configure:21799: $? = 0
configure:21809: result: yes
configure:21813: checking ctype.h presence
configure:21823: /home/cvshdr/toolchain/bfin-uclinux/bin/bfin-uclinux-gcc -E  conftest.c
configure:21829: $? = 0
configure:21849: result: yes
configure:21884: checking for ctype.h
configure:21891: result: yes
configure:21769: checking errno.h usability
configure:21781: /home/cvshdr/toolchain/bfin-uclinux/bin/bfin-uclinux-gcc -c -g -O2  conftest.c >&5
configure:21787: $? = 0
configure:21790: test -z 			 || test ! -s conftest.err
configure:21793: $? = 0
configure:21796: test -s conftest.o
configure:21799: $? = 0
configure:21809: result: yes
configure:21813: checking errno.h presence
configure:21823: /home/cvshdr/toolchain/bfin-uclinux/bin/bfin-uclinux-gcc -E  conftest.c
configure:21829: $? = 0
configure:21849: result: yes
configure:21884: checking for errno.h
configure:21891: result: yes
configure:21769: checking malloc.h usability
configure:21781: /home/cvshdr/toolchain/bfin-uclinux/bin/bfin-uclinux-gcc -c -g -O2  conftest.c >&5
configure:21787: $? = 0
configure:21790: test -z 			 || test ! -s conftest.err
configure:21793: $? = 0
configure:21796: test -s conftest.o
configure:21799: $? = 0
configure:21809: result: yes
configure:21813: checking malloc.h presence
configure:21823: /home/cvshdr/toolchain/bfin-uclinux/bin/bfin-uclinux-gcc -E  conftest.c
configure:21829: $? = 0
configure:21849: result: yes
configure:21884: checking for malloc.h
configure:21891: result: yes
configure:21760: checking for memory.h
configure:21765: result: yes
configure:21760: checking for stdlib.h
configure:21765: result: yes
configure:21769: checking stdio.h usability
configure:21781: /home/cvshdr/toolchain/bfin-uclinux/bin/bfin-uclinux-gcc -c -g -O2  conftest.c >&5
configure:21787: $? = 0
configure:21790: test -z 			 || test ! -s conftest.err
configure:21793: $? = 0
configure:21796: test -s conftest.o
configure:21799: $? = 0
configure:21809: result: yes
configure:21813: checking stdio.h presence
configure:21823: /home/cvshdr/toolchain/bfin-uclinux/bin/bfin-uclinux-gcc -E  conftest.c
configure:21829: $? = 0
configure:21849: result: yes
configure:21884: checking for stdio.h
configure:21891: result: yes
configure:21760: checking for unistd.h
configure:21765: result: yes
configure:21921: checking dl.h usability
configure:21933: /home/cvshdr/toolchain/bfin-uclinux/bin/bfin-uclinux-gcc -c -g -O2  conftest.c >&5
conftest.c:72:16: dl.h: No such file or directory
configure:21939: $? = 1
configure: failed program was:
| /* confdefs.h.  */
| 
| #define PACKAGE_NAME "libltdl"
| #define PACKAGE_TARNAME "libltdl"
| #define PACKAGE_VERSION "1.2"
| #define PACKAGE_STRING "libltdl 1.2"
| #define PACKAGE_BUGREPORT "bug-libtool@gnu.org"
| #define STDC_HEADERS 1
| #define HAVE_SYS_TYPES_H 1
| #define HAVE_SYS_STAT_H 1
| #define HAVE_STDLIB_H 1
| #define HAVE_STRING_H 1
| #define HAVE_MEMORY_H 1
| #define HAVE_STRINGS_H 1
| #define HAVE_INTTYPES_H 1
| #define HAVE_STDINT_H 1
| #define HAVE_UNISTD_H 1
| #define HAVE_DLFCN_H 1
| #ifdef __cplusplus
| extern "C" void std::exit (int) throw (); using std::exit;
| #endif
| #define HAVE_DIRENT_H 1
| #define LTDL_SHLIB_EXT ".so"
| #define LTDL_SHLIBPATH_VAR "LD_LIBRARY_PATH"
| #define LTDL_SYSSEARCHPATH "/lib:/usr/lib:/usr/X11R6/lib/Xaw3d:/usr/X11R6/lib:/usr/i486-linux-libc5/lib:/usr/i386-suse-linux/lib:/usr/local/lib:/opt/kde3/lib:/opt/gnome/lib"
| #define LTDL_OBJDIR ".libs/"
| #define HAVE_PRELOADED_SYMBOLS 1
| #define error_t int
| #define HAVE_ASSERT_H 1
| #define HAVE_CTYPE_H 1
| #define HAVE_ERRNO_H 1
| #define HAVE_MALLOC_H 1
| #define HAVE_MEMORY_H 1
| #define HAVE_STDLIB_H 1
| #define HAVE_STDIO_H 1
| #define HAVE_UNISTD_H 1
| /* end confdefs.h.  */
| #include <stdio.h>
| #if HAVE_SYS_TYPES_H
| # include <sys/types.h>
| #endif
| #if HAVE_SYS_STAT_H
| # include <sys/stat.h>
| #endif
| #if STDC_HEADERS
| # include <stdlib.h>
| # include <stddef.h>
| #else
| # if HAVE_STDLIB_H
| #  include <stdlib.h>
| # endif
| #endif
| #if HAVE_STRING_H
| # if !STDC_HEADERS && HAVE_MEMORY_H
| #  include <memory.h>
| # endif
| # include <string.h>
| #endif
| #if HAVE_STRINGS_H
| # include <strings.h>
| #endif
| #if HAVE_INTTYPES_H
| # include <inttypes.h>
| #else
| # if HAVE_STDINT_H
| #  include <stdint.h>
| # endif
| #endif
| #if HAVE_UNISTD_H
| # include <unistd.h>
| #endif
| #include <dl.h>
configure:21961: result: no
configure:21965: checking dl.h presence
configure:21975: /home/cvshdr/toolchain/bfin-uclinux/bin/bfin-uclinux-gcc -E  conftest.c
conftest.c:38:16: dl.h: No such file or directory
configure:21981: $? = 1
configure: failed program was:
| /* confdefs.h.  */
| 
| #define PACKAGE_NAME "libltdl"
| #define PACKAGE_TARNAME "libltdl"
| #define PACKAGE_VERSION "1.2"
| #define PACKAGE_STRING "libltdl 1.2"
| #define PACKAGE_BUGREPORT "bug-libtool@gnu.org"
| #define STDC_HEADERS 1
| #define HAVE_SYS_TYPES_H 1
| #define HAVE_SYS_STAT_H 1
| #define HAVE_STDLIB_H 1
| #define HAVE_STRING_H 1
| #define HAVE_MEMORY_H 1
| #define HAVE_STRINGS_H 1
| #define HAVE_INTTYPES_H 1
| #define HAVE_STDINT_H 1
| #define HAVE_UNISTD_H 1
| #define HAVE_DLFCN_H 1
| #ifdef __cplusplus
| extern "C" void std::exit (int) throw (); using std::exit;
| #endif
| #define HAVE_DIRENT_H 1
| #define LTDL_SHLIB_EXT ".so"
| #define LTDL_SHLIBPATH_VAR "LD_LIBRARY_PATH"
| #define LTDL_SYSSEARCHPATH "/lib:/usr/lib:/usr/X11R6/lib/Xaw3d:/usr/X11R6/lib:/usr/i486-linux-libc5/lib:/usr/i386-suse-linux/lib:/usr/local/lib:/opt/kde3/lib:/opt/gnome/lib"
| #define LTDL_OBJDIR ".libs/"
| #define HAVE_PRELOADED_SYMBOLS 1
| #define error_t int
| #define HAVE_ASSERT_H 1
| #define HAVE_CTYPE_H 1
| #define HAVE_ERRNO_H 1
| #define HAVE_MALLOC_H 1
| #define HAVE_MEMORY_H 1
| #define HAVE_STDLIB_H 1
| #define HAVE_STDIO_H 1
| #define HAVE_UNISTD_H 1
| /* end confdefs.h.  */
| #include <dl.h>
configure:22001: result: no
configure:22036: checking for dl.h
configure:22043: result: no
configure:21921: checking sys/dl.h usability
configure:21933: /home/cvshdr/toolchain/bfin-uclinux/bin/bfin-uclinux-gcc -c -g -O2  conftest.c >&5
conftest.c:72:20: sys/dl.h: No such file or directory
configure:21939: $? = 1
configure: failed program was:
| /* confdefs.h.  */
| 
| #define PACKAGE_NAME "libltdl"
| #define PACKAGE_TARNAME "libltdl"
| #define PACKAGE_VERSION "1.2"
| #define PACKAGE_STRING "libltdl 1.2"
| #define PACKAGE_BUGREPORT "bug-libtool@gnu.org"
| #define STDC_HEADERS 1
| #define HAVE_SYS_TYPES_H 1
| #define HAVE_SYS_STAT_H 1
| #define HAVE_STDLIB_H 1
| #define HAVE_STRING_H 1
| #define HAVE_MEMORY_H 1
| #define HAVE_STRINGS_H 1
| #define HAVE_INTTYPES_H 1
| #define HAVE_STDINT_H 1
| #define HAVE_UNISTD_H 1
| #define HAVE_DLFCN_H 1
| #ifdef __cplusplus
| extern "C" void std::exit (int) throw (); using std::exit;
| #endif
| #define HAVE_DIRENT_H 1
| #define LTDL_SHLIB_EXT ".so"
| #define LTDL_SHLIBPATH_VAR "LD_LIBRARY_PATH"
| #define LTDL_SYSSEARCHPATH "/lib:/usr/lib:/usr/X11R6/lib/Xaw3d:/usr/X11R6/lib:/usr/i486-linux-libc5/lib:/usr/i386-suse-linux/lib:/usr/local/lib:/opt/kde3/lib:/opt/gnome/lib"
| #define LTDL_OBJDIR ".libs/"
| #define HAVE_PRELOADED_SYMBOLS 1
| #define error_t int
| #define HAVE_ASSERT_H 1
| #define HAVE_CTYPE_H 1
| #define HAVE_ERRNO_H 1
| #define HAVE_MALLOC_H 1
| #define HAVE_MEMORY_H 1
| #define HAVE_STDLIB_H 1
| #define HAVE_STDIO_H 1
| #define HAVE_UNISTD_H 1
| /* end confdefs.h.  */
| #include <stdio.h>
| #if HAVE_SYS_TYPES_H
| # include <sys/types.h>
| #endif
| #if HAVE_SYS_STAT_H
| # include <sys/stat.h>
| #endif
| #if STDC_HEADERS
| # include <stdlib.h>
| # include <stddef.h>
| #else
| # if HAVE_STDLIB_H
| #  include <stdlib.h>
| # endif
| #endif
| #if HAVE_STRING_H
| # if !STDC_HEADERS && HAVE_MEMORY_H
| #  include <memory.h>
| # endif
| # include <string.h>
| #endif
| #if HAVE_STRINGS_H
| # include <strings.h>
| #endif
| #if HAVE_INTTYPES_H
| # include <inttypes.h>
| #else
| # if HAVE_STDINT_H
| #  include <stdint.h>
| # endif
| #endif
| #if HAVE_UNISTD_H
| # include <unistd.h>
| #endif
| #include <sys/dl.h>
configure:21961: result: no
configure:21965: checking sys/dl.h presence
configure:21975: /home/cvshdr/toolchain/bfin-uclinux/bin/bfin-uclinux-gcc -E  conftest.c
conftest.c:38:20: sys/dl.h: No such file or directory
configure:21981: $? = 1
configure: failed program was:
| /* confdefs.h.  */
| 
| #define PACKAGE_NAME "libltdl"
| #define PACKAGE_TARNAME "libltdl"
| #define PACKAGE_VERSION "1.2"
| #define PACKAGE_STRING "libltdl 1.2"
| #define PACKAGE_BUGREPORT "bug-libtool@gnu.org"
| #define STDC_HEADERS 1
| #define HAVE_SYS_TYPES_H 1
| #define HAVE_SYS_STAT_H 1
| #define HAVE_STDLIB_H 1
| #define HAVE_STRING_H 1
| #define HAVE_MEMORY_H 1
| #define HAVE_STRINGS_H 1
| #define HAVE_INTTYPES_H 1
| #define HAVE_STDINT_H 1
| #define HAVE_UNISTD_H 1
| #define HAVE_DLFCN_H 1
| #ifdef __cplusplus
| extern "C" void std::exit (int) throw (); using std::exit;
| #endif
| #define HAVE_DIRENT_H 1
| #define LTDL_SHLIB_EXT ".so"
| #define LTDL_SHLIBPATH_VAR "LD_LIBRARY_PATH"
| #define LTDL_SYSSEARCHPATH "/lib:/usr/lib:/usr/X11R6/lib/Xaw3d:/usr/X11R6/lib:/usr/i486-linux-libc5/lib:/usr/i386-suse-linux/lib:/usr/local/lib:/opt/kde3/lib:/opt/gnome/lib"
| #define LTDL_OBJDIR ".libs/"
| #define HAVE_PRELOADED_SYMBOLS 1
| #define error_t int
| #define HAVE_ASSERT_H 1
| #define HAVE_CTYPE_H 1
| #define HAVE_ERRNO_H 1
| #define HAVE_MALLOC_H 1
| #define HAVE_MEMORY_H 1
| #define HAVE_STDLIB_H 1
| #define HAVE_STDIO_H 1
| #define HAVE_UNISTD_H 1
| /* end confdefs.h.  */
| #include <sys/dl.h>
configure:22001: result: no
configure:22036: checking for sys/dl.h
configure:22043: result: no
configure:21921: checking dld.h usability
configure:21933: /home/cvshdr/toolchain/bfin-uclinux/bin/bfin-uclinux-gcc -c -g -O2  conftest.c >&5
conftest.c:72:17: dld.h: No such file or directory
configure:21939: $? = 1
configure: failed program was:
| /* confdefs.h.  */
| 
| #define PACKAGE_NAME "libltdl"
| #define PACKAGE_TARNAME "libltdl"
| #define PACKAGE_VERSION "1.2"
| #define PACKAGE_STRING "libltdl 1.2"
| #define PACKAGE_BUGREPORT "bug-libtool@gnu.org"
| #define STDC_HEADERS 1
| #define HAVE_SYS_TYPES_H 1
| #define HAVE_SYS_STAT_H 1
| #define HAVE_STDLIB_H 1
| #define HAVE_STRING_H 1
| #define HAVE_MEMORY_H 1
| #define HAVE_STRINGS_H 1
| #define HAVE_INTTYPES_H 1
| #define HAVE_STDINT_H 1
| #define HAVE_UNISTD_H 1
| #define HAVE_DLFCN_H 1
| #ifdef __cplusplus
| extern "C" void std::exit (int) throw (); using std::exit;
| #endif
| #define HAVE_DIRENT_H 1
| #define LTDL_SHLIB_EXT ".so"
| #define LTDL_SHLIBPATH_VAR "LD_LIBRARY_PATH"
| #define LTDL_SYSSEARCHPATH "/lib:/usr/lib:/usr/X11R6/lib/Xaw3d:/usr/X11R6/lib:/usr/i486-linux-libc5/lib:/usr/i386-suse-linux/lib:/usr/local/lib:/opt/kde3/lib:/opt/gnome/lib"
| #define LTDL_OBJDIR ".libs/"
| #define HAVE_PRELOADED_SYMBOLS 1
| #define error_t int
| #define HAVE_ASSERT_H 1
| #define HAVE_CTYPE_H 1
| #define HAVE_ERRNO_H 1
| #define HAVE_MALLOC_H 1
| #define HAVE_MEMORY_H 1
| #define HAVE_STDLIB_H 1
| #define HAVE_STDIO_H 1
| #define HAVE_UNISTD_H 1
| /* end confdefs.h.  */
| #include <stdio.h>
| #if HAVE_SYS_TYPES_H
| # include <sys/types.h>
| #endif
| #if HAVE_SYS_STAT_H
| # include <sys/stat.h>
| #endif
| #if STDC_HEADERS
| # include <stdlib.h>
| # include <stddef.h>
| #else
| # if HAVE_STDLIB_H
| #  include <stdlib.h>
| # endif
| #endif
| #if HAVE_STRING_H
| # if !STDC_HEADERS && HAVE_MEMORY_H
| #  include <memory.h>
| # endif
| # include <string.h>
| #endif
| #if HAVE_STRINGS_H
| # include <strings.h>
| #endif
| #if HAVE_INTTYPES_H
| # include <inttypes.h>
| #else
| # if HAVE_STDINT_H
| #  include <stdint.h>
| # endif
| #endif
| #if HAVE_UNISTD_H
| # include <unistd.h>
| #endif
| #include <dld.h>
configure:21961: result: no
configure:21965: checking dld.h presence
configure:21975: /home/cvshdr/toolchain/bfin-uclinux/bin/bfin-uclinux-gcc -E  conftest.c
conftest.c:38:17: dld.h: No such file or directory
configure:21981: $? = 1
configure: failed program was:
| /* confdefs.h.  */
| 
| #define PACKAGE_NAME "libltdl"
| #define PACKAGE_TARNAME "libltdl"
| #define PACKAGE_VERSION "1.2"
| #define PACKAGE_STRING "libltdl 1.2"
| #define PACKAGE_BUGREPORT "bug-libtool@gnu.org"
| #define STDC_HEADERS 1
| #define HAVE_SYS_TYPES_H 1
| #define HAVE_SYS_STAT_H 1
| #define HAVE_STDLIB_H 1
| #define HAVE_STRING_H 1
| #define HAVE_MEMORY_H 1
| #define HAVE_STRINGS_H 1
| #define HAVE_INTTYPES_H 1
| #define HAVE_STDINT_H 1
| #define HAVE_UNISTD_H 1
| #define HAVE_DLFCN_H 1
| #ifdef __cplusplus
| extern "C" void std::exit (int) throw (); using std::exit;
| #endif
| #define HAVE_DIRENT_H 1
| #define LTDL_SHLIB_EXT ".so"
| #define LTDL_SHLIBPATH_VAR "LD_LIBRARY_PATH"
| #define LTDL_SYSSEARCHPATH "/lib:/usr/lib:/usr/X11R6/lib/Xaw3d:/usr/X11R6/lib:/usr/i486-linux-libc5/lib:/usr/i386-suse-linux/lib:/usr/local/lib:/opt/kde3/lib:/opt/gnome/lib"
| #define LTDL_OBJDIR ".libs/"
| #define HAVE_PRELOADED_SYMBOLS 1
| #define error_t int
| #define HAVE_ASSERT_H 1
| #define HAVE_CTYPE_H 1
| #define HAVE_ERRNO_H 1
| #define HAVE_MALLOC_H 1
| #define HAVE_MEMORY_H 1
| #define HAVE_STDLIB_H 1
| #define HAVE_STDIO_H 1
| #define HAVE_UNISTD_H 1
| /* end confdefs.h.  */
| #include <dld.h>
configure:22001: result: no
configure:22036: checking for dld.h
configure:22043: result: no
configure:21921: checking mach-o/dyld.h usability
configure:21933: /home/cvshdr/toolchain/bfin-uclinux/bin/bfin-uclinux-gcc -c -g -O2  conftest.c >&5
conftest.c:72:25: mach-o/dyld.h: No such file or directory
configure:21939: $? = 1
configure: failed program was:
| /* confdefs.h.  */
| 
| #define PACKAGE_NAME "libltdl"
| #define PACKAGE_TARNAME "libltdl"
| #define PACKAGE_VERSION "1.2"
| #define PACKAGE_STRING "libltdl 1.2"
| #define PACKAGE_BUGREPORT "bug-libtool@gnu.org"
| #define STDC_HEADERS 1
| #define HAVE_SYS_TYPES_H 1
| #define HAVE_SYS_STAT_H 1
| #define HAVE_STDLIB_H 1
| #define HAVE_STRING_H 1
| #define HAVE_MEMORY_H 1
| #define HAVE_STRINGS_H 1
| #define HAVE_INTTYPES_H 1
| #define HAVE_STDINT_H 1
| #define HAVE_UNISTD_H 1
| #define HAVE_DLFCN_H 1
| #ifdef __cplusplus
| extern "C" void std::exit (int) throw (); using std::exit;
| #endif
| #define HAVE_DIRENT_H 1
| #define LTDL_SHLIB_EXT ".so"
| #define LTDL_SHLIBPATH_VAR "LD_LIBRARY_PATH"
| #define LTDL_SYSSEARCHPATH "/lib:/usr/lib:/usr/X11R6/lib/Xaw3d:/usr/X11R6/lib:/usr/i486-linux-libc5/lib:/usr/i386-suse-linux/lib:/usr/local/lib:/opt/kde3/lib:/opt/gnome/lib"
| #define LTDL_OBJDIR ".libs/"
| #define HAVE_PRELOADED_SYMBOLS 1
| #define error_t int
| #define HAVE_ASSERT_H 1
| #define HAVE_CTYPE_H 1
| #define HAVE_ERRNO_H 1
| #define HAVE_MALLOC_H 1
| #define HAVE_MEMORY_H 1
| #define HAVE_STDLIB_H 1
| #define HAVE_STDIO_H 1
| #define HAVE_UNISTD_H 1
| /* end confdefs.h.  */
| #include <stdio.h>
| #if HAVE_SYS_TYPES_H
| # include <sys/types.h>
| #endif
| #if HAVE_SYS_STAT_H
| # include <sys/stat.h>
| #endif
| #if STDC_HEADERS
| # include <stdlib.h>
| # include <stddef.h>
| #else
| # if HAVE_STDLIB_H
| #  include <stdlib.h>
| # endif
| #endif
| #if HAVE_STRING_H
| # if !STDC_HEADERS && HAVE_MEMORY_H
| #  include <memory.h>
| # endif
| # include <string.h>
| #endif
| #if HAVE_STRINGS_H
| # include <strings.h>
| #endif
| #if HAVE_INTTYPES_H
| # include <inttypes.h>
| #else
| # if HAVE_STDINT_H
| #  include <stdint.h>
| # endif
| #endif
| #if HAVE_UNISTD_H
| # include <unistd.h>
| #endif
| #include <mach-o/dyld.h>
configure:21961: result: no
configure:21965: checking mach-o/dyld.h presence
configure:21975: /home/cvshdr/toolchain/bfin-uclinux/bin/bfin-uclinux-gcc -E  conftest.c
conftest.c:38:25: mach-o/dyld.h: No such file or directory
configure:21981: $? = 1
configure: failed program was:
| /* confdefs.h.  */
| 
| #define PACKAGE_NAME "libltdl"
| #define PACKAGE_TARNAME "libltdl"
| #define PACKAGE_VERSION "1.2"
| #define PACKAGE_STRING "libltdl 1.2"
| #define PACKAGE_BUGREPORT "bug-libtool@gnu.org"
| #define STDC_HEADERS 1
| #define HAVE_SYS_TYPES_H 1
| #define HAVE_SYS_STAT_H 1
| #define HAVE_STDLIB_H 1
| #define HAVE_STRING_H 1
| #define HAVE_MEMORY_H 1
| #define HAVE_STRINGS_H 1
| #define HAVE_INTTYPES_H 1
| #define HAVE_STDINT_H 1
| #define HAVE_UNISTD_H 1
| #define HAVE_DLFCN_H 1
| #ifdef __cplusplus
| extern "C" void std::exit (int) throw (); using std::exit;
| #endif
| #define HAVE_DIRENT_H 1
| #define LTDL_SHLIB_EXT ".so"
| #define LTDL_SHLIBPATH_VAR "LD_LIBRARY_PATH"
| #define LTDL_SYSSEARCHPATH "/lib:/usr/lib:/usr/X11R6/lib/Xaw3d:/usr/X11R6/lib:/usr/i486-linux-libc5/lib:/usr/i386-suse-linux/lib:/usr/local/lib:/opt/kde3/lib:/opt/gnome/lib"
| #define LTDL_OBJDIR ".libs/"
| #define HAVE_PRELOADED_SYMBOLS 1
| #define error_t int
| #define HAVE_ASSERT_H 1
| #define HAVE_CTYPE_H 1
| #define HAVE_ERRNO_H 1
| #define HAVE_MALLOC_H 1
| #define HAVE_MEMORY_H 1
| #define HAVE_STDLIB_H 1
| #define HAVE_STDIO_H 1
| #define HAVE_UNISTD_H 1
| /* end confdefs.h.  */
| #include <mach-o/dyld.h>
configure:22001: result: no
configure:22036: checking for mach-o/dyld.h
configure:22043: result: no
configure:22062: checking for string.h
configure:22067: result: yes
configure:22212: checking for strchr
configure:22269: /home/cvshdr/toolchain/bfin-uclinux/bin/bfin-uclinux-gcc -o conftest -g -O2   conftest.c  >&5
conftest.c:63: warning: conflicting types for built-in function 'strchr'
configure:22275: $? = 0
configure:22278: test -z 			 || test ! -s conftest.err
configure:22281: $? = 0
configure:22284: test -s conftest
configure:22287: $? = 0
configure:22299: result: yes
configure:22314: checking for strrchr
configure:22371: /home/cvshdr/toolchain/bfin-uclinux/bin/bfin-uclinux-gcc -o conftest -g -O2   conftest.c  >&5
conftest.c:64: warning: conflicting types for built-in function 'strrchr'
configure:22377: $? = 0
configure:22380: test -z 			 || test ! -s conftest.err
configure:22383: $? = 0
configure:22386: test -s conftest
configure:22389: $? = 0
configure:22401: result: yes
configure:22416: checking for memcpy
configure:22473: /home/cvshdr/toolchain/bfin-uclinux/bin/bfin-uclinux-gcc -o conftest -g -O2   conftest.c  >&5
conftest.c:65: warning: conflicting types for built-in function 'memcpy'
configure:22479: $? = 0
configure:22482: test -z 			 || test ! -s conftest.err
configure:22485: $? = 0
configure:22488: test -s conftest
configure:22491: $? = 0
configure:22503: result: yes
configure:22518: checking for memmove
configure:22575: /home/cvshdr/toolchain/bfin-uclinux/bin/bfin-uclinux-gcc -o conftest -g -O2   conftest.c  >&5
conftest.c:66: warning: conflicting types for built-in function 'memmove'
configure:22581: $? = 0
configure:22584: test -z 			 || test ! -s conftest.err
configure:22587: $? = 0
configure:22590: test -s conftest
configure:22593: $? = 0
configure:22605: result: yes
configure:22518: checking for strcmp
configure:22575: /home/cvshdr/toolchain/bfin-uclinux/bin/bfin-uclinux-gcc -o conftest -g -O2   conftest.c  >&5
conftest.c:67: warning: conflicting types for built-in function 'strcmp'
configure:22581: $? = 0
configure:22584: test -z 			 || test ! -s conftest.err
configure:22587: $? = 0
configure:22590: test -s conftest
configure:22593: $? = 0
configure:22605: result: yes
configure:22621: checking for closedir
configure:22678: /home/cvshdr/toolchain/bfin-uclinux/bin/bfin-uclinux-gcc -o conftest -g -O2   conftest.c  >&5
configure:22684: $? = 0
configure:22687: test -z 			 || test ! -s conftest.err
configure:22690: $? = 0
configure:22693: test -s conftest
configure:22696: $? = 0
configure:22708: result: yes
configure:22621: checking for opendir
configure:22678: /home/cvshdr/toolchain/bfin-uclinux/bin/bfin-uclinux-gcc -o conftest -g -O2   conftest.c  >&5
configure:22684: $? = 0
configure:22687: test -z 			 || test ! -s conftest.err
configure:22690: $? = 0
configure:22693: test -s conftest
configure:22696: $? = 0
configure:22708: result: yes
configure:22621: checking for readdir
configure:22678: /home/cvshdr/toolchain/bfin-uclinux/bin/bfin-uclinux-gcc -o conftest -g -O2   conftest.c  >&5
configure:22684: $? = 0
configure:22687: test -z 			 || test ! -s conftest.err
configure:22690: $? = 0
configure:22693: test -s conftest
configure:22696: $? = 0
configure:22708: result: yes
configure:22856: creating ./config.status

## ---------------------- ##
## Running config.status. ##
## ---------------------- ##

This file was extended by libltdl config.status 1.2, which was
generated by GNU Autoconf 2.59.  Invocation command line was

  CONFIG_FILES    = 
  CONFIG_HEADERS  = 
  CONFIG_LINKS    = 
  CONFIG_COMMANDS = 
  $ ./config.status 

on linux

config.status:765: creating Makefile
config.status:831: creating config.h
config.status:1181: executing depfiles commands

## ---------------- ##
## Cache variables. ##
## ---------------- ##

ac_cv_build=i686-pc-linux-gnu
ac_cv_build_alias=i686-pc-linux-gnu
ac_cv_c_compiler_gnu=yes
ac_cv_c_const=yes
ac_cv_c_inline=inline
ac_cv_cxx_compiler_gnu=yes
ac_cv_env_CC_set=set
ac_cv_env_CC_value=/home/cvshdr/toolchain/bfin-uclinux/bin/bfin-uclinux-gcc
ac_cv_env_CFLAGS_set=
ac_cv_env_CFLAGS_value=
ac_cv_env_CPPFLAGS_set=
ac_cv_env_CPPFLAGS_value=
ac_cv_env_CPP_set=
ac_cv_env_CPP_value=
ac_cv_env_CXXCPP_set=
ac_cv_env_CXXCPP_value=
ac_cv_env_CXXFLAGS_set=
ac_cv_env_CXXFLAGS_value=
ac_cv_env_CXX_set=set
ac_cv_env_CXX_value=/home/cvshdr/toolchain/bfin-uclinux/bin/bfin-uclinux-g++
ac_cv_env_F77_set=
ac_cv_env_F77_value=
ac_cv_env_FFLAGS_set=
ac_cv_env_FFLAGS_value=
ac_cv_env_LDFLAGS_set=
ac_cv_env_LDFLAGS_value=
ac_cv_env_build_alias_set=
ac_cv_env_build_alias_value=
ac_cv_env_host_alias_set=set
ac_cv_env_host_alias_value=bfin-unknown-linux-gnu
ac_cv_env_target_alias_set=
ac_cv_env_target_alias_value=
ac_cv_exeext=
ac_cv_f77_compiler_gnu=no
ac_cv_func__dyld_func_lookup=no
ac_cv_func_argz_append=no
ac_cv_func_argz_create_sep=no
ac_cv_func_argz_insert=no
ac_cv_func_argz_next=no
ac_cv_func_argz_stringify=no
ac_cv_func_closedir=yes
ac_cv_func_memcpy=yes
ac_cv_func_memmove=yes
ac_cv_func_opendir=yes
ac_cv_func_readdir=yes
ac_cv_func_shl_load=no
ac_cv_func_strchr=yes
ac_cv_func_strcmp=yes
ac_cv_func_strrchr=yes
ac_cv_header_argz_h=no
ac_cv_header_assert_h=yes
ac_cv_header_ctype_h=yes
ac_cv_header_dirent_dirent_h=yes
ac_cv_header_dl_h=no
ac_cv_header_dld_h=no
ac_cv_header_dlfcn_h=yes
ac_cv_header_errno_h=yes
ac_cv_header_inttypes_h=yes
ac_cv_header_mach_o_dyld_h=no
ac_cv_header_malloc_h=yes
ac_cv_header_memory_h=yes
ac_cv_header_stdc=yes
ac_cv_header_stdint_h=yes
ac_cv_header_stdio_h=yes
ac_cv_header_stdlib_h=yes
ac_cv_header_string_h=yes
ac_cv_header_strings_h=yes
ac_cv_header_sys_dl_h=no
ac_cv_header_sys_stat_h=yes
ac_cv_header_sys_types_h=yes
ac_cv_header_unistd_h=yes
ac_cv_host=bfin-unknown-linux-gnu
ac_cv_host_alias=bfin-unknown-linux-gnu
ac_cv_lib_dl_dlopen=no
ac_cv_lib_dld_dld_link=no
ac_cv_lib_dld_shl_load=no
ac_cv_lib_svld_dlopen=no
ac_cv_objext=o
ac_cv_path_install='/usr/bin/install -c'
ac_cv_prog_AR=/home/cvshdr/toolchain/bfin-uclinux/bin/bfin-uclinux-ar
ac_cv_prog_AWK=gawk
ac_cv_prog_CC=/home/cvshdr/toolchain/bfin-uclinux/bin/bfin-uclinux-gcc
ac_cv_prog_CPP='/home/cvshdr/toolchain/bfin-uclinux/bin/bfin-uclinux-gcc -E'
ac_cv_prog_CXX=/home/cvshdr/toolchain/bfin-uclinux/bin/bfin-uclinux-g++
ac_cv_prog_CXXCPP='/home/cvshdr/toolchain/bfin-uclinux/bin/bfin-uclinux-g++ -E'
ac_cv_prog_RANLIB=/home/cvshdr/toolchain/bfin-uclinux/bin/bfin-uclinux-ranlib
ac_cv_prog_STRIP=strip
ac_cv_prog_ac_ct_STRIP=strip
ac_cv_prog_cc_g=yes
ac_cv_prog_cc_stdc=
ac_cv_prog_cxx_g=yes
ac_cv_prog_egrep='grep -E'
ac_cv_prog_f77_g=no
ac_cv_prog_make_make_set=yes
ac_cv_search_opendir='none required'
ac_cv_sys_symbol_underscore=yes
ac_cv_type_error_t=no
am_cv_CC_dependencies_compiler_type=none
am_cv_CXX_dependencies_compiler_type=none
libltdl_cv_objdir=.libs
libltdl_cv_preloaded_symbols=yes
libltdl_cv_shlibext=.so
libltdl_cv_shlibpath_var=LD_LIBRARY_PATH
libltdl_cv_sys_dlopen_deplibs=yes
libltdl_cv_sys_search_path='/lib /usr/lib /usr/X11R6/lib/Xaw3d /usr/X11R6/lib /usr/i486-linux-libc5/lib /usr/i386-suse-linux/lib /usr/local/lib /opt/kde3/lib /opt/gnome/lib '
lt_cv_deplibs_check_method=pass_all
lt_cv_file_magic_cmd='$MAGIC_CMD'
lt_cv_file_magic_test_file=
lt_cv_ld_reload_flag=-r
lt_cv_objdir=.libs
lt_cv_path_LD=/home/cvshdr/toolchain/bfin-uclinux/bin/bfin-uclinux-ld
lt_cv_path_LDCXX=/home/cvshdr/toolchain/bfin-uclinux/bin/bfin-uclinux-ld
lt_cv_path_NM=/home/cvshdr/toolchain/bfin-uclinux/bin/bfin-uclinux-nm
lt_cv_path_SED=/bin/sed
lt_cv_prog_compiler_c_o=yes
lt_cv_prog_compiler_c_o_CXX=yes
lt_cv_prog_compiler_rtti_exceptions=no
lt_cv_prog_gnu_ld=yes
lt_cv_prog_gnu_ldcxx=yes
lt_cv_sys_global_symbol_pipe='sed -n -e '\''s/^.*[ 	]\([ABCDGIRSTW][ABCDGIRSTW]*\)[ 	][ 	]*_\([_A-Za-z][_A-Za-z0-9]*\)$/\1 _\2 \2/p'\'''
lt_cv_sys_global_symbol_to_c_name_address='sed -n -e '\''s/^: \([^ ]*\) $/  {\"\1\", (lt_ptr) 0},/p'\'' -e '\''s/^[BCDEGRST] \([^ ]*\) \([^ ]*\)$/  {"\2", (lt_ptr) \&\2},/p'\'''
lt_cv_sys_global_symbol_to_cdecl='sed -n -e '\''s/^. .* \(.*\)$/extern int \1;/p'\'''
lt_cv_sys_max_cmd_len=32768
lt_lt_cv_prog_compiler_c_o='"yes"'
lt_lt_cv_prog_compiler_c_o_CXX='"yes"'
lt_lt_cv_sys_global_symbol_pipe='"sed -n -e '\''s/^.*[ 	]\\([ABCDGIRSTW][ABCDGIRSTW]*\\)[ 	][ 	]*_\\([_A-Za-z][_A-Za-z0-9]*\\)\$/\\1 _\\2 \\2/p'\''"'
lt_lt_cv_sys_global_symbol_to_c_name_address='"sed -n -e '\''s/^: \\([^ ]*\\) \$/  {\\\"\\1\\\", (lt_ptr) 0},/p'\'' -e '\''s/^[BCDEGRST] \\([^ ]*\\) \\([^ ]*\\)\$/  {\"\\2\", (lt_ptr) \\&\\2},/p'\''"'
lt_lt_cv_sys_global_symbol_to_cdecl='"sed -n -e '\''s/^. .* \\(.*\\)\$/extern int \\1;/p'\''"'

## ----------------- ##
## Output variables. ##
## ----------------- ##

ACLOCAL='${SHELL} /home/cvshdr/uclinux/uClinux-dist/user/uCasterisk-0.1.5/build-bfin-uclinux/libtool-1.5.20/libltdl/missing --run aclocal-1.9'
AMDEPBACKSLASH='\'
AMDEP_FALSE='#'
AMDEP_TRUE=''
AMTAR='${SHELL} /home/cvshdr/uclinux/uClinux-dist/user/uCasterisk-0.1.5/build-bfin-uclinux/libtool-1.5.20/libltdl/missing --run tar'
AR='/home/cvshdr/toolchain/bfin-uclinux/bin/bfin-uclinux-ar'
AS='/home/cvshdr/toolchain/bfin-uclinux/bin/bfin-uclinux-as'
AUTOCONF='${SHELL} /home/cvshdr/uclinux/uClinux-dist/user/uCasterisk-0.1.5/build-bfin-uclinux/libtool-1.5.20/libltdl/missing --run autoconf'
AUTOHEADER='${SHELL} /home/cvshdr/uclinux/uClinux-dist/user/uCasterisk-0.1.5/build-bfin-uclinux/libtool-1.5.20/libltdl/missing --run autoheader'
AUTOMAKE='${SHELL} /home/cvshdr/uclinux/uClinux-dist/user/uCasterisk-0.1.5/build-bfin-uclinux/libtool-1.5.20/libltdl/missing --run automake-1.9'
AWK='gawk'
CC='/home/cvshdr/toolchain/bfin-uclinux/bin/bfin-uclinux-gcc'
CCDEPMODE='depmode=none'
CFLAGS='-g -O2'
CONVENIENCE_LTDL_FALSE=''
CONVENIENCE_LTDL_TRUE='#'
CPP='/home/cvshdr/toolchain/bfin-uclinux/bin/bfin-uclinux-gcc -E'
CPPFLAGS=''
CXX='/home/cvshdr/toolchain/bfin-uclinux/bin/bfin-uclinux-g++'
CXXCPP='/home/cvshdr/toolchain/bfin-uclinux/bin/bfin-uclinux-g++ -E'
CXXDEPMODE='depmode=none'
CXXFLAGS='-g -O2'
CYGPATH_W='echo'
DEFS='-DHAVE_CONFIG_H'
DEPDIR='.deps'
DLLTOOL='dlltool'
ECHO='echo'
ECHO_C=''
ECHO_N='-n'
ECHO_T=''
EGREP='grep -E'
EXEEXT=''
F77=''
FFLAGS=''
INSTALL_DATA='${INSTALL} -m 644'
INSTALL_LTDL_FALSE='#'
INSTALL_LTDL_TRUE=''
INSTALL_PROGRAM='${INSTALL}'
INSTALL_SCRIPT='${INSTALL}'
INSTALL_STRIP_PROGRAM='${SHELL} $(install_sh) -c -s'
LDFLAGS=''
LIBADD_DL=''
LIBOBJS=''
LIBS=''
LIBTOOL='$(SHELL) $(top_builddir)/libtool'
LIBTOOL_DEPS='./ltmain.sh'
LN_S='ln -s'
LTLIBOBJS=''
MAKEINFO='${SHELL} /home/cvshdr/uclinux/uClinux-dist/user/uCasterisk-0.1.5/build-bfin-uclinux/libtool-1.5.20/libltdl/missing --run makeinfo'
OBJDUMP='objdump'
OBJEXT='o'
PACKAGE='libltdl'
PACKAGE_BUGREPORT='bug-libtool@gnu.org'
PACKAGE_NAME='libltdl'
PACKAGE_STRING='libltdl 1.2'
PACKAGE_TARNAME='libltdl'
PACKAGE_VERSION='1.2'
PATH_SEPARATOR=':'
RANLIB='/home/cvshdr/toolchain/bfin-uclinux/bin/bfin-uclinux-ranlib'
SET_MAKE=''
SHELL='/bin/sh'
STRIP='strip'
VERSION='1.2'
ac_ct_AR=''
ac_ct_AS=''
ac_ct_CC=''
ac_ct_CXX=''
ac_ct_DLLTOOL=''
ac_ct_F77=''
ac_ct_OBJDUMP=''
ac_ct_RANLIB=''
ac_ct_STRIP='strip'
am__fastdepCC_FALSE=''
am__fastdepCC_TRUE='#'
am__fastdepCXX_FALSE=''
am__fastdepCXX_TRUE='#'
am__include='include'
am__leading_dot='.'
am__quote=''
am__tar='${AMTAR} chof - "$$tardir"'
am__untar='${AMTAR} xf -'
bindir='${exec_prefix}/bin'
build='i686-pc-linux-gnu'
build_alias=''
build_cpu='i686'
build_os='linux-gnu'
build_vendor='pc'
datadir='${prefix}/share'
exec_prefix='${prefix}'
host='bfin-unknown-linux-gnu'
host_alias='bfin-unknown-linux-gnu'
host_cpu='bfin'
host_os='linux-gnu'
host_vendor='unknown'
includedir='${prefix}/include'
infodir='${prefix}/info'
install_sh='/home/cvshdr/uclinux/uClinux-dist/user/uCasterisk-0.1.5/build-bfin-uclinux/libtool-1.5.20/libltdl/install-sh'
libdir='${exec_prefix}/lib'
libexecdir='${exec_prefix}/libexec'
localstatedir='${prefix}/var'
mandir='${prefix}/man'
mkdir_p='mkdir -p --'
oldincludedir='/usr/include'
prefix='/usr/local'
program_transform_name='s,x,x,'
sbindir='${exec_prefix}/sbin'
sharedstatedir='${prefix}/com'
sysconfdir='${prefix}/etc'
target_alias=''

## ----------- ##
## confdefs.h. ##
## ----------- ##

#define HAVE_ASSERT_H 1
#define HAVE_CLOSEDIR 1
#define HAVE_CTYPE_H 1
#define HAVE_DIRENT_H 1
#define HAVE_DLFCN_H 1
#define HAVE_ERRNO_H 1
#define HAVE_INTTYPES_H 1
#define HAVE_MALLOC_H 1
#define HAVE_MEMCPY 1
#define HAVE_MEMMOVE 1
#define HAVE_MEMORY_H 1
#define HAVE_MEMORY_H 1
#define HAVE_OPENDIR 1
#define HAVE_PRELOADED_SYMBOLS 1
#define HAVE_READDIR 1
#define HAVE_STDINT_H 1
#define HAVE_STDIO_H 1
#define HAVE_STDLIB_H 1
#define HAVE_STDLIB_H 1
#define HAVE_STRCHR 1
#define HAVE_STRCMP 1
#define HAVE_STRINGS_H 1
#define HAVE_STRING_H 1
#define HAVE_STRING_H 1
#define HAVE_STRRCHR 1
#define HAVE_SYS_STAT_H 1
#define HAVE_SYS_TYPES_H 1
#define HAVE_UNISTD_H 1
#define HAVE_UNISTD_H 1
#define LTDL_OBJDIR ".libs/"
#define LTDL_SHLIBPATH_VAR "LD_LIBRARY_PATH"
#define LTDL_SHLIB_EXT ".so"
#define LTDL_SYSSEARCHPATH "/lib:/usr/lib:/usr/X11R6/lib/Xaw3d:/usr/X11R6/lib:/usr/i486-linux-libc5/lib:/usr/i386-suse-linux/lib:/usr/local/lib:/opt/kde3/lib:/opt/gnome/lib"
#define PACKAGE_BUGREPORT "bug-libtool@gnu.org"
#define PACKAGE_NAME "libltdl"
#define PACKAGE_STRING "libltdl 1.2"
#define PACKAGE_TARNAME "libltdl"
#define PACKAGE_VERSION "1.2"
#define STDC_HEADERS 1
#define error_t int
#endif
#ifdef __cplusplus
extern "C" void std::exit (int) throw (); using std::exit;

configure: exit 0
