This file contains any messages produced by compilers while
running configure, to aid debugging if configure makes a mistake.

It was created by configure, which was
generated by GNU Autoconf 2.59.  Invocation command line was

  $ ./configure --host bfin-uclinux --prefix= --with-smbmount --with-privatedir=/etc/config --with-configdir=/etc/config --without-libsmbclient --without-ldap --disable-cups --disable-shared --with-logfilebase=/var/log

## --------- ##
## Platform. ##
## --------- ##

hostname = localhost
uname -m = i686
uname -r = 2.6.11-gentoo-r11
uname -s = Linux
uname -v = #6 SMP Tue Jun 28 09:24:40 Local time zone must be set--see zic 

/usr/bin/uname -p = Intel(R) Pentium(R) 4 CPU 3.00GHz
/bin/uname -X     = unknown

/bin/arch              = i686
/usr/bin/arch -k       = unknown
/usr/convex/getsysinfo = unknown
hostinfo               = unknown
/bin/machine           = unknown
/usr/bin/oslevel       = unknown
/bin/universe          = unknown

PATH: /usr/local/skyeye-insight/bin
PATH: /usr/local/bin
PATH: /usr/toolchain/bfin-elf/bin
PATH: /usr/toolchain/bfin-uclinux/bin
PATH: /usr/local/sbin
PATH: /usr/local/bin
PATH: /usr/sbin
PATH: /usr/bin
PATH: /sbin
PATH: /bin
PATH: /opt/bin
PATH: /usr/i686-pc-linux-gnu/gcc-bin/3.4.4
PATH: /opt/Acrobat5
PATH: /opt/blackdown-jre-1.4.2.02/bin
PATH: /usr/qt/3/bin
PATH: /usr/kde/3.3/sbin
PATH: /usr/kde/3.3/bin
PATH: /merge/uClinux-dist-up2user_2005/tools


## ----------- ##
## Core tests. ##
## ----------- ##

configure:1682: checking for bfin-uclinux-gcc
configure:1708: result: bfin-uclinux-gcc -O2 -Wall -Dlinux -D__linux__ -Dunix -D__uClinux__ -DEMBED -I/merge/uClinux-dist-up2user_2005 -I/merge/uClinux-dist-up2user_2005/lib/uClibc/include -fno-builtin
configure:1990: checking for C compiler version
configure:1993: bfin-uclinux-gcc -O2 -Wall -Dlinux -D__linux__ -Dunix -D__uClinux__ -DEMBED -I/merge/uClinux-dist-up2user_2005 -I/merge/uClinux-dist-up2user_2005/lib/uClibc/include -fno-builtin --version </dev/null >&5
bfin-uclinux-gcc (GCC) 3.4.4
Copyright (C) 2004 Free Software Foundation, Inc.
This is free software; see the source for copying conditions.  There is NO
warranty; not even for MERCHANTABILITY or FITNESS FOR A PARTICULAR PURPOSE.

configure:1996: $? = 0
configure:1998: bfin-uclinux-gcc -O2 -Wall -Dlinux -D__linux__ -Dunix -D__uClinux__ -DEMBED -I/merge/uClinux-dist-up2user_2005 -I/merge/uClinux-dist-up2user_2005/lib/uClibc/include -fno-builtin -v </dev/null >&5
Reading specs from /usr/toolchain/bfin-uclinux/lib/gcc/bfin-uclinux/3.4.4/specs
Configured with: /home/blackfin/cvs-auto/gcc/binutils/binutils-2.15/configure --target=bfin-uclinux --prefix=/usr/toolchain/bfin-uclinux --disable-libstdcxx-pch
Thread model: single
gcc version 3.4.4
configure:2001: $? = 0
configure:2003: bfin-uclinux-gcc -O2 -Wall -Dlinux -D__linux__ -Dunix -D__uClinux__ -DEMBED -I/merge/uClinux-dist-up2user_2005 -I/merge/uClinux-dist-up2user_2005/lib/uClibc/include -fno-builtin -V </dev/null >&5
bfin-uclinux-gcc: `-V' must come at the start of the command line
configure:2006: $? = 1
configure:2029: checking for C compiler default output file name
configure:2032: bfin-uclinux-gcc -O2 -Wall -Dlinux -D__linux__ -Dunix -D__uClinux__ -DEMBED -I/merge/uClinux-dist-up2user_2005 -I/merge/uClinux-dist-up2user_2005/lib/uClibc/include -fno-builtin -O2 -Wall -Dlinux -D__linux__ -Dunix -D__uClinux__ -DEMBED -I/merge/uClinux-dist-up2user_2005 -I/merge/uClinux-dist-up2user_2005/lib/uClibc/include -fno-builtin  -Wl,-elf2flt conftest.c -L/merge/uClinux-dist-up2user_2005/lib/uClibc/. -L/merge/uClinux-dist-up2user_2005/lib/uClibc/lib -L/merge/uClinux-dist-up2user_2005/lib/uClibc/libm -L/merge/uClinux-dist-up2user_2005/lib/libnet -L/merge/uClinux-dist-up2user_2005/lib/libdes -L/merge/uClinux-dist-up2user_2005/lib/libaes -L/merge/uClinux-dist-up2user_2005/lib/libpcap -L/merge/uClinux-dist-up2user_2005/lib/zlib -L/merge/uClinux-dist-up2user_2005/lib/libssl -L/merge/uClinux-dist-up2user_2005/lib/uClibc/libc -L/merge/uClinux-dist-up2user_2005/lib/uClibc/libcrypt >&5
configure:2035: $? = 0
configure:2081: result: a.out
configure:2086: checking whether the C compiler works
configure:2092: ./a.out
./configure: line 2093: ./a.out: cannot execute binary file
configure:2095: $? = 126
configure:2112: result: yes
configure:2119: checking whether we are cross compiling
configure:2121: result: yes
configure:2124: checking for suffix of executables
configure:2126: bfin-uclinux-gcc -O2 -Wall -Dlinux -D__linux__ -Dunix -D__uClinux__ -DEMBED -I/merge/uClinux-dist-up2user_2005 -I/merge/uClinux-dist-up2user_2005/lib/uClibc/include -fno-builtin -o conftest -O2 -Wall -Dlinux -D__linux__ -Dunix -D__uClinux__ -DEMBED -I/merge/uClinux-dist-up2user_2005 -I/merge/uClinux-dist-up2user_2005/lib/uClibc/include -fno-builtin  -Wl,-elf2flt conftest.c -L/merge/uClinux-dist-up2user_2005/lib/uClibc/. -L/merge/uClinux-dist-up2user_2005/lib/uClibc/lib -L/merge/uClinux-dist-up2user_2005/lib/uClibc/libm -L/merge/uClinux-dist-up2user_2005/lib/libnet -L/merge/uClinux-dist-up2user_2005/lib/libdes -L/merge/uClinux-dist-up2user_2005/lib/libaes -L/merge/uClinux-dist-up2user_2005/lib/libpcap -L/merge/uClinux-dist-up2user_2005/lib/zlib -L/merge/uClinux-dist-up2user_2005/lib/libssl -L/merge/uClinux-dist-up2user_2005/lib/uClibc/libc -L/merge/uClinux-dist-up2user_2005/lib/uClibc/libcrypt >&5
configure:2129: $? = 0
configure:2154: result: 
configure:2160: checking for suffix of object files
configure:2181: bfin-uclinux-gcc -O2 -Wall -Dlinux -D__linux__ -Dunix -D__uClinux__ -DEMBED -I/merge/uClinux-dist-up2user_2005 -I/merge/uClinux-dist-up2user_2005/lib/uClibc/include -fno-builtin -c -O2 -Wall -Dlinux -D__linux__ -Dunix -D__uClinux__ -DEMBED -I/merge/uClinux-dist-up2user_2005 -I/merge/uClinux-dist-up2user_2005/lib/uClibc/include -fno-builtin  conftest.c >&5
configure:2184: $? = 0
configure:2206: result: o
configure:2210: checking whether we are using the GNU C compiler
configure:2234: bfin-uclinux-gcc -O2 -Wall -Dlinux -D__linux__ -Dunix -D__uClinux__ -DEMBED -I/merge/uClinux-dist-up2user_2005 -I/merge/uClinux-dist-up2user_2005/lib/uClibc/include -fno-builtin -c -O2 -Wall -Dlinux -D__linux__ -Dunix -D__uClinux__ -DEMBED -I/merge/uClinux-dist-up2user_2005 -I/merge/uClinux-dist-up2user_2005/lib/uClibc/include -fno-builtin  conftest.c >&5
configure:2240: $? = 0
configure:2244: test -z 
			 || test ! -s conftest.err
configure:2247: $? = 0
configure:2250: test -s conftest.o
configure:2253: $? = 0
configure:2266: result: yes
configure:2272: checking whether bfin-uclinux-gcc -O2 -Wall -Dlinux -D__linux__ -Dunix -D__uClinux__ -DEMBED -I/merge/uClinux-dist-up2user_2005 -I/merge/uClinux-dist-up2user_2005/lib/uClibc/include -fno-builtin accepts -g
configure:2293: bfin-uclinux-gcc -O2 -Wall -Dlinux -D__linux__ -Dunix -D__uClinux__ -DEMBED -I/merge/uClinux-dist-up2user_2005 -I/merge/uClinux-dist-up2user_2005/lib/uClibc/include -fno-builtin -c -g  conftest.c >&5
configure:2299: $? = 0
configure:2303: test -z 
			 || test ! -s conftest.err
configure:2306: $? = 0
configure:2309: test -s conftest.o
configure:2312: $? = 0
configure:2323: result: yes
configure:2340: checking for bfin-uclinux-gcc -O2 -Wall -Dlinux -D__linux__ -Dunix -D__uClinux__ -DEMBED -I/merge/uClinux-dist-up2user_2005 -I/merge/uClinux-dist-up2user_2005/lib/uClibc/include -fno-builtin option to accept ANSI C
configure:2410: bfin-uclinux-gcc -O2 -Wall -Dlinux -D__linux__ -Dunix -D__uClinux__ -DEMBED -I/merge/uClinux-dist-up2user_2005 -I/merge/uClinux-dist-up2user_2005/lib/uClibc/include -fno-builtin  -c -O2 -Wall -Dlinux -D__linux__ -Dunix -D__uClinux__ -DEMBED -I/merge/uClinux-dist-up2user_2005 -I/merge/uClinux-dist-up2user_2005/lib/uClibc/include -fno-builtin  conftest.c >&5
In file included from conftest.c:10:
/merge/uClinux-dist-up2user_2005/lib/uClibc/include/stdio.h:81: error: parse error before "fpos_t"
/merge/uClinux-dist-up2user_2005/lib/uClibc/include/stdio.h:81: warning: type defaults to `int' in declaration of `fpos_t'
/merge/uClinux-dist-up2user_2005/lib/uClibc/include/stdio.h:81: warning: data definition has no type or storage class
In file included from conftest.c:10:
/merge/uClinux-dist-up2user_2005/lib/uClibc/include/stdio.h:693: error: parse error before "fpos_t"
/merge/uClinux-dist-up2user_2005/lib/uClibc/include/stdio.h:698: warning: type defaults to `int' in declaration of `fpos_t'
/merge/uClinux-dist-up2user_2005/lib/uClibc/include/stdio.h:698: error: parse error before '*' token
configure:2416: $? = 1
configure: failed program was:
| /* confdefs.h.  */
| 
| #define PACKAGE_NAME ""
| #define PACKAGE_TARNAME ""
| #define PACKAGE_VERSION ""
| #define PACKAGE_STRING ""
| #define PACKAGE_BUGREPORT ""
| /* end confdefs.h.  */
| #include <stdarg.h>
| #include <stdio.h>
| #include <sys/types.h>
| #include <sys/stat.h>
| /* Most of the following tests are stolen from RCS 5.7's src/conf.sh.  */
| struct buf { int x; };
| FILE * (*rcsopen) (struct buf *, struct stat *, int);
| static char *e (p, i)
|      char **p;
|      int i;
| {
|   return p[i];
| }
| static char *f (char * (*g) (char **, int), char **p, ...)
| {
|   char *s;
|   va_list v;
|   va_start (v,p);
|   s = g (p, va_arg (v,int));
|   va_end (v);
|   return s;
| }
| 
| /* OSF 4.0 Compaq cc is some sort of almost-ANSI by default.  It has
|    function prototypes and stuff, but not '\xHH' hex character constants.
|    These don't provoke an error unfortunately, instead are silently treated
|    as 'x'.  The following induces an error, until -std1 is added to get
|    proper ANSI mode.  Curiously '\x00'!='x' always comes out true, for an
|    array size at least.  It's necessary to write '\x00'==0 to get something
|    that's true only with -std1.  */
| int osf4_cc_array ['\x00' == 0 ? 1 : -1];
| 
| int test (int i, double x);
| struct s1 {int (*f) (int a);};
| struct s2 {int (*f) (double a);};
| int pairnames (int, char **, FILE *(*)(struct buf *, struct stat *, int), int, int);
| int argc;
| char **argv;
| int
| main ()
| {
| return f (e, argv, 0) != argv[0]  ||  f (e, argv, 1) != argv[1];
|   ;
|   return 0;
| }
configure:2410: bfin-uclinux-gcc -O2 -Wall -Dlinux -D__linux__ -Dunix -D__uClinux__ -DEMBED -I/merge/uClinux-dist-up2user_2005 -I/merge/uClinux-dist-up2user_2005/lib/uClibc/include -fno-builtin -qlanglvl=ansi -c -O2 -Wall -Dlinux -D__linux__ -Dunix -D__uClinux__ -DEMBED -I/merge/uClinux-dist-up2user_2005 -I/merge/uClinux-dist-up2user_2005/lib/uClibc/include -fno-builtin  conftest.c >&5
bfin-uclinux-gcc: unrecognized option `-qlanglvl=ansi'
In file included from conftest.c:10:
/merge/uClinux-dist-up2user_2005/lib/uClibc/include/stdio.h:81: error: parse error before "fpos_t"
/merge/uClinux-dist-up2user_2005/lib/uClibc/include/stdio.h:81: warning: type defaults to `int' in declaration of `fpos_t'
/merge/uClinux-dist-up2user_2005/lib/uClibc/include/stdio.h:81: warning: data definition has no type or storage class
In file included from conftest.c:10:
/merge/uClinux-dist-up2user_2005/lib/uClibc/include/stdio.h:693: error: parse error before "fpos_t"
/merge/uClinux-dist-up2user_2005/lib/uClibc/include/stdio.h:698: warning: type defaults to `int' in declaration of `fpos_t'
/merge/uClinux-dist-up2user_2005/lib/uClibc/include/stdio.h:698: error: parse error before '*' token
configure:2416: $? = 1
configure: failed program was:
| /* confdefs.h.  */
| 
| #define PACKAGE_NAME ""
| #define PACKAGE_TARNAME ""
| #define PACKAGE_VERSION ""
| #define PACKAGE_STRING ""
| #define PACKAGE_BUGREPORT ""
| /* end confdefs.h.  */
| #include <stdarg.h>
| #include <stdio.h>
| #include <sys/types.h>
| #include <sys/stat.h>
| /* Most of the following tests are stolen from RCS 5.7's src/conf.sh.  */
| struct buf { int x; };
| FILE * (*rcsopen) (struct buf *, struct stat *, int);
| static char *e (p, i)
|      char **p;
|      int i;
| {
|   return p[i];
| }
| static char *f (char * (*g) (char **, int), char **p, ...)
| {
|   char *s;
|   va_list v;
|   va_start (v,p);
|   s = g (p, va_arg (v,int));
|   va_end (v);
|   return s;
| }
| 
| /* OSF 4.0 Compaq cc is some sort of almost-ANSI by default.  It has
|    function prototypes and stuff, but not '\xHH' hex character constants.
|    These don't provoke an error unfortunately, instead are silently treated
|    as 'x'.  The following induces an error, until -std1 is added to get
|    proper ANSI mode.  Curiously '\x00'!='x' always comes out true, for an
|    array size at least.  It's necessary to write '\x00'==0 to get something
|    that's true only with -std1.  */
| int osf4_cc_array ['\x00' == 0 ? 1 : -1];
| 
| int test (int i, double x);
| struct s1 {int (*f) (int a);};
| struct s2 {int (*f) (double a);};
| int pairnames (int, char **, FILE *(*)(struct buf *, struct stat *, int), int, int);
| int argc;
| char **argv;
| int
| main ()
| {
| return f (e, argv, 0) != argv[0]  ||  f (e, argv, 1) != argv[1];
|   ;
|   return 0;
| }
configure:2410: bfin-uclinux-gcc -O2 -Wall -Dlinux -D__linux__ -Dunix -D__uClinux__ -DEMBED -I/merge/uClinux-dist-up2user_2005 -I/merge/uClinux-dist-up2user_2005/lib/uClibc/include -fno-builtin -std1 -c -O2 -Wall -Dlinux -D__linux__ -Dunix -D__uClinux__ -DEMBED -I/merge/uClinux-dist-up2user_2005 -I/merge/uClinux-dist-up2user_2005/lib/uClibc/include -fno-builtin  conftest.c >&5
cc1: error: unrecognized command line option "-std1"
configure:2416: $? = 1
configure: failed program was:
| /* confdefs.h.  */
| 
| #define PACKAGE_NAME ""
| #define PACKAGE_TARNAME ""
| #define PACKAGE_VERSION ""
| #define PACKAGE_STRING ""
| #define PACKAGE_BUGREPORT ""
| /* end confdefs.h.  */
| #include <stdarg.h>
| #include <stdio.h>
| #include <sys/types.h>
| #include <sys/stat.h>
| /* Most of the following tests are stolen from RCS 5.7's src/conf.sh.  */
| struct buf { int x; };
| FILE * (*rcsopen) (struct buf *, struct stat *, int);
| static char *e (p, i)
|      char **p;
|      int i;
| {
|   return p[i];
| }
| static char *f (char * (*g) (char **, int), char **p, ...)
| {
|   char *s;
|   va_list v;
|   va_start (v,p);
|   s = g (p, va_arg (v,int));
|   va_end (v);
|   return s;
| }
| 
| /* OSF 4.0 Compaq cc is some sort of almost-ANSI by default.  It has
|    function prototypes and stuff, but not '\xHH' hex character constants.
|    These don't provoke an error unfortunately, instead are silently treated
|    as 'x'.  The following induces an error, until -std1 is added to get
|    proper ANSI mode.  Curiously '\x00'!='x' always comes out true, for an
|    array size at least.  It's necessary to write '\x00'==0 to get something
|    that's true only with -std1.  */
| int osf4_cc_array ['\x00' == 0 ? 1 : -1];
| 
| int test (int i, double x);
| struct s1 {int (*f) (int a);};
| struct s2 {int (*f) (double a);};
| int pairnames (int, char **, FILE *(*)(struct buf *, struct stat *, int), int, int);
| int argc;
| char **argv;
| int
| main ()
| {
| return f (e, argv, 0) != argv[0]  ||  f (e, argv, 1) != argv[1];
|   ;
|   return 0;
| }
configure:2410: bfin-uclinux-gcc -O2 -Wall -Dlinux -D__linux__ -Dunix -D__uClinux__ -DEMBED -I/merge/uClinux-dist-up2user_2005 -I/merge/uClinux-dist-up2user_2005/lib/uClibc/include -fno-builtin -Ae -c -O2 -Wall -Dlinux -D__linux__ -Dunix -D__uClinux__ -DEMBED -I/merge/uClinux-dist-up2user_2005 -I/merge/uClinux-dist-up2user_2005/lib/uClibc/include -fno-builtin  conftest.c >&5
<command line>:6:2: missing '(' after predicate
In file included from conftest.c:10:
/merge/uClinux-dist-up2user_2005/lib/uClibc/include/stdio.h:81: error: parse error before "fpos_t"
/merge/uClinux-dist-up2user_2005/lib/uClibc/include/stdio.h:81: warning: type defaults to `int' in declaration of `fpos_t'
/merge/uClinux-dist-up2user_2005/lib/uClibc/include/stdio.h:81: warning: data definition has no type or storage class
In file included from conftest.c:10:
/merge/uClinux-dist-up2user_2005/lib/uClibc/include/stdio.h:693: error: parse error before "fpos_t"
/merge/uClinux-dist-up2user_2005/lib/uClibc/include/stdio.h:698: warning: type defaults to `int' in declaration of `fpos_t'
/merge/uClinux-dist-up2user_2005/lib/uClibc/include/stdio.h:698: error: parse error before '*' token
configure:2416: $? = 1
configure: failed program was:
| /* confdefs.h.  */
| 
| #define PACKAGE_NAME ""
| #define PACKAGE_TARNAME ""
| #define PACKAGE_VERSION ""
| #define PACKAGE_STRING ""
| #define PACKAGE_BUGREPORT ""
| /* end confdefs.h.  */
| #include <stdarg.h>
| #include <stdio.h>
| #include <sys/types.h>
| #include <sys/stat.h>
| /* Most of the following tests are stolen from RCS 5.7's src/conf.sh.  */
| struct buf { int x; };
| FILE * (*rcsopen) (struct buf *, struct stat *, int);
| static char *e (p, i)
|      char **p;
|      int i;
| {
|   return p[i];
| }
| static char *f (char * (*g) (char **, int), char **p, ...)
| {
|   char *s;
|   va_list v;
|   va_start (v,p);
|   s = g (p, va_arg (v,int));
|   va_end (v);
|   return s;
| }
| 
| /* OSF 4.0 Compaq cc is some sort of almost-ANSI by default.  It has
|    function prototypes and stuff, but not '\xHH' hex character constants.
|    These don't provoke an error unfortunately, instead are silently treated
|    as 'x'.  The following induces an error, until -std1 is added to get
|    proper ANSI mode.  Curiously '\x00'!='x' always comes out true, for an
|    array size at least.  It's necessary to write '\x00'==0 to get something
|    that's true only with -std1.  */
| int osf4_cc_array ['\x00' == 0 ? 1 : -1];
| 
| int test (int i, double x);
| struct s1 {int (*f) (int a);};
| struct s2 {int (*f) (double a);};
| int pairnames (int, char **, FILE *(*)(struct buf *, struct stat *, int), int, int);
| int argc;
| char **argv;
| int
| main ()
| {
| return f (e, argv, 0) != argv[0]  ||  f (e, argv, 1) != argv[1];
|   ;
|   return 0;
| }
configure:2410: bfin-uclinux-gcc -O2 -Wall -Dlinux -D__linux__ -Dunix -D__uClinux__ -DEMBED -I/merge/uClinux-dist-up2user_2005 -I/merge/uClinux-dist-up2user_2005/lib/uClibc/include -fno-builtin -Aa -D_HPUX_SOURCE -c -O2 -Wall -Dlinux -D__linux__ -Dunix -D__uClinux__ -DEMBED -I/merge/uClinux-dist-up2user_2005 -I/merge/uClinux-dist-up2user_2005/lib/uClibc/include -fno-builtin  conftest.c >&5
<command line>:6:2: missing '(' after predicate
In file included from conftest.c:10:
/merge/uClinux-dist-up2user_2005/lib/uClibc/include/stdio.h:81: error: parse error before "fpos_t"
/merge/uClinux-dist-up2user_2005/lib/uClibc/include/stdio.h:81: warning: type defaults to `int' in declaration of `fpos_t'
/merge/uClinux-dist-up2user_2005/lib/uClibc/include/stdio.h:81: warning: data definition has no type or storage class
In file included from conftest.c:10:
/merge/uClinux-dist-up2user_2005/lib/uClibc/include/stdio.h:693: error: parse error before "fpos_t"
/merge/uClinux-dist-up2user_2005/lib/uClibc/include/stdio.h:698: warning: type defaults to `int' in declaration of `fpos_t'
/merge/uClinux-dist-up2user_2005/lib/uClibc/include/stdio.h:698: error: parse error before '*' token
configure:2416: $? = 1
configure: failed program was:
| /* confdefs.h.  */
| 
| #define PACKAGE_NAME ""
| #define PACKAGE_TARNAME ""
| #define PACKAGE_VERSION ""
| #define PACKAGE_STRING ""
| #define PACKAGE_BUGREPORT ""
| /* end confdefs.h.  */
| #include <stdarg.h>
| #include <stdio.h>
| #include <sys/types.h>
| #include <sys/stat.h>
| /* Most of the following tests are stolen from RCS 5.7's src/conf.sh.  */
| struct buf { int x; };
| FILE * (*rcsopen) (struct buf *, struct stat *, int);
| static char *e (p, i)
|      char **p;
|      int i;
| {
|   return p[i];
| }
| static char *f (char * (*g) (char **, int), char **p, ...)
| {
|   char *s;
|   va_list v;
|   va_start (v,p);
|   s = g (p, va_arg (v,int));
|   va_end (v);
|   return s;
| }
| 
| /* OSF 4.0 Compaq cc is some sort of almost-ANSI by default.  It has
|    function prototypes and stuff, but not '\xHH' hex character constants.
|    These don't provoke an error unfortunately, instead are silently treated
|    as 'x'.  The following induces an error, until -std1 is added to get
|    proper ANSI mode.  Curiously '\x00'!='x' always comes out true, for an
|    array size at least.  It's necessary to write '\x00'==0 to get something
|    that's true only with -std1.  */
| int osf4_cc_array ['\x00' == 0 ? 1 : -1];
| 
| int test (int i, double x);
| struct s1 {int (*f) (int a);};
| struct s2 {int (*f) (double a);};
| int pairnames (int, char **, FILE *(*)(struct buf *, struct stat *, int), int, int);
| int argc;
| char **argv;
| int
| main ()
| {
| return f (e, argv, 0) != argv[0]  ||  f (e, argv, 1) != argv[1];
|   ;
|   return 0;
| }
configure:2410: bfin-uclinux-gcc -O2 -Wall -Dlinux -D__linux__ -Dunix -D__uClinux__ -DEMBED -I/merge/uClinux-dist-up2user_2005 -I/merge/uClinux-dist-up2user_2005/lib/uClibc/include -fno-builtin -Xc -D__EXTENSIONS__ -c -O2 -Wall -Dlinux -D__linux__ -Dunix -D__uClinux__ -DEMBED -I/merge/uClinux-dist-up2user_2005 -I/merge/uClinux-dist-up2user_2005/lib/uClibc/include -fno-builtin  conftest.c >&5
bfin-uclinux-gcc: unrecognized option `-Xc'
In file included from conftest.c:10:
/merge/uClinux-dist-up2user_2005/lib/uClibc/include/stdio.h:81: error: parse error before "fpos_t"
/merge/uClinux-dist-up2user_2005/lib/uClibc/include/stdio.h:81: warning: type defaults to `int' in declaration of `fpos_t'
/merge/uClinux-dist-up2user_2005/lib/uClibc/include/stdio.h:81: warning: data definition has no type or storage class
In file included from conftest.c:10:
/merge/uClinux-dist-up2user_2005/lib/uClibc/include/stdio.h:693: error: parse error before "fpos_t"
/merge/uClinux-dist-up2user_2005/lib/uClibc/include/stdio.h:698: warning: type defaults to `int' in declaration of `fpos_t'
/merge/uClinux-dist-up2user_2005/lib/uClibc/include/stdio.h:698: error: parse error before '*' token
configure:2416: $? = 1
configure: failed program was:
| /* confdefs.h.  */
| 
| #define PACKAGE_NAME ""
| #define PACKAGE_TARNAME ""
| #define PACKAGE_VERSION ""
| #define PACKAGE_STRING ""
| #define PACKAGE_BUGREPORT ""
| /* end confdefs.h.  */
| #include <stdarg.h>
| #include <stdio.h>
| #include <sys/types.h>
| #include <sys/stat.h>
| /* Most of the following tests are stolen from RCS 5.7's src/conf.sh.  */
| struct buf { int x; };
| FILE * (*rcsopen) (struct buf *, struct stat *, int);
| static char *e (p, i)
|      char **p;
|      int i;
| {
|   return p[i];
| }
| static char *f (char * (*g) (char **, int), char **p, ...)
| {
|   char *s;
|   va_list v;
|   va_start (v,p);
|   s = g (p, va_arg (v,int));
|   va_end (v);
|   return s;
| }
| 
| /* OSF 4.0 Compaq cc is some sort of almost-ANSI by default.  It has
|    function prototypes and stuff, but not '\xHH' hex character constants.
|    These don't provoke an error unfortunately, instead are silently treated
|    as 'x'.  The following induces an error, until -std1 is added to get
|    proper ANSI mode.  Curiously '\x00'!='x' always comes out true, for an
|    array size at least.  It's necessary to write '\x00'==0 to get something
|    that's true only with -std1.  */
| int osf4_cc_array ['\x00' == 0 ? 1 : -1];
| 
| int test (int i, double x);
| struct s1 {int (*f) (int a);};
| struct s2 {int (*f) (double a);};
| int pairnames (int, char **, FILE *(*)(struct buf *, struct stat *, int), int, int);
| int argc;
| char **argv;
| int
| main ()
| {
| return f (e, argv, 0) != argv[0]  ||  f (e, argv, 1) != argv[1];
|   ;
|   return 0;
| }
configure:2447: result: none needed
configure:2465: bfin-uclinux-gcc -O2 -Wall -Dlinux -D__linux__ -Dunix -D__uClinux__ -DEMBED -I/merge/uClinux-dist-up2user_2005 -I/merge/uClinux-dist-up2user_2005/lib/uClibc/include -fno-builtin -c -O2 -Wall -Dlinux -D__linux__ -Dunix -D__uClinux__ -DEMBED -I/merge/uClinux-dist-up2user_2005 -I/merge/uClinux-dist-up2user_2005/lib/uClibc/include -fno-builtin  conftest.c >&5
conftest.c:2: error: parse error before "me"
configure:2471: $? = 1
configure: failed program was:
| #ifndef __cplusplus
|   choke me
| #endif
configure:2729: checking for bfin-uclinux-gcc
configure:2755: result: bfin-uclinux-gcc -O2 -Wall -Dlinux -D__linux__ -Dunix -D__uClinux__ -DEMBED -I/merge/uClinux-dist-up2user_2005 -I/merge/uClinux-dist-up2user_2005/lib/uClibc/include -fno-builtin
configure:3037: checking for C compiler version
configure:3040: bfin-uclinux-gcc -O2 -Wall -Dlinux -D__linux__ -Dunix -D__uClinux__ -DEMBED -I/merge/uClinux-dist-up2user_2005 -I/merge/uClinux-dist-up2user_2005/lib/uClibc/include -fno-builtin --version </dev/null >&5
bfin-uclinux-gcc (GCC) 3.4.4
Copyright (C) 2004 Free Software Foundation, Inc.
This is free software; see the source for copying conditions.  There is NO
warranty; not even for MERCHANTABILITY or FITNESS FOR A PARTICULAR PURPOSE.

configure:3043: $? = 0
configure:3045: bfin-uclinux-gcc -O2 -Wall -Dlinux -D__linux__ -Dunix -D__uClinux__ -DEMBED -I/merge/uClinux-dist-up2user_2005 -I/merge/uClinux-dist-up2user_2005/lib/uClibc/include -fno-builtin -v </dev/null >&5
Reading specs from /usr/toolchain/bfin-uclinux/lib/gcc/bfin-uclinux/3.4.4/specs
Configured with: /home/blackfin/cvs-auto/gcc/binutils/binutils-2.15/configure --target=bfin-uclinux --prefix=/usr/toolchain/bfin-uclinux --disable-libstdcxx-pch
Thread model: single
gcc version 3.4.4
configure:3048: $? = 0
configure:3050: bfin-uclinux-gcc -O2 -Wall -Dlinux -D__linux__ -Dunix -D__uClinux__ -DEMBED -I/merge/uClinux-dist-up2user_2005 -I/merge/uClinux-dist-up2user_2005/lib/uClibc/include -fno-builtin -V </dev/null >&5
bfin-uclinux-gcc: `-V' must come at the start of the command line
configure:3053: $? = 1
configure:3056: checking whether we are using the GNU C compiler
configure:3112: result: yes
configure:3118: checking whether bfin-uclinux-gcc -O2 -Wall -Dlinux -D__linux__ -Dunix -D__uClinux__ -DEMBED -I/merge/uClinux-dist-up2user_2005 -I/merge/uClinux-dist-up2user_2005/lib/uClibc/include -fno-builtin accepts -g
configure:3169: result: yes
configure:3186: checking for bfin-uclinux-gcc -O2 -Wall -Dlinux -D__linux__ -Dunix -D__uClinux__ -DEMBED -I/merge/uClinux-dist-up2user_2005 -I/merge/uClinux-dist-up2user_2005/lib/uClibc/include -fno-builtin option to accept ANSI C
configure:3293: result: none needed
configure:3311: bfin-uclinux-gcc -O2 -Wall -Dlinux -D__linux__ -Dunix -D__uClinux__ -DEMBED -I/merge/uClinux-dist-up2user_2005 -I/merge/uClinux-dist-up2user_2005/lib/uClibc/include -fno-builtin -c -O2 -Wall -Dlinux -D__linux__ -Dunix -D__uClinux__ -DEMBED -I/merge/uClinux-dist-up2user_2005 -I/merge/uClinux-dist-up2user_2005/lib/uClibc/include -fno-builtin  conftest.c >&5
conftest.c:2: error: parse error before "me"
configure:3317: $? = 1
configure: failed program was:
| #ifndef __cplusplus
|   choke me
| #endif
configure:3458: checking how to run the C preprocessor
configure:3493: bfin-uclinux-gcc -O2 -Wall -Dlinux -D__linux__ -Dunix -D__uClinux__ -DEMBED -I/merge/uClinux-dist-up2user_2005 -I/merge/uClinux-dist-up2user_2005/lib/uClibc/include -fno-builtin -E  conftest.c
configure:3499: $? = 0
configure:3531: bfin-uclinux-gcc -O2 -Wall -Dlinux -D__linux__ -Dunix -D__uClinux__ -DEMBED -I/merge/uClinux-dist-up2user_2005 -I/merge/uClinux-dist-up2user_2005/lib/uClibc/include -fno-builtin -E  conftest.c
conftest.c:9:28: ac_nonexistent.h: No such file or directory
configure:3537: $? = 1
configure: failed program was:
| /* confdefs.h.  */
| 
| #define PACKAGE_NAME ""
| #define PACKAGE_TARNAME ""
| #define PACKAGE_VERSION ""
| #define PACKAGE_STRING ""
| #define PACKAGE_BUGREPORT ""
| /* end confdefs.h.  */
| #include <ac_nonexistent.h>
configure:3576: result: bfin-uclinux-gcc -O2 -Wall -Dlinux -D__linux__ -Dunix -D__uClinux__ -DEMBED -I/merge/uClinux-dist-up2user_2005 -I/merge/uClinux-dist-up2user_2005/lib/uClibc/include -fno-builtin -E
configure:3600: bfin-uclinux-gcc -O2 -Wall -Dlinux -D__linux__ -Dunix -D__uClinux__ -DEMBED -I/merge/uClinux-dist-up2user_2005 -I/merge/uClinux-dist-up2user_2005/lib/uClibc/include -fno-builtin -E  conftest.c
configure:3606: $? = 0
configure:3638: bfin-uclinux-gcc -O2 -Wall -Dlinux -D__linux__ -Dunix -D__uClinux__ -DEMBED -I/merge/uClinux-dist-up2user_2005 -I/merge/uClinux-dist-up2user_2005/lib/uClibc/include -fno-builtin -E  conftest.c
conftest.c:9:28: ac_nonexistent.h: No such file or directory
configure:3644: $? = 1
configure: failed program was:
| /* confdefs.h.  */
| 
| #define PACKAGE_NAME ""
| #define PACKAGE_TARNAME ""
| #define PACKAGE_VERSION ""
| #define PACKAGE_STRING ""
| #define PACKAGE_BUGREPORT ""
| /* end confdefs.h.  */
| #include <ac_nonexistent.h>
configure:3727: checking for a BSD-compatible install
configure:3782: result: /usr/bin/install -c
configure:3797: checking for gawk
configure:3813: found /usr/bin/gawk
configure:3823: result: gawk
configure:3835: checking for perl
configure:3853: found /usr/bin/perl
configure:3865: result: /usr/bin/perl
configure:3876: checking for bfin-uclinux-ar
configure:3902: result: bfin-uclinux-ar
configure:3961: checking if the linker (ld) is GNU ld
GNU ld version 2.15.92.0.2 20040927
configure:3973: result: yes
configure:3979: checking GNU ld release date
configure:3982: result: 20040927
configure:4010: checking for library containing strerror
configure:4040: bfin-uclinux-gcc -O2 -Wall -Dlinux -D__linux__ -Dunix -D__uClinux__ -DEMBED -I/merge/uClinux-dist-up2user_2005 -I/merge/uClinux-dist-up2user_2005/lib/uClibc/include -fno-builtin -o conftest -O2 -Wall -Dlinux -D__linux__ -Dunix -D__uClinux__ -DEMBED -I/merge/uClinux-dist-up2user_2005 -I/merge/uClinux-dist-up2user_2005/lib/uClibc/include -fno-builtin  -Wl,-elf2flt conftest.c -L/merge/uClinux-dist-up2user_2005/lib/uClibc/. -L/merge/uClinux-dist-up2user_2005/lib/uClibc/lib -L/merge/uClinux-dist-up2user_2005/lib/uClibc/libm -L/merge/uClinux-dist-up2user_2005/lib/libnet -L/merge/uClinux-dist-up2user_2005/lib/libdes -L/merge/uClinux-dist-up2user_2005/lib/libaes -L/merge/uClinux-dist-up2user_2005/lib/libpcap -L/merge/uClinux-dist-up2user_2005/lib/zlib -L/merge/uClinux-dist-up2user_2005/lib/libssl -L/merge/uClinux-dist-up2user_2005/lib/uClibc/libc -L/merge/uClinux-dist-up2user_2005/lib/uClibc/libcrypt >&5
configure:4046: $? = 0
configure:4050: test -z 
			 || test ! -s conftest.err
configure:4053: $? = 0
configure:4056: test -s conftest
configure:4059: $? = 0
configure:4129: result: none required
configure:4140: checking whether bfin-uclinux-gcc -O2 -Wall -Dlinux -D__linux__ -Dunix -D__uClinux__ -DEMBED -I/merge/uClinux-dist-up2user_2005 -I/merge/uClinux-dist-up2user_2005/lib/uClibc/include -fno-builtin and cc understand -c and -o together
configure:4170: bfin-uclinux-gcc -O2 -Wall -Dlinux -D__linux__ -Dunix -D__uClinux__ -DEMBED -I/merge/uClinux-dist-up2user_2005 -I/merge/uClinux-dist-up2user_2005/lib/uClibc/include -fno-builtin -c conftest.c -o conftest.o >&5
configure:4173: $? = 0
configure:4175: bfin-uclinux-gcc -O2 -Wall -Dlinux -D__linux__ -Dunix -D__uClinux__ -DEMBED -I/merge/uClinux-dist-up2user_2005 -I/merge/uClinux-dist-up2user_2005/lib/uClibc/include -fno-builtin -c conftest.c -o conftest.o >&5
configure:4178: $? = 0
configure:4185: cc -c conftest.c >&5
configure:4188: $? = 0
configure:4191: cc -c conftest.c -o conftest.o >&5
configure:4194: $? = 0
configure:4196: cc -c conftest.c -o conftest.o >&5
configure:4199: $? = 0
configure:4217: result: yes
configure:4236: checking that the C compiler understands -Werror
configure:4300: result: cross
configure:4305: checking that the C compiler understands -w2
configure:4369: result: cross
configure:4376: checking that the C compiler understands volatile
configure:4398: bfin-uclinux-gcc -O2 -Wall -Dlinux -D__linux__ -Dunix -D__uClinux__ -DEMBED -I/merge/uClinux-dist-up2user_2005 -I/merge/uClinux-dist-up2user_2005/lib/uClibc/include -fno-builtin -c -O2 -Wall -Dlinux -D__linux__ -Dunix -D__uClinux__ -DEMBED -I/merge/uClinux-dist-up2user_2005 -I/merge/uClinux-dist-up2user_2005/lib/uClibc/include -fno-builtin  conftest.c >&5
conftest.c: In function `main':
conftest.c:13: warning: unused variable `i'
configure:4404: $? = 0
configure:4408: test -z 
			 || test ! -s conftest.err
configure:4411: $? = 0
configure:4414: test -s conftest.o
configure:4417: $? = 0
configure:4428: result: yes
configure:4439: checking uname -s
configure:4441: result: Linux
configure:4445: checking uname -r
configure:4447: result: 2.6.11-gentoo-r11
configure:4451: checking uname -m
configure:4453: result: i686
configure:4457: checking uname -p
configure:4459: result: Intel(R) Pentium(R) 4 CPU 3.00GHz
configure:4468: checking build system type
configure:4486: result: i686-pc-linux-gnu
configure:4494: checking host system type
configure:4503: error: /bin/sh ./config.sub bfin-uclinux failed

## ---------------- ##
## Cache variables. ##
## ---------------- ##

ac_cv_build=i686-pc-linux-gnu
ac_cv_build_alias=i686-pc-linux-gnu
ac_cv_c_compiler_gnu=yes
ac_cv_env_CC_set=set
ac_cv_env_CC_value='bfin-uclinux-gcc -O2 -Wall -Dlinux -D__linux__ -Dunix -D__uClinux__ -DEMBED -I/merge/uClinux-dist-up2user_2005 -I/merge/uClinux-dist-up2user_2005/lib/uClibc/include -fno-builtin'
ac_cv_env_CFLAGS_set=set
ac_cv_env_CFLAGS_value='-O2 -Wall -Dlinux -D__linux__ -Dunix -D__uClinux__ -DEMBED -I/merge/uClinux-dist-up2user_2005 -I/merge/uClinux-dist-up2user_2005/lib/uClibc/include -fno-builtin'
ac_cv_env_CPPFLAGS_set=
ac_cv_env_CPPFLAGS_value=
ac_cv_env_CPP_set=
ac_cv_env_CPP_value=
ac_cv_env_LDFLAGS_set=set
ac_cv_env_LDFLAGS_value=-Wl,-elf2flt
ac_cv_env_build_alias_set=
ac_cv_env_build_alias_value=
ac_cv_env_host_alias_set=set
ac_cv_env_host_alias_value=bfin-uclinux
ac_cv_env_target_alias_set=
ac_cv_env_target_alias_value=
ac_cv_exeext=
ac_cv_gnu_ld_date=20040927
ac_cv_gnu_ld_version='GNU ld version 2.15.92.0.2 20040927'
ac_cv_host=
ac_cv_host_alias=bfin-uclinux
ac_cv_objext=o
ac_cv_path_PERL=/usr/bin/perl
ac_cv_path_install='/usr/bin/install -c'
ac_cv_prog_AR=bfin-uclinux-ar
ac_cv_prog_AWK=gawk
ac_cv_prog_CC='bfin-uclinux-gcc -O2 -Wall -Dlinux -D__linux__ -Dunix -D__uClinux__ -DEMBED -I/merge/uClinux-dist-up2user_2005 -I/merge/uClinux-dist-up2user_2005/lib/uClibc/include -fno-builtin'
ac_cv_prog_CPP='bfin-uclinux-gcc -O2 -Wall -Dlinux -D__linux__ -Dunix -D__uClinux__ -DEMBED -I/merge/uClinux-dist-up2user_2005 -I/merge/uClinux-dist-up2user_2005/lib/uClibc/include -fno-builtin -E'
ac_cv_prog_cc_bfin_uclinux_gcc_c_o=yes
ac_cv_prog_cc_g=yes
ac_cv_prog_cc_stdc=no
ac_cv_prog_gnu_ld=yes
ac_cv_search_strerror='none required'
samba_cv_HAVE_Werror=cross
samba_cv_HAVE_w2=cross
samba_cv_volatile=yes

## ----------------- ##
## Output variables. ##
## ----------------- ##

ACL_LIBS=''
AR='bfin-uclinux-ar'
AUTH_LIBS=''
AUTH_MODULES=''
AUTH_STATIC=''
AWK='gawk'
BROKEN_CC='#'
BUILD_POPT=''
CC='bfin-uclinux-gcc -O2 -Wall -Dlinux -D__linux__ -Dunix -D__uClinux__ -DEMBED -I/merge/uClinux-dist-up2user_2005 -I/merge/uClinux-dist-up2user_2005/lib/uClibc/include -fno-builtin'
CFLAGS='-O2 -Wall -Dlinux -D__linux__ -Dunix -D__uClinux__ -DEMBED -I/merge/uClinux-dist-up2user_2005 -I/merge/uClinux-dist-up2user_2005/lib/uClibc/include -fno-builtin'
CHARSET_MODULES=''
CHARSET_STATIC=''
CPP='bfin-uclinux-gcc -O2 -Wall -Dlinux -D__linux__ -Dunix -D__uClinux__ -DEMBED -I/merge/uClinux-dist-up2user_2005 -I/merge/uClinux-dist-up2user_2005/lib/uClibc/include -fno-builtin -E'
CPPFLAGS=''
CUPS_CONFIG=''
DEFS=''
DYNEXP=''
ECHO_C=''
ECHO_N='-n'
ECHO_T=''
EGREP=''
EXEEXT=''
EXTRA_ALL_TARGETS=''
EXTRA_BIN_PROGS=''
EXTRA_SBIN_PROGS=''
FLAGS1=''
HOST_OS=''
IDMAP_LIBS=''
IDMAP_MODULES=''
IDMAP_STATIC=''
INSTALLCLIENT=''
INSTALLCLIENTCMD_A=''
INSTALLCLIENTCMD_SH=''
INSTALL_DATA='${INSTALL} -m 644'
INSTALL_PROGRAM='${INSTALL}'
INSTALL_SCRIPT='${INSTALL}'
KRB5CONFIG=''
KRB5_LIBS=''
LDAP_LIBS=''
LDFLAGS='-Wl,-elf2flt'
LDSHFLAGS=''
LIBOBJS=''
LIBS='-L/merge/uClinux-dist-up2user_2005/lib/uClibc/. -L/merge/uClinux-dist-up2user_2005/lib/uClibc/lib -L/merge/uClinux-dist-up2user_2005/lib/uClibc/libm -L/merge/uClinux-dist-up2user_2005/lib/libnet -L/merge/uClinux-dist-up2user_2005/lib/libdes -L/merge/uClinux-dist-up2user_2005/lib/libaes -L/merge/uClinux-dist-up2user_2005/lib/libpcap -L/merge/uClinux-dist-up2user_2005/lib/zlib -L/merge/uClinux-dist-up2user_2005/lib/libssl -L/merge/uClinux-dist-up2user_2005/lib/uClibc/libc -L/merge/uClinux-dist-up2user_2005/lib/uClibc/libcrypt'
LIBSMBCLIENT=''
LIBSMBCLIENT_SHARED=''
LTLIBOBJS=''
MYSQL_CFLAGS=''
MYSQL_CONFIG=''
MYSQL_LIBS=''
OBJEXT='o'
PACKAGE_BUGREPORT=''
PACKAGE_NAME=''
PACKAGE_STRING=''
PACKAGE_TARNAME=''
PACKAGE_VERSION=''
PASSDB_LIBS=''
PATH_SEPARATOR=':'
PDB_MODULES=''
PDB_STATIC=''
PERL='/usr/bin/perl'
PGSQL_CFLAGS=''
PGSQL_CONFIG=''
PGSQL_LIBS=''
PICFLAGS=''
PICSUFFIX=''
POPTLIBS=''
PRINT_LIBS=''
PYTHON=''
ROFF=''
RPC_MODULES=''
RPC_STATIC=''
SHELL='/bin/sh'
SHLD=''
SHLIBEXT=''
SHLIB_PROGS=''
SMBLDAP=''
SMBWRAPPER=''
SONAMEFLAG=''
TERMLDFLAGS=''
TERMLIBS=''
VFS_MODULES=''
VFS_STATIC=''
WINBIND_NSS=''
WINBIND_NSS_EXTRA_LIBS=''
WINBIND_NSS_EXTRA_OBJS=''
WINBIND_NSS_LDSHFLAGS=''
WINBIND_WINS_NSS=''
XML2_CONFIG=''
XML_CFLAGS=''
XML_LIBS=''
ac_ct_AR=''
ac_ct_CC=''
bindir='${exec_prefix}/bin'
build='i686-pc-linux-gnu'
build_alias=''
build_cpu='i686'
build_os='linux-gnu'
build_vendor='pc'
builddir=''
configdir='/etc/config'
datadir='${prefix}/share'
exec_prefix='NONE'
host='bfin-uclinux'
host_alias='bfin-uclinux'
host_cpu=''
host_os=''
host_vendor=''
includedir='${prefix}/include'
infodir='${prefix}/info'
libdir='${prefix}/lib'
libexecdir='${exec_prefix}/libexec'
localstatedir='${prefix}/var'
lockdir='${VARDIR}/locks'
logfilebase='/var/log'
mandir='${prefix}/man'
manlangs=''
oldincludedir='/usr/include'
piddir='${VARDIR}/locks'
prefix=''
privatedir='/etc/config'
program_transform_name='s,x,x,'
sbindir='${exec_prefix}/sbin'
sharedstatedir='${prefix}/com'
swatdir='${prefix}/swat'
sysconfdir='${prefix}/etc'
target=''
target_alias=''
target_cpu=''
target_os=''
target_vendor=''

## ----------- ##
## confdefs.h. ##
## ----------- ##

#define HAVE_VOLATILE 1
#define PACKAGE_BUGREPORT ""
#define PACKAGE_NAME ""
#define PACKAGE_STRING ""
#define PACKAGE_TARNAME ""
#define PACKAGE_VERSION ""

configure: exit 1
