This file contains any messages produced by compilers while
running configure, to aid debugging if configure makes a mistake.

It was created by configure, which was
generated by GNU Autoconf 2.59.  Invocation command line was

  $ ./configure --enable-blackfin-asm --enable-fixed-point --host=bfin-uclinux

## --------- ##
## Platform. ##
## --------- ##

hostname = linux
uname -m = i686
uname -r = 2.6.16.13-4-smp
uname -s = Linux
uname -v = #1 SMP Wed May 3 04:53:23 UTC 2006

/usr/bin/uname -p = unknown
/bin/uname -X     = unknown

/bin/arch              = i686
/usr/bin/arch -k       = unknown
/usr/convex/getsysinfo = unknown
hostinfo               = unknown
/bin/machine           = unknown
/usr/bin/oslevel       = unknown
/bin/universe          = unknown

PATH: /home/cvshdr/toolchain/bfin-elf/bin
PATH: /home/cvshdr/toolchain/bfin-uclinux/bin
PATH: /home/cvshdr/bin
PATH: /usr/local/bin
PATH: /usr/bin
PATH: /usr/X11R6/bin
PATH: /bin
PATH: /usr/games
PATH: /opt/gnome/bin
PATH: /opt/kde3/bin
PATH: /usr/lib/jvm/jre/bin
PATH: /usr/lib/mit/bin
PATH: /usr/lib/mit/sbin
PATH: /usr/lib/qt3/bin


## ----------- ##
## Core tests. ##
## ----------- ##

configure:1579: checking for a BSD-compatible install
configure:1634: result: /usr/bin/install -c
configure:1645: checking whether build environment is sane
configure:1688: result: yes
configure:1753: checking for gawk
configure:1769: found /usr/bin/gawk
configure:1779: result: gawk
configure:1789: checking whether make sets $(MAKE)
configure:1809: result: yes
configure:1876: checking for bfin-uclinux-strip
configure:1892: found /home/cvshdr/toolchain/bfin-uclinux/bin/bfin-uclinux-strip
configure:1902: result: bfin-uclinux-strip
configure:1968: checking whether to enable maintainer-specific portions of Makefiles
configure:1977: result: no
configure:1999: checking build system type
configure:2017: result: i686-pc-linux-gnu
configure:2025: checking host system type
configure:2039: result: bfin-unknown-uclinux
configure:2131: checking for style of include used by make
configure:2159: result: GNU
configure:2192: checking for bfin-uclinux-gcc
configure:2208: found /home/cvshdr/toolchain/bfin-uclinux/bin/bfin-uclinux-gcc
configure:2218: result: bfin-uclinux-gcc
configure:2500: checking for C compiler version
configure:2503: bfin-uclinux-gcc --version </dev/null >&5
bfin-uclinux-gcc (GCC) 3.4.5 (ADI cvs)
Copyright (C) 2006 Free Software Foundation, Inc.
This is free software; see the source for copying conditions.  There is NO
warranty; not even for MERCHANTABILITY or FITNESS FOR A PARTICULAR PURPOSE.

configure:2506: $? = 0
configure:2508: bfin-uclinux-gcc -v </dev/null >&5
Reading specs from /home/cvshdr/toolchain/bfin-uclinux/bin/../lib/gcc/bfin-uclinux/3.4.5/specs
Configured with: /home/test/checkouts/gcc/gcc-3.4/configure --target=bfin-uclinux --prefix=/home/test/gcc-build/gcc-2006_Aug_01_15_20/out-uclinux --enable-threads=posix --with-sysroot=/home/test/gcc-build/gcc-2006_Aug_01_15_20/out-uclinux/bfin-uclinux/runtime --disable-libstdcxx-pch --disable-symvers --disable-libssp --enable-version-specific-runtime-libs
Thread model: posix
gcc version 3.4.5 (ADI cvs)
configure:2511: $? = 0
configure:2513: bfin-uclinux-gcc -V </dev/null >&5
bfin-uclinux-gcc: `-V' option must have argument
configure:2516: $? = 1
configure:2539: checking for C compiler default output file name
configure:2542: bfin-uclinux-gcc    conftest.c  >&5
configure:2545: $? = 0
configure:2591: result: a.out
configure:2596: checking whether the C compiler works
configure:2602: ./a.out
./configure: line 2603: ./a.out: cannot execute binary file
configure:2605: $? = 126
configure:2622: result: yes
configure:2629: checking whether we are cross compiling
configure:2631: result: yes
configure:2634: checking for suffix of executables
configure:2636: bfin-uclinux-gcc -o conftest    conftest.c  >&5
configure:2639: $? = 0
configure:2664: result: 
configure:2670: checking for suffix of object files
configure:2691: bfin-uclinux-gcc -c   conftest.c >&5
configure:2694: $? = 0
configure:2716: result: o
configure:2720: checking whether we are using the GNU C compiler
configure:2744: bfin-uclinux-gcc -c   conftest.c >&5
configure:2750: $? = 0
configure:2754: test -z 
			 || test ! -s conftest.err
configure:2757: $? = 0
configure:2760: test -s conftest.o
configure:2763: $? = 0
configure:2776: result: yes
configure:2782: checking whether bfin-uclinux-gcc accepts -g
configure:2803: bfin-uclinux-gcc -c -g  conftest.c >&5
configure:2809: $? = 0
configure:2813: test -z 
			 || test ! -s conftest.err
configure:2816: $? = 0
configure:2819: test -s conftest.o
configure:2822: $? = 0
configure:2833: result: yes
configure:2850: checking for bfin-uclinux-gcc option to accept ANSI C
configure:2920: bfin-uclinux-gcc  -c -g -O2  conftest.c >&5
configure:2926: $? = 0
configure:2930: test -z 
			 || test ! -s conftest.err
configure:2933: $? = 0
configure:2936: test -s conftest.o
configure:2939: $? = 0
configure:2957: result: none needed
configure:2975: bfin-uclinux-gcc -c -g -O2  conftest.c >&5
conftest.c:2: error: syntax error before "me"
configure:2981: $? = 1
configure: failed program was:
| #ifndef __cplusplus
|   choke me
| #endif
configure:3116: checking dependency style of bfin-uclinux-gcc
configure:3206: result: gcc3
configure:3223: checking for a sed that does not truncate output
configure:3277: result: /usr/bin/sed
configure:3280: checking for egrep
configure:3290: result: grep -E
configure:3306: checking for ld used by bfin-uclinux-gcc
configure:3373: result: /home/cvshdr/toolchain/bfin-uclinux/bfin-uclinux/bin/ld
configure:3382: checking if the linker (/home/cvshdr/toolchain/bfin-uclinux/bfin-uclinux/bin/ld) is GNU ld
configure:3397: result: yes
configure:3402: checking for /home/cvshdr/toolchain/bfin-uclinux/bfin-uclinux/bin/ld option to reload object files
configure:3409: result: -r
configure:3418: checking for BSD-compatible nm
configure:3460: result: /home/cvshdr/toolchain/bfin-uclinux/bin/bfin-uclinux-nm -B
configure:3464: checking whether ln -s works
configure:3468: result: yes
configure:3475: checking how to recognise dependent libraries
configure:3658: result: unknown
configure:3872: checking how to run the C preprocessor
configure:3907: bfin-uclinux-gcc -E  conftest.c
configure:3913: $? = 0
configure:3945: bfin-uclinux-gcc -E  conftest.c
conftest.c:9:28: ac_nonexistent.h: No such file or directory
configure:3951: $? = 1
configure: failed program was:
| /* confdefs.h.  */
| 
| #define PACKAGE_NAME ""
| #define PACKAGE_TARNAME ""
| #define PACKAGE_VERSION ""
| #define PACKAGE_STRING ""
| #define PACKAGE_BUGREPORT ""
| /* end confdefs.h.  */
| #include <ac_nonexistent.h>
configure:3990: result: bfin-uclinux-gcc -E
configure:4014: bfin-uclinux-gcc -E  conftest.c
configure:4020: $? = 0
configure:4052: bfin-uclinux-gcc -E  conftest.c
conftest.c:9:28: ac_nonexistent.h: No such file or directory
configure:4058: $? = 1
configure: failed program was:
| /* confdefs.h.  */
| 
| #define PACKAGE_NAME ""
| #define PACKAGE_TARNAME ""
| #define PACKAGE_VERSION ""
| #define PACKAGE_STRING ""
| #define PACKAGE_BUGREPORT ""
| /* end confdefs.h.  */
| #include <ac_nonexistent.h>
configure:4102: checking for ANSI C header files
configure:4127: bfin-uclinux-gcc -c -g -O2  conftest.c >&5
configure:4133: $? = 0
configure:4137: test -z 
			 || test ! -s conftest.err
configure:4140: $? = 0
configure:4143: test -s conftest.o
configure:4146: $? = 0
configure:4258: result: yes
configure:4282: checking for sys/types.h
configure:4298: bfin-uclinux-gcc -c -g -O2  conftest.c >&5
configure:4304: $? = 0
configure:4308: test -z 
			 || test ! -s conftest.err
configure:4311: $? = 0
configure:4314: test -s conftest.o
configure:4317: $? = 0
configure:4328: result: yes
configure:4282: checking for sys/stat.h
configure:4298: bfin-uclinux-gcc -c -g -O2  conftest.c >&5
configure:4304: $? = 0
configure:4308: test -z 
			 || test ! -s conftest.err
configure:4311: $? = 0
configure:4314: test -s conftest.o
configure:4317: $? = 0
configure:4328: result: yes
configure:4282: checking for stdlib.h
configure:4298: bfin-uclinux-gcc -c -g -O2  conftest.c >&5
configure:4304: $? = 0
configure:4308: test -z 
			 || test ! -s conftest.err
configure:4311: $? = 0
configure:4314: test -s conftest.o
configure:4317: $? = 0
configure:4328: result: yes
configure:4282: checking for string.h
configure:4298: bfin-uclinux-gcc -c -g -O2  conftest.c >&5
configure:4304: $? = 0
configure:4308: test -z 
			 || test ! -s conftest.err
configure:4311: $? = 0
configure:4314: test -s conftest.o
configure:4317: $? = 0
configure:4328: result: yes
configure:4282: checking for memory.h
configure:4298: bfin-uclinux-gcc -c -g -O2  conftest.c >&5
configure:4304: $? = 0
configure:4308: test -z 
			 || test ! -s conftest.err
configure:4311: $? = 0
configure:4314: test -s conftest.o
configure:4317: $? = 0
configure:4328: result: yes
configure:4282: checking for strings.h
configure:4298: bfin-uclinux-gcc -c -g -O2  conftest.c >&5
configure:4304: $? = 0
configure:4308: test -z 
			 || test ! -s conftest.err
configure:4311: $? = 0
configure:4314: test -s conftest.o
configure:4317: $? = 0
configure:4328: result: yes
configure:4282: checking for inttypes.h
configure:4298: bfin-uclinux-gcc -c -g -O2  conftest.c >&5
configure:4304: $? = 0
configure:4308: test -z 
			 || test ! -s conftest.err
configure:4311: $? = 0
configure:4314: test -s conftest.o
configure:4317: $? = 0
configure:4328: result: yes
configure:4282: checking for stdint.h
configure:4298: bfin-uclinux-gcc -c -g -O2  conftest.c >&5
configure:4304: $? = 0
configure:4308: test -z 
			 || test ! -s conftest.err
configure:4311: $? = 0
configure:4314: test -s conftest.o
configure:4317: $? = 0
configure:4328: result: yes
configure:4282: checking for unistd.h
configure:4298: bfin-uclinux-gcc -c -g -O2  conftest.c >&5
configure:4304: $? = 0
configure:4308: test -z 
			 || test ! -s conftest.err
configure:4311: $? = 0
configure:4314: test -s conftest.o
configure:4317: $? = 0
configure:4328: result: yes
configure:4354: checking dlfcn.h usability
configure:4366: bfin-uclinux-gcc -c -g -O2  conftest.c >&5
configure:4372: $? = 0
configure:4376: test -z 
			 || test ! -s conftest.err
configure:4379: $? = 0
configure:4382: test -s conftest.o
configure:4385: $? = 0
configure:4395: result: yes
configure:4399: checking dlfcn.h presence
configure:4409: bfin-uclinux-gcc -E  conftest.c
configure:4415: $? = 0
configure:4435: result: yes
configure:4470: checking for dlfcn.h
configure:4477: result: yes
configure:4500: checking for bfin-uclinux-g++
configure:4516: found /home/cvshdr/toolchain/bfin-uclinux/bin/bfin-uclinux-g++
configure:4526: result: bfin-uclinux-g++
configure:4584: checking for C++ compiler version
configure:4587: bfin-uclinux-g++ --version </dev/null >&5
bfin-uclinux-g++ (GCC) 3.4.5 (ADI cvs)
Copyright (C) 2006 Free Software Foundation, Inc.
This is free software; see the source for copying conditions.  There is NO
warranty; not even for MERCHANTABILITY or FITNESS FOR A PARTICULAR PURPOSE.

configure:4590: $? = 0
configure:4592: bfin-uclinux-g++ -v </dev/null >&5
Reading specs from /home/cvshdr/toolchain/bfin-uclinux/bin/../lib/gcc/bfin-uclinux/3.4.5/specs
Configured with: /home/test/checkouts/gcc/gcc-3.4/configure --target=bfin-uclinux --prefix=/home/test/gcc-build/gcc-2006_Aug_01_15_20/out-uclinux --enable-threads=posix --with-sysroot=/home/test/gcc-build/gcc-2006_Aug_01_15_20/out-uclinux/bfin-uclinux/runtime --disable-libstdcxx-pch --disable-symvers --disable-libssp --enable-version-specific-runtime-libs
Thread model: posix
gcc version 3.4.5 (ADI cvs)
configure:4595: $? = 0
configure:4597: bfin-uclinux-g++ -V </dev/null >&5
bfin-uclinux-g++: `-V' option must have argument
configure:4600: $? = 1
configure:4603: checking whether we are using the GNU C++ compiler
configure:4627: bfin-uclinux-g++ -c   conftest.cc >&5
configure:4633: $? = 0
configure:4637: test -z 
			 || test ! -s conftest.err
configure:4640: $? = 0
configure:4643: test -s conftest.o
configure:4646: $? = 0
configure:4659: result: yes
configure:4665: checking whether bfin-uclinux-g++ accepts -g
configure:4686: bfin-uclinux-g++ -c -g  conftest.cc >&5
configure:4692: $? = 0
configure:4696: test -z 
			 || test ! -s conftest.err
configure:4699: $? = 0
configure:4702: test -s conftest.o
configure:4705: $? = 0
configure:4716: result: yes
configure:4758: bfin-uclinux-g++ -c -g -O2  conftest.cc >&5
configure:4764: $? = 0
configure:4768: test -z 
			 || test ! -s conftest.err
configure:4771: $? = 0
configure:4774: test -s conftest.o
configure:4777: $? = 0
configure:4803: bfin-uclinux-g++ -c -g -O2  conftest.cc >&5
conftest.cc: In function `int main()':
conftest.cc:24: error: `exit' was not declared in this scope
configure:4809: $? = 1
configure: failed program was:
| /* confdefs.h.  */
| 
| #define PACKAGE_NAME ""
| #define PACKAGE_TARNAME ""
| #define PACKAGE_VERSION ""
| #define PACKAGE_STRING ""
| #define PACKAGE_BUGREPORT ""
| #define STDC_HEADERS 1
| #define HAVE_SYS_TYPES_H 1
| #define HAVE_SYS_STAT_H 1
| #define HAVE_STDLIB_H 1
| #define HAVE_STRING_H 1
| #define HAVE_MEMORY_H 1
| #define HAVE_STRINGS_H 1
| #define HAVE_INTTYPES_H 1
| #define HAVE_STDINT_H 1
| #define HAVE_UNISTD_H 1
| #define HAVE_DLFCN_H 1
| /* end confdefs.h.  */
| 
| int
| main ()
| {
| exit (42);
|   ;
|   return 0;
| }
configure:4758: bfin-uclinux-g++ -c -g -O2  conftest.cc >&5
configure:4764: $? = 0
configure:4768: test -z 
			 || test ! -s conftest.err
configure:4771: $? = 0
configure:4774: test -s conftest.o
configure:4777: $? = 0
configure:4803: bfin-uclinux-g++ -c -g -O2  conftest.cc >&5
configure:4809: $? = 0
configure:4813: test -z 
			 || test ! -s conftest.err
configure:4816: $? = 0
configure:4819: test -s conftest.o
configure:4822: $? = 0
configure:4847: checking dependency style of bfin-uclinux-g++
configure:4937: result: gcc3
configure:4959: checking how to run the C++ preprocessor
configure:4990: bfin-uclinux-g++ -E  conftest.cc
configure:4996: $? = 0
configure:5028: bfin-uclinux-g++ -E  conftest.cc
conftest.cc:23:28: ac_nonexistent.h: No such file or directory
configure:5034: $? = 1
configure: failed program was:
| /* confdefs.h.  */
| 
| #define PACKAGE_NAME ""
| #define PACKAGE_TARNAME ""
| #define PACKAGE_VERSION ""
| #define PACKAGE_STRING ""
| #define PACKAGE_BUGREPORT ""
| #define STDC_HEADERS 1
| #define HAVE_SYS_TYPES_H 1
| #define HAVE_SYS_STAT_H 1
| #define HAVE_STDLIB_H 1
| #define HAVE_STRING_H 1
| #define HAVE_MEMORY_H 1
| #define HAVE_STRINGS_H 1
| #define HAVE_INTTYPES_H 1
| #define HAVE_STDINT_H 1
| #define HAVE_UNISTD_H 1
| #define HAVE_DLFCN_H 1
| #ifdef __cplusplus
| extern "C" void std::exit (int) throw (); using std::exit;
| #endif
| /* end confdefs.h.  */
| #include <ac_nonexistent.h>
configure:5073: result: bfin-uclinux-g++ -E
configure:5097: bfin-uclinux-g++ -E  conftest.cc
configure:5103: $? = 0
configure:5135: bfin-uclinux-g++ -E  conftest.cc
conftest.cc:23:28: ac_nonexistent.h: No such file or directory
configure:5141: $? = 1
configure: failed program was:
| /* confdefs.h.  */
| 
| #define PACKAGE_NAME ""
| #define PACKAGE_TARNAME ""
| #define PACKAGE_VERSION ""
| #define PACKAGE_STRING ""
| #define PACKAGE_BUGREPORT ""
| #define STDC_HEADERS 1
| #define HAVE_SYS_TYPES_H 1
| #define HAVE_SYS_STAT_H 1
| #define HAVE_STDLIB_H 1
| #define HAVE_STRING_H 1
| #define HAVE_MEMORY_H 1
| #define HAVE_STRINGS_H 1
| #define HAVE_INTTYPES_H 1
| #define HAVE_STDINT_H 1
| #define HAVE_UNISTD_H 1
| #define HAVE_DLFCN_H 1
| #ifdef __cplusplus
| extern "C" void std::exit (int) throw (); using std::exit;
| #endif
| /* end confdefs.h.  */
| #include <ac_nonexistent.h>
configure:5194: checking for bfin-uclinux-g77
configure:5223: result: no
configure:5194: checking for bfin-uclinux-f77
configure:5223: result: no
configure:5194: checking for bfin-uclinux-xlf
configure:5223: result: no
configure:5194: checking for bfin-uclinux-frt
configure:5223: result: no
configure:5194: checking for bfin-uclinux-pgf77
configure:5223: result: no
configure:5194: checking for bfin-uclinux-fort77
configure:5223: result: no
configure:5194: checking for bfin-uclinux-fl32
configure:5223: result: no
configure:5194: checking for bfin-uclinux-af77
configure:5223: result: no
configure:5194: checking for bfin-uclinux-f90
configure:5223: result: no
configure:5194: checking for bfin-uclinux-xlf90
configure:5223: result: no
configure:5194: checking for bfin-uclinux-pgf90
configure:5223: result: no
configure:5194: checking for bfin-uclinux-epcf90
configure:5223: result: no
configure:5194: checking for bfin-uclinux-f95
configure:5223: result: no
configure:5194: checking for bfin-uclinux-fort
configure:5223: result: no
configure:5194: checking for bfin-uclinux-xlf95
configure:5223: result: no
configure:5194: checking for bfin-uclinux-ifc
configure:5223: result: no
configure:5194: checking for bfin-uclinux-efc
configure:5223: result: no
configure:5194: checking for bfin-uclinux-pgf95
configure:5223: result: no
configure:5194: checking for bfin-uclinux-lf95
configure:5223: result: no
configure:5194: checking for bfin-uclinux-gfortran
configure:5223: result: no
configure:5236: checking for g77
configure:5265: result: no
configure:5236: checking for f77
configure:5265: result: no
configure:5236: checking for xlf
configure:5265: result: no
configure:5236: checking for frt
configure:5265: result: no
configure:5236: checking for pgf77
configure:5265: result: no
configure:5236: checking for fort77
configure:5265: result: no
configure:5236: checking for fl32
configure:5265: result: no
configure:5236: checking for af77
configure:5265: result: no
configure:5236: checking for f90
configure:5265: result: no
configure:5236: checking for xlf90
configure:5265: result: no
configure:5236: checking for pgf90
configure:5265: result: no
configure:5236: checking for epcf90
configure:5265: result: no
configure:5236: checking for f95
configure:5265: result: no
configure:5236: checking for fort
configure:5265: result: no
configure:5236: checking for xlf95
configure:5265: result: no
configure:5236: checking for ifc
configure:5265: result: no
configure:5236: checking for efc
configure:5265: result: no
configure:5236: checking for pgf95
configure:5265: result: no
configure:5236: checking for lf95
configure:5265: result: no
configure:5236: checking for gfortran
configure:5265: result: no
configure:5277: checking for Fortran 77 compiler version
configure:5280:  --version </dev/null >&5
./configure: line 5281: --version: command not found
configure:5283: $? = 127
configure:5285:  -v </dev/null >&5
./configure: line 5286: -v: command not found
configure:5288: $? = 127
configure:5290:  -V </dev/null >&5
./configure: line 5291: -V: command not found
configure:5293: $? = 127
configure:5301: checking whether we are using the GNU Fortran 77 compiler
configure:5315:  -c  conftest.F >&5
./configure: line 5316: -c: command not found
configure:5321: $? = 127
configure: failed program was:
|       program main
| #ifndef __GNUC__
|        choke me
| #endif
| 
|       end
configure:5347: result: no
configure:5353: checking whether  accepts -g
configure:5365:  -c -g conftest.f >&5
./configure: line 5366: -c: command not found
configure:5371: $? = 127
configure: failed program was:
|       program main
| 
|       end
configure:5396: result: no
configure:5426: checking the maximum length of command line arguments
configure:5491: result: 32768
configure:5502: checking command to parse /home/cvshdr/toolchain/bfin-uclinux/bin/bfin-uclinux-nm -B output from bfin-uclinux-gcc object
configure:5591: bfin-uclinux-gcc -c -g -O2  conftest.c >&5
configure:5594: $? = 0
configure:5598: /home/cvshdr/toolchain/bfin-uclinux/bin/bfin-uclinux-nm -B conftest.o \| sed -n -e 's/^.*[ 	]\([ABCDGIRSTW][ABCDGIRSTW]*\)[ 	][ 	]*\(\)\([_A-Za-z][_A-Za-z0-9]*\)$/\1 \2\3 \3/p' \> conftest.nm
configure:5601: $? = 0
cannot find nm_test_var in conftest.nm
configure:5591: bfin-uclinux-gcc -c -g -O2  conftest.c >&5
configure:5594: $? = 0
configure:5598: /home/cvshdr/toolchain/bfin-uclinux/bin/bfin-uclinux-nm -B conftest.o \| sed -n -e 's/^.*[ 	]\([ABCDGIRSTW][ABCDGIRSTW]*\)[ 	][ 	]*\(_\)\([_A-Za-z][_A-Za-z0-9]*\)$/\1 \2\3 \3/p' \> conftest.nm
configure:5601: $? = 0
configure:5653: bfin-uclinux-gcc -o conftest -g -O2   conftest.c conftstm.o >&5
configure:5656: $? = 0
configure:5694: result: ok
configure:5698: checking for objdir
configure:5713: result: .libs
configure:5765: checking for bfin-uclinux-ar
configure:5781: found /home/cvshdr/toolchain/bfin-uclinux/bin/bfin-uclinux-ar
configure:5791: result: bfin-uclinux-ar
configure:5845: checking for bfin-uclinux-ranlib
configure:5861: found /home/cvshdr/toolchain/bfin-uclinux/bin/bfin-uclinux-ranlib
configure:5871: result: bfin-uclinux-ranlib
configure:5925: checking for bfin-uclinux-strip
configure:5951: result: bfin-uclinux-strip
configure:6252: checking if bfin-uclinux-gcc static flag  works
configure:6275: result: yes
configure:6293: checking if bfin-uclinux-gcc supports -fno-rtti -fno-exceptions
configure:6311: bfin-uclinux-gcc -c -g -O2  -fno-rtti -fno-exceptions conftest.c >&5
cc1: warning: command line option "-fno-rtti" is valid for C++/ObjC++ but not for C
configure:6315: $? = 0
configure:6326: result: no
configure:6341: checking for bfin-uclinux-gcc option to produce PIC
configure:6518: result: -fPIC
configure:6526: checking if bfin-uclinux-gcc PIC flag -fPIC works
configure:6544: bfin-uclinux-gcc -c -g -O2  -fPIC -DPIC conftest.c >&5
configure:6548: $? = 0
configure:6559: result: yes
configure:6583: checking if bfin-uclinux-gcc supports -c -o file.o
configure:6604: bfin-uclinux-gcc -c -g -O2  -o out/conftest2.o conftest.c >&5
configure:6608: $? = 0
configure:6628: result: yes
configure:6654: checking whether the bfin-uclinux-gcc linker (/home/cvshdr/toolchain/bfin-uclinux/bfin-uclinux/bin/ld) supports shared libraries
configure:7502: result: yes
configure:7528: checking whether -lc should be explicitly linked in
configure:7533: bfin-uclinux-gcc -c -g -O2  conftest.c >&5
configure:7536: $? = 0
configure:7550: bfin-uclinux-gcc -shared conftest.o  -v -Wl,-soname -Wl,conftest -o conftest 2\>\&1 \| grep  -lc  \>/dev/null 2\>\&1
configure:7553: $? = 0
configure:7565: result: no
configure:7573: checking dynamic linker characteristics
configure:8134: result: no
configure:8138: checking how to hardcode library paths into programs
configure:8163: result: immediate
configure:8177: checking whether stripping libraries is possible
configure:8182: result: yes
configure:9012: checking if libtool supports shared libraries
configure:9014: result: no
configure:9017: checking whether to build shared libraries
configure:9075: result: no
configure:9078: checking whether to build static libraries
configure:9082: result: yes
configure:9174: creating libtool
configure:9721: checking for ld used by bfin-uclinux-g++
configure:9788: result: /home/cvshdr/toolchain/bfin-uclinux/bfin-uclinux/bin/ld
configure:9797: checking if the linker (/home/cvshdr/toolchain/bfin-uclinux/bfin-uclinux/bin/ld) is GNU ld
configure:9812: result: yes
configure:9863: checking whether the bfin-uclinux-g++ linker (/home/cvshdr/toolchain/bfin-uclinux/bfin-uclinux/bin/ld) supports shared libraries
configure:10691: result: no
configure:10709: bfin-uclinux-g++ -c -g -O2  conftest.cc >&5
configure:10712: $? = 0
configure:10808: checking for bfin-uclinux-g++ option to produce PIC
configure:11060: result: -fPIC
configure:11068: checking if bfin-uclinux-g++ PIC flag -fPIC works
configure:11086: bfin-uclinux-g++ -c -g -O2  -fPIC -DPIC conftest.cc >&5
configure:11090: $? = 0
configure:11101: result: yes
configure:11125: checking if bfin-uclinux-g++ supports -c -o file.o
configure:11146: bfin-uclinux-g++ -c -g -O2  -o out/conftest2.o conftest.cc >&5
configure:11150: $? = 0
configure:11170: result: yes
configure:11196: checking whether the bfin-uclinux-g++ linker (/home/cvshdr/toolchain/bfin-uclinux/bfin-uclinux/bin/ld) supports shared libraries
configure:11221: result: no
configure:11292: checking dynamic linker characteristics
configure:11853: result: no
configure:11857: checking how to hardcode library paths into programs
configure:11882: result: immediate
configure:11896: checking whether stripping libraries is possible
configure:11901: result: yes
configure:19179: checking whether byte ordering is bigendian
configure:19206: bfin-uclinux-gcc -c -g -O2  conftest.c >&5
configure:19212: $? = 0
configure:19216: test -z 
			 || test ! -s conftest.err
configure:19219: $? = 0
configure:19222: test -s conftest.o
configure:19225: $? = 0
configure:19249: bfin-uclinux-gcc -c -g -O2  conftest.c >&5
conftest.c: In function `main':
conftest.c:30: error: `not' undeclared (first use in this function)
conftest.c:30: error: (Each undeclared identifier is reported only once
conftest.c:30: error: for each function it appears in.)
conftest.c:30: error: syntax error before "big"
configure:19255: $? = 1
configure: failed program was:
| /* confdefs.h.  */
| 
| #define PACKAGE_NAME ""
| #define PACKAGE_TARNAME ""
| #define PACKAGE_VERSION ""
| #define PACKAGE_STRING ""
| #define PACKAGE_BUGREPORT ""
| #define STDC_HEADERS 1
| #define HAVE_SYS_TYPES_H 1
| #define HAVE_SYS_STAT_H 1
| #define HAVE_STDLIB_H 1
| #define HAVE_STRING_H 1
| #define HAVE_MEMORY_H 1
| #define HAVE_STRINGS_H 1
| #define HAVE_INTTYPES_H 1
| #define HAVE_STDINT_H 1
| #define HAVE_UNISTD_H 1
| #define HAVE_DLFCN_H 1
| #ifdef __cplusplus
| extern "C" void std::exit (int) throw (); using std::exit;
| #endif
| /* end confdefs.h.  */
| #include <sys/types.h>
| #include <sys/param.h>
| 
| int
| main ()
| {
| #if BYTE_ORDER != BIG_ENDIAN
|  not big endian
| #endif
| 
|   ;
|   return 0;
| }
configure:19390: result: no
configure:19409: checking for an ANSI C-conforming const
configure:19476: bfin-uclinux-gcc -c -g -O2  conftest.c >&5
configure:19482: $? = 0
configure:19486: test -z 
			 || test ! -s conftest.err
configure:19489: $? = 0
configure:19492: test -s conftest.o
configure:19495: $? = 0
configure:19506: result: yes
configure:19516: checking for inline
configure:19537: bfin-uclinux-gcc -c -g -O2  conftest.c >&5
configure:19543: $? = 0
configure:19547: test -z 
			 || test ! -s conftest.err
configure:19550: $? = 0
configure:19553: test -s conftest.o
configure:19556: $? = 0
configure:19568: result: inline
configure:19587: checking for C/C++ restrict keyword
configure:19605: bfin-uclinux-gcc -c -g -O2  conftest.c >&5
conftest.c:23: error: syntax error before "x"
conftest.c:23: warning: data definition has no type or storage class
configure:19611: $? = 1
configure: failed program was:
| /* confdefs.h.  */
| 
| #define PACKAGE_NAME ""
| #define PACKAGE_TARNAME ""
| #define PACKAGE_VERSION ""
| #define PACKAGE_STRING ""
| #define PACKAGE_BUGREPORT ""
| #define STDC_HEADERS 1
| #define HAVE_SYS_TYPES_H 1
| #define HAVE_SYS_STAT_H 1
| #define HAVE_STDLIB_H 1
| #define HAVE_STRING_H 1
| #define HAVE_MEMORY_H 1
| #define HAVE_STRINGS_H 1
| #define HAVE_INTTYPES_H 1
| #define HAVE_STDINT_H 1
| #define HAVE_UNISTD_H 1
| #define HAVE_DLFCN_H 1
| #ifdef __cplusplus
| extern "C" void std::exit (int) throw (); using std::exit;
| #endif
| /* end confdefs.h.  */
| float * restrict x;
configure:19605: bfin-uclinux-gcc -c -g -O2  conftest.c >&5
configure:19611: $? = 0
configure:19615: test -z 
			 || test ! -s conftest.err
configure:19618: $? = 0
configure:19621: test -s conftest.o
configure:19624: $? = 0
configure:19636: result: __restrict
configure:19653: checking for C99 variable-size arrays
configure:19674: bfin-uclinux-gcc -c -g -O2  conftest.c >&5
configure:19680: $? = 0
configure:19684: test -z 
			 || test ! -s conftest.err
configure:19687: $? = 0
configure:19690: test -s conftest.o
configure:19693: $? = 0
configure:19709: result: yes
configure:19712: checking for alloca
configure:19733: bfin-uclinux-gcc -c -g -O2  conftest.c >&5
configure:19739: $? = 0
configure:19743: test -z 
			 || test ! -s conftest.err
configure:19746: $? = 0
configure:19749: test -s conftest.o
configure:19752: $? = 0
configure:19772: result: yes
configure:19791: checking sys/soundcard.h usability
configure:19803: bfin-uclinux-gcc -c -g -O2  conftest.c >&5
configure:19809: $? = 0
configure:19813: test -z 
			 || test ! -s conftest.err
configure:19816: $? = 0
configure:19819: test -s conftest.o
configure:19822: $? = 0
configure:19832: result: yes
configure:19836: checking sys/soundcard.h presence
configure:19846: bfin-uclinux-gcc -E  conftest.c
configure:19852: $? = 0
configure:19872: result: yes
configure:19907: checking for sys/soundcard.h
configure:19914: result: yes
configure:19791: checking sys/audioio.h usability
configure:19803: bfin-uclinux-gcc -c -g -O2  conftest.c >&5
conftest.c:60:25: sys/audioio.h: No such file or directory
configure:19809: $? = 1
configure: failed program was:
| /* confdefs.h.  */
| 
| #define PACKAGE_NAME ""
| #define PACKAGE_TARNAME ""
| #define PACKAGE_VERSION ""
| #define PACKAGE_STRING ""
| #define PACKAGE_BUGREPORT ""
| #define STDC_HEADERS 1
| #define HAVE_SYS_TYPES_H 1
| #define HAVE_SYS_STAT_H 1
| #define HAVE_STDLIB_H 1
| #define HAVE_STRING_H 1
| #define HAVE_MEMORY_H 1
| #define HAVE_STRINGS_H 1
| #define HAVE_INTTYPES_H 1
| #define HAVE_STDINT_H 1
| #define HAVE_UNISTD_H 1
| #define HAVE_DLFCN_H 1
| #ifdef __cplusplus
| extern "C" void std::exit (int) throw (); using std::exit;
| #endif
| #define restrict __restrict
| #define VAR_ARRAYS
| #define HAVE_SYS_SOUNDCARD_H 1
| /* end confdefs.h.  */
| #include <stdio.h>
| #if HAVE_SYS_TYPES_H
| # include <sys/types.h>
| #endif
| #if HAVE_SYS_STAT_H
| # include <sys/stat.h>
| #endif
| #if STDC_HEADERS
| # include <stdlib.h>
| # include <stddef.h>
| #else
| # if HAVE_STDLIB_H
| #  include <stdlib.h>
| # endif
| #endif
| #if HAVE_STRING_H
| # if !STDC_HEADERS && HAVE_MEMORY_H
| #  include <memory.h>
| # endif
| # include <string.h>
| #endif
| #if HAVE_STRINGS_H
| # include <strings.h>
| #endif
| #if HAVE_INTTYPES_H
| # include <inttypes.h>
| #else
| # if HAVE_STDINT_H
| #  include <stdint.h>
| # endif
| #endif
| #if HAVE_UNISTD_H
| # include <unistd.h>
| #endif
| #include <sys/audioio.h>
configure:19832: result: no
configure:19836: checking sys/audioio.h presence
configure:19846: bfin-uclinux-gcc -E  conftest.c
conftest.c:26:25: sys/audioio.h: No such file or directory
configure:19852: $? = 1
configure: failed program was:
| /* confdefs.h.  */
| 
| #define PACKAGE_NAME ""
| #define PACKAGE_TARNAME ""
| #define PACKAGE_VERSION ""
| #define PACKAGE_STRING ""
| #define PACKAGE_BUGREPORT ""
| #define STDC_HEADERS 1
| #define HAVE_SYS_TYPES_H 1
| #define HAVE_SYS_STAT_H 1
| #define HAVE_STDLIB_H 1
| #define HAVE_STRING_H 1
| #define HAVE_MEMORY_H 1
| #define HAVE_STRINGS_H 1
| #define HAVE_INTTYPES_H 1
| #define HAVE_STDINT_H 1
| #define HAVE_UNISTD_H 1
| #define HAVE_DLFCN_H 1
| #ifdef __cplusplus
| extern "C" void std::exit (int) throw (); using std::exit;
| #endif
| #define restrict __restrict
| #define VAR_ARRAYS
| #define HAVE_SYS_SOUNDCARD_H 1
| /* end confdefs.h.  */
| #include <sys/audioio.h>
configure:19872: result: no
configure:19907: checking for sys/audioio.h
configure:19914: result: no
configure:19978: checking for Ogg
configure:20039: result: yes
configure:20124: checking for sin in -lm
configure:20154: bfin-uclinux-gcc -o conftest -g -O2   conftest.c -lm   >&5
conftest.c:33: warning: conflicting types for built-in function 'sin'
configure:20160: $? = 0
configure:20164: test -z 
			 || test ! -s conftest.err
configure:20167: $? = 0
configure:20170: test -s conftest
configure:20173: $? = 0
configure:20186: result: yes
configure:20203: checking for getopt_long
configure:20260: bfin-uclinux-gcc -o conftest -g -O2   conftest.c -lm  >&5
configure:20266: $? = 0
configure:20270: test -z 
			 || test ! -s conftest.err
configure:20273: $? = 0
configure:20276: test -s conftest
configure:20279: $? = 0
configure:20291: result: yes
configure:20394: checking for main in -lwinmm
configure:20418: bfin-uclinux-gcc -o conftest -g -O2   conftest.c -lwinmm  -lm  >&5
/home/cvshdr/toolchain/bfin-uclinux/bin/../lib/gcc/bfin-uclinux/3.4.5/../../../../bfin-uclinux/bin/ld.real: cannot find -lwinmm
collect2: ld returned 1 exit status
configure:20424: $? = 1
configure: failed program was:
| /* confdefs.h.  */
| 
| #define PACKAGE_NAME ""
| #define PACKAGE_TARNAME ""
| #define PACKAGE_VERSION ""
| #define PACKAGE_STRING ""
| #define PACKAGE_BUGREPORT ""
| #define STDC_HEADERS 1
| #define HAVE_SYS_TYPES_H 1
| #define HAVE_SYS_STAT_H 1
| #define HAVE_STDLIB_H 1
| #define HAVE_STRING_H 1
| #define HAVE_MEMORY_H 1
| #define HAVE_STRINGS_H 1
| #define HAVE_INTTYPES_H 1
| #define HAVE_STDINT_H 1
| #define HAVE_UNISTD_H 1
| #define HAVE_DLFCN_H 1
| #ifdef __cplusplus
| extern "C" void std::exit (int) throw (); using std::exit;
| #endif
| #define restrict __restrict
| #define VAR_ARRAYS
| #define HAVE_SYS_SOUNDCARD_H 1
| #define HAVE_LIBM 1
| #define HAVE_GETOPT_LONG 1
| /* end confdefs.h.  */
| 
| 
| int
| main ()
| {
| main ();
|   ;
|   return 0;
| }
configure:20450: result: no
configure:20636: checking for short
configure:20660: bfin-uclinux-gcc -c -g -O2  conftest.c >&5
configure:20666: $? = 0
configure:20670: test -z 
			 || test ! -s conftest.err
configure:20673: $? = 0
configure:20676: test -s conftest.o
configure:20679: $? = 0
configure:20690: result: yes
configure:20693: checking size of short
configure:20723: bfin-uclinux-gcc -c -g -O2  conftest.c >&5
configure:20729: $? = 0
configure:20733: test -z 
			 || test ! -s conftest.err
configure:20736: $? = 0
configure:20739: test -s conftest.o
configure:20742: $? = 0
configure:20764: bfin-uclinux-gcc -c -g -O2  conftest.c >&5
conftest.c: In function `main':
conftest.c:72: error: size of array `test_array' is negative
configure:20770: $? = 1
configure: failed program was:
| /* confdefs.h.  */
| 
| #define PACKAGE_NAME ""
| #define PACKAGE_TARNAME ""
| #define PACKAGE_VERSION ""
| #define PACKAGE_STRING ""
| #define PACKAGE_BUGREPORT ""
| #define STDC_HEADERS 1
| #define HAVE_SYS_TYPES_H 1
| #define HAVE_SYS_STAT_H 1
| #define HAVE_STDLIB_H 1
| #define HAVE_STRING_H 1
| #define HAVE_MEMORY_H 1
| #define HAVE_STRINGS_H 1
| #define HAVE_INTTYPES_H 1
| #define HAVE_STDINT_H 1
| #define HAVE_UNISTD_H 1
| #define HAVE_DLFCN_H 1
| #ifdef __cplusplus
| extern "C" void std::exit (int) throw (); using std::exit;
| #endif
| #define restrict __restrict
| #define VAR_ARRAYS
| #define HAVE_SYS_SOUNDCARD_H 1
| #define HAVE_LIBM 1
| #define HAVE_GETOPT_LONG 1
| #define SPEEX_VERSION "1.1.13-svn"
| #define SPEEX_MAJOR_VERSION 1
| #define SPEEX_MINOR_VERSION 1
| #define SPEEX_MICRO_VERSION 13
| #define SPEEX_EXTRA_VERSION "-svn"
| #define FIXED_POINT
| #define BFIN_ASM
| /* end confdefs.h.  */
| #include <stdio.h>
| #if HAVE_SYS_TYPES_H
| # include <sys/types.h>
| #endif
| #if HAVE_SYS_STAT_H
| # include <sys/stat.h>
| #endif
| #if STDC_HEADERS
| # include <stdlib.h>
| # include <stddef.h>
| #else
| # if HAVE_STDLIB_H
| #  include <stdlib.h>
| # endif
| #endif
| #if HAVE_STRING_H
| # if !STDC_HEADERS && HAVE_MEMORY_H
| #  include <memory.h>
| # endif
| # include <string.h>
| #endif
| #if HAVE_STRINGS_H
| # include <strings.h>
| #endif
| #if HAVE_INTTYPES_H
| # include <inttypes.h>
| #else
| # if HAVE_STDINT_H
| #  include <stdint.h>
| # endif
| #endif
| #if HAVE_UNISTD_H
| # include <unistd.h>
| #endif
| int
| main ()
| {
| static int test_array [1 - 2 * !(((long) (sizeof (short))) <= 0)];
| test_array [0] = 0
| 
|   ;
|   return 0;
| }
configure:20764: bfin-uclinux-gcc -c -g -O2  conftest.c >&5
conftest.c: In function `main':
conftest.c:72: error: size of array `test_array' is negative
configure:20770: $? = 1
configure: failed program was:
| /* confdefs.h.  */
| 
| #define PACKAGE_NAME ""
| #define PACKAGE_TARNAME ""
| #define PACKAGE_VERSION ""
| #define PACKAGE_STRING ""
| #define PACKAGE_BUGREPORT ""
| #define STDC_HEADERS 1
| #define HAVE_SYS_TYPES_H 1
| #define HAVE_SYS_STAT_H 1
| #define HAVE_STDLIB_H 1
| #define HAVE_STRING_H 1
| #define HAVE_MEMORY_H 1
| #define HAVE_STRINGS_H 1
| #define HAVE_INTTYPES_H 1
| #define HAVE_STDINT_H 1
| #define HAVE_UNISTD_H 1
| #define HAVE_DLFCN_H 1
| #ifdef __cplusplus
| extern "C" void std::exit (int) throw (); using std::exit;
| #endif
| #define restrict __restrict
| #define VAR_ARRAYS
| #define HAVE_SYS_SOUNDCARD_H 1
| #define HAVE_LIBM 1
| #define HAVE_GETOPT_LONG 1
| #define SPEEX_VERSION "1.1.13-svn"
| #define SPEEX_MAJOR_VERSION 1
| #define SPEEX_MINOR_VERSION 1
| #define SPEEX_MICRO_VERSION 13
| #define SPEEX_EXTRA_VERSION "-svn"
| #define FIXED_POINT
| #define BFIN_ASM
| /* end confdefs.h.  */
| #include <stdio.h>
| #if HAVE_SYS_TYPES_H
| # include <sys/types.h>
| #endif
| #if HAVE_SYS_STAT_H
| # include <sys/stat.h>
| #endif
| #if STDC_HEADERS
| # include <stdlib.h>
| # include <stddef.h>
| #else
| # if HAVE_STDLIB_H
| #  include <stdlib.h>
| # endif
| #endif
| #if HAVE_STRING_H
| # if !STDC_HEADERS && HAVE_MEMORY_H
| #  include <memory.h>
| # endif
| # include <string.h>
| #endif
| #if HAVE_STRINGS_H
| # include <strings.h>
| #endif
| #if HAVE_INTTYPES_H
| # include <inttypes.h>
| #else
| # if HAVE_STDINT_H
| #  include <stdint.h>
| # endif
| #endif
| #if HAVE_UNISTD_H
| # include <unistd.h>
| #endif
| int
| main ()
| {
| static int test_array [1 - 2 * !(((long) (sizeof (short))) <= 1)];
| test_array [0] = 0
| 
|   ;
|   return 0;
| }
configure:20764: bfin-uclinux-gcc -c -g -O2  conftest.c >&5
configure:20770: $? = 0
configure:20774: test -z 
			 || test ! -s conftest.err
configure:20777: $? = 0
configure:20780: test -s conftest.o
configure:20783: $? = 0
configure:20927: bfin-uclinux-gcc -c -g -O2  conftest.c >&5
configure:20933: $? = 0
configure:20937: test -z 
			 || test ! -s conftest.err
configure:20940: $? = 0
configure:20943: test -s conftest.o
configure:20946: $? = 0
configure:21043: result: 2
configure:21050: checking for int
configure:21074: bfin-uclinux-gcc -c -g -O2  conftest.c >&5
configure:21080: $? = 0
configure:21084: test -z 
			 || test ! -s conftest.err
configure:21087: $? = 0
configure:21090: test -s conftest.o
configure:21093: $? = 0
configure:21104: result: yes
configure:21107: checking size of int
configure:21137: bfin-uclinux-gcc -c -g -O2  conftest.c >&5
configure:21143: $? = 0
configure:21147: test -z 
			 || test ! -s conftest.err
configure:21150: $? = 0
configure:21153: test -s conftest.o
configure:21156: $? = 0
configure:21178: bfin-uclinux-gcc -c -g -O2  conftest.c >&5
conftest.c: In function `main':
conftest.c:73: error: size of array `test_array' is negative
configure:21184: $? = 1
configure: failed program was:
| /* confdefs.h.  */
| 
| #define PACKAGE_NAME ""
| #define PACKAGE_TARNAME ""
| #define PACKAGE_VERSION ""
| #define PACKAGE_STRING ""
| #define PACKAGE_BUGREPORT ""
| #define STDC_HEADERS 1
| #define HAVE_SYS_TYPES_H 1
| #define HAVE_SYS_STAT_H 1
| #define HAVE_STDLIB_H 1
| #define HAVE_STRING_H 1
| #define HAVE_MEMORY_H 1
| #define HAVE_STRINGS_H 1
| #define HAVE_INTTYPES_H 1
| #define HAVE_STDINT_H 1
| #define HAVE_UNISTD_H 1
| #define HAVE_DLFCN_H 1
| #ifdef __cplusplus
| extern "C" void std::exit (int) throw (); using std::exit;
| #endif
| #define restrict __restrict
| #define VAR_ARRAYS
| #define HAVE_SYS_SOUNDCARD_H 1
| #define HAVE_LIBM 1
| #define HAVE_GETOPT_LONG 1
| #define SPEEX_VERSION "1.1.13-svn"
| #define SPEEX_MAJOR_VERSION 1
| #define SPEEX_MINOR_VERSION 1
| #define SPEEX_MICRO_VERSION 13
| #define SPEEX_EXTRA_VERSION "-svn"
| #define FIXED_POINT
| #define BFIN_ASM
| #define SIZEOF_SHORT 2
| /* end confdefs.h.  */
| #include <stdio.h>
| #if HAVE_SYS_TYPES_H
| # include <sys/types.h>
| #endif
| #if HAVE_SYS_STAT_H
| # include <sys/stat.h>
| #endif
| #if STDC_HEADERS
| # include <stdlib.h>
| # include <stddef.h>
| #else
| # if HAVE_STDLIB_H
| #  include <stdlib.h>
| # endif
| #endif
| #if HAVE_STRING_H
| # if !STDC_HEADERS && HAVE_MEMORY_H
| #  include <memory.h>
| # endif
| # include <string.h>
| #endif
| #if HAVE_STRINGS_H
| # include <strings.h>
| #endif
| #if HAVE_INTTYPES_H
| # include <inttypes.h>
| #else
| # if HAVE_STDINT_H
| #  include <stdint.h>
| # endif
| #endif
| #if HAVE_UNISTD_H
| # include <unistd.h>
| #endif
| int
| main ()
| {
| static int test_array [1 - 2 * !(((long) (sizeof (int))) <= 0)];
| test_array [0] = 0
| 
|   ;
|   return 0;
| }
configure:21178: bfin-uclinux-gcc -c -g -O2  conftest.c >&5
conftest.c: In function `main':
conftest.c:73: error: size of array `test_array' is negative
configure:21184: $? = 1
configure: failed program was:
| /* confdefs.h.  */
| 
| #define PACKAGE_NAME ""
| #define PACKAGE_TARNAME ""
| #define PACKAGE_VERSION ""
| #define PACKAGE_STRING ""
| #define PACKAGE_BUGREPORT ""
| #define STDC_HEADERS 1
| #define HAVE_SYS_TYPES_H 1
| #define HAVE_SYS_STAT_H 1
| #define HAVE_STDLIB_H 1
| #define HAVE_STRING_H 1
| #define HAVE_MEMORY_H 1
| #define HAVE_STRINGS_H 1
| #define HAVE_INTTYPES_H 1
| #define HAVE_STDINT_H 1
| #define HAVE_UNISTD_H 1
| #define HAVE_DLFCN_H 1
| #ifdef __cplusplus
| extern "C" void std::exit (int) throw (); using std::exit;
| #endif
| #define restrict __restrict
| #define VAR_ARRAYS
| #define HAVE_SYS_SOUNDCARD_H 1
| #define HAVE_LIBM 1
| #define HAVE_GETOPT_LONG 1
| #define SPEEX_VERSION "1.1.13-svn"
| #define SPEEX_MAJOR_VERSION 1
| #define SPEEX_MINOR_VERSION 1
| #define SPEEX_MICRO_VERSION 13
| #define SPEEX_EXTRA_VERSION "-svn"
| #define FIXED_POINT
| #define BFIN_ASM
| #define SIZEOF_SHORT 2
| /* end confdefs.h.  */
| #include <stdio.h>
| #if HAVE_SYS_TYPES_H
| # include <sys/types.h>
| #endif
| #if HAVE_SYS_STAT_H
| # include <sys/stat.h>
| #endif
| #if STDC_HEADERS
| # include <stdlib.h>
| # include <stddef.h>
| #else
| # if HAVE_STDLIB_H
| #  include <stdlib.h>
| # endif
| #endif
| #if HAVE_STRING_H
| # if !STDC_HEADERS && HAVE_MEMORY_H
| #  include <memory.h>
| # endif
| # include <string.h>
| #endif
| #if HAVE_STRINGS_H
| # include <strings.h>
| #endif
| #if HAVE_INTTYPES_H
| # include <inttypes.h>
| #else
| # if HAVE_STDINT_H
| #  include <stdint.h>
| # endif
| #endif
| #if HAVE_UNISTD_H
| # include <unistd.h>
| #endif
| int
| main ()
| {
| static int test_array [1 - 2 * !(((long) (sizeof (int))) <= 1)];
| test_array [0] = 0
| 
|   ;
|   return 0;
| }
configure:21178: bfin-uclinux-gcc -c -g -O2  conftest.c >&5
conftest.c: In function `main':
conftest.c:73: error: size of array `test_array' is negative
configure:21184: $? = 1
configure: failed program was:
| /* confdefs.h.  */
| 
| #define PACKAGE_NAME ""
| #define PACKAGE_TARNAME ""
| #define PACKAGE_VERSION ""
| #define PACKAGE_STRING ""
| #define PACKAGE_BUGREPORT ""
| #define STDC_HEADERS 1
| #define HAVE_SYS_TYPES_H 1
| #define HAVE_SYS_STAT_H 1
| #define HAVE_STDLIB_H 1
| #define HAVE_STRING_H 1
| #define HAVE_MEMORY_H 1
| #define HAVE_STRINGS_H 1
| #define HAVE_INTTYPES_H 1
| #define HAVE_STDINT_H 1
| #define HAVE_UNISTD_H 1
| #define HAVE_DLFCN_H 1
| #ifdef __cplusplus
| extern "C" void std::exit (int) throw (); using std::exit;
| #endif
| #define restrict __restrict
| #define VAR_ARRAYS
| #define HAVE_SYS_SOUNDCARD_H 1
| #define HAVE_LIBM 1
| #define HAVE_GETOPT_LONG 1
| #define SPEEX_VERSION "1.1.13-svn"
| #define SPEEX_MAJOR_VERSION 1
| #define SPEEX_MINOR_VERSION 1
| #define SPEEX_MICRO_VERSION 13
| #define SPEEX_EXTRA_VERSION "-svn"
| #define FIXED_POINT
| #define BFIN_ASM
| #define SIZEOF_SHORT 2
| /* end confdefs.h.  */
| #include <stdio.h>
| #if HAVE_SYS_TYPES_H
| # include <sys/types.h>
| #endif
| #if HAVE_SYS_STAT_H
| # include <sys/stat.h>
| #endif
| #if STDC_HEADERS
| # include <stdlib.h>
| # include <stddef.h>
| #else
| # if HAVE_STDLIB_H
| #  include <stdlib.h>
| # endif
| #endif
| #if HAVE_STRING_H
| # if !STDC_HEADERS && HAVE_MEMORY_H
| #  include <memory.h>
| # endif
| # include <string.h>
| #endif
| #if HAVE_STRINGS_H
| # include <strings.h>
| #endif
| #if HAVE_INTTYPES_H
| # include <inttypes.h>
| #else
| # if HAVE_STDINT_H
| #  include <stdint.h>
| # endif
| #endif
| #if HAVE_UNISTD_H
| # include <unistd.h>
| #endif
| int
| main ()
| {
| static int test_array [1 - 2 * !(((long) (sizeof (int))) <= 3)];
| test_array [0] = 0
| 
|   ;
|   return 0;
| }
configure:21178: bfin-uclinux-gcc -c -g -O2  conftest.c >&5
configure:21184: $? = 0
configure:21188: test -z 
			 || test ! -s conftest.err
configure:21191: $? = 0
configure:21194: test -s conftest.o
configure:21197: $? = 0
configure:21341: bfin-uclinux-gcc -c -g -O2  conftest.c >&5
configure:21347: $? = 0
configure:21351: test -z 
			 || test ! -s conftest.err
configure:21354: $? = 0
configure:21357: test -s conftest.o
configure:21360: $? = 0
configure:21341: bfin-uclinux-gcc -c -g -O2  conftest.c >&5
configure:21347: $? = 0
configure:21351: test -z 
			 || test ! -s conftest.err
configure:21354: $? = 0
configure:21357: test -s conftest.o
configure:21360: $? = 0
configure:21457: result: 4
configure:21464: checking for long
configure:21488: bfin-uclinux-gcc -c -g -O2  conftest.c >&5
configure:21494: $? = 0
configure:21498: test -z 
			 || test ! -s conftest.err
configure:21501: $? = 0
configure:21504: test -s conftest.o
configure:21507: $? = 0
configure:21518: result: yes
configure:21521: checking size of long
configure:21551: bfin-uclinux-gcc -c -g -O2  conftest.c >&5
configure:21557: $? = 0
configure:21561: test -z 
			 || test ! -s conftest.err
configure:21564: $? = 0
configure:21567: test -s conftest.o
configure:21570: $? = 0
configure:21592: bfin-uclinux-gcc -c -g -O2  conftest.c >&5
conftest.c: In function `main':
conftest.c:74: error: size of array `test_array' is negative
configure:21598: $? = 1
configure: failed program was:
| /* confdefs.h.  */
| 
| #define PACKAGE_NAME ""
| #define PACKAGE_TARNAME ""
| #define PACKAGE_VERSION ""
| #define PACKAGE_STRING ""
| #define PACKAGE_BUGREPORT ""
| #define STDC_HEADERS 1
| #define HAVE_SYS_TYPES_H 1
| #define HAVE_SYS_STAT_H 1
| #define HAVE_STDLIB_H 1
| #define HAVE_STRING_H 1
| #define HAVE_MEMORY_H 1
| #define HAVE_STRINGS_H 1
| #define HAVE_INTTYPES_H 1
| #define HAVE_STDINT_H 1
| #define HAVE_UNISTD_H 1
| #define HAVE_DLFCN_H 1
| #ifdef __cplusplus
| extern "C" void std::exit (int) throw (); using std::exit;
| #endif
| #define restrict __restrict
| #define VAR_ARRAYS
| #define HAVE_SYS_SOUNDCARD_H 1
| #define HAVE_LIBM 1
| #define HAVE_GETOPT_LONG 1
| #define SPEEX_VERSION "1.1.13-svn"
| #define SPEEX_MAJOR_VERSION 1
| #define SPEEX_MINOR_VERSION 1
| #define SPEEX_MICRO_VERSION 13
| #define SPEEX_EXTRA_VERSION "-svn"
| #define FIXED_POINT
| #define BFIN_ASM
| #define SIZEOF_SHORT 2
| #define SIZEOF_INT 4
| /* end confdefs.h.  */
| #include <stdio.h>
| #if HAVE_SYS_TYPES_H
| # include <sys/types.h>
| #endif
| #if HAVE_SYS_STAT_H
| # include <sys/stat.h>
| #endif
| #if STDC_HEADERS
| # include <stdlib.h>
| # include <stddef.h>
| #else
| # if HAVE_STDLIB_H
| #  include <stdlib.h>
| # endif
| #endif
| #if HAVE_STRING_H
| # if !STDC_HEADERS && HAVE_MEMORY_H
| #  include <memory.h>
| # endif
| # include <string.h>
| #endif
| #if HAVE_STRINGS_H
| # include <strings.h>
| #endif
| #if HAVE_INTTYPES_H
| # include <inttypes.h>
| #else
| # if HAVE_STDINT_H
| #  include <stdint.h>
| # endif
| #endif
| #if HAVE_UNISTD_H
| # include <unistd.h>
| #endif
| int
| main ()
| {
| static int test_array [1 - 2 * !(((long) (sizeof (long))) <= 0)];
| test_array [0] = 0
| 
|   ;
|   return 0;
| }
configure:21592: bfin-uclinux-gcc -c -g -O2  conftest.c >&5
conftest.c: In function `main':
conftest.c:74: error: size of array `test_array' is negative
configure:21598: $? = 1
configure: failed program was:
| /* confdefs.h.  */
| 
| #define PACKAGE_NAME ""
| #define PACKAGE_TARNAME ""
| #define PACKAGE_VERSION ""
| #define PACKAGE_STRING ""
| #define PACKAGE_BUGREPORT ""
| #define STDC_HEADERS 1
| #define HAVE_SYS_TYPES_H 1
| #define HAVE_SYS_STAT_H 1
| #define HAVE_STDLIB_H 1
| #define HAVE_STRING_H 1
| #define HAVE_MEMORY_H 1
| #define HAVE_STRINGS_H 1
| #define HAVE_INTTYPES_H 1
| #define HAVE_STDINT_H 1
| #define HAVE_UNISTD_H 1
| #define HAVE_DLFCN_H 1
| #ifdef __cplusplus
| extern "C" void std::exit (int) throw (); using std::exit;
| #endif
| #define restrict __restrict
| #define VAR_ARRAYS
| #define HAVE_SYS_SOUNDCARD_H 1
| #define HAVE_LIBM 1
| #define HAVE_GETOPT_LONG 1
| #define SPEEX_VERSION "1.1.13-svn"
| #define SPEEX_MAJOR_VERSION 1
| #define SPEEX_MINOR_VERSION 1
| #define SPEEX_MICRO_VERSION 13
| #define SPEEX_EXTRA_VERSION "-svn"
| #define FIXED_POINT
| #define BFIN_ASM
| #define SIZEOF_SHORT 2
| #define SIZEOF_INT 4
| /* end confdefs.h.  */
| #include <stdio.h>
| #if HAVE_SYS_TYPES_H
| # include <sys/types.h>
| #endif
| #if HAVE_SYS_STAT_H
| # include <sys/stat.h>
| #endif
| #if STDC_HEADERS
| # include <stdlib.h>
| # include <stddef.h>
| #else
| # if HAVE_STDLIB_H
| #  include <stdlib.h>
| # endif
| #endif
| #if HAVE_STRING_H
| # if !STDC_HEADERS && HAVE_MEMORY_H
| #  include <memory.h>
| # endif
| # include <string.h>
| #endif
| #if HAVE_STRINGS_H
| # include <strings.h>
| #endif
| #if HAVE_INTTYPES_H
| # include <inttypes.h>
| #else
| # if HAVE_STDINT_H
| #  include <stdint.h>
| # endif
| #endif
| #if HAVE_UNISTD_H
| # include <unistd.h>
| #endif
| int
| main ()
| {
| static int test_array [1 - 2 * !(((long) (sizeof (long))) <= 1)];
| test_array [0] = 0
| 
|   ;
|   return 0;
| }
configure:21592: bfin-uclinux-gcc -c -g -O2  conftest.c >&5
conftest.c: In function `main':
conftest.c:74: error: size of array `test_array' is negative
configure:21598: $? = 1
configure: failed program was:
| /* confdefs.h.  */
| 
| #define PACKAGE_NAME ""
| #define PACKAGE_TARNAME ""
| #define PACKAGE_VERSION ""
| #define PACKAGE_STRING ""
| #define PACKAGE_BUGREPORT ""
| #define STDC_HEADERS 1
| #define HAVE_SYS_TYPES_H 1
| #define HAVE_SYS_STAT_H 1
| #define HAVE_STDLIB_H 1
| #define HAVE_STRING_H 1
| #define HAVE_MEMORY_H 1
| #define HAVE_STRINGS_H 1
| #define HAVE_INTTYPES_H 1
| #define HAVE_STDINT_H 1
| #define HAVE_UNISTD_H 1
| #define HAVE_DLFCN_H 1
| #ifdef __cplusplus
| extern "C" void std::exit (int) throw (); using std::exit;
| #endif
| #define restrict __restrict
| #define VAR_ARRAYS
| #define HAVE_SYS_SOUNDCARD_H 1
| #define HAVE_LIBM 1
| #define HAVE_GETOPT_LONG 1
| #define SPEEX_VERSION "1.1.13-svn"
| #define SPEEX_MAJOR_VERSION 1
| #define SPEEX_MINOR_VERSION 1
| #define SPEEX_MICRO_VERSION 13
| #define SPEEX_EXTRA_VERSION "-svn"
| #define FIXED_POINT
| #define BFIN_ASM
| #define SIZEOF_SHORT 2
| #define SIZEOF_INT 4
| /* end confdefs.h.  */
| #include <stdio.h>
| #if HAVE_SYS_TYPES_H
| # include <sys/types.h>
| #endif
| #if HAVE_SYS_STAT_H
| # include <sys/stat.h>
| #endif
| #if STDC_HEADERS
| # include <stdlib.h>
| # include <stddef.h>
| #else
| # if HAVE_STDLIB_H
| #  include <stdlib.h>
| # endif
| #endif
| #if HAVE_STRING_H
| # if !STDC_HEADERS && HAVE_MEMORY_H
| #  include <memory.h>
| # endif
| # include <string.h>
| #endif
| #if HAVE_STRINGS_H
| # include <strings.h>
| #endif
| #if HAVE_INTTYPES_H
| # include <inttypes.h>
| #else
| # if HAVE_STDINT_H
| #  include <stdint.h>
| # endif
| #endif
| #if HAVE_UNISTD_H
| # include <unistd.h>
| #endif
| int
| main ()
| {
| static int test_array [1 - 2 * !(((long) (sizeof (long))) <= 3)];
| test_array [0] = 0
| 
|   ;
|   return 0;
| }
configure:21592: bfin-uclinux-gcc -c -g -O2  conftest.c >&5
configure:21598: $? = 0
configure:21602: test -z 
			 || test ! -s conftest.err
configure:21605: $? = 0
configure:21608: test -s conftest.o
configure:21611: $? = 0
configure:21755: bfin-uclinux-gcc -c -g -O2  conftest.c >&5
configure:21761: $? = 0
configure:21765: test -z 
			 || test ! -s conftest.err
configure:21768: $? = 0
configure:21771: test -s conftest.o
configure:21774: $? = 0
configure:21755: bfin-uclinux-gcc -c -g -O2  conftest.c >&5
configure:21761: $? = 0
configure:21765: test -z 
			 || test ! -s conftest.err
configure:21768: $? = 0
configure:21771: test -s conftest.o
configure:21774: $? = 0
configure:21871: result: 4
configure:22032: creating ./config.status

## ---------------------- ##
## Running config.status. ##
## ---------------------- ##

This file was extended by config.status, which was
generated by GNU Autoconf 2.59.  Invocation command line was

  CONFIG_FILES    = 
  CONFIG_HEADERS  = 
  CONFIG_LINKS    = 
  CONFIG_COMMANDS = 
  $ ./config.status 

on linux

config.status:751: creating Makefile
config.status:751: creating libspeex/Makefile
config.status:751: creating src/Makefile
config.status:751: creating doc/Makefile
config.status:751: creating Speex.spec
config.status:751: creating include/Makefile
config.status:751: creating include/speex/Makefile
config.status:751: creating speex.pc
config.status:751: creating win32/Makefile
config.status:751: creating win32/libspeex/Makefile
config.status:751: creating win32/speexenc/Makefile
config.status:751: creating win32/speexdec/Makefile
config.status:751: creating symbian/Makefile
config.status:751: creating win32/VS2003/Makefile
config.status:751: creating win32/VS2005/Makefile
config.status:751: creating win32/VS2003/libspeex/Makefile
config.status:751: creating win32/VS2003/speexdec/Makefile
config.status:751: creating win32/VS2003/speexenc/Makefile
config.status:751: creating win32/VS2005/libspeex/Makefile
config.status:751: creating win32/VS2005/speexdec/Makefile
config.status:751: creating win32/VS2005/speexenc/Makefile
config.status:751: creating include/speex/speex_config_types.h
config.status:751: creating ti/Makefile
config.status:751: creating ti/speex_C54_test/Makefile
config.status:751: creating ti/speex_C55_test/Makefile
config.status:751: creating ti/speex_C64_test/Makefile
config.status:855: creating config.h
config.status:989: config.h is unchanged
config.status:1169: executing depfiles commands

## ---------------- ##
## Cache variables. ##
## ---------------- ##

ac_cv_build=i686-pc-linux-gnu
ac_cv_build_alias=i686-pc-linux-gnu
ac_cv_c_bigendian=no
ac_cv_c_compiler_gnu=yes
ac_cv_c_const=yes
ac_cv_c_inline=inline
ac_cv_c_restrict=__restrict
ac_cv_cxx_compiler_gnu=yes
ac_cv_env_CC_set=
ac_cv_env_CC_value=
ac_cv_env_CFLAGS_set=
ac_cv_env_CFLAGS_value=
ac_cv_env_CPPFLAGS_set=
ac_cv_env_CPPFLAGS_value=
ac_cv_env_CPP_set=
ac_cv_env_CPP_value=
ac_cv_env_CXXCPP_set=
ac_cv_env_CXXCPP_value=
ac_cv_env_CXXFLAGS_set=
ac_cv_env_CXXFLAGS_value=
ac_cv_env_CXX_set=
ac_cv_env_CXX_value=
ac_cv_env_F77_set=
ac_cv_env_F77_value=
ac_cv_env_FFLAGS_set=
ac_cv_env_FFLAGS_value=
ac_cv_env_LDFLAGS_set=
ac_cv_env_LDFLAGS_value=
ac_cv_env_build_alias_set=
ac_cv_env_build_alias_value=
ac_cv_env_host_alias_set=set
ac_cv_env_host_alias_value=bfin-uclinux
ac_cv_env_target_alias_set=
ac_cv_env_target_alias_value=
ac_cv_exeext=
ac_cv_f77_compiler_gnu=no
ac_cv_func_getopt_long=yes
ac_cv_header_dlfcn_h=yes
ac_cv_header_inttypes_h=yes
ac_cv_header_memory_h=yes
ac_cv_header_stdc=yes
ac_cv_header_stdint_h=yes
ac_cv_header_stdlib_h=yes
ac_cv_header_string_h=yes
ac_cv_header_strings_h=yes
ac_cv_header_sys_audioio_h=no
ac_cv_header_sys_soundcard_h=yes
ac_cv_header_sys_stat_h=yes
ac_cv_header_sys_types_h=yes
ac_cv_header_unistd_h=yes
ac_cv_host=bfin-unknown-uclinux
ac_cv_host_alias=bfin-uclinux
ac_cv_lib_m_sin=yes
ac_cv_lib_winmm_main=no
ac_cv_objext=o
ac_cv_path_install='/usr/bin/install -c'
ac_cv_prog_AR=bfin-uclinux-ar
ac_cv_prog_AWK=gawk
ac_cv_prog_CC=bfin-uclinux-gcc
ac_cv_prog_CPP='bfin-uclinux-gcc -E'
ac_cv_prog_CXX=bfin-uclinux-g++
ac_cv_prog_CXXCPP='bfin-uclinux-g++ -E'
ac_cv_prog_RANLIB=bfin-uclinux-ranlib
ac_cv_prog_STRIP=bfin-uclinux-strip
ac_cv_prog_cc_g=yes
ac_cv_prog_cc_stdc=
ac_cv_prog_cxx_g=yes
ac_cv_prog_egrep='grep -E'
ac_cv_prog_f77_g=no
ac_cv_prog_make_make_set=yes
ac_cv_sizeof_int=4
ac_cv_sizeof_long=4
ac_cv_sizeof_short=2
ac_cv_type_int=yes
ac_cv_type_long=yes
ac_cv_type_short=yes
am_cv_CC_dependencies_compiler_type=gcc3
am_cv_CXX_dependencies_compiler_type=gcc3
lt_cv_deplibs_check_method=unknown
lt_cv_file_magic_cmd='$MAGIC_CMD'
lt_cv_file_magic_test_file=
lt_cv_ld_reload_flag=-r
lt_cv_objdir=.libs
lt_cv_path_LD=/home/cvshdr/toolchain/bfin-uclinux/bfin-uclinux/bin/ld
lt_cv_path_LDCXX=/home/cvshdr/toolchain/bfin-uclinux/bfin-uclinux/bin/ld
lt_cv_path_NM='/home/cvshdr/toolchain/bfin-uclinux/bin/bfin-uclinux-nm -B'
lt_cv_path_SED=/usr/bin/sed
lt_cv_prog_compiler_c_o=yes
lt_cv_prog_compiler_c_o_CXX=yes
lt_cv_prog_compiler_rtti_exceptions=no
lt_cv_prog_gnu_ld=yes
lt_cv_prog_gnu_ldcxx=yes
lt_cv_sys_global_symbol_pipe='sed -n -e '\''s/^.*[ 	]\([ABCDGIRSTW][ABCDGIRSTW]*\)[ 	][ 	]*\(_\)\([_A-Za-z][_A-Za-z0-9]*\)$/\1 \2\3 \3/p'\'''
lt_cv_sys_global_symbol_to_c_name_address='sed -n -e '\''s/^: \([^ ]*\) $/  {\"\1\", (lt_ptr) 0},/p'\'' -e '\''s/^[BCDEGRST] \([^ ]*\) \([^ ]*\)$/  {"\2", (lt_ptr) \&\2},/p'\'''
lt_cv_sys_global_symbol_to_cdecl='sed -n -e '\''s/^. .* \(.*\)$/extern int \1;/p'\'''
lt_cv_sys_max_cmd_len=32768
lt_lt_cv_prog_compiler_c_o='"yes"'
lt_lt_cv_prog_compiler_c_o_CXX='"yes"'
lt_lt_cv_sys_global_symbol_pipe='"sed -n -e '\''s/^.*[ 	]\\([ABCDGIRSTW][ABCDGIRSTW]*\\)[ 	][ 	]*\\(_\\)\\([_A-Za-z][_A-Za-z0-9]*\\)\$/\\1 \\2\\3 \\3/p'\''"'
lt_lt_cv_sys_global_symbol_to_c_name_address='"sed -n -e '\''s/^: \\([^ ]*\\) \$/  {\\\"\\1\\\", (lt_ptr) 0},/p'\'' -e '\''s/^[BCDEGRST] \\([^ ]*\\) \\([^ ]*\\)\$/  {\"\\2\", (lt_ptr) \\&\\2},/p'\''"'
lt_lt_cv_sys_global_symbol_to_cdecl='"sed -n -e '\''s/^. .* \\(.*\\)\$/extern int \\1;/p'\''"'

## ----------------- ##
## Output variables. ##
## ----------------- ##

ACLOCAL='${SHELL} /home/cvshdr/uclinux/uClinux-dist/user/uCasterisk-0.1.5/build-bfin-uclinux/speex-1.1.13-svn/missing --run aclocal-1.9'
AMDEPBACKSLASH='\'
AMDEP_FALSE='#'
AMDEP_TRUE=''
AMTAR='${SHELL} /home/cvshdr/uclinux/uClinux-dist/user/uCasterisk-0.1.5/build-bfin-uclinux/speex-1.1.13-svn/missing --run tar'
AR='bfin-uclinux-ar'
AUTOCONF='${SHELL} /home/cvshdr/uclinux/uClinux-dist/user/uCasterisk-0.1.5/build-bfin-uclinux/speex-1.1.13-svn/missing --run autoconf'
AUTOHEADER='${SHELL} /home/cvshdr/uclinux/uClinux-dist/user/uCasterisk-0.1.5/build-bfin-uclinux/speex-1.1.13-svn/missing --run autoheader'
AUTOMAKE='${SHELL} /home/cvshdr/uclinux/uClinux-dist/user/uCasterisk-0.1.5/build-bfin-uclinux/speex-1.1.13-svn/missing --run automake-1.9'
AWK='gawk'
CC='bfin-uclinux-gcc'
CCDEPMODE='depmode=gcc3'
CFLAGS='-g -O2'
CPP='bfin-uclinux-gcc -E'
CPPFLAGS=''
CXX='bfin-uclinux-g++'
CXXCPP='bfin-uclinux-g++ -E'
CXXDEPMODE='depmode=gcc3'
CXXFLAGS='-g -O2'
CYGPATH_W='echo'
DEFS='-DHAVE_CONFIG_H'
DEPDIR='.deps'
ECHO='echo'
ECHO_C=''
ECHO_N='-n'
ECHO_T=''
EGREP='grep -E'
EXEEXT=''
F77=''
FFLAGS=''
INSTALL_DATA='${INSTALL} -m 644'
INSTALL_PROGRAM='${INSTALL}'
INSTALL_SCRIPT='${INSTALL}'
INSTALL_STRIP_PROGRAM='${SHELL} $(install_sh) -c -s'
LDFLAGS='-Wl,-elf2flt=-s100000'
LIBOBJS=''
LIBS='-lm '
LIBTOOL='$(SHELL) $(top_builddir)/libtool'
LN_S='ln -s'
LTLIBOBJS=''
MAINT='#'
MAINTAINER_MODE_FALSE=''
MAINTAINER_MODE_TRUE='#'
MAKEINFO='${SHELL} /home/cvshdr/uclinux/uClinux-dist/user/uCasterisk-0.1.5/build-bfin-uclinux/speex-1.1.13-svn/missing --run makeinfo'
OBJEXT='o'
OGG_CFLAGS=''
OGG_LIBS=' -logg'
PACKAGE='speex'
PACKAGE_BUGREPORT=''
PACKAGE_NAME=''
PACKAGE_STRING=''
PACKAGE_TARNAME=''
PACKAGE_VERSION=''
PATH_SEPARATOR=':'
RANLIB='bfin-uclinux-ranlib'
SET_MAKE=''
SHELL='/bin/sh'
SIZE16='short'
SIZE32='int'
SPEEX_LT_AGE='2'
SPEEX_LT_CURRENT='3'
SPEEX_LT_REVISION='0'
SPEEX_VERSION='1.1.13-svn'
STRIP='bfin-uclinux-strip'
VERSION='1.1.13-svn'
ac_ct_AR=''
ac_ct_CC=''
ac_ct_CXX=''
ac_ct_F77=''
ac_ct_RANLIB=''
ac_ct_STRIP=''
am__fastdepCC_FALSE='#'
am__fastdepCC_TRUE=''
am__fastdepCXX_FALSE='#'
am__fastdepCXX_TRUE=''
am__include='include'
am__leading_dot='.'
am__quote=''
am__tar='${AMTAR} chof - "$$tardir"'
am__untar='${AMTAR} xf -'
bindir='${exec_prefix}/bin'
build='i686-pc-linux-gnu'
build_alias=''
build_cpu='i686'
build_os='linux-gnu'
build_vendor='pc'
datadir='${prefix}/share'
exec_prefix='${prefix}'
host='bfin-unknown-uclinux'
host_alias='bfin-uclinux'
host_cpu='bfin'
host_os='uclinux'
host_vendor='unknown'
includedir='${prefix}/include'
infodir='${prefix}/info'
install_sh='/home/cvshdr/uclinux/uClinux-dist/user/uCasterisk-0.1.5/build-bfin-uclinux/speex-1.1.13-svn/install-sh'
libdir='${exec_prefix}/lib'
libexecdir='${exec_prefix}/libexec'
localstatedir='${prefix}/var'
mandir='${prefix}/man'
mkdir_p='mkdir -p --'
oldincludedir='/usr/include'
prefix='/usr/local'
program_transform_name='s,x,x,'
sbindir='${exec_prefix}/sbin'
sharedstatedir='${prefix}/com'
src='src'
sysconfdir='${prefix}/etc'
target_alias=''

## ----------- ##
## confdefs.h. ##
## ----------- ##

#define BFIN_ASM
#define FIXED_POINT
#define HAVE_DLFCN_H 1
#define HAVE_GETOPT_LONG 1
#define HAVE_INTTYPES_H 1
#define HAVE_LIBM 1
#define HAVE_MEMORY_H 1
#define HAVE_STDINT_H 1
#define HAVE_STDLIB_H 1
#define HAVE_STRINGS_H 1
#define HAVE_STRING_H 1
#define HAVE_SYS_SOUNDCARD_H 1
#define HAVE_SYS_STAT_H 1
#define HAVE_SYS_TYPES_H 1
#define HAVE_UNISTD_H 1
#define PACKAGE_BUGREPORT ""
#define PACKAGE_NAME ""
#define PACKAGE_STRING ""
#define PACKAGE_TARNAME ""
#define PACKAGE_VERSION ""
#define SIZEOF_INT 4
#define SIZEOF_LONG 4
#define SIZEOF_SHORT 2
#define SPEEX_EXTRA_VERSION "-svn"
#define SPEEX_MAJOR_VERSION 1
#define SPEEX_MICRO_VERSION 13
#define SPEEX_MINOR_VERSION 1
#define SPEEX_VERSION "1.1.13-svn"
#define STDC_HEADERS 1
#define VAR_ARRAYS
#define restrict __restrict
#endif
#ifdef __cplusplus
extern "C" void std::exit (int) throw (); using std::exit;

configure: exit 0
