This file contains any messages produced by compilers while
running configure, to aid debugging if configure makes a mistake.

It was created by mpd-uclinux configure 0.11.5, which was
generated by GNU Autoconf 2.59.  Invocation command line was

  $ ./configure --host bfin-uclinux

## --------- ##
## Platform. ##
## --------- ##

hostname = linux
uname -m = i686
uname -r = 2.6.10-1.771_FC2
uname -s = Linux
uname -v = #1 Mon Mar 28 00:50:14 EST 2005

/usr/bin/uname -p = unknown
/bin/uname -X     = unknown

/bin/arch              = i686
/usr/bin/arch -k       = unknown
/usr/convex/getsysinfo = unknown
hostinfo               = unknown
/bin/machine           = unknown
/usr/bin/oslevel       = unknown
/bin/universe          = unknown

PATH: /opt/uClinux/bfin-elf/bin
PATH: /opt/uClinux/bfin-uclinux/bin/
PATH: /usr/local/gcc-bfin-3.4-uclinux/bin
PATH: /usr/local/gcc-bfin-3.4-elf/bin
PATH: /usr/local/gcc-bfin-3.4-uclinux/bin
PATH: /usr/local/gcc-bfin-3.4-elf/bin
PATH: /usr/local/gcc-bfin-3.4/bin
PATH: /usr/local/gcc-bfin-3.4/bin
PATH: /usr/local/gcc-bfin-3.4-uclinux/bin
PATH: /usr/local/gcc-bfin-3.4-elf/bin
PATH: /usr/local/gcc-bfin-3.4-uclinux/bin
PATH: /usr/local/gcc-bfin-3.4-elf/bin
PATH: /usr/kerberos/bin
PATH: /usr/local/bin
PATH: /bin
PATH: /usr/bin
PATH: /usr/X11R6/bin
PATH: /opt/uClinux/bfin/bin/
PATH: /opt/rtems-4.6/bin/
PATH: /home/shiva/rtems/my_tools/read_test/total/test/bin/
PATH: /usr/local/mips-linux/bin/
PATH: /opt/kenati/bin
PATH: /opt/uClinux/bfin-elf/bin
PATH: opt/uClinux/bfin-uclinux/bin
PATH: /opt/uClinux/bfin-elf/bin
PATH: /opt/uClinux/bfin-uclinux/bin
PATH: /home/shiva/original/source/uClinux-dist/tools


## ----------- ##
## Core tests. ##
## ----------- ##

configure:1606: checking for a BSD-compatible install
configure:1661: result: /usr/bin/install -c
configure:1672: checking whether build environment is sane
configure:1715: result: yes
configure:1748: checking for gawk
configure:1764: found /bin/gawk
configure:1774: result: gawk
configure:1784: checking whether make sets $(MAKE)
configure:1804: result: yes
configure:1864: checking for bfin-uclinux-strip
configure:1890: result: bfin-uclinux-strip
configure:1974: checking for bfin-uclinux-gcc
configure:2000: result: bfin-uclinux-gcc -O2 -Wall -Dlinux -D__linux__ -Dunix -D__uClinux__ -DEMBED -I/home/shiva/original/source/uClinux-dist -I/home/shiva/original/source/uClinux-dist/lib/uClibc/include -fno-builtin
configure:2282: checking for C compiler version
configure:2285: bfin-uclinux-gcc -O2 -Wall -Dlinux -D__linux__ -Dunix -D__uClinux__ -DEMBED -I/home/shiva/original/source/uClinux-dist -I/home/shiva/original/source/uClinux-dist/lib/uClibc/include -fno-builtin --version </dev/null >&5
bfin-uclinux-gcc (GCC) 3.4.4
Copyright (C) 2004 Free Software Foundation, Inc.
This is free software; see the source for copying conditions.  There is NO
warranty; not even for MERCHANTABILITY or FITNESS FOR A PARTICULAR PURPOSE.

configure:2288: $? = 0
configure:2290: bfin-uclinux-gcc -O2 -Wall -Dlinux -D__linux__ -Dunix -D__uClinux__ -DEMBED -I/home/shiva/original/source/uClinux-dist -I/home/shiva/original/source/uClinux-dist/lib/uClibc/include -fno-builtin -v </dev/null >&5
Reading specs from /opt/uClinux/bfin-uclinux/lib/gcc/bfin-uclinux/3.4.4/specs
Configured with: /usr/src/packages/BUILD/bfin-gcc-3.4/../binutils/binutils-2.15/configure --enable-threads=posix --target=bfin-uclinux --prefix=/opt/uClinux/bfin-uclinux --disable-libstdcxx-pch
Thread model: posix
gcc version 3.4.4
configure:2293: $? = 0
configure:2295: bfin-uclinux-gcc -O2 -Wall -Dlinux -D__linux__ -Dunix -D__uClinux__ -DEMBED -I/home/shiva/original/source/uClinux-dist -I/home/shiva/original/source/uClinux-dist/lib/uClibc/include -fno-builtin -V </dev/null >&5
bfin-uclinux-gcc: `-V' must come at the start of the command line
configure:2298: $? = 1
configure:2321: checking for C compiler default output file name
configure:2324: bfin-uclinux-gcc -O2 -Wall -Dlinux -D__linux__ -Dunix -D__uClinux__ -DEMBED -I/home/shiva/original/source/uClinux-dist -I/home/shiva/original/source/uClinux-dist/lib/uClibc/include -fno-builtin -O2 -Wall -Dlinux -D__linux__ -Dunix -D__uClinux__ -DEMBED -I/home/shiva/original/source/uClinux-dist -I/home/shiva/original/source/uClinux-dist/lib/uClibc/include -fno-builtin  -Wl,-elf2flt conftest.c -L/home/shiva/original/source/uClinux-dist/lib/uClibc/. -L/home/shiva/original/source/uClinux-dist/lib/uClibc/lib -L/home/shiva/original/source/uClinux-dist/lib/uClibc/libm -L/home/shiva/original/source/uClinux-dist/lib/libnet -L/home/shiva/original/source/uClinux-dist/lib/libdes -L/home/shiva/original/source/uClinux-dist/lib/libaes -L/home/shiva/original/source/uClinux-dist/lib/libpcap -L/home/shiva/original/source/uClinux-dist/lib/zlib -L/home/shiva/original/source/uClinux-dist/lib/libssl -L/home/shiva/original/source/uClinux-dist/lib/uClibc/libc -L/home/shiva/original/source/uClinux-dist/lib/uClibc/libcrypt >&5
configure:2327: $? = 0
configure:2373: result: a.out
configure:2378: checking whether the C compiler works
configure:2384: ./a.out
./configure: line 1: ./a.out: cannot execute binary file
configure:2387: $? = 126
configure:2404: result: yes
configure:2411: checking whether we are cross compiling
configure:2413: result: yes
configure:2416: checking for suffix of executables
configure:2418: bfin-uclinux-gcc -O2 -Wall -Dlinux -D__linux__ -Dunix -D__uClinux__ -DEMBED -I/home/shiva/original/source/uClinux-dist -I/home/shiva/original/source/uClinux-dist/lib/uClibc/include -fno-builtin -o conftest -O2 -Wall -Dlinux -D__linux__ -Dunix -D__uClinux__ -DEMBED -I/home/shiva/original/source/uClinux-dist -I/home/shiva/original/source/uClinux-dist/lib/uClibc/include -fno-builtin  -Wl,-elf2flt conftest.c -L/home/shiva/original/source/uClinux-dist/lib/uClibc/. -L/home/shiva/original/source/uClinux-dist/lib/uClibc/lib -L/home/shiva/original/source/uClinux-dist/lib/uClibc/libm -L/home/shiva/original/source/uClinux-dist/lib/libnet -L/home/shiva/original/source/uClinux-dist/lib/libdes -L/home/shiva/original/source/uClinux-dist/lib/libaes -L/home/shiva/original/source/uClinux-dist/lib/libpcap -L/home/shiva/original/source/uClinux-dist/lib/zlib -L/home/shiva/original/source/uClinux-dist/lib/libssl -L/home/shiva/original/source/uClinux-dist/lib/uClibc/libc -L/home/shiva/original/source/uClinux-dist/lib/uClibc/libcrypt >&5
configure:2421: $? = 0
configure:2446: result: 
configure:2452: checking for suffix of object files
configure:2473: bfin-uclinux-gcc -O2 -Wall -Dlinux -D__linux__ -Dunix -D__uClinux__ -DEMBED -I/home/shiva/original/source/uClinux-dist -I/home/shiva/original/source/uClinux-dist/lib/uClibc/include -fno-builtin -c -O2 -Wall -Dlinux -D__linux__ -Dunix -D__uClinux__ -DEMBED -I/home/shiva/original/source/uClinux-dist -I/home/shiva/original/source/uClinux-dist/lib/uClibc/include -fno-builtin  conftest.c >&5
configure:2476: $? = 0
configure:2498: result: o
configure:2502: checking whether we are using the GNU C compiler
configure:2526: bfin-uclinux-gcc -O2 -Wall -Dlinux -D__linux__ -Dunix -D__uClinux__ -DEMBED -I/home/shiva/original/source/uClinux-dist -I/home/shiva/original/source/uClinux-dist/lib/uClibc/include -fno-builtin -c -O2 -Wall -Dlinux -D__linux__ -Dunix -D__uClinux__ -DEMBED -I/home/shiva/original/source/uClinux-dist -I/home/shiva/original/source/uClinux-dist/lib/uClibc/include -fno-builtin  conftest.c >&5
configure:2532: $? = 0
configure:2535: test -z 			 || test ! -s conftest.err
configure:2538: $? = 0
configure:2541: test -s conftest.o
configure:2544: $? = 0
configure:2557: result: yes
configure:2563: checking whether bfin-uclinux-gcc -O2 -Wall -Dlinux -D__linux__ -Dunix -D__uClinux__ -DEMBED -I/home/shiva/original/source/uClinux-dist -I/home/shiva/original/source/uClinux-dist/lib/uClibc/include -fno-builtin accepts -g
configure:2584: bfin-uclinux-gcc -O2 -Wall -Dlinux -D__linux__ -Dunix -D__uClinux__ -DEMBED -I/home/shiva/original/source/uClinux-dist -I/home/shiva/original/source/uClinux-dist/lib/uClibc/include -fno-builtin -c -g  conftest.c >&5
configure:2590: $? = 0
configure:2593: test -z 			 || test ! -s conftest.err
configure:2596: $? = 0
configure:2599: test -s conftest.o
configure:2602: $? = 0
configure:2613: result: yes
configure:2630: checking for bfin-uclinux-gcc -O2 -Wall -Dlinux -D__linux__ -Dunix -D__uClinux__ -DEMBED -I/home/shiva/original/source/uClinux-dist -I/home/shiva/original/source/uClinux-dist/lib/uClibc/include -fno-builtin option to accept ANSI C
configure:2700: bfin-uclinux-gcc -O2 -Wall -Dlinux -D__linux__ -Dunix -D__uClinux__ -DEMBED -I/home/shiva/original/source/uClinux-dist -I/home/shiva/original/source/uClinux-dist/lib/uClibc/include -fno-builtin  -c -O2 -Wall -Dlinux -D__linux__ -Dunix -D__uClinux__ -DEMBED -I/home/shiva/original/source/uClinux-dist -I/home/shiva/original/source/uClinux-dist/lib/uClibc/include -fno-builtin  conftest.c >&5
configure:2706: $? = 0
configure:2709: test -z 			 || test ! -s conftest.err
configure:2712: $? = 0
configure:2715: test -s conftest.o
configure:2718: $? = 0
configure:2736: result: none needed
configure:2754: bfin-uclinux-gcc -O2 -Wall -Dlinux -D__linux__ -Dunix -D__uClinux__ -DEMBED -I/home/shiva/original/source/uClinux-dist -I/home/shiva/original/source/uClinux-dist/lib/uClibc/include -fno-builtin -c -O2 -Wall -Dlinux -D__linux__ -Dunix -D__uClinux__ -DEMBED -I/home/shiva/original/source/uClinux-dist -I/home/shiva/original/source/uClinux-dist/lib/uClibc/include -fno-builtin  conftest.c >&5
conftest.c:2: error: parse error before "me"
configure:2760: $? = 1
configure: failed program was:
| #ifndef __cplusplus
|   choke me
| #endif
configure:2909: checking for style of include used by make
configure:2937: result: GNU
configure:2965: checking dependency style of bfin-uclinux-gcc -O2 -Wall -Dlinux -D__linux__ -Dunix -D__uClinux__ -DEMBED -I/home/shiva/original/source/uClinux-dist -I/home/shiva/original/source/uClinux-dist/lib/uClibc/include -fno-builtin
configure:3027: result: gcc3
configure:3045: checking for a BSD-compatible install
configure:3100: result: /usr/bin/install -c
configure:3189: checking build system type
configure:3207: result: i686-pc-linux-gnu
configure:3215: checking host system type
configure:3224: error: /bin/sh ./config.sub bfin-uclinux failed

## ---------------- ##
## Cache variables. ##
## ---------------- ##

ac_cv_build=i686-pc-linux-gnu
ac_cv_build_alias=i686-pc-linux-gnu
ac_cv_c_compiler_gnu=yes
ac_cv_env_CC_set=set
ac_cv_env_CC_value='bfin-uclinux-gcc -O2 -Wall -Dlinux -D__linux__ -Dunix -D__uClinux__ -DEMBED -I/home/shiva/original/source/uClinux-dist -I/home/shiva/original/source/uClinux-dist/lib/uClibc/include -fno-builtin'
ac_cv_env_CFLAGS_set=set
ac_cv_env_CFLAGS_value='-O2 -Wall -Dlinux -D__linux__ -Dunix -D__uClinux__ -DEMBED -I/home/shiva/original/source/uClinux-dist -I/home/shiva/original/source/uClinux-dist/lib/uClibc/include -fno-builtin'
ac_cv_env_CPPFLAGS_set=
ac_cv_env_CPPFLAGS_value=
ac_cv_env_CPP_set=
ac_cv_env_CPP_value=
ac_cv_env_CXXCPP_set=
ac_cv_env_CXXCPP_value=
ac_cv_env_CXXFLAGS_set=set
ac_cv_env_CXXFLAGS_value='-O2 -Wall -Dlinux -D__linux__ -Dunix -D__uClinux__ -DEMBED -I/home/shiva/original/source/uClinux-dist -I/home/shiva/original/source/uClinux-dist/lib/uClibc/include -fno-builtin  -fname-mangling-version-0'
ac_cv_env_CXX_set=set
ac_cv_env_CXX_value=bfin-uclinux-g++
ac_cv_env_F77_set=
ac_cv_env_F77_value=
ac_cv_env_FFLAGS_set=
ac_cv_env_FFLAGS_value=
ac_cv_env_LDFLAGS_set=set
ac_cv_env_LDFLAGS_value=-Wl,-elf2flt
ac_cv_env_build_alias_set=
ac_cv_env_build_alias_value=
ac_cv_env_host_alias_set=set
ac_cv_env_host_alias_value=bfin-uclinux
ac_cv_env_target_alias_set=
ac_cv_env_target_alias_value=
ac_cv_exeext=
ac_cv_host=
ac_cv_host_alias=bfin-uclinux
ac_cv_objext=o
ac_cv_path_install='/usr/bin/install -c'
ac_cv_prog_AWK=gawk
ac_cv_prog_CC='bfin-uclinux-gcc -O2 -Wall -Dlinux -D__linux__ -Dunix -D__uClinux__ -DEMBED -I/home/shiva/original/source/uClinux-dist -I/home/shiva/original/source/uClinux-dist/lib/uClibc/include -fno-builtin'
ac_cv_prog_STRIP=bfin-uclinux-strip
ac_cv_prog_cc_g=yes
ac_cv_prog_cc_stdc=
ac_cv_prog_make_make_set=yes
am_cv_CC_dependencies_compiler_type=gcc3

## ----------------- ##
## Output variables. ##
## ----------------- ##

ACLOCAL='${SHELL} /home/shiva/original/source/uClinux-dist/user/mpd-uclinux-0.11.5/missing --run aclocal-1.6'
AMDEPBACKSLASH='\'
AMDEP_FALSE='#'
AMDEP_TRUE=''
AMTAR='${SHELL} /home/shiva/original/source/uClinux-dist/user/mpd-uclinux-0.11.5/missing --run tar'
AO_CFLAGS=''
AO_LIBS=''
AR='bfin-uclinux-ar'
AUDIOFILE_CFLAGS=''
AUDIOFILE_CONFIG=''
AUDIOFILE_LIBS=''
AUTOCONF='${SHELL} /home/shiva/original/source/uClinux-dist/user/mpd-uclinux-0.11.5/missing --run autoconf'
AUTOHEADER='${SHELL} /home/shiva/original/source/uClinux-dist/user/mpd-uclinux-0.11.5/missing --run autoheader'
AUTOMAKE='${SHELL} /home/shiva/original/source/uClinux-dist/user/mpd-uclinux-0.11.5/missing --run automake-1.6'
AWK='gawk'
CC='bfin-uclinux-gcc -O2 -Wall -Dlinux -D__linux__ -Dunix -D__uClinux__ -DEMBED -I/home/shiva/original/source/uClinux-dist -I/home/shiva/original/source/uClinux-dist/lib/uClibc/include -fno-builtin'
CCAS=''
CCASFLAGS=''
CCDEPMODE='depmode=gcc3'
CFLAGS='-O2 -Wall -Dlinux -D__linux__ -Dunix -D__uClinux__ -DEMBED -I/home/shiva/original/source/uClinux-dist -I/home/shiva/original/source/uClinux-dist/lib/uClibc/include -fno-builtin'
CPP=''
CPPFLAGS=''
CXX='bfin-uclinux-g++'
CXXCPP=''
CXXDEPMODE=''
CXXFLAGS='-O2 -Wall -Dlinux -D__linux__ -Dunix -D__uClinux__ -DEMBED -I/home/shiva/original/source/uClinux-dist -I/home/shiva/original/source/uClinux-dist/lib/uClibc/include -fno-builtin  -fname-mangling-version-0'
DEFS=''
DEPDIR='.deps'
ECHO='echo'
ECHO_C=''
ECHO_N='-n'
ECHO_T=''
EGREP=''
EXEEXT=''
F77=''
FFLAGS=''
FLAC_LIB=''
FLAC_SUBDIR=''
ID3_LIB=''
ID3_SUBDIR=''
INSTALL_DATA='${INSTALL} -m 644'
INSTALL_PROGRAM='${INSTALL}'
INSTALL_SCRIPT='${INSTALL}'
INSTALL_STRIP_PROGRAM='${SHELL} $(install_sh) -c -s'
IVORBIS_LIB=''
IVORBIS_SUBDIR=''
LDFLAGS='-Wl,-elf2flt'
LIBFLAC_CFLAGS=''
LIBFLAC_LIBS=''
LIBMIKMOD_CFLAGS=''
LIBMIKMOD_CONFIG=''
LIBMIKMOD_LDADD=''
LIBMIKMOD_LIBS=''
LIBOBJS=''
LIBS='-L/home/shiva/original/source/uClinux-dist/lib/uClibc/. -L/home/shiva/original/source/uClinux-dist/lib/uClibc/lib -L/home/shiva/original/source/uClinux-dist/lib/uClibc/libm -L/home/shiva/original/source/uClinux-dist/lib/libnet -L/home/shiva/original/source/uClinux-dist/lib/libdes -L/home/shiva/original/source/uClinux-dist/lib/libaes -L/home/shiva/original/source/uClinux-dist/lib/libpcap -L/home/shiva/original/source/uClinux-dist/lib/zlib -L/home/shiva/original/source/uClinux-dist/lib/libssl -L/home/shiva/original/source/uClinux-dist/lib/uClibc/libc -L/home/shiva/original/source/uClinux-dist/lib/uClibc/libcrypt'
LIBTOOL=''
LN_S=''
LTLIBOBJS=''
MAD_LIB=''
MAD_SUBDIR=''
MAKEINFO='${SHELL} /home/shiva/original/source/uClinux-dist/user/mpd-uclinux-0.11.5/missing --run makeinfo'
MP4FF_LIB=''
MP4FF_SUBDIR=''
MPD_CFLAGS=''
MPD_LIBS=''
OBJEXT='o'
OGG_CFLAGS=''
OGG_LIBS=''
PACKAGE='mpd-uclinux'
PACKAGE_BUGREPORT='eric@petta-tech.com'
PACKAGE_NAME='mpd-uclinux'
PACKAGE_STRING='mpd-uclinux 0.11.5'
PACKAGE_TARNAME='mpd-uclinux'
PACKAGE_VERSION='0.11.5'
PATH_SEPARATOR=':'
RANLIB='bfin-uclinux-ranlib'
SET_MAKE=''
SHELL='/bin/sh'
STRIP='bfin-uclinux-strip'
VERSION='0.11.5'
VORBISENC_LIBS=''
VORBISFILE_LIBS=''
VORBIS_CFLAGS=''
VORBIS_LIBS=''
ac_ct_AR=''
ac_ct_CC=''
ac_ct_CXX=''
ac_ct_F77=''
ac_ct_RANLIB=''
ac_ct_STRIP=''
am__include='include'
am__quote=''
bindir='${exec_prefix}/bin'
build='i686-pc-linux-gnu'
build_alias=''
build_cpu='i686'
build_os='linux-gnu'
build_vendor='pc'
datadir='${prefix}/share'
exec_prefix='NONE'
host='bfin-uclinux'
host_alias='bfin-uclinux'
host_cpu=''
host_os=''
host_vendor=''
includedir='${prefix}/include'
infodir='${prefix}/info'
install_sh='/home/shiva/original/source/uClinux-dist/user/mpd-uclinux-0.11.5/install-sh'
libdir='${exec_prefix}/lib'
libexecdir='${exec_prefix}/libexec'
localstatedir='${prefix}/var'
mandir='${prefix}/man'
oldincludedir='/usr/include'
prefix='NONE'
program_transform_name='s,x,x,'
sbindir='${exec_prefix}/sbin'
sharedstatedir='${prefix}/com'
subdirs=''
sysconfdir='${prefix}/etc'
target_alias=''

## ----------- ##
## confdefs.h. ##
## ----------- ##

#define PACKAGE "mpd-uclinux"
#define PACKAGE_BUGREPORT "eric@petta-tech.com"
#define PACKAGE_NAME "mpd-uclinux"
#define PACKAGE_STRING "mpd-uclinux 0.11.5"
#define PACKAGE_TARNAME "mpd-uclinux"
#define PACKAGE_VERSION "0.11.5"
#define VERSION "0.11.5"

configure: exit 1
